#
# There is insufficient memory for the Java Runtime Environment to continue.
# Native memory allocation (malloc) failed to allocate 1113616 bytes. Error detail: Chunk::new
# Possible reasons:
#   The system is out of physical RAM or swap space
#   This process is running with CompressedOops enabled, and the Java Heap may be blocking the growth of the native heap
# Possible solutions:
#   Reduce memory load on the system
#   Increase physical memory or swap space
#   Check if swap backing store is full
#   Decrease Java heap size (-Xmx/-Xms)
#   Decrease number of Java threads
#   Decrease Java thread stack sizes (-Xss)
#   Set larger code cache with -XX:ReservedCodeCacheSize=
#   JVM is running with Unscaled Compressed Oops mode in which the Java heap is
#     placed in the first 4GB address space. The Java Heap base address is the
#     maximum limit for the native heap growth. Please use -XX:HeapBaseMinAddress
#     to set the Java Heap base and to place the Java Heap above 4GB virtual address.
# This output file may be truncated or incomplete.
#
#  Out of Memory Error (arena.cpp:168), pid=24264, tid=16312
#
# JRE version: OpenJDK Runtime Environment Temurin-21.0.7+6 (21.0.7+6) (build 21.0.7+6-LTS)
# Java VM: OpenJDK 64-Bit Server VM Temurin-21.0.7+6 (21.0.7+6-LTS, mixed mode, sharing, tiered, compressed oops, compressed class ptrs, parallel gc, windows-amd64)
# No core dump will be written. Minidumps are not enabled by default on client versions of Windows
#

---------------  S U M M A R Y ------------

Command Line: --add-modules=ALL-SYSTEM --add-opens=java.base/java.util=ALL-UNNAMED --add-opens=java.base/java.lang=ALL-UNNAMED --add-opens=java.base/sun.nio.fs=ALL-UNNAMED -Declipse.application=org.eclipse.jdt.ls.core.id1 -Dosgi.bundles.defaultStartLevel=4 -Declipse.product=org.eclipse.jdt.ls.core.product -Djava.import.generatesMetadataFilesAtProjectRoot=false -DDetectVMInstallationsJob.disabled=true -Dfile.encoding=utf8 -XX:+UseParallelGC -XX:GCTimeRatio=4 -XX:AdaptiveSizePolicyWeight=90 -Dsun.zip.disableMemoryMapping=true -Xmx1G -Xms100m -Xlog:disable -javaagent:c:\Users\tanma\.vscode\extensions\redhat.java-1.42.0-win32-x64\lombok\lombok-1.18.36.jar -XX:+HeapDumpOnOutOfMemoryError -XX:HeapDumpPath=c:\Users\tanma\AppData\Roaming\Code\User\workspaceStorage\89240fbca4adb2b40d9c8e8d66c81886\redhat.java -Daether.dependencyCollector.impl=bf c:\Users\tanma\.vscode\extensions\redhat.java-1.42.0-win32-x64\server\plugins\org.eclipse.equinox.launcher_1.7.0.v20250424-1814.jar -configuration c:\Users\tanma\AppData\Roaming\Code\User\globalStorage\redhat.java\1.42.0\config_win -data c:\Users\tanma\AppData\Roaming\Code\User\workspaceStorage\89240fbca4adb2b40d9c8e8d66c81886\redhat.java\jdt_ws --pipe=\\.\pipe\lsp-c82ae59bbaec18c891997ad728e03da7-sock

Host: AMD Ryzen 7 5800H with Radeon Graphics         , 16 cores, 5G,  Windows 11 , 64 bit Build 22621 (10.0.22621.5262)
Time: Sat May 24 18:14:39 2025 India Standard Time elapsed time: 15.108310 seconds (0d 0h 0m 15s)

---------------  T H R E A D  ---------------

Current thread (0x000001e6bb1ae2f0):  JavaThread "C2 CompilerThread0" daemon [_thread_in_native, id=16312, stack(0x0000008a53700000,0x0000008a53800000) (1024K)]


Current CompileTask:
C2:15108 12424       4       org.eclipse.osgi.internal.loader.BundleLoader::addExportedProvidersFor (167 bytes)

Stack: [0x0000008a53700000,0x0000008a53800000]
Native frames: (J=compiled Java code, j=interpreted, Vv=VM code, C=native code)
V  [jvm.dll+0x6ce119]
V  [jvm.dll+0x8a84a1]
V  [jvm.dll+0x8aa9ce]
V  [jvm.dll+0x8ab0b3]
V  [jvm.dll+0x27f8a6]
V  [jvm.dll+0xc507d]
V  [jvm.dll+0xc55b3]
V  [jvm.dll+0x3b68f2]
V  [jvm.dll+0x382aa5]
V  [jvm.dll+0x381f0a]
V  [jvm.dll+0x247af0]
V  [jvm.dll+0x2470cf]
V  [jvm.dll+0x1c760e]
V  [jvm.dll+0x25695a]
V  [jvm.dll+0x254efa]
V  [jvm.dll+0x3f03f6]
V  [jvm.dll+0x851f6b]
V  [jvm.dll+0x6cc7dd]
C  [ucrtbase.dll+0x29333]
C  [KERNEL32.DLL+0x1259d]
C  [ntdll.dll+0x5af58]


---------------  P R O C E S S  ---------------

Threads class SMR info:
_java_thread_list=0x000001e71ce0ffc0, length=59, elements={
0x000001e6b8d48b20, 0x000001e6bb196100, 0x000001e6cf4dbf10, 0x000001e6bb19bcf0,
0x000001e6bb19c740, 0x000001e6bb19ea00, 0x000001e6bb1aa9f0, 0x000001e6bb1ae2f0,
0x000001e71183dd20, 0x000001e711936cc0, 0x000001e7119382b0, 0x000001e711ab0210,
0x000001e711aac900, 0x000001e713352f10, 0x000001e7186e61a0, 0x000001e7182dd9d0,
0x000001e7184af810, 0x000001e7183f9ac0, 0x000001e718102e00, 0x000001e713acc330,
0x000001e718ab7a90, 0x000001e718aba1f0, 0x000001e718ab8120, 0x000001e718aba880,
0x000001e7198f3090, 0x000001e7187f1c90, 0x000001e718ab7400, 0x000001e718ab8e40,
0x000001e718ab87b0, 0x000001e718ab94d0, 0x000001e718ab9b60, 0x000001e71aa641a0,
0x000001e71aa64830, 0x000001e71aa63b10, 0x000001e71aa689d0, 0x000001e71aa66900,
0x000001e71aa64ec0, 0x000001e71aa620d0, 0x000001e71aa65550, 0x000001e71aa62df0,
0x000001e71aa696f0, 0x000001e71aa62760, 0x000001e71aa66f90, 0x000001e71aa69060,
0x000001e71aa63480, 0x000001e71aa67cb0, 0x000001e71aa65be0, 0x000001e71aa66270,
0x000001e71aa67620, 0x000001e71aa68340, 0x000001e71af04570, 0x000001e71af08080,
0x000001e71af079f0, 0x000001e71af09430, 0x000001e71af09ac0, 0x000001e71af0a150,
0x000001e71af031c0, 0x000001e71af05290, 0x000001e718daa280
}

Java Threads: ( => current thread )
  0x000001e6b8d48b20 JavaThread "main"                              [_thread_blocked, id=22676, stack(0x0000008a52d00000,0x0000008a52e00000) (1024K)]
  0x000001e6bb196100 JavaThread "Reference Handler"          daemon [_thread_blocked, id=10420, stack(0x0000008a53100000,0x0000008a53200000) (1024K)]
  0x000001e6cf4dbf10 JavaThread "Finalizer"                  daemon [_thread_blocked, id=7516, stack(0x0000008a53200000,0x0000008a53300000) (1024K)]
  0x000001e6bb19bcf0 JavaThread "Signal Dispatcher"          daemon [_thread_blocked, id=14440, stack(0x0000008a53300000,0x0000008a53400000) (1024K)]
  0x000001e6bb19c740 JavaThread "Attach Listener"            daemon [_thread_blocked, id=21500, stack(0x0000008a53400000,0x0000008a53500000) (1024K)]
  0x000001e6bb19ea00 JavaThread "Service Thread"             daemon [_thread_blocked, id=23716, stack(0x0000008a53500000,0x0000008a53600000) (1024K)]
  0x000001e6bb1aa9f0 JavaThread "Monitor Deflation Thread"   daemon [_thread_blocked, id=23172, stack(0x0000008a53600000,0x0000008a53700000) (1024K)]
=>0x000001e6bb1ae2f0 JavaThread "C2 CompilerThread0"         daemon [_thread_in_native, id=16312, stack(0x0000008a53700000,0x0000008a53800000) (1024K)]
  0x000001e71183dd20 JavaThread "C1 CompilerThread0"         daemon [_thread_blocked, id=13520, stack(0x0000008a53800000,0x0000008a53900000) (1024K)]
  0x000001e711936cc0 JavaThread "Common-Cleaner"             daemon [_thread_blocked, id=5848, stack(0x0000008a53900000,0x0000008a53a00000) (1024K)]
  0x000001e7119382b0 JavaThread "C1 CompilerThread1"         daemon [_thread_blocked, id=22188, stack(0x0000008a53a00000,0x0000008a53b00000) (1024K)]
  0x000001e711ab0210 JavaThread "C1 CompilerThread2"         daemon [_thread_blocked, id=24120, stack(0x0000008a53c00000,0x0000008a53d00000) (1024K)]
  0x000001e711aac900 JavaThread "C1 CompilerThread3"         daemon [_thread_blocked, id=21692, stack(0x0000008a53d00000,0x0000008a53e00000) (1024K)]
  0x000001e713352f10 JavaThread "Notification Thread"        daemon [_thread_blocked, id=25680, stack(0x0000008a53e00000,0x0000008a53f00000) (1024K)]
  0x000001e7186e61a0 JavaThread "Active Thread: Equinox Container: 95f1dd55-0102-4c45-930e-7b8420f43916"        [_thread_blocked, id=4760, stack(0x0000008a54700000,0x0000008a54800000) (1024K)]
  0x000001e7182dd9d0 JavaThread "Refresh Thread: Equinox Container: 95f1dd55-0102-4c45-930e-7b8420f43916" daemon [_thread_blocked, id=23044, stack(0x0000008a54900000,0x0000008a54a00000) (1024K)]
  0x000001e7184af810 JavaThread "Framework Event Dispatcher: Equinox Container: 95f1dd55-0102-4c45-930e-7b8420f43916" daemon [_thread_blocked, id=24560, stack(0x0000008a54a00000,0x0000008a54b00000) (1024K)]
  0x000001e7183f9ac0 JavaThread "Start Level: Equinox Container: 95f1dd55-0102-4c45-930e-7b8420f43916" daemon [_thread_blocked, id=23536, stack(0x0000008a54b00000,0x0000008a54c00000) (1024K)]
  0x000001e718102e00 JavaThread "Bundle File Closer"         daemon [_thread_blocked, id=10560, stack(0x0000008a54f00000,0x0000008a55000000) (1024K)]
  0x000001e713acc330 JavaThread "SCR Component Actor"        daemon [_thread_blocked, id=21848, stack(0x0000008a53f00000,0x0000008a54000000) (1024K)]
  0x000001e718ab7a90 JavaThread "Worker-JM"                         [_thread_blocked, id=25760, stack(0x0000008a55100000,0x0000008a55200000) (1024K)]
  0x000001e718aba1f0 JavaThread "JNA Cleaner"                daemon [_thread_blocked, id=26152, stack(0x0000008a55300000,0x0000008a55400000) (1024K)]
  0x000001e718ab8120 JavaThread "Worker-0"                          [_thread_blocked, id=4492, stack(0x0000008a55400000,0x0000008a55500000) (1024K)]
  0x000001e718aba880 JavaThread "Worker-1"                          [_thread_blocked, id=25272, stack(0x0000008a55500000,0x0000008a55600000) (1024K)]
  0x000001e7198f3090 JavaThread "C2 CompilerThread1"         daemon [_thread_blocked, id=14824, stack(0x0000008a53b00000,0x0000008a53c00000) (1024K)]
  0x000001e7187f1c90 JavaThread "C2 CompilerThread2"         daemon [_thread_blocked, id=26360, stack(0x0000008a55600000,0x0000008a55700000) (1024K)]
  0x000001e718ab7400 JavaThread "Java indexing"              daemon [_thread_blocked, id=22644, stack(0x0000008a55700000,0x0000008a55800000) (1024K)]
  0x000001e718ab8e40 JavaThread "Worker-2"                          [_thread_blocked, id=24412, stack(0x0000008a55800000,0x0000008a55900000) (1024K)]
  0x000001e718ab87b0 JavaThread "Worker-3: Initialize workspace"        [_thread_blocked, id=22368, stack(0x0000008a55900000,0x0000008a55a00000) (1024K)]
  0x000001e718ab94d0 JavaThread "Worker-4: Java indexing... "        [_thread_blocked, id=24568, stack(0x0000008a55a00000,0x0000008a55b00000) (1024K)]
  0x000001e718ab9b60 JavaThread "Thread-2"                   daemon [_thread_in_native, id=23140, stack(0x0000008a55b00000,0x0000008a55c00000) (1024K)]
  0x000001e71aa641a0 JavaThread "Thread-3"                   daemon [_thread_in_native, id=13768, stack(0x0000008a55c00000,0x0000008a55d00000) (1024K)]
  0x000001e71aa64830 JavaThread "Thread-4"                   daemon [_thread_in_native, id=22328, stack(0x0000008a55d00000,0x0000008a55e00000) (1024K)]
  0x000001e71aa63b10 JavaThread "Thread-5"                   daemon [_thread_in_native, id=12620, stack(0x0000008a55e00000,0x0000008a55f00000) (1024K)]
  0x000001e71aa689d0 JavaThread "Thread-6"                   daemon [_thread_in_native, id=21288, stack(0x0000008a55f00000,0x0000008a56000000) (1024K)]
  0x000001e71aa66900 JavaThread "Thread-7"                   daemon [_thread_in_native, id=13796, stack(0x0000008a56000000,0x0000008a56100000) (1024K)]
  0x000001e71aa64ec0 JavaThread "Thread-8"                   daemon [_thread_in_native, id=3912, stack(0x0000008a56100000,0x0000008a56200000) (1024K)]
  0x000001e71aa620d0 JavaThread "Thread-9"                   daemon [_thread_in_native, id=26440, stack(0x0000008a56200000,0x0000008a56300000) (1024K)]
  0x000001e71aa65550 JavaThread "Thread-10"                  daemon [_thread_in_native, id=25304, stack(0x0000008a56300000,0x0000008a56400000) (1024K)]
  0x000001e71aa62df0 JavaThread "Thread-11"                  daemon [_thread_in_native, id=22612, stack(0x0000008a56400000,0x0000008a56500000) (1024K)]
  0x000001e71aa696f0 JavaThread "Thread-12"                  daemon [_thread_in_native, id=25144, stack(0x0000008a56500000,0x0000008a56600000) (1024K)]
  0x000001e71aa62760 JavaThread "Thread-13"                  daemon [_thread_in_native, id=25764, stack(0x0000008a56600000,0x0000008a56700000) (1024K)]
  0x000001e71aa66f90 JavaThread "Thread-14"                  daemon [_thread_in_native, id=3348, stack(0x0000008a56700000,0x0000008a56800000) (1024K)]
  0x000001e71aa69060 JavaThread "Thread-15"                  daemon [_thread_in_native, id=19168, stack(0x0000008a56800000,0x0000008a56900000) (1024K)]
  0x000001e71aa63480 JavaThread "Thread-16"                  daemon [_thread_in_native, id=4560, stack(0x0000008a56900000,0x0000008a56a00000) (1024K)]
  0x000001e71aa67cb0 JavaThread "Thread-17"                  daemon [_thread_in_native, id=25936, stack(0x0000008a56a00000,0x0000008a56b00000) (1024K)]
  0x000001e71aa65be0 JavaThread "Thread-18"                  daemon [_thread_in_native, id=19480, stack(0x0000008a56b00000,0x0000008a56c00000) (1024K)]
  0x000001e71aa66270 JavaThread "pool-2-thread-1"                   [_thread_blocked, id=26028, stack(0x0000008a56c00000,0x0000008a56d00000) (1024K)]
  0x000001e71aa67620 JavaThread "WorkspaceEventsHandler"            [_thread_blocked, id=21984, stack(0x0000008a56d00000,0x0000008a56e00000) (1024K)]
  0x000001e71aa68340 JavaThread "pool-1-thread-1"                   [_thread_blocked, id=14156, stack(0x0000008a56e00000,0x0000008a56f00000) (1024K)]
  0x000001e71af04570 JavaThread "Worker-5"                          [_thread_blocked, id=20348, stack(0x0000008a56f00000,0x0000008a57000000) (1024K)]
  0x000001e71af08080 JavaThread "Compiler Source File Reader" daemon [_thread_blocked, id=26172, stack(0x0000008a57000000,0x0000008a57100000) (1024K)]
  0x000001e71af079f0 JavaThread "Compiler Source File Reader" daemon [_thread_blocked, id=16928, stack(0x0000008a57100000,0x0000008a57200000) (1024K)]
  0x000001e71af09430 JavaThread "Compiler Processing Task"   daemon [_thread_blocked, id=20628, stack(0x0000008a54600000,0x0000008a54700000) (1024K)]
  0x000001e71af09ac0 JavaThread "Compiler Class File Writer" daemon [_thread_blocked, id=25044, stack(0x0000008a57200000,0x0000008a57300000) (1024K)]
  0x000001e71af0a150 JavaThread "Compiler Class File Writer" daemon [_thread_blocked, id=20476, stack(0x0000008a57300000,0x0000008a57400000) (1024K)]
  0x000001e71af031c0 JavaThread "Compiler Source File Reader" daemon [_thread_blocked, id=15172, stack(0x0000008a57400000,0x0000008a57500000) (1024K)]
  0x000001e71af05290 JavaThread "Compiler Class File Writer" daemon [_thread_blocked, id=20864, stack(0x0000008a57500000,0x0000008a57600000) (1024K)]
  0x000001e718daa280 JavaThread "SCR Component Registry"     daemon [_thread_blocked, id=23472, stack(0x0000008a57600000,0x0000008a57700000) (1024K)]
Total: 59

Other Threads:
  0x000001e711815820 VMThread "VM Thread"                           [id=23612, stack(0x0000008a53000000,0x0000008a53100000) (1024K)]
  0x000001e6bb17fb20 WatcherThread "VM Periodic Task Thread"        [id=9568, stack(0x0000008a52f00000,0x0000008a53000000) (1024K)]
  0x000001e6bb1334f0 WorkerThread "GC Thread#0"                     [id=22900, stack(0x0000008a52e00000,0x0000008a52f00000) (1024K)]
  0x000001e713aec3c0 WorkerThread "GC Thread#1"                     [id=24108, stack(0x0000008a54000000,0x0000008a54100000) (1024K)]
  0x000001e7133af530 WorkerThread "GC Thread#2"                     [id=23468, stack(0x0000008a54100000,0x0000008a54200000) (1024K)]
  0x000001e7133af8d0 WorkerThread "GC Thread#3"                     [id=20900, stack(0x0000008a54200000,0x0000008a54300000) (1024K)]
  0x000001e7133afc70 WorkerThread "GC Thread#4"                     [id=25064, stack(0x0000008a54300000,0x0000008a54400000) (1024K)]
  0x000001e7133b0010 WorkerThread "GC Thread#5"                     [id=20412, stack(0x0000008a54400000,0x0000008a54500000) (1024K)]
  0x000001e7133b03b0 WorkerThread "GC Thread#6"                     [id=23572, stack(0x0000008a54500000,0x0000008a54600000) (1024K)]
  0x000001e71829e450 WorkerThread "GC Thread#7"                     [id=18136, stack(0x0000008a54800000,0x0000008a54900000) (1024K)]
  0x000001e71829eb90 WorkerThread "GC Thread#8"                     [id=10164, stack(0x0000008a54c00000,0x0000008a54d00000) (1024K)]
  0x000001e71829ef30 WorkerThread "GC Thread#9"                     [id=5712, stack(0x0000008a54d00000,0x0000008a54e00000) (1024K)]
  0x000001e71829e7f0 WorkerThread "GC Thread#10"                    [id=16284, stack(0x0000008a54e00000,0x0000008a54f00000) (1024K)]
  0x000001e71829d970 WorkerThread "GC Thread#11"                    [id=12720, stack(0x0000008a55000000,0x0000008a55100000) (1024K)]
  0x000001e718fbae70 WorkerThread "GC Thread#12"                    [id=25092, stack(0x0000008a55200000,0x0000008a55300000) (1024K)]
Total: 15

Threads with active compile tasks:
C2 CompilerThread0  15163 12424       4       org.eclipse.osgi.internal.loader.BundleLoader::addExportedProvidersFor (167 bytes)
C2 CompilerThread1  15163 12325   !   4       java.nio.file.FileTreeWalker::next (144 bytes)
C2 CompilerThread2  15163 12437   !   4       org.eclipse.jdt.internal.core.search.indexing.BinaryIndexer::indexDocument (1168 bytes)
Total: 3

VM state: at safepoint (normal execution)

VM Mutex/Monitor currently owned by a thread:  ([mutex/lock_event])
[0x00007ffb7872e308] Threads_lock - owner thread: 0x000001e711815820
[0x00007ffb7872e408] Heap_lock - owner thread: 0x000001e718ab87b0

Heap address: 0x00000000c0000000, size: 1024 MB, Compressed Oops mode: 32-bit

CDS archive(s) mapped at: [0x000001e6d0000000-0x000001e6d0ba0000-0x000001e6d0ba0000), size 12189696, SharedBaseAddress: 0x000001e6d0000000, ArchiveRelocationMode: 1.
Compressed class space mapped at: 0x000001e6d1000000-0x000001e711000000, reserved size: 1073741824
Narrow klass base: 0x000001e6d0000000, Narrow klass shift: 0, Narrow klass range: 0x100000000

GC Precious Log:
 CardTable entry size: 512
 CPUs: 16 total, 16 available
 Memory: 5996M
 Large Page Support: Disabled
 NUMA Support: Disabled
 Compressed Oops: Enabled (32-bit)
 Alignments: Space 512K, Generation 512K, Heap 2M
 Heap Min Capacity: 100M
 Heap Initial Capacity: 100M
 Heap Max Capacity: 1G
 Pre-touch: Disabled
 Parallel Workers: 13

Heap:
 PSYoungGen      total 8192K, used 7746K [0x00000000eab00000, 0x00000000eb580000, 0x0000000100000000)
  eden space 6144K, 92% used [0x00000000eab00000,0x00000000eb090d68,0x00000000eb100000)
  from space 2048K, 99% used [0x00000000eb180000,0x00000000eb37fbb8,0x00000000eb380000)
  to   space 2048K, 21% used [0x00000000eb380000,0x00000000eb3f0020,0x00000000eb580000)
 ParOldGen       total 327680K, used 327254K [0x00000000c0000000, 0x00000000d4000000, 0x00000000eab00000)
  object space 327680K, 99% used [0x00000000c0000000,0x00000000d3f95b60,0x00000000d4000000)
 Metaspace       used 62853K, committed 64256K, reserved 1114112K
  class space    used 6422K, committed 6976K, reserved 1048576K

Card table byte_map: [0x000001e6baac0000,0x000001e6bacd0000] _byte_map_base: 0x000001e6ba4c0000

Marking Bits: (ParMarkBitMap*) 0x00007ffb787331f0
 Begin Bits: [0x000001e6cd2e0000, 0x000001e6ce2e0000)
 End Bits:   [0x000001e6ce2e0000, 0x000001e6cf2e0000)

Polling page: 0x000001e6ba8b0000

Metaspace:

Usage:
  Non-class:     55.11 MB used.
      Class:      6.27 MB used.
       Both:     61.38 MB used.

Virtual space:
  Non-class space:       64.00 MB reserved,      55.94 MB ( 87%) committed,  1 nodes.
      Class space:        1.00 GB reserved,       6.81 MB ( <1%) committed,  1 nodes.
             Both:        1.06 GB reserved,      62.75 MB (  6%) committed. 

Chunk freelists:
   Non-Class:  7.80 MB
       Class:  9.14 MB
        Both:  16.94 MB

MaxMetaspaceSize: unlimited
CompressedClassSpaceSize: 1.00 GB
Initial GC threshold: 21.00 MB
Current GC threshold: 97.31 MB
CDS: on
 - commit_granule_bytes: 65536.
 - commit_granule_words: 8192.
 - virtual_space_node_default_size: 8388608.
 - enlarge_chunks_in_place: 1.
 - use_allocation_guard: 0.


Internal statistics:

num_allocs_failed_limit: 9.
num_arena_births: 1192.
num_arena_deaths: 14.
num_vsnodes_births: 2.
num_vsnodes_deaths: 0.
num_space_committed: 1004.
num_space_uncommitted: 0.
num_chunks_returned_to_freelist: 23.
num_chunks_taken_from_freelist: 4209.
num_chunk_merges: 15.
num_chunk_splits: 2529.
num_chunks_enlarged: 1377.
num_inconsistent_stats: 0.

CodeHeap 'non-profiled nmethods': size=119168Kb used=6149Kb max_used=6149Kb free=113018Kb
 bounds [0x000001e6c5e80000, 0x000001e6c6490000, 0x000001e6cd2e0000]
CodeHeap 'profiled nmethods': size=119104Kb used=25380Kb max_used=25380Kb free=93723Kb
 bounds [0x000001e6be2e0000, 0x000001e6bfbb0000, 0x000001e6c5730000]
CodeHeap 'non-nmethods': size=7488Kb used=3113Kb max_used=3188Kb free=4374Kb
 bounds [0x000001e6c5730000, 0x000001e6c5a60000, 0x000001e6c5e80000]
 total_blobs=12435 nmethods=11695 adapters=643
 compilation: enabled
              stopped_count=0, restarted_count=0
 full_count=0

Compilation events (20 events):
Event: 15.090 Thread 0x000001e711ab0210 nmethod 12471 0x000001e6c6480410 code [0x000001e6c64805a0, 0x000001e6c6480668]
Event: 15.090 Thread 0x000001e711aac900 nmethod 12469 0x000001e6c6480710 code [0x000001e6c64808a0, 0x000001e6c6480970]
Event: 15.091 Thread 0x000001e711ab0210 12472   !   3       java.io.BufferedOutputStream::write (73 bytes)
Event: 15.091 Thread 0x000001e71183dd20 12473       3       java.io.BufferedOutputStream::implWrite (71 bytes)
Event: 15.092 Thread 0x000001e71183dd20 nmethod 12473 0x000001e6bfba6490 code [0x000001e6bfba66a0, 0x000001e6bfba6d50]
Event: 15.092 Thread 0x000001e711ab0210 nmethod 12472 0x000001e6bfba6f90 code [0x000001e6bfba7220, 0x000001e6bfba7ea8]
Event: 15.103 Thread 0x000001e71183dd20 12476       1       org.apache.maven.artifact.DefaultArtifact::getScope (5 bytes)
Event: 15.103 Thread 0x000001e711aac900 12477       2       java.util.LinkedHashMap::<init> (15 bytes)
Event: 15.103 Thread 0x000001e71183dd20 nmethod 12476 0x000001e6c6480a10 code [0x000001e6c6480ba0, 0x000001e6c6480c68]
Event: 15.103 Thread 0x000001e7119382b0 12478       3       org.apache.maven.artifact.DefaultArtifact::getBaseVersion (27 bytes)
Event: 15.103 Thread 0x000001e711aac900 nmethod 12477 0x000001e6bfba8310 code [0x000001e6bfba84a0, 0x000001e6bfba85b8]
Event: 15.103 Thread 0x000001e71183dd20 12479       1       org.apache.maven.artifact.DefaultArtifact::getFile (5 bytes)
Event: 15.103 Thread 0x000001e711aac900 12480       3       org.eclipse.m2e.core.embedder.ArtifactKey::<init> (26 bytes)
Event: 15.103 Thread 0x000001e7119382b0 nmethod 12478 0x000001e6bfba8690 code [0x000001e6bfba8840, 0x000001e6bfba8a80]
Event: 15.103 Thread 0x000001e71183dd20 nmethod 12479 0x000001e6c6480d10 code [0x000001e6c6480ea0, 0x000001e6c6480f68]
Event: 15.103 Thread 0x000001e7119382b0 12481       1       org.apache.maven.artifact.DefaultArtifact::getArtifactHandler (5 bytes)
Event: 15.103 Thread 0x000001e711aac900 nmethod 12480 0x000001e6bfba8b90 code [0x000001e6bfba8d40, 0x000001e6bfba8f58]
Event: 15.103 Thread 0x000001e71183dd20 12482       1       org.apache.maven.artifact.DefaultArtifact::getClassifier (5 bytes)
Event: 15.103 Thread 0x000001e7119382b0 nmethod 12481 0x000001e6c6481010 code [0x000001e6c64811a0, 0x000001e6c6481268]
Event: 15.103 Thread 0x000001e71183dd20 nmethod 12482 0x000001e6c6481310 code [0x000001e6c64814a0, 0x000001e6c6481568]

GC Heap History (20 events):
Event: 14.735 GC heap before
{Heap before GC invocations=431 (full 3):
 PSYoungGen      total 4096K, used 3702K [0x00000000eab00000, 0x00000000eb080000, 0x0000000100000000)
  eden space 2560K, 100% used [0x00000000eab00000,0x00000000ead80000,0x00000000ead80000)
  from space 1536K, 74% used [0x00000000ead80000,0x00000000eae9d800,0x00000000eaf00000)
  to   space 1536K, 0% used [0x00000000eaf00000,0x00000000eaf00000,0x00000000eb080000)
 ParOldGen       total 312832K, used 312627K [0x00000000c0000000, 0x00000000d3180000, 0x00000000eab00000)
  object space 312832K, 99% used [0x00000000c0000000,0x00000000d314cc00,0x00000000d3180000)
 Metaspace       used 62157K, committed 63552K, reserved 1114112K
  class space    used 6350K, committed 6912K, reserved 1048576K
}
Event: 14.737 GC heap after
{Heap after GC invocations=431 (full 3):
 PSYoungGen      total 4096K, used 1090K [0x00000000eab00000, 0x00000000eb080000, 0x0000000100000000)
  eden space 2560K, 0% used [0x00000000eab00000,0x00000000eab00000,0x00000000ead80000)
  from space 1536K, 71% used [0x00000000eaf00000,0x00000000eb010aa0,0x00000000eb080000)
  to   space 1536K, 0% used [0x00000000ead80000,0x00000000ead80000,0x00000000eaf00000)
 ParOldGen       total 313856K, used 313560K [0x00000000c0000000, 0x00000000d3280000, 0x00000000eab00000)
  object space 313856K, 99% used [0x00000000c0000000,0x00000000d3236210,0x00000000d3280000)
 Metaspace       used 62157K, committed 63552K, reserved 1114112K
  class space    used 6350K, committed 6912K, reserved 1048576K
}
Event: 14.741 GC heap before
{Heap before GC invocations=432 (full 3):
 PSYoungGen      total 4096K, used 3596K [0x00000000eab00000, 0x00000000eb080000, 0x0000000100000000)
  eden space 2560K, 97% used [0x00000000eab00000,0x00000000ead72610,0x00000000ead80000)
  from space 1536K, 71% used [0x00000000eaf00000,0x00000000eb010aa0,0x00000000eb080000)
  to   space 1536K, 0% used [0x00000000ead80000,0x00000000ead80000,0x00000000eaf00000)
 ParOldGen       total 313856K, used 313560K [0x00000000c0000000, 0x00000000d3280000, 0x00000000eab00000)
  object space 313856K, 99% used [0x00000000c0000000,0x00000000d3236210,0x00000000d3280000)
 Metaspace       used 62166K, committed 63552K, reserved 1114112K
  class space    used 6352K, committed 6912K, reserved 1048576K
}
Event: 14.744 GC heap after
{Heap after GC invocations=432 (full 3):
 PSYoungGen      total 4096K, used 1330K [0x00000000eab00000, 0x00000000eb100000, 0x0000000100000000)
  eden space 2560K, 0% used [0x00000000eab00000,0x00000000eab00000,0x00000000ead80000)
  from space 1536K, 86% used [0x00000000ead80000,0x00000000eaeccac8,0x00000000eaf00000)
  to   space 1536K, 0% used [0x00000000eaf80000,0x00000000eaf80000,0x00000000eb100000)
 ParOldGen       total 314880K, used 314451K [0x00000000c0000000, 0x00000000d3380000, 0x00000000eab00000)
  object space 314880K, 99% used [0x00000000c0000000,0x00000000d3314d50,0x00000000d3380000)
 Metaspace       used 62166K, committed 63552K, reserved 1114112K
  class space    used 6352K, committed 6912K, reserved 1048576K
}
Event: 14.751 GC heap before
{Heap before GC invocations=433 (full 3):
 PSYoungGen      total 4096K, used 3876K [0x00000000eab00000, 0x00000000eb100000, 0x0000000100000000)
  eden space 2560K, 99% used [0x00000000eab00000,0x00000000ead7c710,0x00000000ead80000)
  from space 1536K, 86% used [0x00000000ead80000,0x00000000eaeccac8,0x00000000eaf00000)
  to   space 1536K, 0% used [0x00000000eaf80000,0x00000000eaf80000,0x00000000eb100000)
 ParOldGen       total 314880K, used 314451K [0x00000000c0000000, 0x00000000d3380000, 0x00000000eab00000)
  object space 314880K, 99% used [0x00000000c0000000,0x00000000d3314d50,0x00000000d3380000)
 Metaspace       used 62167K, committed 63552K, reserved 1114112K
  class space    used 6352K, committed 6912K, reserved 1048576K
}
Event: 14.753 GC heap after
{Heap after GC invocations=433 (full 3):
 PSYoungGen      total 4608K, used 1416K [0x00000000eab00000, 0x00000000eb100000, 0x0000000100000000)
  eden space 3072K, 0% used [0x00000000eab00000,0x00000000eab00000,0x00000000eae00000)
  from space 1536K, 92% used [0x00000000eaf80000,0x00000000eb0e2158,0x00000000eb100000)
  to   space 1536K, 0% used [0x00000000eae00000,0x00000000eae00000,0x00000000eaf80000)
 ParOldGen       total 315904K, used 315474K [0x00000000c0000000, 0x00000000d3480000, 0x00000000eab00000)
  object space 315904K, 99% used [0x00000000c0000000,0x00000000d3414a18,0x00000000d3480000)
 Metaspace       used 62167K, committed 63552K, reserved 1114112K
  class space    used 6352K, committed 6912K, reserved 1048576K
}
Event: 14.765 GC heap before
{Heap before GC invocations=434 (full 3):
 PSYoungGen      total 4608K, used 4488K [0x00000000eab00000, 0x00000000eb100000, 0x0000000100000000)
  eden space 3072K, 100% used [0x00000000eab00000,0x00000000eae00000,0x00000000eae00000)
  from space 1536K, 92% used [0x00000000eaf80000,0x00000000eb0e2158,0x00000000eb100000)
  to   space 1536K, 0% used [0x00000000eae00000,0x00000000eae00000,0x00000000eaf80000)
 ParOldGen       total 315904K, used 315474K [0x00000000c0000000, 0x00000000d3480000, 0x00000000eab00000)
  object space 315904K, 99% used [0x00000000c0000000,0x00000000d3414a18,0x00000000d3480000)
 Metaspace       used 62183K, committed 63552K, reserved 1114112K
  class space    used 6352K, committed 6912K, reserved 1048576K
}
Event: 14.767 GC heap after
{Heap after GC invocations=434 (full 3):
 PSYoungGen      total 4608K, used 1381K [0x00000000eab00000, 0x00000000eb200000, 0x0000000100000000)
  eden space 3072K, 0% used [0x00000000eab00000,0x00000000eab00000,0x00000000eae00000)
  from space 1536K, 89% used [0x00000000eae00000,0x00000000eaf596e0,0x00000000eaf80000)
  to   space 1536K, 0% used [0x00000000eb080000,0x00000000eb080000,0x00000000eb200000)
 ParOldGen       total 316928K, used 316579K [0x00000000c0000000, 0x00000000d3580000, 0x00000000eab00000)
  object space 316928K, 99% used [0x00000000c0000000,0x00000000d3528ce8,0x00000000d3580000)
 Metaspace       used 62183K, committed 63552K, reserved 1114112K
  class space    used 6352K, committed 6912K, reserved 1048576K
}
Event: 14.834 GC heap before
{Heap before GC invocations=435 (full 3):
 PSYoungGen      total 4608K, used 4448K [0x00000000eab00000, 0x00000000eb200000, 0x0000000100000000)
  eden space 3072K, 99% used [0x00000000eab00000,0x00000000eadfec70,0x00000000eae00000)
  from space 1536K, 89% used [0x00000000eae00000,0x00000000eaf596e0,0x00000000eaf80000)
  to   space 1536K, 0% used [0x00000000eb080000,0x00000000eb080000,0x00000000eb200000)
 ParOldGen       total 316928K, used 316579K [0x00000000c0000000, 0x00000000d3580000, 0x00000000eab00000)
  object space 316928K, 99% used [0x00000000c0000000,0x00000000d3528ce8,0x00000000d3580000)
 Metaspace       used 62263K, committed 63616K, reserved 1114112K
  class space    used 6364K, committed 6912K, reserved 1048576K
}
Event: 14.851 GC heap after
{Heap after GC invocations=435 (full 3):
 PSYoungGen      total 5632K, used 1241K [0x00000000eab00000, 0x00000000eb200000, 0x0000000100000000)
  eden space 4096K, 0% used [0x00000000eab00000,0x00000000eab00000,0x00000000eaf00000)
  from space 1536K, 80% used [0x00000000eb080000,0x00000000eb1b6758,0x00000000eb200000)
  to   space 1536K, 0% used [0x00000000eaf00000,0x00000000eaf00000,0x00000000eb080000)
 ParOldGen       total 317952K, used 317718K [0x00000000c0000000, 0x00000000d3680000, 0x00000000eab00000)
  object space 317952K, 99% used [0x00000000c0000000,0x00000000d3645880,0x00000000d3680000)
 Metaspace       used 62263K, committed 63616K, reserved 1114112K
  class space    used 6364K, committed 6912K, reserved 1048576K
}
Event: 14.870 GC heap before
{Heap before GC invocations=436 (full 3):
 PSYoungGen      total 5632K, used 5318K [0x00000000eab00000, 0x00000000eb200000, 0x0000000100000000)
  eden space 4096K, 99% used [0x00000000eab00000,0x00000000eaefb300,0x00000000eaf00000)
  from space 1536K, 80% used [0x00000000eb080000,0x00000000eb1b6758,0x00000000eb200000)
  to   space 1536K, 0% used [0x00000000eaf00000,0x00000000eaf00000,0x00000000eb080000)
 ParOldGen       total 317952K, used 317718K [0x00000000c0000000, 0x00000000d3680000, 0x00000000eab00000)
  object space 317952K, 99% used [0x00000000c0000000,0x00000000d3645880,0x00000000d3680000)
 Metaspace       used 62316K, committed 63680K, reserved 1114112K
  class space    used 6369K, committed 6912K, reserved 1048576K
}
Event: 14.875 GC heap after
{Heap after GC invocations=436 (full 3):
 PSYoungGen      total 5632K, used 1504K [0x00000000eab00000, 0x00000000eb400000, 0x0000000100000000)
  eden space 4096K, 0% used [0x00000000eab00000,0x00000000eab00000,0x00000000eaf00000)
  from space 1536K, 97% used [0x00000000eaf00000,0x00000000eb0780c8,0x00000000eb080000)
  to   space 2048K, 0% used [0x00000000eb200000,0x00000000eb200000,0x00000000eb400000)
 ParOldGen       total 319488K, used 319057K [0x00000000c0000000, 0x00000000d3800000, 0x00000000eab00000)
  object space 319488K, 99% used [0x00000000c0000000,0x00000000d3794680,0x00000000d3800000)
 Metaspace       used 62316K, committed 63680K, reserved 1114112K
  class space    used 6369K, committed 6912K, reserved 1048576K
}
Event: 14.904 GC heap before
{Heap before GC invocations=437 (full 3):
 PSYoungGen      total 5632K, used 5600K [0x00000000eab00000, 0x00000000eb400000, 0x0000000100000000)
  eden space 4096K, 100% used [0x00000000eab00000,0x00000000eaf00000,0x00000000eaf00000)
  from space 1536K, 97% used [0x00000000eaf00000,0x00000000eb0780c8,0x00000000eb080000)
  to   space 2048K, 0% used [0x00000000eb200000,0x00000000eb200000,0x00000000eb400000)
 ParOldGen       total 319488K, used 319057K [0x00000000c0000000, 0x00000000d3800000, 0x00000000eab00000)
  object space 319488K, 99% used [0x00000000c0000000,0x00000000d3794680,0x00000000d3800000)
 Metaspace       used 62387K, committed 63744K, reserved 1114112K
  class space    used 6378K, committed 6912K, reserved 1048576K
}
Event: 14.912 GC heap after
{Heap after GC invocations=437 (full 3):
 PSYoungGen      total 7168K, used 1667K [0x00000000eab00000, 0x00000000eb400000, 0x0000000100000000)
  eden space 5120K, 0% used [0x00000000eab00000,0x00000000eab00000,0x00000000eb000000)
  from space 2048K, 81% used [0x00000000eb200000,0x00000000eb3a0eb8,0x00000000eb400000)
  to   space 2048K, 0% used [0x00000000eb000000,0x00000000eb000000,0x00000000eb200000)
 ParOldGen       total 320512K, used 320258K [0x00000000c0000000, 0x00000000d3900000, 0x00000000eab00000)
  object space 320512K, 99% used [0x00000000c0000000,0x00000000d38c0988,0x00000000d3900000)
 Metaspace       used 62387K, committed 63744K, reserved 1114112K
  class space    used 6378K, committed 6912K, reserved 1048576K
}
Event: 14.922 GC heap before
{Heap before GC invocations=438 (full 3):
 PSYoungGen      total 7168K, used 6777K [0x00000000eab00000, 0x00000000eb400000, 0x0000000100000000)
  eden space 5120K, 99% used [0x00000000eab00000,0x00000000eaffd718,0x00000000eb000000)
  from space 2048K, 81% used [0x00000000eb200000,0x00000000eb3a0eb8,0x00000000eb400000)
  to   space 2048K, 0% used [0x00000000eb000000,0x00000000eb000000,0x00000000eb200000)
 ParOldGen       total 320512K, used 320258K [0x00000000c0000000, 0x00000000d3900000, 0x00000000eab00000)
  object space 320512K, 99% used [0x00000000c0000000,0x00000000d38c0988,0x00000000d3900000)
 Metaspace       used 62399K, committed 63744K, reserved 1114112K
  class space    used 6379K, committed 6912K, reserved 1048576K
}
Event: 14.944 GC heap after
{Heap after GC invocations=438 (full 3):
 PSYoungGen      total 7168K, used 2008K [0x00000000eab00000, 0x00000000eb600000, 0x0000000100000000)
  eden space 5120K, 0% used [0x00000000eab00000,0x00000000eab00000,0x00000000eb000000)
  from space 2048K, 98% used [0x00000000eb000000,0x00000000eb1f6140,0x00000000eb200000)
  to   space 2560K, 0% used [0x00000000eb380000,0x00000000eb380000,0x00000000eb600000)
 ParOldGen       total 322048K, used 321977K [0x00000000c0000000, 0x00000000d3a80000, 0x00000000eab00000)
  object space 322048K, 99% used [0x00000000c0000000,0x00000000d3a6e6f8,0x00000000d3a80000)
 Metaspace       used 62399K, committed 63744K, reserved 1114112K
  class space    used 6379K, committed 6912K, reserved 1048576K
}
Event: 14.972 GC heap before
{Heap before GC invocations=439 (full 3):
 PSYoungGen      total 7168K, used 7128K [0x00000000eab00000, 0x00000000eb600000, 0x0000000100000000)
  eden space 5120K, 100% used [0x00000000eab00000,0x00000000eb000000,0x00000000eb000000)
  from space 2048K, 98% used [0x00000000eb000000,0x00000000eb1f6140,0x00000000eb200000)
  to   space 2560K, 0% used [0x00000000eb380000,0x00000000eb380000,0x00000000eb600000)
 ParOldGen       total 322048K, used 321977K [0x00000000c0000000, 0x00000000d3a80000, 0x00000000eab00000)
  object space 322048K, 99% used [0x00000000c0000000,0x00000000d3a6e6f8,0x00000000d3a80000)
 Metaspace       used 62478K, committed 63808K, reserved 1114112K
  class space    used 6383K, committed 6912K, reserved 1048576K
}
Event: 14.986 GC heap after
{Heap after GC invocations=439 (full 3):
 PSYoungGen      total 8192K, used 1678K [0x00000000eab00000, 0x00000000eb580000, 0x0000000100000000)
  eden space 6144K, 0% used [0x00000000eab00000,0x00000000eab00000,0x00000000eb100000)
  from space 2048K, 81% used [0x00000000eb380000,0x00000000eb523888,0x00000000eb580000)
  to   space 2048K, 0% used [0x00000000eb180000,0x00000000eb180000,0x00000000eb380000)
 ParOldGen       total 324096K, used 323810K [0x00000000c0000000, 0x00000000d3c80000, 0x00000000eab00000)
  object space 324096K, 99% used [0x00000000c0000000,0x00000000d3c38a60,0x00000000d3c80000)
 Metaspace       used 62478K, committed 63808K, reserved 1114112K
  class space    used 6383K, committed 6912K, reserved 1048576K
}
Event: 15.081 GC heap before
{Heap before GC invocations=440 (full 3):
 PSYoungGen      total 8192K, used 7822K [0x00000000eab00000, 0x00000000eb580000, 0x0000000100000000)
  eden space 6144K, 99% used [0x00000000eab00000,0x00000000eb0fffe8,0x00000000eb100000)
  from space 2048K, 81% used [0x00000000eb380000,0x00000000eb523888,0x00000000eb580000)
  to   space 2048K, 0% used [0x00000000eb180000,0x00000000eb180000,0x00000000eb380000)
 ParOldGen       total 324096K, used 323810K [0x00000000c0000000, 0x00000000d3c80000, 0x00000000eab00000)
  object space 324096K, 99% used [0x00000000c0000000,0x00000000d3c38a60,0x00000000d3c80000)
 Metaspace       used 62806K, committed 64192K, reserved 1114112K
  class space    used 6417K, committed 6976K, reserved 1048576K
}
Event: 15.085 GC heap after
{Heap after GC invocations=440 (full 3):
 PSYoungGen      total 8192K, used 2046K [0x00000000eab00000, 0x00000000eb580000, 0x0000000100000000)
  eden space 6144K, 0% used [0x00000000eab00000,0x00000000eab00000,0x00000000eb100000)
  from space 2048K, 99% used [0x00000000eb180000,0x00000000eb37fbb8,0x00000000eb380000)
  to   space 2048K, 0% used [0x00000000eb380000,0x00000000eb380000,0x00000000eb580000)
 ParOldGen       total 325632K, used 325260K [0x00000000c0000000, 0x00000000d3e00000, 0x00000000eab00000)
  object space 325632K, 99% used [0x00000000c0000000,0x00000000d3da3160,0x00000000d3e00000)
 Metaspace       used 62806K, committed 64192K, reserved 1114112K
  class space    used 6417K, committed 6976K, reserved 1048576K
}

Dll operation events (10 events):
Event: 0.010 Loaded shared library c:\Users\tanma\.vscode\extensions\redhat.java-1.42.0-win32-x64\jre\21.0.7-win32-x86_64\bin\java.dll
Event: 0.085 Loaded shared library c:\Users\tanma\.vscode\extensions\redhat.java-1.42.0-win32-x64\jre\21.0.7-win32-x86_64\bin\zip.dll
Event: 0.106 Loaded shared library C:\Users\tanma\.vscode\extensions\redhat.java-1.42.0-win32-x64\jre\21.0.7-win32-x86_64\bin\instrument.dll
Event: 0.112 Loaded shared library C:\Users\tanma\.vscode\extensions\redhat.java-1.42.0-win32-x64\jre\21.0.7-win32-x86_64\bin\net.dll
Event: 0.114 Loaded shared library C:\Users\tanma\.vscode\extensions\redhat.java-1.42.0-win32-x64\jre\21.0.7-win32-x86_64\bin\nio.dll
Event: 0.118 Loaded shared library C:\Users\tanma\.vscode\extensions\redhat.java-1.42.0-win32-x64\jre\21.0.7-win32-x86_64\bin\zip.dll
Event: 0.135 Loaded shared library C:\Users\tanma\.vscode\extensions\redhat.java-1.42.0-win32-x64\jre\21.0.7-win32-x86_64\bin\jimage.dll
Event: 0.218 Loaded shared library c:\Users\tanma\.vscode\extensions\redhat.java-1.42.0-win32-x64\jre\21.0.7-win32-x86_64\bin\verify.dll
Event: 1.638 Loaded shared library C:\Users\tanma\AppData\Roaming\Code\User\globalStorage\redhat.java\1.42.0\config_win\org.eclipse.equinox.launcher\org.eclipse.equinox.launcher.win32.win32.x86_64_1.2.1300.v20250331-1702\eclipse_11911.dll
Event: 3.719 Loaded shared library C:\Users\tanma\AppData\Local\Temp\jna-110127349\jna9775099785375723806.dll

Deoptimization events (20 events):
Event: 14.548 Thread 0x000001e718ab8e40 Uncommon trap: trap_request=0xffffffde fr.pc=0x000001e6c64364d4 relative=0x00000000000003d4
Event: 14.548 Thread 0x000001e718ab8e40 Uncommon trap: reason=class_check action=maybe_recompile pc=0x000001e6c64364d4 method=sun.nio.fs.WindowsPath.compareTo(Ljava/nio/file/Path;)I @ 18 c2
Event: 14.548 Thread 0x000001e718ab8e40 DEOPT PACKING pc=0x000001e6c64364d4 sp=0x0000008a558fec20
Event: 14.548 Thread 0x000001e718ab8e40 DEOPT UNPACKING pc=0x000001e6c5783aa2 sp=0x0000008a558feb90 mode 2
Event: 14.607 Thread 0x000001e718ab8e40 Uncommon trap: trap_request=0xffffff45 fr.pc=0x000001e6c6455ee4 relative=0x0000000000000404
Event: 14.607 Thread 0x000001e718ab8e40 Uncommon trap: reason=unstable_if action=reinterpret pc=0x000001e6c6455ee4 method=java.util.regex.Pattern$SliceU.match(Ljava/util/regex/Matcher;ILjava/lang/CharSequence;)Z @ 74 c2
Event: 14.607 Thread 0x000001e718ab8e40 DEOPT PACKING pc=0x000001e6c6455ee4 sp=0x0000008a558fed10
Event: 14.607 Thread 0x000001e718ab8e40 DEOPT UNPACKING pc=0x000001e6c5783aa2 sp=0x0000008a558fec98 mode 2
Event: 14.670 Thread 0x000001e71aa68340 Uncommon trap: trap_request=0xffffffc6 fr.pc=0x000001e6c63d96f4 relative=0x0000000000000c54
Event: 14.670 Thread 0x000001e71aa68340 Uncommon trap: reason=bimorphic_or_optimized_type_check action=maybe_recompile pc=0x000001e6c63d96f4 method=java.util.concurrent.ConcurrentHashMap.putAll(Ljava/util/Map;)V @ 23 c2
Event: 14.670 Thread 0x000001e71aa68340 DEOPT PACKING pc=0x000001e6c63d96f4 sp=0x0000008a56efeb60
Event: 14.670 Thread 0x000001e71aa68340 DEOPT UNPACKING pc=0x000001e6c5783aa2 sp=0x0000008a56efeb10 mode 2
Event: 14.673 Thread 0x000001e71aa68340 Uncommon trap: trap_request=0xffffffc6 fr.pc=0x000001e6c63d96f4 relative=0x0000000000000c54
Event: 14.673 Thread 0x000001e71aa68340 Uncommon trap: reason=bimorphic_or_optimized_type_check action=maybe_recompile pc=0x000001e6c63d96f4 method=java.util.concurrent.ConcurrentHashMap.putAll(Ljava/util/Map;)V @ 23 c2
Event: 14.673 Thread 0x000001e71aa68340 DEOPT PACKING pc=0x000001e6c63d96f4 sp=0x0000008a56efe6b0
Event: 14.673 Thread 0x000001e71aa68340 DEOPT UNPACKING pc=0x000001e6c5783aa2 sp=0x0000008a56efe660 mode 2
Event: 15.074 Thread 0x000001e718ab87b0 Uncommon trap: trap_request=0xffffffde fr.pc=0x000001e6c6232534 relative=0x0000000000000274
Event: 15.074 Thread 0x000001e718ab87b0 Uncommon trap: reason=class_check action=maybe_recompile pc=0x000001e6c6232534 method=java.util.Comparator.lambda$comparing$77a9974f$1(Ljava/util/function/Function;Ljava/lang/Object;Ljava/lang/Object;)I @ 7 c2
Event: 15.074 Thread 0x000001e718ab87b0 DEOPT PACKING pc=0x000001e6c6232534 sp=0x0000008a559fd880
Event: 15.074 Thread 0x000001e718ab87b0 DEOPT UNPACKING pc=0x000001e6c5783aa2 sp=0x0000008a559fd7b0 mode 2

Classes loaded (20 events):
Event: 14.521 Loading class java/util/concurrent/CompletionException
Event: 14.522 Loading class java/util/concurrent/CompletionException done
Event: 14.531 Loading class java/nio/file/FileTreeWalker$1
Event: 14.532 Loading class java/nio/file/FileTreeWalker$1 done
Event: 14.538 Loading class sun/nio/fs/Globs
Event: 14.539 Loading class sun/nio/fs/Globs done
Event: 14.539 Loading class java/util/regex/Pattern$SliceU
Event: 14.540 Loading class java/util/regex/Pattern$SliceU done
Event: 14.540 Loading class sun/nio/fs/WindowsFileSystem$2
Event: 14.541 Loading class java/nio/file/PathMatcher
Event: 14.541 Loading class java/nio/file/PathMatcher done
Event: 14.541 Loading class sun/nio/fs/WindowsFileSystem$2 done
Event: 14.689 Loading class java/util/Collections$SynchronizedRandomAccessList
Event: 14.690 Loading class java/util/Collections$SynchronizedList
Event: 14.691 Loading class java/util/Collections$SynchronizedList done
Event: 14.691 Loading class java/util/Collections$SynchronizedRandomAccessList done
Event: 14.705 Loading class java/util/concurrent/CompletableFuture$Signaller
Event: 14.705 Loading class java/util/concurrent/CompletableFuture$Signaller done
Event: 15.006 Loading class java/util/Hashtable$KeySet
Event: 15.007 Loading class java/util/Hashtable$KeySet done

Classes unloaded (7 events):
Event: 4.558 Thread 0x000001e711815820 Unloading class 0x000001e6d11a3c00 'java/lang/invoke/LambdaForm$MH+0x000001e6d11a3c00'
Event: 4.558 Thread 0x000001e711815820 Unloading class 0x000001e6d11a3800 'java/lang/invoke/LambdaForm$MH+0x000001e6d11a3800'
Event: 4.558 Thread 0x000001e711815820 Unloading class 0x000001e6d11a3400 'java/lang/invoke/LambdaForm$MH+0x000001e6d11a3400'
Event: 4.558 Thread 0x000001e711815820 Unloading class 0x000001e6d11a3000 'java/lang/invoke/LambdaForm$MH+0x000001e6d11a3000'
Event: 4.558 Thread 0x000001e711815820 Unloading class 0x000001e6d11a2c00 'java/lang/invoke/LambdaForm$BMH+0x000001e6d11a2c00'
Event: 4.558 Thread 0x000001e711815820 Unloading class 0x000001e6d11a2800 'java/lang/invoke/LambdaForm$DMH+0x000001e6d11a2800'
Event: 4.558 Thread 0x000001e711815820 Unloading class 0x000001e6d11a1400 'java/lang/invoke/LambdaForm$DMH+0x000001e6d11a1400'

Classes redefined (0 events):
No events

Internal exceptions (20 events):
Event: 14.705 Thread 0x000001e71aa68340 Exception <a 'sun/nio/fs/WindowsException'{0x00000000eab36308}> (0x00000000eab36308) 
thrown [s\src\hotspot\share\prims\jni.cpp, line 520]
Event: 14.706 Thread 0x000001e71aa68340 Exception <a 'sun/nio/fs/WindowsException'{0x00000000eabe7290}> (0x00000000eabe7290) 
thrown [s\src\hotspot\share\prims\jni.cpp, line 520]
Event: 14.706 Thread 0x000001e71aa68340 Exception <a 'sun/nio/fs/WindowsException'{0x00000000eabe8fd8}> (0x00000000eabe8fd8) 
thrown [s\src\hotspot\share\prims\jni.cpp, line 520]
Event: 14.706 Thread 0x000001e71aa68340 Exception <a 'sun/nio/fs/WindowsException'{0x00000000eac025a0}> (0x00000000eac025a0) 
thrown [s\src\hotspot\share\prims\jni.cpp, line 520]
Event: 14.707 Thread 0x000001e71aa68340 Exception <a 'sun/nio/fs/WindowsException'{0x00000000eac1c520}> (0x00000000eac1c520) 
thrown [s\src\hotspot\share\prims\jni.cpp, line 520]
Event: 14.707 Thread 0x000001e71aa68340 Exception <a 'sun/nio/fs/WindowsException'{0x00000000eac4f610}> (0x00000000eac4f610) 
thrown [s\src\hotspot\share\prims\jni.cpp, line 520]
Event: 14.707 Thread 0x000001e71aa68340 Exception <a 'sun/nio/fs/WindowsException'{0x00000000eac5b2a8}> (0x00000000eac5b2a8) 
thrown [s\src\hotspot\share\prims\jni.cpp, line 520]
Event: 14.707 Thread 0x000001e71aa68340 Exception <a 'sun/nio/fs/WindowsException'{0x00000000eac77fe0}> (0x00000000eac77fe0) 
thrown [s\src\hotspot\share\prims\jni.cpp, line 520]
Event: 14.708 Thread 0x000001e71aa68340 Exception <a 'sun/nio/fs/WindowsException'{0x00000000eac86808}> (0x00000000eac86808) 
thrown [s\src\hotspot\share\prims\jni.cpp, line 520]
Event: 14.955 Thread 0x000001e71aa68340 Exception <a 'java/lang/IncompatibleClassChangeError'{0x00000000ead97760}: Found class java.lang.Object, but interface was expected> (0x00000000ead97760) 
thrown [s\src\hotspot\share\interpreter\linkResolver.cpp, line 840]
Event: 15.033 Thread 0x000001e718ab87b0 Exception <a 'sun/nio/fs/WindowsException'{0x00000000eaf9ace8}> (0x00000000eaf9ace8) 
thrown [s\src\hotspot\share\prims\jni.cpp, line 520]
Event: 15.034 Thread 0x000001e718ab87b0 Exception <a 'sun/nio/fs/WindowsException'{0x00000000eaf9b620}> (0x00000000eaf9b620) 
thrown [s\src\hotspot\share\prims\jni.cpp, line 520]
Event: 15.035 Thread 0x000001e718ab87b0 Exception <a 'sun/nio/fs/WindowsException'{0x00000000eaf9c578}> (0x00000000eaf9c578) 
thrown [s\src\hotspot\share\prims\jni.cpp, line 520]
Event: 15.035 Thread 0x000001e718ab87b0 Exception <a 'sun/nio/fs/WindowsException'{0x00000000eaf9cc50}> (0x00000000eaf9cc50) 
thrown [s\src\hotspot\share\prims\jni.cpp, line 520]
Event: 15.039 Thread 0x000001e718ab87b0 Exception <a 'java/io/FileNotFoundException'{0x00000000eafb4b28}> (0x00000000eafb4b28) 
thrown [s\src\hotspot\share\prims\jni.cpp, line 520]
Event: 15.040 Thread 0x000001e718ab87b0 Exception <a 'java/io/FileNotFoundException'{0x00000000eafb5ae8}> (0x00000000eafb5ae8) 
thrown [s\src\hotspot\share\prims\jni.cpp, line 520]
Event: 15.052 Thread 0x000001e718ab87b0 Exception <a 'sun/nio/fs/WindowsException'{0x00000000eaff42a8}> (0x00000000eaff42a8) 
thrown [s\src\hotspot\share\prims\jni.cpp, line 520]
Event: 15.052 Thread 0x000001e718ab87b0 Exception <a 'sun/nio/fs/WindowsException'{0x00000000eaff4980}> (0x00000000eaff4980) 
thrown [s\src\hotspot\share\prims\jni.cpp, line 520]
Event: 15.091 Thread 0x000001e718ab87b0 Exception <a 'sun/nio/fs/WindowsException'{0x00000000eaba0c58}> (0x00000000eaba0c58) 
thrown [s\src\hotspot\share\prims\jni.cpp, line 520]
Event: 15.092 Thread 0x000001e718ab87b0 Exception <a 'sun/nio/fs/WindowsException'{0x00000000eabba980}> (0x00000000eabba980) 
thrown [s\src\hotspot\share\prims\jni.cpp, line 520]

ZGC Phase Switch (0 events):
No events

VM Operations (20 events):
Event: 14.750 Executing VM operation: ParallelGCFailedAllocation (Allocation Failure)
Event: 14.753 Executing VM operation: ParallelGCFailedAllocation (Allocation Failure) done
Event: 14.764 Executing VM operation: ParallelGCFailedAllocation (Allocation Failure)
Event: 14.767 Executing VM operation: ParallelGCFailedAllocation (Allocation Failure) done
Event: 14.826 Executing VM operation: HandshakeAllThreads (Deoptimize)
Event: 14.834 Executing VM operation: HandshakeAllThreads (Deoptimize) done
Event: 14.834 Executing VM operation: ParallelGCFailedAllocation (Allocation Failure)
Event: 14.851 Executing VM operation: ParallelGCFailedAllocation (Allocation Failure) done
Event: 14.858 Executing VM operation: HandshakeAllThreads (Deoptimize)
Event: 14.860 Executing VM operation: HandshakeAllThreads (Deoptimize) done
Event: 14.870 Executing VM operation: ParallelGCFailedAllocation (Allocation Failure)
Event: 14.875 Executing VM operation: ParallelGCFailedAllocation (Allocation Failure) done
Event: 14.904 Executing VM operation: ParallelGCFailedAllocation (Allocation Failure)
Event: 14.912 Executing VM operation: ParallelGCFailedAllocation (Allocation Failure) done
Event: 14.922 Executing VM operation: ParallelGCFailedAllocation (Allocation Failure)
Event: 14.944 Executing VM operation: ParallelGCFailedAllocation (Allocation Failure) done
Event: 14.965 Executing VM operation: ParallelGCFailedAllocation (Allocation Failure)
Event: 14.986 Executing VM operation: ParallelGCFailedAllocation (Allocation Failure) done
Event: 15.081 Executing VM operation: ParallelGCFailedAllocation (Allocation Failure)
Event: 15.085 Executing VM operation: ParallelGCFailedAllocation (Allocation Failure) done

Memory protections (0 events):
No events

Nmethod flushes (20 events):
Event: 11.571 Thread 0x000001e711815820 flushing  nmethod 0x000001e6beb74590
Event: 11.571 Thread 0x000001e711815820 flushing  nmethod 0x000001e6beb93f90
Event: 11.571 Thread 0x000001e711815820 flushing  nmethod 0x000001e6bebba290
Event: 11.571 Thread 0x000001e711815820 flushing  nmethod 0x000001e6bebfb710
Event: 11.571 Thread 0x000001e711815820 flushing  nmethod 0x000001e6bebfc790
Event: 11.571 Thread 0x000001e711815820 flushing  nmethod 0x000001e6bebfcd10
Event: 11.571 Thread 0x000001e711815820 flushing  nmethod 0x000001e6bebfec90
Event: 11.571 Thread 0x000001e711815820 flushing  nmethod 0x000001e6bec06110
Event: 11.571 Thread 0x000001e711815820 flushing  nmethod 0x000001e6bec0f990
Event: 11.571 Thread 0x000001e711815820 flushing  nmethod 0x000001e6bec13c90
Event: 11.571 Thread 0x000001e711815820 flushing  nmethod 0x000001e6bec14a10
Event: 11.571 Thread 0x000001e711815820 flushing  nmethod 0x000001e6bec3a190
Event: 11.571 Thread 0x000001e711815820 flushing  nmethod 0x000001e6bec3d410
Event: 11.571 Thread 0x000001e711815820 flushing osr nmethod 0x000001e6bec8f090
Event: 11.571 Thread 0x000001e711815820 flushing  nmethod 0x000001e6becbfa90
Event: 11.571 Thread 0x000001e711815820 flushing  nmethod 0x000001e6becfb490
Event: 11.571 Thread 0x000001e711815820 flushing  nmethod 0x000001e6bed06690
Event: 11.571 Thread 0x000001e711815820 flushing  nmethod 0x000001e6bed5a810
Event: 11.571 Thread 0x000001e711815820 flushing  nmethod 0x000001e6bed81010
Event: 11.571 Thread 0x000001e711815820 flushing  nmethod 0x000001e6bed9c090

Events (20 events):
Event: 12.976 Thread 0x000001e718ab8e40 Thread added: 0x000001e71af03ee0
Event: 12.977 Thread 0x000001e718ab8e40 Thread added: 0x000001e71af07360
Event: 12.977 Thread 0x000001e718ab8e40 Thread added: 0x000001e71af04c00
Event: 12.977 Thread 0x000001e718ab8e40 Thread added: 0x000001e71af06640
Event: 13.352 Thread 0x000001e71af06640 Thread exited: 0x000001e71af06640
Event: 13.352 Thread 0x000001e71af03ee0 Thread exited: 0x000001e71af03ee0
Event: 13.352 Thread 0x000001e71af04c00 Thread exited: 0x000001e71af04c00
Event: 13.352 Thread 0x000001e71af03850 Thread exited: 0x000001e71af03850
Event: 13.353 Thread 0x000001e71af07360 Thread exited: 0x000001e71af07360
Event: 13.896 Thread 0x000001e718ab8e40 Thread added: 0x000001e71af03ee0
Event: 13.896 Thread 0x000001e718ab8e40 Thread added: 0x000001e71af06640
Event: 13.896 Thread 0x000001e718ab8e40 Thread added: 0x000001e71af07360
Event: 13.896 Thread 0x000001e718ab8e40 Thread added: 0x000001e71af03850
Event: 13.897 Thread 0x000001e718ab8e40 Thread added: 0x000001e71af04c00
Event: 13.923 Thread 0x000001e71af07360 Thread exited: 0x000001e71af07360
Event: 13.923 Thread 0x000001e71af06640 Thread exited: 0x000001e71af06640
Event: 13.923 Thread 0x000001e71af04c00 Thread exited: 0x000001e71af04c00
Event: 13.923 Thread 0x000001e71af03850 Thread exited: 0x000001e71af03850
Event: 13.923 Thread 0x000001e71af03ee0 Thread exited: 0x000001e71af03ee0
Event: 15.076 Thread 0x000001e718ab87b0 Thread added: 0x000001e718daa280


Dynamic libraries:
0x00007ff7dea90000 - 0x00007ff7dea9e000 	c:\Users\tanma\.vscode\extensions\redhat.java-1.42.0-win32-x64\jre\21.0.7-win32-x86_64\bin\java.exe
0x00007ffbe9910000 - 0x00007ffbe9b27000 	C:\WINDOWS\SYSTEM32\ntdll.dll
0x00007ffbe83d0000 - 0x00007ffbe8494000 	C:\WINDOWS\System32\KERNEL32.DLL
0x00007ffbe6ba0000 - 0x00007ffbe6f73000 	C:\WINDOWS\System32\KERNELBASE.dll
0x000000005eee0000 - 0x000000005f212000 	C:\Program Files\Norton Security\NortonData\22.22.4.13\Definitions\IPSDefs\20231213.064\IPSEng64.dll
0x00007ffbe8300000 - 0x00007ffbe83b1000 	C:\WINDOWS\System32\ADVAPI32.dll
0x00007ffbe7e60000 - 0x00007ffbe7f07000 	C:\WINDOWS\System32\msvcrt.dll
0x00007ffbe7960000 - 0x00007ffbe7a07000 	C:\WINDOWS\System32\sechost.dll
0x00007ffbe74b0000 - 0x00007ffbe74d8000 	C:\WINDOWS\System32\bcrypt.dll
0x00007ffbe7840000 - 0x00007ffbe7954000 	C:\WINDOWS\System32\RPCRT4.dll
0x00007ffbe7c90000 - 0x00007ffbe7c98000 	C:\WINDOWS\System32\PSAPI.DLL
0x00007ffbe6f80000 - 0x00007ffbe7091000 	C:\WINDOWS\System32\ucrtbase.dll
0x00007ffba51a0000 - 0x00007ffba51be000 	c:\Users\tanma\.vscode\extensions\redhat.java-1.42.0-win32-x64\jre\21.0.7-win32-x86_64\bin\VCRUNTIME140.dll
0x00007ffba5760000 - 0x00007ffba5778000 	c:\Users\tanma\.vscode\extensions\redhat.java-1.42.0-win32-x64\jre\21.0.7-win32-x86_64\bin\jli.dll
0x00007ffbe7610000 - 0x00007ffbe77c1000 	C:\WINDOWS\System32\USER32.dll
0x00007ffbe7480000 - 0x00007ffbe74a6000 	C:\WINDOWS\System32\win32u.dll
0x00007ffbd6440000 - 0x00007ffbd66db000 	C:\WINDOWS\WinSxS\amd64_microsoft.windows.common-controls_6595b64144ccf1df_6.0.22621.5262_none_2712bde373830908\COMCTL32.dll
0x00007ffbe7bd0000 - 0x00007ffbe7bf9000 	C:\WINDOWS\System32\GDI32.dll
0x00007ffbe7210000 - 0x00007ffbe7332000 	C:\WINDOWS\System32\gdi32full.dll
0x00007ffbe6b00000 - 0x00007ffbe6b9a000 	C:\WINDOWS\System32\msvcp_win.dll
0x00007ffbe7ca0000 - 0x00007ffbe7cd1000 	C:\WINDOWS\System32\IMM32.DLL
0x00007ffbb41e0000 - 0x00007ffbb41ec000 	c:\Users\tanma\.vscode\extensions\redhat.java-1.42.0-win32-x64\jre\21.0.7-win32-x86_64\bin\vcruntime140_1.dll
0x00007ffb954c0000 - 0x00007ffb9554d000 	c:\Users\tanma\.vscode\extensions\redhat.java-1.42.0-win32-x64\jre\21.0.7-win32-x86_64\bin\msvcp140.dll
0x00007ffb77a80000 - 0x00007ffb78810000 	c:\Users\tanma\.vscode\extensions\redhat.java-1.42.0-win32-x64\jre\21.0.7-win32-x86_64\bin\server\jvm.dll
0x00007ffbe80b0000 - 0x00007ffbe8121000 	C:\WINDOWS\System32\WS2_32.dll
0x00007ffbe68d0000 - 0x00007ffbe691d000 	C:\WINDOWS\SYSTEM32\POWRPROF.dll
0x00007ffbdfce0000 - 0x00007ffbdfcea000 	C:\WINDOWS\SYSTEM32\VERSION.dll
0x00007ffbe2620000 - 0x00007ffbe2654000 	C:\WINDOWS\SYSTEM32\WINMM.dll
0x00007ffbe68b0000 - 0x00007ffbe68c3000 	C:\WINDOWS\SYSTEM32\UMPDC.dll
0x00007ffbe5a00000 - 0x00007ffbe5a18000 	C:\WINDOWS\SYSTEM32\kernel.appcore.dll
0x00007ffbacf50000 - 0x00007ffbacf5a000 	c:\Users\tanma\.vscode\extensions\redhat.java-1.42.0-win32-x64\jre\21.0.7-win32-x86_64\bin\jimage.dll
0x00007ffbe4690000 - 0x00007ffbe48c2000 	C:\WINDOWS\SYSTEM32\DBGHELP.DLL
0x00007ffbe9420000 - 0x00007ffbe97b3000 	C:\WINDOWS\System32\combase.dll
0x00007ffbe8d40000 - 0x00007ffbe8e17000 	C:\WINDOWS\System32\OLEAUT32.dll
0x00007ffbd85f0000 - 0x00007ffbd8622000 	C:\WINDOWS\SYSTEM32\dbgcore.DLL
0x00007ffbe6a00000 - 0x00007ffbe6a7b000 	C:\WINDOWS\System32\bcryptPrimitives.dll
0x00007ffbac400000 - 0x00007ffbac40f000 	c:\Users\tanma\.vscode\extensions\redhat.java-1.42.0-win32-x64\jre\21.0.7-win32-x86_64\bin\instrument.dll
0x00007ffb955d0000 - 0x00007ffb955ef000 	c:\Users\tanma\.vscode\extensions\redhat.java-1.42.0-win32-x64\jre\21.0.7-win32-x86_64\bin\java.dll
0x00007ffbe84a0000 - 0x00007ffbe8d3d000 	C:\WINDOWS\System32\SHELL32.dll
0x00007ffbe7340000 - 0x00007ffbe747f000 	C:\WINDOWS\System32\wintypes.dll
0x00007ffbe48f0000 - 0x00007ffbe520d000 	C:\WINDOWS\SYSTEM32\windows.storage.dll
0x00007ffbe7f10000 - 0x00007ffbe801b000 	C:\WINDOWS\System32\SHCORE.dll
0x00007ffbe7ce0000 - 0x00007ffbe7d46000 	C:\WINDOWS\System32\shlwapi.dll
0x00007ffbe6930000 - 0x00007ffbe695b000 	C:\WINDOWS\SYSTEM32\profapi.dll
0x00007ffb95570000 - 0x00007ffb95588000 	c:\Users\tanma\.vscode\extensions\redhat.java-1.42.0-win32-x64\jre\21.0.7-win32-x86_64\bin\zip.dll
0x00007ffba8c80000 - 0x00007ffba8c90000 	C:\Users\tanma\.vscode\extensions\redhat.java-1.42.0-win32-x64\jre\21.0.7-win32-x86_64\bin\net.dll
0x00007ffbe2420000 - 0x00007ffbe254c000 	C:\WINDOWS\SYSTEM32\WINHTTP.dll
0x00007ffbe5e70000 - 0x00007ffbe5eda000 	C:\WINDOWS\system32\mswsock.dll
0x00007ffb954a0000 - 0x00007ffb954b6000 	C:\Users\tanma\.vscode\extensions\redhat.java-1.42.0-win32-x64\jre\21.0.7-win32-x86_64\bin\nio.dll
0x00007ffba5d50000 - 0x00007ffba5d60000 	c:\Users\tanma\.vscode\extensions\redhat.java-1.42.0-win32-x64\jre\21.0.7-win32-x86_64\bin\verify.dll
0x00007ffb899d0000 - 0x00007ffb89a15000 	C:\Users\tanma\AppData\Roaming\Code\User\globalStorage\redhat.java\1.42.0\config_win\org.eclipse.equinox.launcher\org.eclipse.equinox.launcher.win32.win32.x86_64_1.2.1300.v20250331-1702\eclipse_11911.dll
0x00007ffbe7a20000 - 0x00007ffbe7bc1000 	C:\WINDOWS\System32\ole32.dll
0x00007ffbe6110000 - 0x00007ffbe612b000 	C:\WINDOWS\SYSTEM32\CRYPTSP.dll
0x00007ffbe5960000 - 0x00007ffbe5997000 	C:\WINDOWS\system32\rsaenh.dll
0x00007ffbe5f10000 - 0x00007ffbe5f38000 	C:\WINDOWS\SYSTEM32\USERENV.dll
0x00007ffbe6070000 - 0x00007ffbe607c000 	C:\WINDOWS\SYSTEM32\CRYPTBASE.dll
0x00007ffbe5470000 - 0x00007ffbe549d000 	C:\WINDOWS\SYSTEM32\IPHLPAPI.DLL
0x00007ffbe7c80000 - 0x00007ffbe7c89000 	C:\WINDOWS\System32\NSI.dll
0x00007ffb89a60000 - 0x00007ffb89aa9000 	C:\Users\tanma\AppData\Local\Temp\jna-110127349\jna9775099785375723806.dll
0x00007ffbe21b0000 - 0x00007ffbe21c9000 	C:\WINDOWS\SYSTEM32\dhcpcsvc6.DLL
0x00007ffbe2190000 - 0x00007ffbe21af000 	C:\WINDOWS\SYSTEM32\dhcpcsvc.DLL
0x00007ffbe5b10000 - 0x00007ffbe5b44000 	C:\WINDOWS\SYSTEM32\ntmarta.dll

dbghelp: loaded successfully - version: 4.0.5 - missing functions: none
symbol engine: initialized successfully - sym options: 0x614 - pdb path: .;c:\Users\tanma\.vscode\extensions\redhat.java-1.42.0-win32-x64\jre\21.0.7-win32-x86_64\bin;C:\WINDOWS\SYSTEM32;C:\Program Files\Norton Security\NortonData\22.22.4.13\Definitions\IPSDefs\20231213.064;C:\WINDOWS\WinSxS\amd64_microsoft.windows.common-controls_6595b64144ccf1df_6.0.22621.5262_none_2712bde373830908;c:\Users\tanma\.vscode\extensions\redhat.java-1.42.0-win32-x64\jre\21.0.7-win32-x86_64\bin\server;C:\Users\tanma\AppData\Roaming\Code\User\globalStorage\redhat.java\1.42.0\config_win\org.eclipse.equinox.launcher\org.eclipse.equinox.launcher.win32.win32.x86_64_1.2.1300.v20250331-1702;C:\Users\tanma\AppData\Local\Temp\jna-110127349

VM Arguments:
jvm_args: --add-modules=ALL-SYSTEM --add-opens=java.base/java.util=ALL-UNNAMED --add-opens=java.base/java.lang=ALL-UNNAMED --add-opens=java.base/sun.nio.fs=ALL-UNNAMED -Declipse.application=org.eclipse.jdt.ls.core.id1 -Dosgi.bundles.defaultStartLevel=4 -Declipse.product=org.eclipse.jdt.ls.core.product -Djava.import.generatesMetadataFilesAtProjectRoot=false -DDetectVMInstallationsJob.disabled=true -Dfile.encoding=utf8 -XX:+UseParallelGC -XX:GCTimeRatio=4 -XX:AdaptiveSizePolicyWeight=90 -Dsun.zip.disableMemoryMapping=true -Xmx1G -Xms100m -Xlog:disable -javaagent:c:\Users\tanma\.vscode\extensions\redhat.java-1.42.0-win32-x64\lombok\lombok-1.18.36.jar -XX:+HeapDumpOnOutOfMemoryError -XX:HeapDumpPath=c:\Users\tanma\AppData\Roaming\Code\User\workspaceStorage\89240fbca4adb2b40d9c8e8d66c81886\redhat.java -Daether.dependencyCollector.impl=bf 
java_command: c:\Users\tanma\.vscode\extensions\redhat.java-1.42.0-win32-x64\server\plugins\org.eclipse.equinox.launcher_1.7.0.v20250424-1814.jar -configuration c:\Users\tanma\AppData\Roaming\Code\User\globalStorage\redhat.java\1.42.0\config_win -data c:\Users\tanma\AppData\Roaming\Code\User\workspaceStorage\89240fbca4adb2b40d9c8e8d66c81886\redhat.java\jdt_ws --pipe=\\.\pipe\lsp-c82ae59bbaec18c891997ad728e03da7-sock
java_class_path (initial): c:\Users\tanma\.vscode\extensions\redhat.java-1.42.0-win32-x64\server\plugins\org.eclipse.equinox.launcher_1.7.0.v20250424-1814.jar
Launcher Type: SUN_STANDARD

[Global flags]
    uintx AdaptiveSizePolicyWeight                 = 90                                        {product} {command line}
     intx CICompilerCount                          = 12                                        {product} {ergonomic}
    uintx GCTimeRatio                              = 4                                         {product} {command line}
     bool HeapDumpOnOutOfMemoryError               = true                                   {manageable} {command line}
    ccstr HeapDumpPath                             = c:\Users\tanma\AppData\Roaming\Code\User\workspaceStorage\89240fbca4adb2b40d9c8e8d66c81886\redhat.java         {manageable} {command line}
   size_t InitialHeapSize                          = 104857600                                 {product} {command line}
   size_t MaxHeapSize                              = 1073741824                                {product} {command line}
   size_t MaxNewSize                               = 357564416                                 {product} {ergonomic}
   size_t MinHeapDeltaBytes                        = 524288                                    {product} {ergonomic}
   size_t MinHeapSize                              = 104857600                                 {product} {command line}
   size_t NewSize                                  = 34603008                                  {product} {ergonomic}
    uintx NonNMethodCodeHeapSize                   = 7602480                                {pd product} {ergonomic}
    uintx NonProfiledCodeHeapSize                  = 122027880                              {pd product} {ergonomic}
   size_t OldSize                                  = 70254592                                  {product} {ergonomic}
    uintx ProfiledCodeHeapSize                     = 122027880                              {pd product} {ergonomic}
    uintx ReservedCodeCacheSize                    = 251658240                              {pd product} {ergonomic}
     bool SegmentedCodeCache                       = true                                      {product} {ergonomic}
   size_t SoftMaxHeapSize                          = 1073741824                             {manageable} {ergonomic}
     bool UseCompressedOops                        = true                           {product lp64_product} {ergonomic}
     bool UseLargePagesIndividualAllocation        = false                                  {pd product} {ergonomic}
     bool UseParallelGC                            = true                                      {product} {command line}

Logging:
Log output configuration:
 #0: stdout all=off uptime,level,tags foldmultilines=false
 #1: stderr all=off uptime,level,tags foldmultilines=false

Environment Variables:
JAVA_HOME=C:\Program Files\Microsoft\jdk-17.0.12.7-hotspot
PATH=C:\app\tanma\product\21c\dbhomeXE\bin;C:\Windows\system32;C:\Windows;C:\Windows\System32\Wbem;C:\Windows\System32\WindowsPowerShell\v1.0\;C:\Windows\System32\OpenSSH\;C:\Program Files (x86)\NVIDIA Corporation\PhysX\Common;C:\Program Files\NVIDIA Corporation\NVIDIA NvDLISR;C:\Windows\System32\cmd.exe;C:\MinGW\bin;C:\WINDOWS\system32;C:\WINDOWS;C:\WINDOWS\System32\Wbem;C:\WINDOWS\System32\WindowsPowerShell\v1.0\;C:\WINDOWS\System32\OpenSSH\;C:\Program Files\Git\cmd;C:\Program Files\Git\mingw64\bin;C:\Program Files\Git\usr\bin;C:\Program Files\MongoDB\Tools\100\bin;C:\Program Files\Docker\Docker\resources\bin;C:\Users\tanma\AppData\Local\Android\Sdk;C:\ProgramData\chocolatey\bin;C:\Program Files\nodejs\;C:\Users\tanma\AppData\Local\Android\Sdk\platform-tools;C:\Program Files\Microsoft\jdk-17.0.12.7-hotspot\bin;C:\Program Files\apache-maven-3.9.9-bin\apache-maven-3.9.9\bin;C:\Program Files\MySQL\MySQL Shell 8.0\bin\;C:\Users\tanma\.console-ninja\.bin;C:\Users\tanma\AppData\Local\Programs\Python\Python311\Scripts\;C:\Users\tanma\AppData\Local\Programs\Python\Python311\;C:\Users\tanma\AppData\Local\Programs\Python\Python312\Scripts\;C:\Users\tanma\AppData\Local\Programs\Python\Python312\;C:\Users\tanma\AppData\Local\Programs\Python\Launcher\;C:\Users\tanma\AppData\Local\Microsoft\WindowsApps;C:\Users\tanma\AppData\Local\GitHubDesktop\bin;C:\Program Files\JetBrains\IntelliJ IDEA Community Edition 2022.3\bin;C:\Users\tanma\AppData\Local\Programs\Microsoft VS Code\bin;C:\Users\tanma\AppData\Local\Programs\mongosh\;C:\Users\tanma\AppData\Local\Programs\oh-my-posh\bin;C:\Users\tanma\AppData\Local\Android\Sdk;C:\Users\tanma\AppData\Roaming\npm;C:\Program Files\Microsoft\jdk-17.0.12.7-hotspot\bin;C:\Program Files\apache-maven-3.9.9-bin\apache-maven-3.9.9\bin;C:\Program Files (x86)\MongoDB Atlas CLI\
USERNAME=tanma
OS=Windows_NT
PROCESSOR_IDENTIFIER=AMD64 Family 25 Model 80 Stepping 0, AuthenticAMD
TMP=C:\Users\tanma\AppData\Local\Temp
TEMP=C:\Users\tanma\AppData\Local\Temp




Periodic native trim disabled

---------------  S Y S T E M  ---------------

OS:
 Windows 11 , 64 bit Build 22621 (10.0.22621.5262)
OS uptime: 0 days 1:22 hours
Hyper-V role detected

CPU: total 16 (initial active 16) (16 cores per cpu, 2 threads per core) family 25 model 80 stepping 0 microcode 0x0, cx8, cmov, fxsr, ht, mmx, 3dnowpref, sse, sse2, sse3, ssse3, sse4a, sse4.1, sse4.2, popcnt, lzcnt, tsc, tscinvbit, avx, avx2, aes, erms, clmul, bmi1, bmi2, adx, sha, fma, vzeroupper, clflush, clflushopt, hv, rdtscp, rdpid, fsrm, f16c, cet_ss
Processor Information for the first 16 processors :
  Max Mhz: 3201, Current Mhz: 3201, Mhz Limit: 3201

Memory: 4k page, system-wide physical 5996M (289M free)
TotalPageFile size 24428M (AvailPageFile size 0M)
current process WorkingSet (physical memory assigned to process): 506M, peak: 594M
current process commit charge ("private bytes"): 630M, peak: 993M

vm_info: OpenJDK 64-Bit Server VM (21.0.7+6-LTS) for windows-amd64 JRE (21.0.7+6-LTS), built on 2025-04-15T00:00:00Z by "admin" with MS VC++ 17.7 (VS2022)

END.
