#
# There is insufficient memory for the Java Runtime Environment to continue.
# Native memory allocation (malloc) failed to allocate 1997456 bytes. Error detail: Chunk::new
# Possible reasons:
#   The system is out of physical RAM or swap space
#   This process is running with CompressedOops enabled, and the Java Heap may be blocking the growth of the native heap
# Possible solutions:
#   Reduce memory load on the system
#   Increase physical memory or swap space
#   Check if swap backing store is full
#   Decrease Java heap size (-Xmx/-Xms)
#   Decrease number of Java threads
#   Decrease Java thread stack sizes (-Xss)
#   Set larger code cache with -XX:ReservedCodeCacheSize=
#   JVM is running with Unscaled Compressed Oops mode in which the Java heap is
#     placed in the first 4GB address space. The Java Heap base address is the
#     maximum limit for the native heap growth. Please use -XX:HeapBaseMinAddress
#     to set the Java Heap base and to place the Java Heap above 4GB virtual address.
# This output file may be truncated or incomplete.
#
#  Out of Memory Error (arena.cpp:168), pid=21640, tid=24992
#
# JRE version: OpenJDK Runtime Environment Temurin-21.0.7+6 (21.0.7+6) (build 21.0.7+6-LTS)
# Java VM: OpenJDK 64-Bit Server VM Temurin-21.0.7+6 (21.0.7+6-LTS, mixed mode, sharing, tiered, compressed oops, compressed class ptrs, parallel gc, windows-amd64)
# No core dump will be written. Minidumps are not enabled by default on client versions of Windows
#

---------------  S U M M A R Y ------------

Command Line: --add-modules=ALL-SYSTEM --add-opens=java.base/java.util=ALL-UNNAMED --add-opens=java.base/java.lang=ALL-UNNAMED --add-opens=java.base/sun.nio.fs=ALL-UNNAMED -Declipse.application=org.eclipse.jdt.ls.core.id1 -Dosgi.bundles.defaultStartLevel=4 -Declipse.product=org.eclipse.jdt.ls.core.product -Djava.import.generatesMetadataFilesAtProjectRoot=false -DDetectVMInstallationsJob.disabled=true -Dfile.encoding=utf8 -XX:+UseParallelGC -XX:GCTimeRatio=4 -XX:AdaptiveSizePolicyWeight=90 -Dsun.zip.disableMemoryMapping=true -Xmx1G -Xms100m -Xlog:disable -javaagent:c:\Users\tanma\.vscode\extensions\redhat.java-1.42.0-win32-x64\lombok\lombok-1.18.36.jar -XX:+HeapDumpOnOutOfMemoryError -XX:HeapDumpPath=c:\Users\tanma\AppData\Roaming\Code\User\workspaceStorage\89240fbca4adb2b40d9c8e8d66c81886\redhat.java -Daether.dependencyCollector.impl=bf c:\Users\tanma\.vscode\extensions\redhat.java-1.42.0-win32-x64\server\plugins\org.eclipse.equinox.launcher_1.7.0.v20250424-1814.jar -configuration c:\Users\tanma\AppData\Roaming\Code\User\globalStorage\redhat.java\1.42.0\config_win -data c:\Users\tanma\AppData\Roaming\Code\User\workspaceStorage\89240fbca4adb2b40d9c8e8d66c81886\redhat.java\jdt_ws --pipe=\\.\pipe\lsp-905baa3a0ae445f71d57848b1d2192ee-sock

Host: AMD Ryzen 7 5800H with Radeon Graphics         , 16 cores, 5G,  Windows 11 , 64 bit Build 22621 (10.0.22621.5262)
Time: Sat May 24 19:11:53 2025 India Standard Time elapsed time: 16.820812 seconds (0d 0h 0m 16s)

---------------  T H R E A D  ---------------

Current thread (0x0000011e8d519df0):  JavaThread "C2 CompilerThread1" daemon [_thread_in_native, id=24992, stack(0x0000000ca2000000,0x0000000ca2100000) (1024K)]


Current CompileTask:
C2:16820 10107   !   4       org.eclipse.jdt.internal.core.search.indexing.BinaryIndexer::indexDocument (1168 bytes)

Stack: [0x0000000ca2000000,0x0000000ca2100000]
Native frames: (J=compiled Java code, j=interpreted, Vv=VM code, C=native code)
V  [jvm.dll+0x6ce119]
V  [jvm.dll+0x8a84a1]
V  [jvm.dll+0x8aa9ce]
V  [jvm.dll+0x8ab0b3]
V  [jvm.dll+0x27f8a6]
V  [jvm.dll+0xc507d]
V  [jvm.dll+0xc55b3]
V  [jvm.dll+0x3b68f2]
V  [jvm.dll+0x382aa5]
V  [jvm.dll+0x381f0a]
V  [jvm.dll+0x247af0]
V  [jvm.dll+0x2470cf]
V  [jvm.dll+0x1c760e]
V  [jvm.dll+0x25695a]
V  [jvm.dll+0x254efa]
V  [jvm.dll+0x3f03f6]
V  [jvm.dll+0x851f6b]
V  [jvm.dll+0x6cc7dd]
C  [ucrtbase.dll+0x29333]
C  [KERNEL32.DLL+0x1259d]
C  [ntdll.dll+0x5af58]


---------------  P R O C E S S  ---------------

Threads class SMR info:
_java_thread_list=0x0000011e8b570450, length=67, elements={
0x0000011e2a006e80, 0x0000011e406d9500, 0x0000011e2c3bce10, 0x0000011e406dc1f0,
0x0000011e406ddd50, 0x0000011e406e05e0, 0x0000011e406e8930, 0x0000011e406e9750,
0x0000011e406ea420, 0x0000011e82b430b0, 0x0000011e82b4ad80, 0x0000011e82d20820,
0x0000011e891f24c0, 0x0000011e8950ea10, 0x0000011e89123e00, 0x0000011e89124460,
0x0000011e89c816e0, 0x0000011e89949860, 0x0000011e89b65800, 0x0000011e89b678d0,
0x0000011e89b64ae0, 0x0000011e89b64450, 0x0000011e89b65e90, 0x0000011e89b66520,
0x0000011e89b67240, 0x0000011e89b65170, 0x0000011e89b66bb0, 0x0000011e89e28830,
0x0000011e89e281a0, 0x0000011e89e28ec0, 0x0000011e89e29550, 0x0000011e89e26df0,
0x0000011e89e27b10, 0x0000011e89e29be0, 0x0000011e89e26760, 0x0000011e89e27480,
0x0000011e8bba1b70, 0x0000011e8bba6a30, 0x0000011e8bba3c40, 0x0000011e8bba35b0,
0x0000011e8bba4960, 0x0000011e8bba70c0, 0x0000011e8bba4ff0, 0x0000011e8bba42d0,
0x0000011e8bba5680, 0x0000011e8bba14e0, 0x0000011e8bba5d10, 0x0000011e8bba7750,
0x0000011e8bba63a0, 0x0000011e8bba7de0, 0x0000011e8bba2890, 0x0000011e8bba2f20,
0x0000011e95651de0, 0x0000011e95657330, 0x0000011e95655f80, 0x0000011e95654bd0,
0x0000011e956579c0, 0x0000011e95659400, 0x0000011e95658050, 0x0000011e95656610,
0x0000011e8d519df0, 0x0000011e956558f0, 0x0000011e95655260, 0x0000011e95656ca0,
0x0000011e956586e0, 0x0000011e95658d70, 0x0000011e82b74db0
}

Java Threads: ( => current thread )
  0x0000011e2a006e80 JavaThread "main"                              [_thread_blocked, id=26284, stack(0x0000000c9d500000,0x0000000c9d600000) (1024K)]
  0x0000011e406d9500 JavaThread "Reference Handler"          daemon [_thread_blocked, id=11140, stack(0x0000000c9d900000,0x0000000c9da00000) (1024K)]
  0x0000011e2c3bce10 JavaThread "Finalizer"                  daemon [_thread_blocked, id=16320, stack(0x0000000c9da00000,0x0000000c9db00000) (1024K)]
  0x0000011e406dc1f0 JavaThread "Signal Dispatcher"          daemon [_thread_blocked, id=22452, stack(0x0000000c9db00000,0x0000000c9dc00000) (1024K)]
  0x0000011e406ddd50 JavaThread "Attach Listener"            daemon [_thread_blocked, id=13700, stack(0x0000000c9dc00000,0x0000000c9dd00000) (1024K)]
  0x0000011e406e05e0 JavaThread "Service Thread"             daemon [_thread_blocked, id=368, stack(0x0000000c9dd00000,0x0000000c9de00000) (1024K)]
  0x0000011e406e8930 JavaThread "Monitor Deflation Thread"   daemon [_thread_blocked, id=25392, stack(0x0000000c9de00000,0x0000000c9df00000) (1024K)]
  0x0000011e406e9750 JavaThread "C2 CompilerThread0"         daemon [_thread_in_native, id=21328, stack(0x0000000c9df00000,0x0000000c9e000000) (1024K)]
  0x0000011e406ea420 JavaThread "C1 CompilerThread0"         daemon [_thread_blocked, id=11776, stack(0x0000000c9e000000,0x0000000c9e100000) (1024K)]
  0x0000011e82b430b0 JavaThread "Common-Cleaner"             daemon [_thread_blocked, id=22044, stack(0x0000000c9e100000,0x0000000c9e200000) (1024K)]
  0x0000011e82b4ad80 JavaThread "C1 CompilerThread1"         daemon [_thread_blocked, id=10600, stack(0x0000000c9e200000,0x0000000c9e300000) (1024K)]
  0x0000011e82d20820 JavaThread "Notification Thread"        daemon [_thread_blocked, id=18120, stack(0x0000000c9e600000,0x0000000c9e700000) (1024K)]
  0x0000011e891f24c0 JavaThread "Active Thread: Equinox Container: 977137a8-366a-4160-9b35-277979279caf"        [_thread_blocked, id=15236, stack(0x0000000c9ef00000,0x0000000c9f000000) (1024K)]
  0x0000011e8950ea10 JavaThread "Refresh Thread: Equinox Container: 977137a8-366a-4160-9b35-277979279caf" daemon [_thread_blocked, id=15896, stack(0x0000000c9f100000,0x0000000c9f200000) (1024K)]
  0x0000011e89123e00 JavaThread "Framework Event Dispatcher: Equinox Container: 977137a8-366a-4160-9b35-277979279caf" daemon [_thread_blocked, id=5828, stack(0x0000000c9f200000,0x0000000c9f300000) (1024K)]
  0x0000011e89124460 JavaThread "Start Level: Equinox Container: 977137a8-366a-4160-9b35-277979279caf" daemon [_thread_blocked, id=25204, stack(0x0000000c9f300000,0x0000000c9f400000) (1024K)]
  0x0000011e89c816e0 JavaThread "Bundle File Closer"         daemon [_thread_blocked, id=26988, stack(0x0000000c9f700000,0x0000000c9f800000) (1024K)]
  0x0000011e89949860 JavaThread "SCR Component Actor"        daemon [_thread_blocked, id=24584, stack(0x0000000c9f800000,0x0000000c9f900000) (1024K)]
  0x0000011e89b65800 JavaThread "Worker-JM"                         [_thread_blocked, id=23724, stack(0x0000000c9fa00000,0x0000000c9fb00000) (1024K)]
  0x0000011e89b678d0 JavaThread "JNA Cleaner"                daemon [_thread_blocked, id=27072, stack(0x0000000c9fc00000,0x0000000c9fd00000) (1024K)]
  0x0000011e89b64ae0 JavaThread "Worker-0: Building"                [_thread_in_native, id=26356, stack(0x0000000c9fd00000,0x0000000c9fe00000) (1024K)]
  0x0000011e89b64450 JavaThread "Worker-1"                          [_thread_blocked, id=3224, stack(0x0000000c9fe00000,0x0000000c9ff00000) (1024K)]
  0x0000011e89b65e90 JavaThread "Java indexing"              daemon [_thread_in_native, id=14364, stack(0x0000000c9ff00000,0x0000000ca0000000) (1024K)]
  0x0000011e89b66520 JavaThread "Worker-2"                          [_thread_blocked, id=20748, stack(0x0000000ca0000000,0x0000000ca0100000) (1024K)]
  0x0000011e89b67240 JavaThread "Worker-3: Java indexing... "        [_thread_blocked, id=21404, stack(0x0000000ca0100000,0x0000000ca0200000) (1024K)]
  0x0000011e89b65170 JavaThread "Thread-2"                   daemon [_thread_in_native, id=14188, stack(0x0000000ca0200000,0x0000000ca0300000) (1024K)]
  0x0000011e89b66bb0 JavaThread "Thread-3"                   daemon [_thread_in_native, id=22812, stack(0x0000000ca0300000,0x0000000ca0400000) (1024K)]
  0x0000011e89e28830 JavaThread "Thread-4"                   daemon [_thread_in_native, id=20888, stack(0x0000000ca0400000,0x0000000ca0500000) (1024K)]
  0x0000011e89e281a0 JavaThread "Thread-5"                   daemon [_thread_in_native, id=6660, stack(0x0000000ca0500000,0x0000000ca0600000) (1024K)]
  0x0000011e89e28ec0 JavaThread "Thread-6"                   daemon [_thread_in_native, id=21492, stack(0x0000000ca0600000,0x0000000ca0700000) (1024K)]
  0x0000011e89e29550 JavaThread "Thread-7"                   daemon [_thread_in_native, id=5180, stack(0x0000000ca0700000,0x0000000ca0800000) (1024K)]
  0x0000011e89e26df0 JavaThread "Thread-8"                   daemon [_thread_in_native, id=22944, stack(0x0000000ca0800000,0x0000000ca0900000) (1024K)]
  0x0000011e89e27b10 JavaThread "Thread-9"                   daemon [_thread_in_native, id=24520, stack(0x0000000ca0900000,0x0000000ca0a00000) (1024K)]
  0x0000011e89e29be0 JavaThread "Thread-10"                  daemon [_thread_in_native, id=26892, stack(0x0000000ca0a00000,0x0000000ca0b00000) (1024K)]
  0x0000011e89e26760 JavaThread "Thread-11"                  daemon [_thread_in_native, id=11984, stack(0x0000000ca0b00000,0x0000000ca0c00000) (1024K)]
  0x0000011e89e27480 JavaThread "Thread-12"                  daemon [_thread_in_native, id=26328, stack(0x0000000ca0c00000,0x0000000ca0d00000) (1024K)]
  0x0000011e8bba1b70 JavaThread "Thread-13"                  daemon [_thread_in_native, id=27056, stack(0x0000000ca0d00000,0x0000000ca0e00000) (1024K)]
  0x0000011e8bba6a30 JavaThread "Thread-14"                  daemon [_thread_in_native, id=18004, stack(0x0000000ca0e00000,0x0000000ca0f00000) (1024K)]
  0x0000011e8bba3c40 JavaThread "Thread-15"                  daemon [_thread_in_native, id=17564, stack(0x0000000ca0f00000,0x0000000ca1000000) (1024K)]
  0x0000011e8bba35b0 JavaThread "Thread-16"                  daemon [_thread_in_native, id=21688, stack(0x0000000ca1000000,0x0000000ca1100000) (1024K)]
  0x0000011e8bba4960 JavaThread "Thread-17"                  daemon [_thread_in_native, id=17200, stack(0x0000000ca1100000,0x0000000ca1200000) (1024K)]
  0x0000011e8bba70c0 JavaThread "Thread-18"                  daemon [_thread_in_native, id=9992, stack(0x0000000ca1200000,0x0000000ca1300000) (1024K)]
  0x0000011e8bba4ff0 JavaThread "pool-2-thread-1"                   [_thread_blocked, id=15820, stack(0x0000000ca1300000,0x0000000ca1400000) (1024K)]
  0x0000011e8bba42d0 JavaThread "Worker-4"                          [_thread_blocked, id=17444, stack(0x0000000ca1400000,0x0000000ca1500000) (1024K)]
  0x0000011e8bba5680 JavaThread "Worker-5"                          [_thread_blocked, id=12008, stack(0x0000000ca1500000,0x0000000ca1600000) (1024K)]
  0x0000011e8bba14e0 JavaThread "WorkspaceEventsHandler"            [_thread_blocked, id=26980, stack(0x0000000ca1600000,0x0000000ca1700000) (1024K)]
  0x0000011e8bba5d10 JavaThread "pool-1-thread-1"                   [_thread_blocked, id=27564, stack(0x0000000ca1700000,0x0000000ca1800000) (1024K)]
  0x0000011e8bba7750 JavaThread "LocalFile Deleter"          daemon [_thread_blocked, id=22380, stack(0x0000000c9e300000,0x0000000c9e400000) (1024K)]
  0x0000011e8bba63a0 JavaThread "LocalFile Deleter"          daemon [_thread_blocked, id=24252, stack(0x0000000c9e400000,0x0000000c9e500000) (1024K)]
  0x0000011e8bba7de0 JavaThread "LocalFile Deleter"          daemon [_thread_blocked, id=19692, stack(0x0000000c9e500000,0x0000000c9e600000) (1024K)]
  0x0000011e8bba2890 JavaThread "LocalFile Deleter"          daemon [_thread_blocked, id=19520, stack(0x0000000c9e700000,0x0000000c9e800000) (1024K)]
  0x0000011e8bba2f20 JavaThread "LocalFile Deleter"          daemon [_thread_blocked, id=16276, stack(0x0000000c9f900000,0x0000000c9fa00000) (1024K)]
  0x0000011e95651de0 JavaThread "LocalFile Deleter"          daemon [_thread_blocked, id=26308, stack(0x0000000ca1800000,0x0000000ca1900000) (1024K)]
  0x0000011e95657330 JavaThread "LocalFile Deleter"          daemon [_thread_blocked, id=15968, stack(0x0000000ca1900000,0x0000000ca1a00000) (1024K)]
  0x0000011e95655f80 JavaThread "LocalFile Deleter"          daemon [_thread_blocked, id=19912, stack(0x0000000ca1a00000,0x0000000ca1b00000) (1024K)]
  0x0000011e95654bd0 JavaThread "LocalFile Deleter"          daemon [_thread_blocked, id=22900, stack(0x0000000ca1b00000,0x0000000ca1c00000) (1024K)]
  0x0000011e956579c0 JavaThread "LocalFile Deleter"          daemon [_thread_blocked, id=23144, stack(0x0000000ca1c00000,0x0000000ca1d00000) (1024K)]
  0x0000011e95659400 JavaThread "LocalFile Deleter"          daemon [_thread_blocked, id=23692, stack(0x0000000ca1d00000,0x0000000ca1e00000) (1024K)]
  0x0000011e95658050 JavaThread "Compiler Source File Reader" daemon [_thread_blocked, id=2108, stack(0x0000000ca1e00000,0x0000000ca1f00000) (1024K)]
  0x0000011e95656610 JavaThread "Compiler Source File Reader" daemon [_thread_blocked, id=18580, stack(0x0000000ca1f00000,0x0000000ca2000000) (1024K)]
=>0x0000011e8d519df0 JavaThread "C2 CompilerThread1"         daemon [_thread_in_native, id=24992, stack(0x0000000ca2000000,0x0000000ca2100000) (1024K)]
  0x0000011e956558f0 JavaThread "Compiler Processing Task"   daemon [_thread_blocked, id=26984, stack(0x0000000ca2100000,0x0000000ca2200000) (1024K)]
  0x0000011e95655260 JavaThread "Compiler Class File Writer" daemon [_thread_blocked, id=15940, stack(0x0000000ca2200000,0x0000000ca2300000) (1024K)]
  0x0000011e95656ca0 JavaThread "Compiler Class File Writer" daemon [_thread_blocked, id=24396, stack(0x0000000ca2300000,0x0000000ca2400000) (1024K)]
  0x0000011e956586e0 JavaThread "Compiler Source File Reader" daemon [_thread_blocked, id=27504, stack(0x0000000ca2400000,0x0000000ca2500000) (1024K)]
  0x0000011e95658d70 JavaThread "Compiler Class File Writer" daemon [_thread_blocked, id=27404, stack(0x0000000ca2500000,0x0000000ca2600000) (1024K)]
  0x0000011e82b74db0 JavaThread "C1 CompilerThread2"         daemon [_thread_blocked, id=18516, stack(0x0000000ca2600000,0x0000000ca2700000) (1024K)]
Total: 67

Other Threads:
  0x0000011e2c3a7c10 VMThread "VM Thread"                           [id=24776, stack(0x0000000c9d800000,0x0000000c9d900000) (1024K)]
  0x0000011e405ccb20 WatcherThread "VM Periodic Task Thread"        [id=27148, stack(0x0000000c9d700000,0x0000000c9d800000) (1024K)]
  0x0000011e2c343f50 WorkerThread "GC Thread#0"                     [id=4600, stack(0x0000000c9d600000,0x0000000c9d700000) (1024K)]
  0x0000011e84a2dcf0 WorkerThread "GC Thread#1"                     [id=27064, stack(0x0000000c9e800000,0x0000000c9e900000) (1024K)]
  0x0000011e890995f0 WorkerThread "GC Thread#2"                     [id=22356, stack(0x0000000c9e900000,0x0000000c9ea00000) (1024K)]
  0x0000011e89099990 WorkerThread "GC Thread#3"                     [id=15760, stack(0x0000000c9ea00000,0x0000000c9eb00000) (1024K)]
  0x0000011e8464a880 WorkerThread "GC Thread#4"                     [id=25248, stack(0x0000000c9eb00000,0x0000000c9ec00000) (1024K)]
  0x0000011e8464ac20 WorkerThread "GC Thread#5"                     [id=25544, stack(0x0000000c9ec00000,0x0000000c9ed00000) (1024K)]
  0x0000011e847f1680 WorkerThread "GC Thread#6"                     [id=7740, stack(0x0000000c9ed00000,0x0000000c9ee00000) (1024K)]
  0x0000011e89291520 WorkerThread "GC Thread#7"                     [id=27212, stack(0x0000000c9f000000,0x0000000c9f100000) (1024K)]
  0x0000011e8928ff60 WorkerThread "GC Thread#8"                     [id=25884, stack(0x0000000c9f400000,0x0000000c9f500000) (1024K)]
  0x0000011e89290300 WorkerThread "GC Thread#9"                     [id=12592, stack(0x0000000c9f500000,0x0000000c9f600000) (1024K)]
  0x0000011e892906a0 WorkerThread "GC Thread#10"                    [id=26852, stack(0x0000000c9f600000,0x0000000c9f700000) (1024K)]
  0x0000011e89290de0 WorkerThread "GC Thread#11"                    [id=20968, stack(0x0000000c9ee00000,0x0000000c9ef00000) (1024K)]
  0x0000011e892a7580 WorkerThread "GC Thread#12"                    [id=23544, stack(0x0000000c9fb00000,0x0000000c9fc00000) (1024K)]
Total: 15

Threads with active compile tasks:
C2 CompilerThread0  16877 10294   !   4       org.eclipse.jdt.internal.compiler.classfmt.ClassFileReader::<init> (2135 bytes)
C2 CompilerThread1  16878 10107   !   4       org.eclipse.jdt.internal.core.search.indexing.BinaryIndexer::indexDocument (1168 bytes)
Total: 2

VM state: not at safepoint (normal execution)

VM Mutex/Monitor currently owned by a thread: None

Heap address: 0x00000000c0000000, size: 1024 MB, Compressed Oops mode: 32-bit

CDS archive(s) mapped at: [0x0000011e41000000-0x0000011e41ba0000-0x0000011e41ba0000), size 12189696, SharedBaseAddress: 0x0000011e41000000, ArchiveRelocationMode: 1.
Compressed class space mapped at: 0x0000011e42000000-0x0000011e82000000, reserved size: 1073741824
Narrow klass base: 0x0000011e41000000, Narrow klass shift: 0, Narrow klass range: 0x100000000

GC Precious Log:
 CardTable entry size: 512
 CPUs: 16 total, 16 available
 Memory: 5996M
 Large Page Support: Disabled
 NUMA Support: Disabled
 Compressed Oops: Enabled (32-bit)
 Alignments: Space 512K, Generation 512K, Heap 2M
 Heap Min Capacity: 100M
 Heap Initial Capacity: 100M
 Heap Max Capacity: 1G
 Pre-touch: Disabled
 Parallel Workers: 13

Heap:
 PSYoungGen      total 3072K, used 2666K [0x00000000eab00000, 0x00000000eaf00000, 0x0000000100000000)
  eden space 2560K, 86% used [0x00000000eab00000,0x00000000ead2aba8,0x00000000ead80000)
  from space 512K, 87% used [0x00000000eae80000,0x00000000eaef0000,0x00000000eaf00000)
  to   space 512K, 0% used [0x00000000eae00000,0x00000000eae00000,0x00000000eae80000)
 ParOldGen       total 421376K, used 181830K [0x00000000c0000000, 0x00000000d9b80000, 0x00000000eab00000)
  object space 421376K, 43% used [0x00000000c0000000,0x00000000cb191a40,0x00000000d9b80000)
 Metaspace       used 58466K, committed 59840K, reserved 1114112K
  class space    used 6026K, committed 6656K, reserved 1048576K

Card table byte_map: [0x0000011e2bcc0000,0x0000011e2bed0000] _byte_map_base: 0x0000011e2b6c0000

Marking Bits: (ParMarkBitMap*) 0x00007ffb1bf131f0
 Begin Bits: [0x0000011e3e4f0000, 0x0000011e3f4f0000)
 End Bits:   [0x0000011e3f4f0000, 0x0000011e404f0000)

Polling page: 0x0000011e2a1f0000

Metaspace:

Usage:
  Non-class:     51.21 MB used.
      Class:      5.89 MB used.
       Both:     57.10 MB used.

Virtual space:
  Non-class space:       64.00 MB reserved,      51.94 MB ( 81%) committed,  1 nodes.
      Class space:        1.00 GB reserved,       6.50 MB ( <1%) committed,  1 nodes.
             Both:        1.06 GB reserved,      58.44 MB (  5%) committed. 

Chunk freelists:
   Non-Class:  11.95 MB
       Class:  9.56 MB
        Both:  21.51 MB

MaxMetaspaceSize: unlimited
CompressedClassSpaceSize: 1.00 GB
Initial GC threshold: 21.00 MB
Current GC threshold: 97.31 MB
CDS: on
 - commit_granule_bytes: 65536.
 - commit_granule_words: 8192.
 - virtual_space_node_default_size: 8388608.
 - enlarge_chunks_in_place: 1.
 - use_allocation_guard: 0.


Internal statistics:

num_allocs_failed_limit: 13.
num_arena_births: 1100.
num_arena_deaths: 14.
num_vsnodes_births: 2.
num_vsnodes_deaths: 0.
num_space_committed: 935.
num_space_uncommitted: 0.
num_chunks_returned_to_freelist: 27.
num_chunks_taken_from_freelist: 3780.
num_chunk_merges: 11.
num_chunk_splits: 2337.
num_chunks_enlarged: 1324.
num_inconsistent_stats: 0.

CodeHeap 'non-profiled nmethods': size=119168Kb used=5991Kb max_used=6100Kb free=113176Kb
 bounds [0x0000011e37090000, 0x0000011e37690000, 0x0000011e3e4f0000]
CodeHeap 'profiled nmethods': size=119104Kb used=20830Kb max_used=21396Kb free=98273Kb
 bounds [0x0000011e2f4f0000, 0x0000011e309e0000, 0x0000011e36940000]
CodeHeap 'non-nmethods': size=7488Kb used=2537Kb max_used=3154Kb free=4950Kb
 bounds [0x0000011e36940000, 0x0000011e36c60000, 0x0000011e37090000]
 total_blobs=10161 nmethods=9438 adapters=627
 compilation: enabled
              stopped_count=0, restarted_count=0
 full_count=0

Compilation events (20 events):
Event: 16.779 Thread 0x0000011e82b74db0 10284   !   3       org.eclipse.core.internal.jobs.JobManager::nextJob (291 bytes)
Event: 16.779 Thread 0x0000011e82b4ad80 10283       3       org.eclipse.core.internal.jobs.JobManager::startJob (89 bytes)
Event: 16.779 Thread 0x0000011e406ea420 10285   !   3       org.eclipse.core.internal.jobs.JobManager::sleepHint (67 bytes)
Event: 16.780 Thread 0x0000011e406ea420 nmethod 10285 0x0000011e2faabf10 code [0x0000011e2faac180, 0x0000011e2faacc50]
Event: 16.780 Thread 0x0000011e82b4ad80 nmethod 10283 0x0000011e2f9cda10 code [0x0000011e2f9cdcc0, 0x0000011e2f9ceb20]
Event: 16.780 Thread 0x0000011e406ea420 10286       3       org.eclipse.core.internal.jobs.JobQueue::isEmpty (18 bytes)
Event: 16.780 Thread 0x0000011e82b4ad80 10287       3       org.eclipse.core.runtime.SubMonitor::consume (134 bytes)
Event: 16.781 Thread 0x0000011e406ea420 nmethod 10286 0x0000011e2f6a3290 code [0x0000011e2f6a3440, 0x0000011e2f6a35d0]
Event: 16.781 Thread 0x0000011e82b4ad80 nmethod 10287 0x0000011e2fb19410 code [0x0000011e2fb195e0, 0x0000011e2fb19a38]
Event: 16.783 Thread 0x0000011e82b74db0 nmethod 10284 0x0000011e2ff85990 code [0x0000011e2ff85e20, 0x0000011e2ff87f58]
Event: 16.785 Thread 0x0000011e82b4ad80 10288       1       org.apache.maven.model.Model::getPackaging (5 bytes)
Event: 16.785 Thread 0x0000011e82b4ad80 nmethod 10288 0x0000011e371dfe90 code [0x0000011e371e0020, 0x0000011e371e00e8]
Event: 16.786 Thread 0x0000011e406ea420 10289       1       org.apache.maven.model.PluginConfiguration::getPluginManagement (5 bytes)
Event: 16.786 Thread 0x0000011e406ea420 nmethod 10289 0x0000011e371dfb90 code [0x0000011e371dfd20, 0x0000011e371dfde8]
Event: 16.787 Thread 0x0000011e82b4ad80 10290       3       org.apache.maven.model.building.DefaultModelBuildingRequest::getSystemProperties (23 bytes)
Event: 16.787 Thread 0x0000011e82b74db0 10291       1       org.apache.maven.model.Repository::getSnapshots (5 bytes)
Event: 16.787 Thread 0x0000011e406ea420 10292       1       org.apache.maven.model.Repository::getReleases (5 bytes)
Event: 16.787 Thread 0x0000011e406ea420 nmethod 10292 0x0000011e371df790 code [0x0000011e371df920, 0x0000011e371df9e8]
Event: 16.787 Thread 0x0000011e82b74db0 nmethod 10291 0x0000011e3723de10 code [0x0000011e3723dfa0, 0x0000011e3723e068]
Event: 16.787 Thread 0x0000011e82b4ad80 nmethod 10290 0x0000011e2f55b410 code [0x0000011e2f55b5c0, 0x0000011e2f55b840]

GC Heap History (20 events):
Event: 16.557 GC heap before
{Heap before GC invocations=308 (full 3):
 PSYoungGen      total 3072K, used 3028K [0x00000000eab00000, 0x00000000eaf00000, 0x0000000100000000)
  eden space 2560K, 99% used [0x00000000eab00000,0x00000000ead7d118,0x00000000ead80000)
  from space 512K, 93% used [0x00000000eae80000,0x00000000eaef8000,0x00000000eaf00000)
  to   space 512K, 0% used [0x00000000eae00000,0x00000000eae00000,0x00000000eae80000)
 ParOldGen       total 421376K, used 174358K [0x00000000c0000000, 0x00000000d9b80000, 0x00000000eab00000)
  object space 421376K, 41% used [0x00000000c0000000,0x00000000caa45918,0x00000000d9b80000)
 Metaspace       used 58426K, committed 59840K, reserved 1114112K
  class space    used 6026K, committed 6656K, reserved 1048576K
}
Event: 16.558 GC heap after
{Heap after GC invocations=308 (full 3):
 PSYoungGen      total 3072K, used 512K [0x00000000eab00000, 0x00000000eaf80000, 0x0000000100000000)
  eden space 2560K, 0% used [0x00000000eab00000,0x00000000eab00000,0x00000000ead80000)
  from space 512K, 100% used [0x00000000eae00000,0x00000000eae80000,0x00000000eae80000)
  to   space 1024K, 0% used [0x00000000eae80000,0x00000000eae80000,0x00000000eaf80000)
 ParOldGen       total 421376K, used 174702K [0x00000000c0000000, 0x00000000d9b80000, 0x00000000eab00000)
  object space 421376K, 41% used [0x00000000c0000000,0x00000000caa9b918,0x00000000d9b80000)
 Metaspace       used 58426K, committed 59840K, reserved 1114112K
  class space    used 6026K, committed 6656K, reserved 1048576K
}
Event: 16.567 GC heap before
{Heap before GC invocations=309 (full 3):
 PSYoungGen      total 3072K, used 3072K [0x00000000eab00000, 0x00000000eaf80000, 0x0000000100000000)
  eden space 2560K, 100% used [0x00000000eab00000,0x00000000ead80000,0x00000000ead80000)
  from space 512K, 100% used [0x00000000eae00000,0x00000000eae80000,0x00000000eae80000)
  to   space 1024K, 0% used [0x00000000eae80000,0x00000000eae80000,0x00000000eaf80000)
 ParOldGen       total 421376K, used 174702K [0x00000000c0000000, 0x00000000d9b80000, 0x00000000eab00000)
  object space 421376K, 41% used [0x00000000c0000000,0x00000000caa9b918,0x00000000d9b80000)
 Metaspace       used 58426K, committed 59840K, reserved 1114112K
  class space    used 6026K, committed 6656K, reserved 1048576K
}
Event: 16.568 GC heap after
{Heap after GC invocations=309 (full 3):
 PSYoungGen      total 3584K, used 576K [0x00000000eab00000, 0x00000000eaf80000, 0x0000000100000000)
  eden space 2560K, 0% used [0x00000000eab00000,0x00000000eab00000,0x00000000ead80000)
  from space 1024K, 56% used [0x00000000eae80000,0x00000000eaf10000,0x00000000eaf80000)
  to   space 1024K, 0% used [0x00000000ead80000,0x00000000ead80000,0x00000000eae80000)
 ParOldGen       total 421376K, used 175054K [0x00000000c0000000, 0x00000000d9b80000, 0x00000000eab00000)
  object space 421376K, 41% used [0x00000000c0000000,0x00000000caaf3918,0x00000000d9b80000)
 Metaspace       used 58426K, committed 59840K, reserved 1114112K
  class space    used 6026K, committed 6656K, reserved 1048576K
}
Event: 16.590 GC heap before
{Heap before GC invocations=310 (full 3):
 PSYoungGen      total 3584K, used 3135K [0x00000000eab00000, 0x00000000eaf80000, 0x0000000100000000)
  eden space 2560K, 99% used [0x00000000eab00000,0x00000000ead7fff0,0x00000000ead80000)
  from space 1024K, 56% used [0x00000000eae80000,0x00000000eaf10000,0x00000000eaf80000)
  to   space 1024K, 0% used [0x00000000ead80000,0x00000000ead80000,0x00000000eae80000)
 ParOldGen       total 421376K, used 175054K [0x00000000c0000000, 0x00000000d9b80000, 0x00000000eab00000)
  object space 421376K, 41% used [0x00000000c0000000,0x00000000caaf3918,0x00000000d9b80000)
 Metaspace       used 58428K, committed 59840K, reserved 1114112K
  class space    used 6026K, committed 6656K, reserved 1048576K
}
Event: 16.591 GC heap after
{Heap after GC invocations=310 (full 3):
 PSYoungGen      total 3584K, used 1020K [0x00000000eab00000, 0x00000000eb180000, 0x0000000100000000)
  eden space 2560K, 0% used [0x00000000eab00000,0x00000000eab00000,0x00000000ead80000)
  from space 1024K, 99% used [0x00000000ead80000,0x00000000eae7f180,0x00000000eae80000)
  to   space 2048K, 0% used [0x00000000eaf80000,0x00000000eaf80000,0x00000000eb180000)
 ParOldGen       total 421376K, used 175763K [0x00000000c0000000, 0x00000000d9b80000, 0x00000000eab00000)
  object space 421376K, 41% used [0x00000000c0000000,0x00000000caba4e68,0x00000000d9b80000)
 Metaspace       used 58428K, committed 59840K, reserved 1114112K
  class space    used 6026K, committed 6656K, reserved 1048576K
}
Event: 16.606 GC heap before
{Heap before GC invocations=311 (full 3):
 PSYoungGen      total 3584K, used 3580K [0x00000000eab00000, 0x00000000eb180000, 0x0000000100000000)
  eden space 2560K, 100% used [0x00000000eab00000,0x00000000ead80000,0x00000000ead80000)
  from space 1024K, 99% used [0x00000000ead80000,0x00000000eae7f180,0x00000000eae80000)
  to   space 2048K, 0% used [0x00000000eaf80000,0x00000000eaf80000,0x00000000eb180000)
 ParOldGen       total 421376K, used 175763K [0x00000000c0000000, 0x00000000d9b80000, 0x00000000eab00000)
  object space 421376K, 41% used [0x00000000c0000000,0x00000000caba4e68,0x00000000d9b80000)
 Metaspace       used 58438K, committed 59840K, reserved 1114112K
  class space    used 6026K, committed 6656K, reserved 1048576K
}
Event: 16.609 GC heap after
{Heap after GC invocations=311 (full 3):
 PSYoungGen      total 4608K, used 1950K [0x00000000eab00000, 0x00000000eb180000, 0x0000000100000000)
  eden space 2560K, 0% used [0x00000000eab00000,0x00000000eab00000,0x00000000ead80000)
  from space 2048K, 95% used [0x00000000eaf80000,0x00000000eb167800,0x00000000eb180000)
  to   space 2048K, 0% used [0x00000000ead80000,0x00000000ead80000,0x00000000eaf80000)
 ParOldGen       total 421376K, used 176345K [0x00000000c0000000, 0x00000000d9b80000, 0x00000000eab00000)
  object space 421376K, 41% used [0x00000000c0000000,0x00000000cac36728,0x00000000d9b80000)
 Metaspace       used 58438K, committed 59840K, reserved 1114112K
  class space    used 6026K, committed 6656K, reserved 1048576K
}
Event: 16.708 GC heap before
{Heap before GC invocations=312 (full 3):
 PSYoungGen      total 4608K, used 4503K [0x00000000eab00000, 0x00000000eb180000, 0x0000000100000000)
  eden space 2560K, 99% used [0x00000000eab00000,0x00000000ead7e5b8,0x00000000ead80000)
  from space 2048K, 95% used [0x00000000eaf80000,0x00000000eb167800,0x00000000eb180000)
  to   space 2048K, 0% used [0x00000000ead80000,0x00000000ead80000,0x00000000eaf80000)
 ParOldGen       total 421376K, used 176345K [0x00000000c0000000, 0x00000000d9b80000, 0x00000000eab00000)
  object space 421376K, 41% used [0x00000000c0000000,0x00000000cac36728,0x00000000d9b80000)
 Metaspace       used 58439K, committed 59840K, reserved 1114112K
  class space    used 6026K, committed 6656K, reserved 1048576K
}
Event: 16.710 GC heap after
{Heap after GC invocations=312 (full 3):
 PSYoungGen      total 3584K, used 854K [0x00000000eab00000, 0x00000000eb080000, 0x0000000100000000)
  eden space 2560K, 0% used [0x00000000eab00000,0x00000000eab00000,0x00000000ead80000)
  from space 1024K, 83% used [0x00000000ead80000,0x00000000eae55ba8,0x00000000eae80000)
  to   space 1536K, 0% used [0x00000000eaf00000,0x00000000eaf00000,0x00000000eb080000)
 ParOldGen       total 421376K, used 177761K [0x00000000c0000000, 0x00000000d9b80000, 0x00000000eab00000)
  object space 421376K, 42% used [0x00000000c0000000,0x00000000cad98460,0x00000000d9b80000)
 Metaspace       used 58439K, committed 59840K, reserved 1114112K
  class space    used 6026K, committed 6656K, reserved 1048576K
}
Event: 16.719 GC heap before
{Heap before GC invocations=313 (full 3):
 PSYoungGen      total 3584K, used 3414K [0x00000000eab00000, 0x00000000eb080000, 0x0000000100000000)
  eden space 2560K, 99% used [0x00000000eab00000,0x00000000ead7ffe0,0x00000000ead80000)
  from space 1024K, 83% used [0x00000000ead80000,0x00000000eae55ba8,0x00000000eae80000)
  to   space 1536K, 0% used [0x00000000eaf00000,0x00000000eaf00000,0x00000000eb080000)
 ParOldGen       total 421376K, used 177761K [0x00000000c0000000, 0x00000000d9b80000, 0x00000000eab00000)
  object space 421376K, 42% used [0x00000000c0000000,0x00000000cad98460,0x00000000d9b80000)
 Metaspace       used 58441K, committed 59840K, reserved 1114112K
  class space    used 6026K, committed 6656K, reserved 1048576K
}
Event: 16.722 GC heap after
{Heap after GC invocations=313 (full 3):
 PSYoungGen      total 3072K, used 448K [0x00000000eab00000, 0x00000000eaf80000, 0x0000000100000000)
  eden space 2560K, 0% used [0x00000000eab00000,0x00000000eab00000,0x00000000ead80000)
  from space 512K, 87% used [0x00000000eaf00000,0x00000000eaf70000,0x00000000eaf80000)
  to   space 1024K, 0% used [0x00000000ead80000,0x00000000ead80000,0x00000000eae80000)
 ParOldGen       total 421376K, used 178482K [0x00000000c0000000, 0x00000000d9b80000, 0x00000000eab00000)
  object space 421376K, 42% used [0x00000000c0000000,0x00000000cae4c808,0x00000000d9b80000)
 Metaspace       used 58441K, committed 59840K, reserved 1114112K
  class space    used 6026K, committed 6656K, reserved 1048576K
}
Event: 16.730 GC heap before
{Heap before GC invocations=314 (full 3):
 PSYoungGen      total 3072K, used 3008K [0x00000000eab00000, 0x00000000eaf80000, 0x0000000100000000)
  eden space 2560K, 100% used [0x00000000eab00000,0x00000000ead80000,0x00000000ead80000)
  from space 512K, 87% used [0x00000000eaf00000,0x00000000eaf70000,0x00000000eaf80000)
  to   space 1024K, 0% used [0x00000000ead80000,0x00000000ead80000,0x00000000eae80000)
 ParOldGen       total 421376K, used 178482K [0x00000000c0000000, 0x00000000d9b80000, 0x00000000eab00000)
  object space 421376K, 42% used [0x00000000c0000000,0x00000000cae4c808,0x00000000d9b80000)
 Metaspace       used 58441K, committed 59840K, reserved 1114112K
  class space    used 6026K, committed 6656K, reserved 1048576K
}
Event: 16.731 GC heap after
{Heap after GC invocations=314 (full 3):
 PSYoungGen      total 3584K, used 512K [0x00000000eab00000, 0x00000000eaf80000, 0x0000000100000000)
  eden space 2560K, 0% used [0x00000000eab00000,0x00000000eab00000,0x00000000ead80000)
  from space 1024K, 50% used [0x00000000ead80000,0x00000000eae00000,0x00000000eae80000)
  to   space 1024K, 0% used [0x00000000eae80000,0x00000000eae80000,0x00000000eaf80000)
 ParOldGen       total 421376K, used 178829K [0x00000000c0000000, 0x00000000d9b80000, 0x00000000eab00000)
  object space 421376K, 42% used [0x00000000c0000000,0x00000000caea3410,0x00000000d9b80000)
 Metaspace       used 58441K, committed 59840K, reserved 1114112K
  class space    used 6026K, committed 6656K, reserved 1048576K
}
Event: 16.741 GC heap before
{Heap before GC invocations=315 (full 3):
 PSYoungGen      total 3584K, used 3058K [0x00000000eab00000, 0x00000000eaf80000, 0x0000000100000000)
  eden space 2560K, 99% used [0x00000000eab00000,0x00000000ead7c950,0x00000000ead80000)
  from space 1024K, 50% used [0x00000000ead80000,0x00000000eae00000,0x00000000eae80000)
  to   space 1024K, 0% used [0x00000000eae80000,0x00000000eae80000,0x00000000eaf80000)
 ParOldGen       total 421376K, used 178829K [0x00000000c0000000, 0x00000000d9b80000, 0x00000000eab00000)
  object space 421376K, 42% used [0x00000000c0000000,0x00000000caea3410,0x00000000d9b80000)
 Metaspace       used 58441K, committed 59840K, reserved 1114112K
  class space    used 6026K, committed 6656K, reserved 1048576K
}
Event: 16.742 GC heap after
{Heap after GC invocations=315 (full 3):
 PSYoungGen      total 3072K, used 480K [0x00000000eab00000, 0x00000000eaf00000, 0x0000000100000000)
  eden space 2560K, 0% used [0x00000000eab00000,0x00000000eab00000,0x00000000ead80000)
  from space 512K, 93% used [0x00000000eae80000,0x00000000eaef8000,0x00000000eaf00000)
  to   space 512K, 0% used [0x00000000eae00000,0x00000000eae00000,0x00000000eae80000)
 ParOldGen       total 421376K, used 179133K [0x00000000c0000000, 0x00000000d9b80000, 0x00000000eab00000)
  object space 421376K, 42% used [0x00000000c0000000,0x00000000caeef410,0x00000000d9b80000)
 Metaspace       used 58441K, committed 59840K, reserved 1114112K
  class space    used 6026K, committed 6656K, reserved 1048576K
}
Event: 16.797 GC heap before
{Heap before GC invocations=316 (full 3):
 PSYoungGen      total 3072K, used 3040K [0x00000000eab00000, 0x00000000eaf00000, 0x0000000100000000)
  eden space 2560K, 100% used [0x00000000eab00000,0x00000000ead80000,0x00000000ead80000)
  from space 512K, 93% used [0x00000000eae80000,0x00000000eaef8000,0x00000000eaf00000)
  to   space 512K, 0% used [0x00000000eae00000,0x00000000eae00000,0x00000000eae80000)
 ParOldGen       total 421376K, used 179133K [0x00000000c0000000, 0x00000000d9b80000, 0x00000000eab00000)
  object space 421376K, 42% used [0x00000000c0000000,0x00000000caeef410,0x00000000d9b80000)
 Metaspace       used 58460K, committed 59840K, reserved 1114112K
  class space    used 6026K, committed 6656K, reserved 1048576K
}
Event: 16.798 GC heap after
{Heap after GC invocations=316 (full 3):
 PSYoungGen      total 3072K, used 498K [0x00000000eab00000, 0x00000000eaf00000, 0x0000000100000000)
  eden space 2560K, 0% used [0x00000000eab00000,0x00000000eab00000,0x00000000ead80000)
  from space 512K, 97% used [0x00000000eae00000,0x00000000eae7c928,0x00000000eae80000)
  to   space 512K, 0% used [0x00000000eae80000,0x00000000eae80000,0x00000000eaf00000)
 ParOldGen       total 421376K, used 179469K [0x00000000c0000000, 0x00000000d9b80000, 0x00000000eab00000)
  object space 421376K, 42% used [0x00000000c0000000,0x00000000caf43410,0x00000000d9b80000)
 Metaspace       used 58460K, committed 59840K, reserved 1114112K
  class space    used 6026K, committed 6656K, reserved 1048576K
}
Event: 16.807 GC heap before
{Heap before GC invocations=317 (full 3):
 PSYoungGen      total 3072K, used 3058K [0x00000000eab00000, 0x00000000eaf00000, 0x0000000100000000)
  eden space 2560K, 100% used [0x00000000eab00000,0x00000000ead80000,0x00000000ead80000)
  from space 512K, 97% used [0x00000000eae00000,0x00000000eae7c928,0x00000000eae80000)
  to   space 512K, 0% used [0x00000000eae80000,0x00000000eae80000,0x00000000eaf00000)
 ParOldGen       total 421376K, used 179469K [0x00000000c0000000, 0x00000000d9b80000, 0x00000000eab00000)
  object space 421376K, 42% used [0x00000000c0000000,0x00000000caf43410,0x00000000d9b80000)
 Metaspace       used 58460K, committed 59840K, reserved 1114112K
  class space    used 6026K, committed 6656K, reserved 1048576K
}
Event: 16.808 GC heap after
{Heap after GC invocations=317 (full 3):
 PSYoungGen      total 3072K, used 480K [0x00000000eab00000, 0x00000000eaf00000, 0x0000000100000000)
  eden space 2560K, 0% used [0x00000000eab00000,0x00000000eab00000,0x00000000ead80000)
  from space 512K, 93% used [0x00000000eae80000,0x00000000eaef8000,0x00000000eaf00000)
  to   space 512K, 0% used [0x00000000eae00000,0x00000000eae00000,0x00000000eae80000)
 ParOldGen       total 421376K, used 179837K [0x00000000c0000000, 0x00000000d9b80000, 0x00000000eab00000)
  object space 421376K, 42% used [0x00000000c0000000,0x00000000caf9f630,0x00000000d9b80000)
 Metaspace       used 58460K, committed 59840K, reserved 1114112K
  class space    used 6026K, committed 6656K, reserved 1048576K
}

Dll operation events (10 events):
Event: 0.011 Loaded shared library c:\Users\tanma\.vscode\extensions\redhat.java-1.42.0-win32-x64\jre\21.0.7-win32-x86_64\bin\java.dll
Event: 0.089 Loaded shared library c:\Users\tanma\.vscode\extensions\redhat.java-1.42.0-win32-x64\jre\21.0.7-win32-x86_64\bin\zip.dll
Event: 0.112 Loaded shared library C:\Users\tanma\.vscode\extensions\redhat.java-1.42.0-win32-x64\jre\21.0.7-win32-x86_64\bin\instrument.dll
Event: 0.118 Loaded shared library C:\Users\tanma\.vscode\extensions\redhat.java-1.42.0-win32-x64\jre\21.0.7-win32-x86_64\bin\net.dll
Event: 0.121 Loaded shared library C:\Users\tanma\.vscode\extensions\redhat.java-1.42.0-win32-x64\jre\21.0.7-win32-x86_64\bin\nio.dll
Event: 0.125 Loaded shared library C:\Users\tanma\.vscode\extensions\redhat.java-1.42.0-win32-x64\jre\21.0.7-win32-x86_64\bin\zip.dll
Event: 0.144 Loaded shared library C:\Users\tanma\.vscode\extensions\redhat.java-1.42.0-win32-x64\jre\21.0.7-win32-x86_64\bin\jimage.dll
Event: 0.227 Loaded shared library c:\Users\tanma\.vscode\extensions\redhat.java-1.42.0-win32-x64\jre\21.0.7-win32-x86_64\bin\verify.dll
Event: 1.376 Loaded shared library C:\Users\tanma\AppData\Roaming\Code\User\globalStorage\redhat.java\1.42.0\config_win\org.eclipse.equinox.launcher\org.eclipse.equinox.launcher.win32.win32.x86_64_1.2.1300.v20250331-1702\eclipse_11911.dll
Event: 2.766 Loaded shared library C:\Users\tanma\AppData\Local\Temp\jna-110127349\jna782560719646941636.dll

Deoptimization events (20 events):
Event: 16.540 Thread 0x0000011e89b65e90 DEOPT PACKING pc=0x0000011e309c46aa sp=0x0000000c9fffeb50
Event: 16.540 Thread 0x0000011e89b65e90 DEOPT UNPACKING pc=0x0000011e36994242 sp=0x0000000c9fffe0d8 mode 0
Event: 16.559 Thread 0x0000011e89b65e90 DEOPT PACKING pc=0x0000011e309c46aa sp=0x0000000c9fffeb50
Event: 16.559 Thread 0x0000011e89b65e90 DEOPT UNPACKING pc=0x0000011e36994242 sp=0x0000000c9fffe0d8 mode 0
Event: 16.595 Thread 0x0000011e89b64ae0 Uncommon trap: trap_request=0xffffff45 fr.pc=0x0000011e3763424c relative=0x000000000000018c
Event: 16.595 Thread 0x0000011e89b64ae0 Uncommon trap: reason=unstable_if action=reinterpret pc=0x0000011e3763424c method=java.util.regex.Pattern$GroupTail.match(Ljava/util/regex/Matcher;ILjava/lang/CharSequence;)Z @ 73 c2
Event: 16.595 Thread 0x0000011e89b64ae0 DEOPT PACKING pc=0x0000011e3763424c sp=0x0000000c9fdfd1d0
Event: 16.595 Thread 0x0000011e89b64ae0 DEOPT UNPACKING pc=0x0000011e36993aa2 sp=0x0000000c9fdfd178 mode 2
Event: 16.598 Thread 0x0000011e89b64ae0 Uncommon trap: trap_request=0xffffff45 fr.pc=0x0000011e3722c07c relative=0x00000000000001dc
Event: 16.598 Thread 0x0000011e89b64ae0 Uncommon trap: reason=unstable_if action=reinterpret pc=0x0000011e3722c07c method=java.lang.String.indexOf(Ljava/lang/String;)I @ 10 c2
Event: 16.598 Thread 0x0000011e89b64ae0 DEOPT PACKING pc=0x0000011e3722c07c sp=0x0000000c9fdfd5e0
Event: 16.598 Thread 0x0000011e89b64ae0 DEOPT UNPACKING pc=0x0000011e36993aa2 sp=0x0000000c9fdfd570 mode 2
Event: 16.723 Thread 0x0000011e89b65e90 DEOPT PACKING pc=0x0000011e309c46aa sp=0x0000000c9fffeb50
Event: 16.723 Thread 0x0000011e89b65e90 DEOPT UNPACKING pc=0x0000011e36994242 sp=0x0000000c9fffe0d8 mode 0
Event: 16.736 Thread 0x0000011e89b65e90 DEOPT PACKING pc=0x0000011e309c46aa sp=0x0000000c9fffeb50
Event: 16.736 Thread 0x0000011e89b65e90 DEOPT UNPACKING pc=0x0000011e36994242 sp=0x0000000c9fffe0d8 mode 0
Event: 16.797 Thread 0x0000011e89b65e90 DEOPT PACKING pc=0x0000011e309c46aa sp=0x0000000c9fffeb50
Event: 16.797 Thread 0x0000011e89b65e90 DEOPT UNPACKING pc=0x0000011e36994242 sp=0x0000000c9fffe0d8 mode 0
Event: 16.812 Thread 0x0000011e89b65e90 DEOPT PACKING pc=0x0000011e309c46aa sp=0x0000000c9fffeb50
Event: 16.812 Thread 0x0000011e89b65e90 DEOPT UNPACKING pc=0x0000011e36994242 sp=0x0000000c9fffe0d8 mode 0

Classes loaded (20 events):
Event: 12.588 Loading class java/util/stream/ReduceOps$4
Event: 12.589 Loading class java/util/stream/ReduceOps$4 done
Event: 12.589 Loading class java/util/stream/ReduceOps$4ReducingSink
Event: 12.590 Loading class java/util/stream/ReduceOps$4ReducingSink done
Event: 12.594 Loading class java/nio/file/Files$2
Event: 12.594 Loading class java/nio/file/Files$2 done
Event: 13.064 Loading class jdk/internal/module/IllegalAccessLogger
Event: 13.064 Loading class jdk/internal/module/IllegalAccessLogger done
Event: 13.091 Loading class java/util/concurrent/ArrayBlockingQueue
Event: 13.092 Loading class java/util/concurrent/ArrayBlockingQueue done
Event: 13.567 Loading class java/util/Hashtable$ValueCollection
Event: 13.567 Loading class java/util/Hashtable$ValueCollection done
Event: 13.576 Loading class java/util/concurrent/ConcurrentHashMap$KeySpliterator
Event: 13.576 Loading class java/util/concurrent/ConcurrentHashMap$KeySpliterator done
Event: 13.585 Loading class sun/nio/ch/ChannelOutputStream
Event: 13.585 Loading class sun/nio/ch/ChannelOutputStream done
Event: 13.810 Loading class jdk/internal/module/IllegalAccessLogger
Event: 13.810 Loading class jdk/internal/module/IllegalAccessLogger done
Event: 15.044 Loading class sun/nio/fs/WindowsFileCopy
Event: 15.045 Loading class sun/nio/fs/WindowsFileCopy done

Classes unloaded (7 events):
Event: 3.329 Thread 0x0000011e2c3a7c10 Unloading class 0x0000011e421a3c00 'java/lang/invoke/LambdaForm$MH+0x0000011e421a3c00'
Event: 3.329 Thread 0x0000011e2c3a7c10 Unloading class 0x0000011e421a3800 'java/lang/invoke/LambdaForm$MH+0x0000011e421a3800'
Event: 3.329 Thread 0x0000011e2c3a7c10 Unloading class 0x0000011e421a3400 'java/lang/invoke/LambdaForm$MH+0x0000011e421a3400'
Event: 3.329 Thread 0x0000011e2c3a7c10 Unloading class 0x0000011e421a3000 'java/lang/invoke/LambdaForm$MH+0x0000011e421a3000'
Event: 3.329 Thread 0x0000011e2c3a7c10 Unloading class 0x0000011e421a2c00 'java/lang/invoke/LambdaForm$BMH+0x0000011e421a2c00'
Event: 3.329 Thread 0x0000011e2c3a7c10 Unloading class 0x0000011e421a2800 'java/lang/invoke/LambdaForm$DMH+0x0000011e421a2800'
Event: 3.329 Thread 0x0000011e2c3a7c10 Unloading class 0x0000011e421a1400 'java/lang/invoke/LambdaForm$DMH+0x0000011e421a1400'

Classes redefined (0 events):
No events

Internal exceptions (20 events):
Event: 11.446 Thread 0x0000011e89b64ae0 Exception <a 'sun/nio/fs/WindowsException'{0x00000000eaf53750}> (0x00000000eaf53750) 
thrown [s\src\hotspot\share\prims\jni.cpp, line 520]
Event: 11.446 Thread 0x0000011e8bba7750 Exception <a 'sun/nio/fs/WindowsException'{0x00000000ead5d9b8}> (0x00000000ead5d9b8) 
thrown [s\src\hotspot\share\prims\jni.cpp, line 520]
Event: 11.497 Thread 0x0000011e89b64ae0 Implicit null exception at 0x0000011e374c22bc to 0x0000011e374c249c
Event: 12.598 Thread 0x0000011e89b64ae0 Exception <a 'java/lang/NoSuchMethodError'{0x00000000eb3989f8}: 'int java.lang.invoke.DirectMethodHandle$Holder.invokeSpecialIFC(java.lang.Object, java.lang.Object, java.lang.Object)'> (0x00000000eb3989f8) 
thrown [s\src\hotspot\share\interpreter\linkResolver.cpp, line 773]
Event: 13.514 Thread 0x0000011e956558f0 Exception <a 'java/lang/NoSuchMethodError'{0x00000000ead282f0}: 'void java.lang.invoke.DirectMethodHandle$Holder.invokeStatic(java.lang.Object, int, java.lang.Object)'> (0x00000000ead282f0) 
thrown [s\src\hotspot\share\interpreter\linkResolver.cpp, line 773]
Event: 13.580 Thread 0x0000011e89b64ae0 Exception <a 'java/lang/NoSuchMethodError'{0x00000000eade51a8}: 'java.lang.Object java.lang.invoke.DirectMethodHandle$Holder.newInvokeSpecial(java.lang.Object, java.lang.Object, int, int, java.lang.Object)'> (0x00000000eade51a8) 
thrown [s\src\hotspot\share\interpreter\linkResolver.cpp, line 773]
Event: 13.657 Thread 0x0000011e89b64ae0 Exception <a 'sun/nio/fs/WindowsException'{0x00000000ead97b40}> (0x00000000ead97b40) 
thrown [s\src\hotspot\share\prims\jni.cpp, line 520]
Event: 13.658 Thread 0x0000011e8bba7750 Exception <a 'sun/nio/fs/WindowsException'{0x00000000eadaaf90}> (0x00000000eadaaf90) 
thrown [s\src\hotspot\share\prims\jni.cpp, line 520]
Event: 13.659 Thread 0x0000011e8bba7750 Exception <a 'sun/nio/fs/WindowsException'{0x00000000eadac008}> (0x00000000eadac008) 
thrown [s\src\hotspot\share\prims\jni.cpp, line 520]
Event: 13.847 Thread 0x0000011e89b64ae0 Exception <a 'sun/nio/fs/WindowsException'{0x00000000eac78ce8}> (0x00000000eac78ce8) 
thrown [s\src\hotspot\share\prims\jni.cpp, line 520]
Event: 13.848 Thread 0x0000011e89b64ae0 Exception <a 'sun/nio/fs/WindowsException'{0x00000000eac793c0}> (0x00000000eac793c0) 
thrown [s\src\hotspot\share\prims\jni.cpp, line 520]
Event: 14.672 Thread 0x0000011e89b64ae0 Exception <a 'java/lang/NoSuchMethodError'{0x00000000eac32128}: 'void java.lang.invoke.DirectMethodHandle$Holder.invokeStatic(java.lang.Object, java.lang.Object, java.lang.Object, int)'> (0x00000000eac32128) 
thrown [s\src\hotspot\share\interpreter\linkResolver.cpp, line 773]
Event: 14.687 Thread 0x0000011e89b64ae0 Exception <a 'java/lang/NoSuchMethodError'{0x00000000eac81ae0}: 'void java.lang.invoke.DirectMethodHandle$Holder.invokeVirtual(java.lang.Object, java.lang.Object, int)'> (0x00000000eac81ae0) 
thrown [s\src\hotspot\share\interpreter\linkResolver.cpp, line 773]
Event: 15.045 Thread 0x0000011e89b65e90 Exception <a 'sun/nio/fs/WindowsException'{0x00000000eac775f0}> (0x00000000eac775f0) 
thrown [s\src\hotspot\share\prims\jni.cpp, line 520]
Event: 15.100 Thread 0x0000011e89b65e90 Exception <a 'sun/nio/fs/WindowsException'{0x00000000eacd7310}> (0x00000000eacd7310) 
thrown [s\src\hotspot\share\prims\jni.cpp, line 520]
Event: 15.124 Thread 0x0000011e89b65e90 Exception <a 'sun/nio/fs/WindowsException'{0x00000000eab01560}> (0x00000000eab01560) 
thrown [s\src\hotspot\share\prims\jni.cpp, line 520]
Event: 15.626 Thread 0x0000011e89b65e90 Exception <a 'sun/nio/fs/WindowsException'{0x00000000eaba9158}> (0x00000000eaba9158) 
thrown [s\src\hotspot\share\prims\jni.cpp, line 520]
Event: 16.659 Thread 0x0000011e89b65e90 Exception <a 'sun/nio/fs/WindowsException'{0x00000000eab8b570}> (0x00000000eab8b570) 
thrown [s\src\hotspot\share\prims\jni.cpp, line 520]
Event: 16.687 Thread 0x0000011e89b65e90 Exception <a 'sun/nio/fs/WindowsException'{0x00000000eac23aa8}> (0x00000000eac23aa8) 
thrown [s\src\hotspot\share\prims\jni.cpp, line 520]
Event: 16.778 Thread 0x0000011e89b65e90 Exception <a 'sun/nio/fs/WindowsException'{0x00000000eabf9170}> (0x00000000eabf9170) 
thrown [s\src\hotspot\share\prims\jni.cpp, line 520]

ZGC Phase Switch (0 events):
No events

VM Operations (20 events):
Event: 16.557 Executing VM operation: ParallelGCFailedAllocation (Allocation Failure)
Event: 16.558 Executing VM operation: ParallelGCFailedAllocation (Allocation Failure) done
Event: 16.566 Executing VM operation: ParallelGCFailedAllocation (Allocation Failure)
Event: 16.568 Executing VM operation: ParallelGCFailedAllocation (Allocation Failure) done
Event: 16.589 Executing VM operation: ParallelGCFailedAllocation (Allocation Failure)
Event: 16.591 Executing VM operation: ParallelGCFailedAllocation (Allocation Failure) done
Event: 16.606 Executing VM operation: ParallelGCFailedAllocation (Allocation Failure)
Event: 16.609 Executing VM operation: ParallelGCFailedAllocation (Allocation Failure) done
Event: 16.708 Executing VM operation: ParallelGCFailedAllocation (Allocation Failure)
Event: 16.710 Executing VM operation: ParallelGCFailedAllocation (Allocation Failure) done
Event: 16.719 Executing VM operation: ParallelGCFailedAllocation (Allocation Failure)
Event: 16.722 Executing VM operation: ParallelGCFailedAllocation (Allocation Failure) done
Event: 16.730 Executing VM operation: ParallelGCFailedAllocation (Allocation Failure)
Event: 16.731 Executing VM operation: ParallelGCFailedAllocation (Allocation Failure) done
Event: 16.741 Executing VM operation: ParallelGCFailedAllocation (Allocation Failure)
Event: 16.742 Executing VM operation: ParallelGCFailedAllocation (Allocation Failure) done
Event: 16.797 Executing VM operation: ParallelGCFailedAllocation (Allocation Failure)
Event: 16.799 Executing VM operation: ParallelGCFailedAllocation (Allocation Failure) done
Event: 16.807 Executing VM operation: ParallelGCFailedAllocation (Allocation Failure)
Event: 16.808 Executing VM operation: ParallelGCFailedAllocation (Allocation Failure) done

Memory protections (0 events):
No events

Nmethod flushes (20 events):
Event: 16.207 Thread 0x0000011e2c3a7c10 flushing  nmethod 0x0000011e2fe51f10
Event: 16.207 Thread 0x0000011e2c3a7c10 flushing  nmethod 0x0000011e2fe53410
Event: 16.207 Thread 0x0000011e2c3a7c10 flushing osr nmethod 0x0000011e2fe76590
Event: 16.207 Thread 0x0000011e2c3a7c10 flushing osr nmethod 0x0000011e2fe79d10
Event: 16.207 Thread 0x0000011e2c3a7c10 flushing osr nmethod 0x0000011e2fea7d10
Event: 16.207 Thread 0x0000011e2c3a7c10 flushing  nmethod 0x0000011e2fed5a10
Event: 16.207 Thread 0x0000011e2c3a7c10 flushing  nmethod 0x0000011e2feeb510
Event: 16.207 Thread 0x0000011e2c3a7c10 flushing  nmethod 0x0000011e2fef6010
Event: 16.207 Thread 0x0000011e2c3a7c10 flushing  nmethod 0x0000011e2fef6e90
Event: 16.207 Thread 0x0000011e2c3a7c10 flushing  nmethod 0x0000011e2ff10c90
Event: 16.207 Thread 0x0000011e2c3a7c10 flushing  nmethod 0x0000011e2ff13410
Event: 16.207 Thread 0x0000011e2c3a7c10 flushing  nmethod 0x0000011e2ff13a10
Event: 16.207 Thread 0x0000011e2c3a7c10 flushing  nmethod 0x0000011e2ff14110
Event: 16.207 Thread 0x0000011e2c3a7c10 flushing  nmethod 0x0000011e2ff14990
Event: 16.207 Thread 0x0000011e2c3a7c10 flushing  nmethod 0x0000011e2ff16990
Event: 16.207 Thread 0x0000011e2c3a7c10 flushing  nmethod 0x0000011e2ff56110
Event: 16.207 Thread 0x0000011e2c3a7c10 flushing  nmethod 0x0000011e2ff85690
Event: 16.207 Thread 0x0000011e2c3a7c10 flushing  nmethod 0x0000011e2ff92810
Event: 16.207 Thread 0x0000011e2c3a7c10 flushing  nmethod 0x0000011e2ff9c390
Event: 16.207 Thread 0x0000011e2c3a7c10 flushing  nmethod 0x0000011e2ffc0690

Events (20 events):
Event: 11.424 Thread 0x0000011e89b64ae0 Thread added: 0x0000011e8bba7750
Event: 11.429 Thread 0x0000011e8bba7750 Thread added: 0x0000011e8bba63a0
Event: 11.429 Thread 0x0000011e8bba7750 Thread added: 0x0000011e8bba7de0
Event: 11.438 Thread 0x0000011e8bba7de0 Thread added: 0x0000011e8bba2890
Event: 11.439 Thread 0x0000011e8bba63a0 Thread added: 0x0000011e8bba2f20
Event: 11.440 Thread 0x0000011e8bba63a0 Thread added: 0x0000011e95651de0
Event: 11.440 Thread 0x0000011e8bba2890 Thread added: 0x0000011e95657330
Event: 11.440 Thread 0x0000011e8bba2f20 Thread added: 0x0000011e95655f80
Event: 11.441 Thread 0x0000011e95651de0 Thread added: 0x0000011e95654bd0
Event: 11.452 Thread 0x0000011e8bba7750 Thread added: 0x0000011e956579c0
Event: 11.452 Thread 0x0000011e95655f80 Thread added: 0x0000011e95659400
Event: 11.512 Thread 0x0000011e89b64ae0 Thread added: 0x0000011e95658050
Event: 11.512 Thread 0x0000011e89b64ae0 Thread added: 0x0000011e95656610
Event: 12.256 Thread 0x0000011e82b4ad80 Thread added: 0x0000011e8d519df0
Event: 13.093 Thread 0x0000011e89b64ae0 Thread added: 0x0000011e956558f0
Event: 13.582 Thread 0x0000011e89b64ae0 Thread added: 0x0000011e95655260
Event: 13.590 Thread 0x0000011e89b64ae0 Thread added: 0x0000011e95656ca0
Event: 13.669 Thread 0x0000011e89b64ae0 Thread added: 0x0000011e956586e0
Event: 13.822 Thread 0x0000011e89b64ae0 Thread added: 0x0000011e95658d70
Event: 15.339 Thread 0x0000011e82b4ad80 Thread added: 0x0000011e82b74db0


Dynamic libraries:
0x00007ff77eb30000 - 0x00007ff77eb3e000 	c:\Users\tanma\.vscode\extensions\redhat.java-1.42.0-win32-x64\jre\21.0.7-win32-x86_64\bin\java.exe
0x00007ffbe9910000 - 0x00007ffbe9b27000 	C:\WINDOWS\SYSTEM32\ntdll.dll
0x00007ffbe83d0000 - 0x00007ffbe8494000 	C:\WINDOWS\System32\KERNEL32.DLL
0x00007ffbe6ba0000 - 0x00007ffbe6f73000 	C:\WINDOWS\System32\KERNELBASE.dll
0x000000005eee0000 - 0x000000005f212000 	C:\Program Files\Norton Security\NortonData\22.22.4.13\Definitions\IPSDefs\20231213.064\IPSEng64.dll
0x00007ffbe8300000 - 0x00007ffbe83b1000 	C:\WINDOWS\System32\ADVAPI32.dll
0x00007ffbe7e60000 - 0x00007ffbe7f07000 	C:\WINDOWS\System32\msvcrt.dll
0x00007ffbe7960000 - 0x00007ffbe7a07000 	C:\WINDOWS\System32\sechost.dll
0x00007ffbe74b0000 - 0x00007ffbe74d8000 	C:\WINDOWS\System32\bcrypt.dll
0x00007ffbe7840000 - 0x00007ffbe7954000 	C:\WINDOWS\System32\RPCRT4.dll
0x00007ffbe7c90000 - 0x00007ffbe7c98000 	C:\WINDOWS\System32\PSAPI.DLL
0x00007ffbe6f80000 - 0x00007ffbe7091000 	C:\WINDOWS\System32\ucrtbase.dll
0x00007ffbe0b10000 - 0x00007ffbe0b28000 	c:\Users\tanma\.vscode\extensions\redhat.java-1.42.0-win32-x64\jre\21.0.7-win32-x86_64\bin\jli.dll
0x00007ffbe0ae0000 - 0x00007ffbe0afe000 	c:\Users\tanma\.vscode\extensions\redhat.java-1.42.0-win32-x64\jre\21.0.7-win32-x86_64\bin\VCRUNTIME140.dll
0x00007ffbe7610000 - 0x00007ffbe77c1000 	C:\WINDOWS\System32\USER32.dll
0x00007ffbe7480000 - 0x00007ffbe74a6000 	C:\WINDOWS\System32\win32u.dll
0x00007ffbd6440000 - 0x00007ffbd66db000 	C:\WINDOWS\WinSxS\amd64_microsoft.windows.common-controls_6595b64144ccf1df_6.0.22621.5262_none_2712bde373830908\COMCTL32.dll
0x00007ffbe7bd0000 - 0x00007ffbe7bf9000 	C:\WINDOWS\System32\GDI32.dll
0x00007ffbe7210000 - 0x00007ffbe7332000 	C:\WINDOWS\System32\gdi32full.dll
0x00007ffbe6b00000 - 0x00007ffbe6b9a000 	C:\WINDOWS\System32\msvcp_win.dll
0x00007ffbe7ca0000 - 0x00007ffbe7cd1000 	C:\WINDOWS\System32\IMM32.DLL
0x00007ffbe0ad0000 - 0x00007ffbe0adc000 	c:\Users\tanma\.vscode\extensions\redhat.java-1.42.0-win32-x64\jre\21.0.7-win32-x86_64\bin\vcruntime140_1.dll
0x00007ffbd3960000 - 0x00007ffbd39ed000 	c:\Users\tanma\.vscode\extensions\redhat.java-1.42.0-win32-x64\jre\21.0.7-win32-x86_64\bin\msvcp140.dll
0x00007ffb1b260000 - 0x00007ffb1bff0000 	c:\Users\tanma\.vscode\extensions\redhat.java-1.42.0-win32-x64\jre\21.0.7-win32-x86_64\bin\server\jvm.dll
0x00007ffbe80b0000 - 0x00007ffbe8121000 	C:\WINDOWS\System32\WS2_32.dll
0x00007ffbe68d0000 - 0x00007ffbe691d000 	C:\WINDOWS\SYSTEM32\POWRPROF.dll
0x00007ffbe2620000 - 0x00007ffbe2654000 	C:\WINDOWS\SYSTEM32\WINMM.dll
0x00007ffbdfce0000 - 0x00007ffbdfcea000 	C:\WINDOWS\SYSTEM32\VERSION.dll
0x00007ffbe68b0000 - 0x00007ffbe68c3000 	C:\WINDOWS\SYSTEM32\UMPDC.dll
0x00007ffbe5a00000 - 0x00007ffbe5a18000 	C:\WINDOWS\SYSTEM32\kernel.appcore.dll
0x00007ffbe0a90000 - 0x00007ffbe0a9a000 	c:\Users\tanma\.vscode\extensions\redhat.java-1.42.0-win32-x64\jre\21.0.7-win32-x86_64\bin\jimage.dll
0x00007ffbe4690000 - 0x00007ffbe48c2000 	C:\WINDOWS\SYSTEM32\DBGHELP.DLL
0x00007ffbe9420000 - 0x00007ffbe97b3000 	C:\WINDOWS\System32\combase.dll
0x00007ffbe8d40000 - 0x00007ffbe8e17000 	C:\WINDOWS\System32\OLEAUT32.dll
0x00007ffbd85f0000 - 0x00007ffbd8622000 	C:\WINDOWS\SYSTEM32\dbgcore.DLL
0x00007ffbe6a00000 - 0x00007ffbe6a7b000 	C:\WINDOWS\System32\bcryptPrimitives.dll
0x00007ffbe0a80000 - 0x00007ffbe0a8f000 	c:\Users\tanma\.vscode\extensions\redhat.java-1.42.0-win32-x64\jre\21.0.7-win32-x86_64\bin\instrument.dll
0x00007ffbe0a50000 - 0x00007ffbe0a6f000 	c:\Users\tanma\.vscode\extensions\redhat.java-1.42.0-win32-x64\jre\21.0.7-win32-x86_64\bin\java.dll
0x00007ffbe84a0000 - 0x00007ffbe8d3d000 	C:\WINDOWS\System32\SHELL32.dll
0x00007ffbe7340000 - 0x00007ffbe747f000 	C:\WINDOWS\System32\wintypes.dll
0x00007ffbe48f0000 - 0x00007ffbe520d000 	C:\WINDOWS\SYSTEM32\windows.storage.dll
0x00007ffbe7f10000 - 0x00007ffbe801b000 	C:\WINDOWS\System32\SHCORE.dll
0x00007ffbe7ce0000 - 0x00007ffbe7d46000 	C:\WINDOWS\System32\shlwapi.dll
0x00007ffbe6930000 - 0x00007ffbe695b000 	C:\WINDOWS\SYSTEM32\profapi.dll
0x00007ffbe0a30000 - 0x00007ffbe0a48000 	c:\Users\tanma\.vscode\extensions\redhat.java-1.42.0-win32-x64\jre\21.0.7-win32-x86_64\bin\zip.dll
0x00007ffbe0a20000 - 0x00007ffbe0a30000 	C:\Users\tanma\.vscode\extensions\redhat.java-1.42.0-win32-x64\jre\21.0.7-win32-x86_64\bin\net.dll
0x00007ffbe2420000 - 0x00007ffbe254c000 	C:\WINDOWS\SYSTEM32\WINHTTP.dll
0x00007ffbe5e70000 - 0x00007ffbe5eda000 	C:\WINDOWS\system32\mswsock.dll
0x00007ffbd5310000 - 0x00007ffbd5326000 	C:\Users\tanma\.vscode\extensions\redhat.java-1.42.0-win32-x64\jre\21.0.7-win32-x86_64\bin\nio.dll
0x00007ffbdffa0000 - 0x00007ffbdffb0000 	c:\Users\tanma\.vscode\extensions\redhat.java-1.42.0-win32-x64\jre\21.0.7-win32-x86_64\bin\verify.dll
0x00007ffbd38c0000 - 0x00007ffbd3905000 	C:\Users\tanma\AppData\Roaming\Code\User\globalStorage\redhat.java\1.42.0\config_win\org.eclipse.equinox.launcher\org.eclipse.equinox.launcher.win32.win32.x86_64_1.2.1300.v20250331-1702\eclipse_11911.dll
0x00007ffbe7a20000 - 0x00007ffbe7bc1000 	C:\WINDOWS\System32\ole32.dll
0x00007ffbe6110000 - 0x00007ffbe612b000 	C:\WINDOWS\SYSTEM32\CRYPTSP.dll
0x00007ffbe5960000 - 0x00007ffbe5997000 	C:\WINDOWS\system32\rsaenh.dll
0x00007ffbe5f10000 - 0x00007ffbe5f38000 	C:\WINDOWS\SYSTEM32\USERENV.dll
0x00007ffbe6070000 - 0x00007ffbe607c000 	C:\WINDOWS\SYSTEM32\CRYPTBASE.dll
0x00007ffbe5470000 - 0x00007ffbe549d000 	C:\WINDOWS\SYSTEM32\IPHLPAPI.DLL
0x00007ffbe7c80000 - 0x00007ffbe7c89000 	C:\WINDOWS\System32\NSI.dll
0x00007ffbd37d0000 - 0x00007ffbd3819000 	C:\Users\tanma\AppData\Local\Temp\jna-110127349\jna782560719646941636.dll
0x00007ffbe21b0000 - 0x00007ffbe21c9000 	C:\WINDOWS\SYSTEM32\dhcpcsvc6.DLL
0x00007ffbe2190000 - 0x00007ffbe21af000 	C:\WINDOWS\SYSTEM32\dhcpcsvc.DLL

dbghelp: loaded successfully - version: 4.0.5 - missing functions: none
symbol engine: initialized successfully - sym options: 0x614 - pdb path: .;c:\Users\tanma\.vscode\extensions\redhat.java-1.42.0-win32-x64\jre\21.0.7-win32-x86_64\bin;C:\WINDOWS\SYSTEM32;C:\Program Files\Norton Security\NortonData\22.22.4.13\Definitions\IPSDefs\20231213.064;C:\WINDOWS\WinSxS\amd64_microsoft.windows.common-controls_6595b64144ccf1df_6.0.22621.5262_none_2712bde373830908;c:\Users\tanma\.vscode\extensions\redhat.java-1.42.0-win32-x64\jre\21.0.7-win32-x86_64\bin\server;C:\Users\tanma\AppData\Roaming\Code\User\globalStorage\redhat.java\1.42.0\config_win\org.eclipse.equinox.launcher\org.eclipse.equinox.launcher.win32.win32.x86_64_1.2.1300.v20250331-1702;C:\Users\tanma\AppData\Local\Temp\jna-110127349

VM Arguments:
jvm_args: --add-modules=ALL-SYSTEM --add-opens=java.base/java.util=ALL-UNNAMED --add-opens=java.base/java.lang=ALL-UNNAMED --add-opens=java.base/sun.nio.fs=ALL-UNNAMED -Declipse.application=org.eclipse.jdt.ls.core.id1 -Dosgi.bundles.defaultStartLevel=4 -Declipse.product=org.eclipse.jdt.ls.core.product -Djava.import.generatesMetadataFilesAtProjectRoot=false -DDetectVMInstallationsJob.disabled=true -Dfile.encoding=utf8 -XX:+UseParallelGC -XX:GCTimeRatio=4 -XX:AdaptiveSizePolicyWeight=90 -Dsun.zip.disableMemoryMapping=true -Xmx1G -Xms100m -Xlog:disable -javaagent:c:\Users\tanma\.vscode\extensions\redhat.java-1.42.0-win32-x64\lombok\lombok-1.18.36.jar -XX:+HeapDumpOnOutOfMemoryError -XX:HeapDumpPath=c:\Users\tanma\AppData\Roaming\Code\User\workspaceStorage\89240fbca4adb2b40d9c8e8d66c81886\redhat.java -Daether.dependencyCollector.impl=bf 
java_command: c:\Users\tanma\.vscode\extensions\redhat.java-1.42.0-win32-x64\server\plugins\org.eclipse.equinox.launcher_1.7.0.v20250424-1814.jar -configuration c:\Users\tanma\AppData\Roaming\Code\User\globalStorage\redhat.java\1.42.0\config_win -data c:\Users\tanma\AppData\Roaming\Code\User\workspaceStorage\89240fbca4adb2b40d9c8e8d66c81886\redhat.java\jdt_ws --pipe=\\.\pipe\lsp-905baa3a0ae445f71d57848b1d2192ee-sock
java_class_path (initial): c:\Users\tanma\.vscode\extensions\redhat.java-1.42.0-win32-x64\server\plugins\org.eclipse.equinox.launcher_1.7.0.v20250424-1814.jar
Launcher Type: SUN_STANDARD

[Global flags]
    uintx AdaptiveSizePolicyWeight                 = 90                                        {product} {command line}
     intx CICompilerCount                          = 12                                        {product} {ergonomic}
    uintx GCTimeRatio                              = 4                                         {product} {command line}
     bool HeapDumpOnOutOfMemoryError               = true                                   {manageable} {command line}
    ccstr HeapDumpPath                             = c:\Users\tanma\AppData\Roaming\Code\User\workspaceStorage\89240fbca4adb2b40d9c8e8d66c81886\redhat.java         {manageable} {command line}
   size_t InitialHeapSize                          = 104857600                                 {product} {command line}
   size_t MaxHeapSize                              = 1073741824                                {product} {command line}
   size_t MaxNewSize                               = 357564416                                 {product} {ergonomic}
   size_t MinHeapDeltaBytes                        = 524288                                    {product} {ergonomic}
   size_t MinHeapSize                              = 104857600                                 {product} {command line}
   size_t NewSize                                  = 34603008                                  {product} {ergonomic}
    uintx NonNMethodCodeHeapSize                   = 7602480                                {pd product} {ergonomic}
    uintx NonProfiledCodeHeapSize                  = 122027880                              {pd product} {ergonomic}
   size_t OldSize                                  = 70254592                                  {product} {ergonomic}
    uintx ProfiledCodeHeapSize                     = 122027880                              {pd product} {ergonomic}
    uintx ReservedCodeCacheSize                    = 251658240                              {pd product} {ergonomic}
     bool SegmentedCodeCache                       = true                                      {product} {ergonomic}
   size_t SoftMaxHeapSize                          = 1073741824                             {manageable} {ergonomic}
     bool UseCompressedOops                        = true                           {product lp64_product} {ergonomic}
     bool UseLargePagesIndividualAllocation        = false                                  {pd product} {ergonomic}
     bool UseParallelGC                            = true                                      {product} {command line}

Logging:
Log output configuration:
 #0: stdout all=off uptime,level,tags foldmultilines=false
 #1: stderr all=off uptime,level,tags foldmultilines=false

Environment Variables:
JAVA_HOME=C:\Program Files\Microsoft\jdk-17.0.12.7-hotspot
PATH=C:\app\tanma\product\21c\dbhomeXE\bin;C:\Windows\system32;C:\Windows;C:\Windows\System32\Wbem;C:\Windows\System32\WindowsPowerShell\v1.0\;C:\Windows\System32\OpenSSH\;C:\Program Files (x86)\NVIDIA Corporation\PhysX\Common;C:\Program Files\NVIDIA Corporation\NVIDIA NvDLISR;C:\Windows\System32\cmd.exe;C:\MinGW\bin;C:\WINDOWS\system32;C:\WINDOWS;C:\WINDOWS\System32\Wbem;C:\WINDOWS\System32\WindowsPowerShell\v1.0\;C:\WINDOWS\System32\OpenSSH\;C:\Program Files\Git\cmd;C:\Program Files\Git\mingw64\bin;C:\Program Files\Git\usr\bin;C:\Program Files\MongoDB\Tools\100\bin;C:\Program Files\Docker\Docker\resources\bin;C:\Users\tanma\AppData\Local\Android\Sdk;C:\ProgramData\chocolatey\bin;C:\Program Files\nodejs\;C:\Users\tanma\AppData\Local\Android\Sdk\platform-tools;C:\Program Files\Microsoft\jdk-17.0.12.7-hotspot\bin;C:\Program Files\apache-maven-3.9.9-bin\apache-maven-3.9.9\bin;C:\Program Files\MySQL\MySQL Shell 8.0\bin\;C:\Users\tanma\.console-ninja\.bin;C:\Users\tanma\AppData\Local\Programs\Python\Python311\Scripts\;C:\Users\tanma\AppData\Local\Programs\Python\Python311\;C:\Users\tanma\AppData\Local\Programs\Python\Python312\Scripts\;C:\Users\tanma\AppData\Local\Programs\Python\Python312\;C:\Users\tanma\AppData\Local\Programs\Python\Launcher\;C:\Users\tanma\AppData\Local\Microsoft\WindowsApps;C:\Users\tanma\AppData\Local\GitHubDesktop\bin;C:\Program Files\JetBrains\IntelliJ IDEA Community Edition 2022.3\bin;C:\Users\tanma\AppData\Local\Programs\Microsoft VS Code\bin;C:\Users\tanma\AppData\Local\Programs\mongosh\;C:\Users\tanma\AppData\Local\Programs\oh-my-posh\bin;C:\Users\tanma\AppData\Local\Android\Sdk;C:\Users\tanma\AppData\Roaming\npm;C:\Program Files\Microsoft\jdk-17.0.12.7-hotspot\bin;C:\Program Files\apache-maven-3.9.9-bin\apache-maven-3.9.9\bin;C:\Program Files (x86)\MongoDB Atlas CLI\
USERNAME=tanma
OS=Windows_NT
PROCESSOR_IDENTIFIER=AMD64 Family 25 Model 80 Stepping 0, AuthenticAMD
TMP=C:\Users\tanma\AppData\Local\Temp
TEMP=C:\Users\tanma\AppData\Local\Temp




Periodic native trim disabled

---------------  S Y S T E M  ---------------

OS:
 Windows 11 , 64 bit Build 22621 (10.0.22621.5262)
OS uptime: 0 days 2:19 hours
Hyper-V role detected

CPU: total 16 (initial active 16) (16 cores per cpu, 2 threads per core) family 25 model 80 stepping 0 microcode 0x0, cx8, cmov, fxsr, ht, mmx, 3dnowpref, sse, sse2, sse3, ssse3, sse4a, sse4.1, sse4.2, popcnt, lzcnt, tsc, tscinvbit, avx, avx2, aes, erms, clmul, bmi1, bmi2, adx, sha, fma, vzeroupper, clflush, clflushopt, hv, rdtscp, rdpid, fsrm, f16c, cet_ss
Processor Information for the first 16 processors :
  Max Mhz: 3201, Current Mhz: 3201, Mhz Limit: 3201

Memory: 4k page, system-wide physical 5996M (512M free)
TotalPageFile size 24428M (AvailPageFile size 166M)
current process WorkingSet (physical memory assigned to process): 372M, peak: 441M
current process commit charge ("private bytes"): 691M, peak: 693M

vm_info: OpenJDK 64-Bit Server VM (21.0.7+6-LTS) for windows-amd64 JRE (21.0.7+6-LTS), built on 2025-04-15T00:00:00Z by "admin" with MS VC++ 17.7 (VS2022)

END.
