#
# There is insufficient memory for the Java Runtime Environment to continue.
# Native memory allocation (malloc) failed to allocate 1321376 bytes. Error detail: Chunk::new
# Possible reasons:
#   The system is out of physical RAM or swap space
#   This process is running with CompressedOops enabled, and the Java Heap may be blocking the growth of the native heap
# Possible solutions:
#   Reduce memory load on the system
#   Increase physical memory or swap space
#   Check if swap backing store is full
#   Decrease Java heap size (-Xmx/-Xms)
#   Decrease number of Java threads
#   Decrease Java thread stack sizes (-Xss)
#   Set larger code cache with -XX:ReservedCodeCacheSize=
#   JVM is running with Unscaled Compressed Oops mode in which the Java heap is
#     placed in the first 4GB address space. The Java Heap base address is the
#     maximum limit for the native heap growth. Please use -XX:HeapBaseMinAddress
#     to set the Java Heap base and to place the Java Heap above 4GB virtual address.
# This output file may be truncated or incomplete.
#
#  Out of Memory Error (arena.cpp:168), pid=2428, tid=3368
#
# JRE version: OpenJDK Runtime Environment Temurin-21.0.7+6 (21.0.7+6) (build 21.0.7+6-LTS)
# Java VM: OpenJDK 64-Bit Server VM Temurin-21.0.7+6 (21.0.7+6-LTS, mixed mode, sharing, tiered, compressed oops, compressed class ptrs, parallel gc, windows-amd64)
# No core dump will be written. Minidumps are not enabled by default on client versions of Windows
#

---------------  S U M M A R Y ------------

Command Line: --add-modules=ALL-SYSTEM --add-opens=java.base/java.util=ALL-UNNAMED --add-opens=java.base/java.lang=ALL-UNNAMED --add-opens=java.base/sun.nio.fs=ALL-UNNAMED -Declipse.application=org.eclipse.jdt.ls.core.id1 -Dosgi.bundles.defaultStartLevel=4 -Declipse.product=org.eclipse.jdt.ls.core.product -Djava.import.generatesMetadataFilesAtProjectRoot=false -DDetectVMInstallationsJob.disabled=true -Dfile.encoding=utf8 -XX:+UseParallelGC -XX:GCTimeRatio=4 -XX:AdaptiveSizePolicyWeight=90 -Dsun.zip.disableMemoryMapping=true -Xmx1G -Xms100m -Xlog:disable -javaagent:c:\Users\tanma\.vscode\extensions\redhat.java-1.42.0-win32-x64\lombok\lombok-1.18.36.jar -XX:+HeapDumpOnOutOfMemoryError -XX:HeapDumpPath=c:\Users\tanma\AppData\Roaming\Code\User\workspaceStorage\89240fbca4adb2b40d9c8e8d66c81886\redhat.java -Daether.dependencyCollector.impl=bf c:\Users\tanma\.vscode\extensions\redhat.java-1.42.0-win32-x64\server\plugins\org.eclipse.equinox.launcher_1.7.0.v20250424-1814.jar -configuration c:\Users\tanma\AppData\Roaming\Code\User\globalStorage\redhat.java\1.42.0\config_win -data c:\Users\tanma\AppData\Roaming\Code\User\workspaceStorage\89240fbca4adb2b40d9c8e8d66c81886\redhat.java\jdt_ws --pipe=\\.\pipe\lsp-183d9872838cce3431da68d656445c91-sock

Host: AMD Ryzen 7 5800H with Radeon Graphics         , 16 cores, 5G,  Windows 11 , 64 bit Build 22621 (10.0.22621.5262)
Time: Fri May 16 17:44:22 2025 India Standard Time elapsed time: 646.644112 seconds (0d 0h 10m 46s)

---------------  T H R E A D  ---------------

Current thread (0x000001aadf82eb70):  JavaThread "C2 CompilerThread0" daemon [_thread_in_native, id=3368, stack(0x0000004cedf00000,0x0000004cee000000) (1024K)]


Current CompileTask:
C2:646644 17178       4       org.eclipse.jdt.internal.compiler.classfmt.ModuleInfo::readModuleAttribute (1166 bytes)

Stack: [0x0000004cedf00000,0x0000004cee000000]
Native frames: (J=compiled Java code, j=interpreted, Vv=VM code, C=native code)
V  [jvm.dll+0x6ce119]
V  [jvm.dll+0x8a84a1]
V  [jvm.dll+0x8aa9ce]
V  [jvm.dll+0x8ab0b3]
V  [jvm.dll+0x27f8a6]
V  [jvm.dll+0xc507d]
V  [jvm.dll+0xc55b3]
V  [jvm.dll+0x2f2c6d]
V  [jvm.dll+0x5f6bca]
V  [jvm.dll+0x250cb2]
V  [jvm.dll+0x25106f]
V  [jvm.dll+0x249934]
V  [jvm.dll+0x246fc4]
V  [jvm.dll+0x1c760e]
V  [jvm.dll+0x25695a]
V  [jvm.dll+0x254efa]
V  [jvm.dll+0x3f03f6]
V  [jvm.dll+0x851f6b]
V  [jvm.dll+0x6cc7dd]
C  [ucrtbase.dll+0x29333]
C  [KERNEL32.DLL+0x1259d]
C  [ntdll.dll+0x5af58]


---------------  P R O C E S S  ---------------

Threads class SMR info:
_java_thread_list=0x000001aae8535040, length=62, elements={
0x000001aaca1b0da0, 0x000001aade552d20, 0x000001aade554950, 0x000001aade558c30,
0x000001aade55b760, 0x000001aade55e670, 0x000001aadf82bff0, 0x000001aadf82eb70,
0x000001aadf832d60, 0x000001aadf928240, 0x000001aadf9288d0, 0x000001aadf92b030,
0x000001aae13e4b20, 0x000001aae13e3770, 0x000001aae13e51b0, 0x000001aae13e02f0,
0x000001aae13e0980, 0x000001aae13e23c0, 0x000001aae13e1d30, 0x000001aae13e3e00,
0x000001aae13e5ed0, 0x000001aae13df5d0, 0x000001aae13e30e0, 0x000001aae13e6bf0,
0x000001aae13dfc60, 0x000001aae13e1010, 0x000001aadf92a310, 0x000001aadf9295f0,
0x000001aadf928f60, 0x000001aadf92b6c0, 0x000001aadf92a9a0, 0x000001aadf929c80,
0x000001aae87d48e0, 0x000001aae87d97a0, 0x000001aae87d5c90, 0x000001aae87d9e30,
0x000001aae87d5600, 0x000001aae87d9110, 0x000001aae87da4c0, 0x000001aae87dab50,
0x000001aae87d83f0, 0x000001aae87db870, 0x000001aae66869b0, 0x000001aae8f5c050,
0x000001aae8f59f80, 0x000001aae8f5e120, 0x000001aae6680740, 0x000001aae6681460,
0x000001aae6685c90, 0x000001aae87d6320, 0x000001aae87d4f70, 0x000001aae87d7d60,
0x000001aae974ef50, 0x000001aae13e5840, 0x000001aae6687040, 0x000001aae6dca100,
0x000001aae6dccef0, 0x000001aae6dcd580, 0x000001aae6dcefc0, 0x000001aae6dcf650,
0x000001aae6dc9a70, 0x000001aae6dce2a0
}

Java Threads: ( => current thread )
  0x000001aaca1b0da0 JavaThread "main"                              [_thread_blocked, id=10776, stack(0x0000004ced500000,0x0000004ced600000) (1024K)]
  0x000001aade552d20 JavaThread "Reference Handler"          daemon [_thread_blocked, id=5576, stack(0x0000004ced900000,0x0000004ceda00000) (1024K)]
  0x000001aade554950 JavaThread "Finalizer"                  daemon [_thread_blocked, id=14948, stack(0x0000004ceda00000,0x0000004cedb00000) (1024K)]
  0x000001aade558c30 JavaThread "Signal Dispatcher"          daemon [_thread_blocked, id=12044, stack(0x0000004cedb00000,0x0000004cedc00000) (1024K)]
  0x000001aade55b760 JavaThread "Attach Listener"            daemon [_thread_blocked, id=11680, stack(0x0000004cedc00000,0x0000004cedd00000) (1024K)]
  0x000001aade55e670 JavaThread "Service Thread"             daemon [_thread_blocked, id=11840, stack(0x0000004cedd00000,0x0000004cede00000) (1024K)]
  0x000001aadf82bff0 JavaThread "Monitor Deflation Thread"   daemon [_thread_blocked, id=13888, stack(0x0000004cede00000,0x0000004cedf00000) (1024K)]
=>0x000001aadf82eb70 JavaThread "C2 CompilerThread0"         daemon [_thread_in_native, id=3368, stack(0x0000004cedf00000,0x0000004cee000000) (1024K)]
  0x000001aadf832d60 JavaThread "C1 CompilerThread0"         daemon [_thread_blocked, id=11512, stack(0x0000004cee000000,0x0000004cee100000) (1024K)]
  0x000001aadf928240 JavaThread "Common-Cleaner"             daemon [_thread_blocked, id=15060, stack(0x0000004cee100000,0x0000004cee200000) (1024K)]
  0x000001aadf9288d0 JavaThread "Notification Thread"        daemon [_thread_blocked, id=5996, stack(0x0000004cee400000,0x0000004cee500000) (1024K)]
  0x000001aadf92b030 JavaThread "Active Thread: Equinox Container: e7129f69-70e3-435b-930c-360a2f51cc42"        [_thread_blocked, id=10448, stack(0x0000004cef100000,0x0000004cef200000) (1024K)]
  0x000001aae13e4b20 JavaThread "Framework Event Dispatcher: Equinox Container: e7129f69-70e3-435b-930c-360a2f51cc42" daemon [_thread_blocked, id=6660, stack(0x0000004cee300000,0x0000004cee400000) (1024K)]
  0x000001aae13e3770 JavaThread "Start Level: Equinox Container: e7129f69-70e3-435b-930c-360a2f51cc42" daemon [_thread_blocked, id=16276, stack(0x0000004cef200000,0x0000004cef300000) (1024K)]
  0x000001aae13e51b0 JavaThread "Refresh Thread: Equinox Container: e7129f69-70e3-435b-930c-360a2f51cc42" daemon [_thread_blocked, id=19248, stack(0x0000004cef300000,0x0000004cef400000) (1024K)]
  0x000001aae13e02f0 JavaThread "Bundle File Closer"         daemon [_thread_blocked, id=18128, stack(0x0000004cf0300000,0x0000004cf0400000) (1024K)]
  0x000001aae13e0980 JavaThread "SCR Component Actor"        daemon [_thread_blocked, id=2496, stack(0x0000004cef400000,0x0000004cef500000) (1024K)]
  0x000001aae13e23c0 JavaThread "Worker-JM"                         [_thread_blocked, id=18328, stack(0x0000004cf0500000,0x0000004cf0600000) (1024K)]
  0x000001aae13e1d30 JavaThread "JNA Cleaner"                daemon [_thread_blocked, id=18340, stack(0x0000004ceeb00000,0x0000004ceec00000) (1024K)]
  0x000001aae13e3e00 JavaThread "Worker-1"                          [_thread_blocked, id=18348, stack(0x0000004ceed00000,0x0000004ceee00000) (1024K)]
  0x000001aae13e5ed0 JavaThread "Java indexing"              daemon [_thread_blocked, id=15772, stack(0x0000004cef600000,0x0000004cef700000) (1024K)]
  0x000001aae13df5d0 JavaThread "Thread-2"                   daemon [_thread_in_native, id=12140, stack(0x0000004cefa00000,0x0000004cefb00000) (1024K)]
  0x000001aae13e30e0 JavaThread "Thread-3"                   daemon [_thread_in_native, id=15724, stack(0x0000004cefb00000,0x0000004cefc00000) (1024K)]
  0x000001aae13e6bf0 JavaThread "Thread-4"                   daemon [_thread_in_native, id=12228, stack(0x0000004cefc00000,0x0000004cefd00000) (1024K)]
  0x000001aae13dfc60 JavaThread "Thread-5"                   daemon [_thread_in_native, id=11844, stack(0x0000004cefd00000,0x0000004cefe00000) (1024K)]
  0x000001aae13e1010 JavaThread "Thread-6"                   daemon [_thread_in_native, id=15956, stack(0x0000004cefe00000,0x0000004ceff00000) (1024K)]
  0x000001aadf92a310 JavaThread "Thread-7"                   daemon [_thread_in_native, id=9168, stack(0x0000004ceff00000,0x0000004cf0000000) (1024K)]
  0x000001aadf9295f0 JavaThread "Thread-8"                   daemon [_thread_in_native, id=11992, stack(0x0000004cf0700000,0x0000004cf0800000) (1024K)]
  0x000001aadf928f60 JavaThread "Thread-9"                   daemon [_thread_in_native, id=7444, stack(0x0000004cf0800000,0x0000004cf0900000) (1024K)]
  0x000001aadf92b6c0 JavaThread "Thread-10"                  daemon [_thread_in_native, id=7536, stack(0x0000004cf0900000,0x0000004cf0a00000) (1024K)]
  0x000001aadf92a9a0 JavaThread "Thread-11"                  daemon [_thread_in_native, id=8428, stack(0x0000004cf0a00000,0x0000004cf0b00000) (1024K)]
  0x000001aadf929c80 JavaThread "Thread-12"                  daemon [_thread_in_native, id=19332, stack(0x0000004cf0b00000,0x0000004cf0c00000) (1024K)]
  0x000001aae87d48e0 JavaThread "Thread-13"                  daemon [_thread_in_native, id=7284, stack(0x0000004cf0c00000,0x0000004cf0d00000) (1024K)]
  0x000001aae87d97a0 JavaThread "Thread-14"                  daemon [_thread_in_native, id=2000, stack(0x0000004cf0d00000,0x0000004cf0e00000) (1024K)]
  0x000001aae87d5c90 JavaThread "Thread-15"                  daemon [_thread_in_native, id=10596, stack(0x0000004cf0e00000,0x0000004cf0f00000) (1024K)]
  0x000001aae87d9e30 JavaThread "Thread-16"                  daemon [_thread_in_native, id=18940, stack(0x0000004cf0f00000,0x0000004cf1000000) (1024K)]
  0x000001aae87d5600 JavaThread "Thread-17"                  daemon [_thread_in_native, id=4560, stack(0x0000004cf1000000,0x0000004cf1100000) (1024K)]
  0x000001aae87d9110 JavaThread "Thread-18"                  daemon [_thread_in_native, id=16712, stack(0x0000004cf1100000,0x0000004cf1200000) (1024K)]
  0x000001aae87da4c0 JavaThread "pool-2-thread-1"                   [_thread_blocked, id=15280, stack(0x0000004cf1200000,0x0000004cf1300000) (1024K)]
  0x000001aae87dab50 JavaThread "Worker-4"                          [_thread_blocked, id=2488, stack(0x0000004cf1300000,0x0000004cf1400000) (1024K)]
  0x000001aae87d83f0 JavaThread "WorkspaceEventsHandler"            [_thread_blocked, id=7652, stack(0x0000004cf1400000,0x0000004cf1500000) (1024K)]
  0x000001aae87db870 JavaThread "pool-1-thread-1"                   [_thread_blocked, id=6728, stack(0x0000004cf1500000,0x0000004cf1600000) (1024K)]
  0x000001aae66869b0 JavaThread "LocalFile Deleter"          daemon [_thread_blocked, id=19876, stack(0x0000004cf2800000,0x0000004cf2900000) (1024K)]
  0x000001aae8f5c050 JavaThread "LocalFile Deleter"          daemon [_thread_blocked, id=15764, stack(0x0000004cf2f00000,0x0000004cf3000000) (1024K)]
  0x000001aae8f59f80 JavaThread "LocalFile Deleter"          daemon [_thread_blocked, id=9508, stack(0x0000004cf3000000,0x0000004cf3100000) (1024K)]
  0x000001aae8f5e120 JavaThread "LocalFile Deleter"          daemon [_thread_blocked, id=9660, stack(0x0000004cf3200000,0x0000004cf3300000) (1024K)]
  0x000001aae6680740 JavaThread "ForkJoinPool.commonPool-worker-1" daemon [_thread_blocked, id=17660, stack(0x0000004cf1a00000,0x0000004cf1b00000) (1024K)]
  0x000001aae6681460 JavaThread "ForkJoinPool.commonPool-worker-4" daemon [_thread_blocked, id=5744, stack(0x0000004cf2000000,0x0000004cf2100000) (1024K)]
  0x000001aae6685c90 JavaThread "ForkJoinPool.commonPool-worker-5" daemon [_thread_blocked, id=20116, stack(0x0000004cf2100000,0x0000004cf2200000) (1024K)]
  0x000001aae87d6320 JavaThread "ForkJoinPool.commonPool-worker-6" daemon [_thread_blocked, id=11028, stack(0x0000004cf2200000,0x0000004cf2300000) (1024K)]
  0x000001aae87d4f70 JavaThread "ForkJoinPool.commonPool-worker-7" daemon [_thread_blocked, id=13000, stack(0x0000004cf2300000,0x0000004cf2400000) (1024K)]
  0x000001aae87d7d60 JavaThread "ForkJoinPool.commonPool-worker-10" daemon [_thread_blocked, id=9036, stack(0x0000004cf2600000,0x0000004cf2700000) (1024K)]
  0x000001aae974ef50 JavaThread "ForkJoinPool.commonPool-worker-11" daemon [_thread_blocked, id=18536, stack(0x0000004cf5000000,0x0000004cf5100000) (1024K)]
  0x000001aae13e5840 JavaThread "ForkJoinPool.commonPool-worker-15" daemon [_thread_blocked, id=18180, stack(0x0000004cf5400000,0x0000004cf5500000) (1024K)]
  0x000001aae6687040 JavaThread "Java Debug Server"          daemon [_thread_in_native, id=21192, stack(0x0000004ced300000,0x0000004ced400000) (1024K)]
  0x000001aae6dca100 JavaThread "pool-5-thread-1"                   [_thread_in_native, id=20884, stack(0x0000004ceef00000,0x0000004cef000000) (1024K)]
  0x000001aae6dccef0 JavaThread "RxSchedulerPurge-1"         daemon [_thread_blocked, id=17636, stack(0x0000004ced200000,0x0000004ced300000) (1024K)]
  0x000001aae6dcd580 JavaThread "RxCachedWorkerPoolEvictor-1" daemon [_thread_blocked, id=20600, stack(0x0000004cef500000,0x0000004cef600000) (1024K)]
  0x000001aae6dcefc0 JavaThread "RxNewThreadScheduler-1"     daemon [_thread_blocked, id=20332, stack(0x0000004cef800000,0x0000004cef900000) (1024K)]
  0x000001aae6dcf650 JavaThread "process reaper (pid 15260)" daemon [_thread_in_native, id=20928, stack(0x0000004cecdb0000,0x0000004cecdd0000) (128K)]
  0x000001aae6dc9a70 JavaThread "ForkJoinPool.commonPool-worker-16" daemon [_thread_blocked, id=12500, stack(0x0000004ced100000,0x0000004ced200000) (1024K)]
  0x000001aae6dce2a0 JavaThread "Cleaner-0"                  daemon [_thread_blocked, id=16220, stack(0x0000004ceee00000,0x0000004ceef00000) (1024K)]
Total: 62

Other Threads:
  0x000001aaca229980 VMThread "VM Thread"                           [id=16724, stack(0x0000004ced800000,0x0000004ced900000) (1024K)]
  0x000001aade43ca00 WatcherThread "VM Periodic Task Thread"        [id=3412, stack(0x0000004ced700000,0x0000004ced800000) (1024K)]
  0x000001aaca1c8740 WorkerThread "GC Thread#0"                     [id=2732, stack(0x0000004ced600000,0x0000004ced700000) (1024K)]
  0x000001aae14235c0 WorkerThread "GC Thread#1"                     [id=16920, stack(0x0000004cee500000,0x0000004cee600000) (1024K)]
  0x000001aae135acd0 WorkerThread "GC Thread#2"                     [id=3852, stack(0x0000004cee600000,0x0000004cee700000) (1024K)]
  0x000001aae13fe970 WorkerThread "GC Thread#3"                     [id=5524, stack(0x0000004cee700000,0x0000004cee800000) (1024K)]
  0x000001aae171a040 WorkerThread "GC Thread#4"                     [id=17160, stack(0x0000004cee800000,0x0000004cee900000) (1024K)]
  0x000001aae171a3e0 WorkerThread "GC Thread#5"                     [id=2964, stack(0x0000004cee900000,0x0000004ceea00000) (1024K)]
  0x000001aae169f970 WorkerThread "GC Thread#6"                     [id=2980, stack(0x0000004ceea00000,0x0000004ceeb00000) (1024K)]
  0x000001aadf93e880 WorkerThread "GC Thread#7"                     [id=15620, stack(0x0000004cee200000,0x0000004cee300000) (1024K)]
  0x000001aae64e8ca0 WorkerThread "GC Thread#8"                     [id=8952, stack(0x0000004cf0000000,0x0000004cf0100000) (1024K)]
  0x000001aae64e9040 WorkerThread "GC Thread#9"                     [id=13616, stack(0x0000004cf0100000,0x0000004cf0200000) (1024K)]
  0x000001aae64e93e0 WorkerThread "GC Thread#10"                    [id=7512, stack(0x0000004cf0200000,0x0000004cf0300000) (1024K)]
  0x000001aae16b2450 WorkerThread "GC Thread#11"                    [id=8064, stack(0x0000004cf0400000,0x0000004cf0500000) (1024K)]
  0x000001aae16b20b0 WorkerThread "GC Thread#12"                    [id=18332, stack(0x0000004cf0600000,0x0000004cf0700000) (1024K)]
Total: 15

Threads with active compile tasks:
C2 CompilerThread0  646695 17178       4       org.eclipse.jdt.internal.compiler.classfmt.ModuleInfo::readModuleAttribute (1166 bytes)
Total: 1

VM state: not at safepoint (normal execution)

VM Mutex/Monitor currently owned by a thread: None

Heap address: 0x00000000c0000000, size: 1024 MB, Compressed Oops mode: 32-bit

CDS archive(s) mapped at: [0x000001aa80000000-0x000001aa80ba0000-0x000001aa80ba0000), size 12189696, SharedBaseAddress: 0x000001aa80000000, ArchiveRelocationMode: 1.
Compressed class space mapped at: 0x000001aa81000000-0x000001aac1000000, reserved size: 1073741824
Narrow klass base: 0x000001aa80000000, Narrow klass shift: 0, Narrow klass range: 0x100000000

GC Precious Log:
 CardTable entry size: 512
 CPUs: 16 total, 16 available
 Memory: 5996M
 Large Page Support: Disabled
 NUMA Support: Disabled
 Compressed Oops: Enabled (32-bit)
 Alignments: Space 512K, Generation 512K, Heap 2M
 Heap Min Capacity: 100M
 Heap Initial Capacity: 100M
 Heap Max Capacity: 1G
 Pre-touch: Disabled
 Parallel Workers: 13

Heap:
 PSYoungGen      total 7680K, used 5827K [0x00000000eab00000, 0x00000000eb580000, 0x0000000100000000)
  eden space 6656K, 72% used [0x00000000eab00000,0x00000000eafb7a60,0x00000000eb180000)
  from space 1024K, 97% used [0x00000000eb480000,0x00000000eb579210,0x00000000eb580000)
  to   space 1024K, 0% used [0x00000000eb380000,0x00000000eb380000,0x00000000eb480000)
 ParOldGen       total 661504K, used 661378K [0x00000000c0000000, 0x00000000e8600000, 0x00000000eab00000)
  object space 661504K, 99% used [0x00000000c0000000,0x00000000e85e0810,0x00000000e8600000)
 Metaspace       used 80255K, committed 81984K, reserved 1179648K
  class space    used 8249K, committed 9088K, reserved 1048576K

Card table byte_map: [0x000001aac9b10000,0x000001aac9d20000] _byte_map_base: 0x000001aac9510000

Marking Bits: (ParMarkBitMap*) 0x00007ffa271d31f0
 Begin Bits: [0x000001aadc360000, 0x000001aadd360000)
 End Bits:   [0x000001aadd360000, 0x000001aade360000)

Polling page: 0x000001aac7fc0000

Metaspace:

Usage:
  Non-class:     70.32 MB used.
      Class:      8.06 MB used.
       Both:     78.37 MB used.

Virtual space:
  Non-class space:      128.00 MB reserved,      71.19 MB ( 56%) committed,  2 nodes.
      Class space:        1.00 GB reserved,       8.88 MB ( <1%) committed,  1 nodes.
             Both:        1.12 GB reserved,      80.06 MB (  7%) committed. 

Chunk freelists:
   Non-Class:  7.52 MB
       Class:  7.07 MB
        Both:  14.60 MB

MaxMetaspaceSize: unlimited
CompressedClassSpaceSize: 1.00 GB
Initial GC threshold: 21.00 MB
Current GC threshold: 97.31 MB
CDS: on
 - commit_granule_bytes: 65536.
 - commit_granule_words: 8192.
 - virtual_space_node_default_size: 8388608.
 - enlarge_chunks_in_place: 1.
 - use_allocation_guard: 0.


Internal statistics:

num_allocs_failed_limit: 9.
num_arena_births: 1452.
num_arena_deaths: 14.
num_vsnodes_births: 3.
num_vsnodes_deaths: 0.
num_space_committed: 1281.
num_space_uncommitted: 0.
num_chunks_returned_to_freelist: 23.
num_chunks_taken_from_freelist: 5092.
num_chunk_merges: 9.
num_chunk_splits: 3139.
num_chunks_enlarged: 1760.
num_inconsistent_stats: 0.

CodeHeap 'non-profiled nmethods': size=119168Kb used=12012Kb max_used=12012Kb free=107155Kb
 bounds [0x000001aad4f00000, 0x000001aad5ac0000, 0x000001aadc360000]
CodeHeap 'profiled nmethods': size=119104Kb used=38941Kb max_used=38941Kb free=80162Kb
 bounds [0x000001aacd360000, 0x000001aacf970000, 0x000001aad47b0000]
CodeHeap 'non-nmethods': size=7488Kb used=1523Kb max_used=3253Kb free=5964Kb
 bounds [0x000001aad47b0000, 0x000001aad4b20000, 0x000001aad4f00000]
 total_blobs=17226 nmethods=16372 adapters=756
 compilation: enabled
              stopped_count=0, restarted_count=0
 full_count=0

Compilation events (20 events):
Event: 646.521 Thread 0x000001aadf832d60 17214       3       org.eclipse.jdt.internal.compiler.ast.ConstructorDeclaration::isCompactConstructor (15 bytes)
Event: 646.521 Thread 0x000001aadf832d60 nmethod 17214 0x000001aacf967210 code [0x000001aacf9673c0, 0x000001aacf967538]
Event: 646.521 Thread 0x000001aadf832d60 17205       1       org.eclipse.jdt.internal.compiler.ast.MessageSend::setExpressionContext (6 bytes)
Event: 646.521 Thread 0x000001aadf832d60 nmethod 17205 0x000001aad5ab9590 code [0x000001aad5ab9720, 0x000001aad5ab9800]
Event: 646.521 Thread 0x000001aadf832d60 17224       1       org.eclipse.jface.text.templates.Template::getContextTypeId (5 bytes)
Event: 646.521 Thread 0x000001aadf832d60 nmethod 17224 0x000001aad5ab9890 code [0x000001aad5ab9a20, 0x000001aad5ab9ae8]
Event: 646.521 Thread 0x000001aadf832d60 17196       1       org.eclipse.jdt.internal.compiler.parser.Scanner::getSource (5 bytes)
Event: 646.522 Thread 0x000001aadf832d60 nmethod 17196 0x000001aad5ab9b90 code [0x000001aad5ab9d20, 0x000001aad5ab9de8]
Event: 646.522 Thread 0x000001aadf832d60 17217       1       org.eclipse.jdt.internal.compiler.ast.Annotation::getCompilerAnnotation (5 bytes)
Event: 646.522 Thread 0x000001aadf832d60 nmethod 17217 0x000001aad5ab9e90 code [0x000001aad5aba020, 0x000001aad5aba0e8]
Event: 646.522 Thread 0x000001aadf832d60 17223       1       org.eclipse.jdt.core.dom.MethodInvocation::getNodeType0 (3 bytes)
Event: 646.522 Thread 0x000001aadf832d60 nmethod 17223 0x000001aad5aba190 code [0x000001aad5aba320, 0x000001aad5aba3e8]
Event: 646.522 Thread 0x000001aadf832d60 17225       1       org.eclipse.jface.text.templates.Template::getDescription (5 bytes)
Event: 646.522 Thread 0x000001aadf832d60 nmethod 17225 0x000001aad5aba490 code [0x000001aad5aba620, 0x000001aad5aba6e8]
Event: 646.522 Thread 0x000001aadf832d60 17226       1       org.eclipse.text.templates.TemplatePersistenceData::isEnabled (5 bytes)
Event: 646.522 Thread 0x000001aadf832d60 nmethod 17226 0x000001aad5aba790 code [0x000001aad5aba920, 0x000001aad5aba9f0]
Event: 646.522 Thread 0x000001aadf832d60 17227       1       org.eclipse.lsp4j.Range::getStart (5 bytes)
Event: 646.523 Thread 0x000001aadf832d60 nmethod 17227 0x000001aad5abaa90 code [0x000001aad5abac20, 0x000001aad5abace8]
Event: 646.523 Thread 0x000001aadf832d60 17228       1       org.eclipse.lsp4j.Range::getEnd (5 bytes)
Event: 646.523 Thread 0x000001aadf832d60 nmethod 17228 0x000001aad5abad90 code [0x000001aad5abaf20, 0x000001aad5abafe8]

GC Heap History (20 events):
Event: 252.345 GC heap before
{Heap before GC invocations=1160 (full 3):
 PSYoungGen      total 7680K, used 7488K [0x00000000eab00000, 0x00000000eb380000, 0x0000000100000000)
  eden space 6656K, 100% used [0x00000000eab00000,0x00000000eb180000,0x00000000eb180000)
  from space 1024K, 81% used [0x00000000eb280000,0x00000000eb350000,0x00000000eb380000)
  to   space 1024K, 0% used [0x00000000eb180000,0x00000000eb180000,0x00000000eb280000)
 ParOldGen       total 655360K, used 654954K [0x00000000c0000000, 0x00000000e8000000, 0x00000000eab00000)
  object space 655360K, 99% used [0x00000000c0000000,0x00000000e7f9a9d8,0x00000000e8000000)
 Metaspace       used 78088K, committed 79680K, reserved 1179648K
  class space    used 8086K, committed 8832K, reserved 1048576K
}
Event: 252.350 GC heap after
{Heap after GC invocations=1160 (full 3):
 PSYoungGen      total 7680K, used 993K [0x00000000eab00000, 0x00000000ebb80000, 0x0000000100000000)
  eden space 6656K, 0% used [0x00000000eab00000,0x00000000eab00000,0x00000000eb180000)
  from space 1024K, 97% used [0x00000000eb180000,0x00000000eb278540,0x00000000eb280000)
  to   space 5120K, 0% used [0x00000000eb680000,0x00000000eb680000,0x00000000ebb80000)
 ParOldGen       total 658432K, used 658250K [0x00000000c0000000, 0x00000000e8300000, 0x00000000eab00000)
  object space 658432K, 99% used [0x00000000c0000000,0x00000000e82d29d8,0x00000000e8300000)
 Metaspace       used 78088K, committed 79680K, reserved 1179648K
  class space    used 8086K, committed 8832K, reserved 1048576K
}
Event: 252.398 GC heap before
{Heap before GC invocations=1161 (full 3):
 PSYoungGen      total 7680K, used 7649K [0x00000000eab00000, 0x00000000ebb80000, 0x0000000100000000)
  eden space 6656K, 100% used [0x00000000eab00000,0x00000000eb180000,0x00000000eb180000)
  from space 1024K, 97% used [0x00000000eb180000,0x00000000eb278540,0x00000000eb280000)
  to   space 5120K, 0% used [0x00000000eb680000,0x00000000eb680000,0x00000000ebb80000)
 ParOldGen       total 658432K, used 658250K [0x00000000c0000000, 0x00000000e8300000, 0x00000000eab00000)
  object space 658432K, 99% used [0x00000000c0000000,0x00000000e82d29d8,0x00000000e8300000)
 Metaspace       used 78123K, committed 79744K, reserved 1179648K
  class space    used 8089K, committed 8832K, reserved 1048576K
}
Event: 252.401 GC heap after
{Heap after GC invocations=1161 (full 3):
 PSYoungGen      total 8192K, used 1152K [0x00000000eab00000, 0x00000000eb800000, 0x0000000100000000)
  eden space 6656K, 0% used [0x00000000eab00000,0x00000000eab00000,0x00000000eb180000)
  from space 1536K, 75% used [0x00000000eb680000,0x00000000eb7a0000,0x00000000eb800000)
  to   space 2560K, 0% used [0x00000000eb300000,0x00000000eb300000,0x00000000eb580000)
 ParOldGen       total 658944K, used 658763K [0x00000000c0000000, 0x00000000e8380000, 0x00000000eab00000)
  object space 658944K, 99% used [0x00000000c0000000,0x00000000e8352dc8,0x00000000e8380000)
 Metaspace       used 78123K, committed 79744K, reserved 1179648K
  class space    used 8089K, committed 8832K, reserved 1048576K
}
Event: 252.516 GC heap before
{Heap before GC invocations=1162 (full 3):
 PSYoungGen      total 8192K, used 7808K [0x00000000eab00000, 0x00000000eb800000, 0x0000000100000000)
  eden space 6656K, 100% used [0x00000000eab00000,0x00000000eb180000,0x00000000eb180000)
  from space 1536K, 75% used [0x00000000eb680000,0x00000000eb7a0000,0x00000000eb800000)
  to   space 2560K, 0% used [0x00000000eb300000,0x00000000eb300000,0x00000000eb580000)
 ParOldGen       total 658944K, used 658763K [0x00000000c0000000, 0x00000000e8380000, 0x00000000eab00000)
  object space 658944K, 99% used [0x00000000c0000000,0x00000000e8352dc8,0x00000000e8380000)
 Metaspace       used 78480K, committed 80128K, reserved 1179648K
  class space    used 8119K, committed 8896K, reserved 1048576K
}
Event: 252.520 GC heap after
{Heap after GC invocations=1162 (full 3):
 PSYoungGen      total 9216K, used 724K [0x00000000eab00000, 0x00000000eb700000, 0x0000000100000000)
  eden space 6656K, 0% used [0x00000000eab00000,0x00000000eab00000,0x00000000eb180000)
  from space 2560K, 28% used [0x00000000eb300000,0x00000000eb3b5200,0x00000000eb580000)
  to   space 1536K, 0% used [0x00000000eb580000,0x00000000eb580000,0x00000000eb700000)
 ParOldGen       total 659456K, used 659259K [0x00000000c0000000, 0x00000000e8400000, 0x00000000eab00000)
  object space 659456K, 99% used [0x00000000c0000000,0x00000000e83cedc8,0x00000000e8400000)
 Metaspace       used 78480K, committed 80128K, reserved 1179648K
  class space    used 8119K, committed 8896K, reserved 1048576K
}
Event: 252.694 GC heap before
{Heap before GC invocations=1163 (full 3):
 PSYoungGen      total 9216K, used 7378K [0x00000000eab00000, 0x00000000eb700000, 0x0000000100000000)
  eden space 6656K, 99% used [0x00000000eab00000,0x00000000eb17f938,0x00000000eb180000)
  from space 2560K, 28% used [0x00000000eb300000,0x00000000eb3b5200,0x00000000eb580000)
  to   space 1536K, 0% used [0x00000000eb580000,0x00000000eb580000,0x00000000eb700000)
 ParOldGen       total 659456K, used 659259K [0x00000000c0000000, 0x00000000e8400000, 0x00000000eab00000)
  object space 659456K, 99% used [0x00000000c0000000,0x00000000e83cedc8,0x00000000e8400000)
 Metaspace       used 78724K, committed 80384K, reserved 1179648K
  class space    used 8132K, committed 8896K, reserved 1048576K
}
Event: 252.697 GC heap after
{Heap after GC invocations=1163 (full 3):
 PSYoungGen      total 7168K, used 384K [0x00000000eab00000, 0x00000000eb600000, 0x0000000100000000)
  eden space 6656K, 0% used [0x00000000eab00000,0x00000000eab00000,0x00000000eb180000)
  from space 512K, 75% used [0x00000000eb580000,0x00000000eb5e0000,0x00000000eb600000)
  to   space 1024K, 0% used [0x00000000eb400000,0x00000000eb400000,0x00000000eb500000)
 ParOldGen       total 659456K, used 659387K [0x00000000c0000000, 0x00000000e8400000, 0x00000000eab00000)
  object space 659456K, 99% used [0x00000000c0000000,0x00000000e83eedc8,0x00000000e8400000)
 Metaspace       used 78724K, committed 80384K, reserved 1179648K
  class space    used 8132K, committed 8896K, reserved 1048576K
}
Event: 252.904 GC heap before
{Heap before GC invocations=1164 (full 3):
 PSYoungGen      total 7168K, used 6965K [0x00000000eab00000, 0x00000000eb600000, 0x0000000100000000)
  eden space 6656K, 98% used [0x00000000eab00000,0x00000000eb16d750,0x00000000eb180000)
  from space 512K, 75% used [0x00000000eb580000,0x00000000eb5e0000,0x00000000eb600000)
  to   space 1024K, 0% used [0x00000000eb400000,0x00000000eb400000,0x00000000eb500000)
 ParOldGen       total 659456K, used 659387K [0x00000000c0000000, 0x00000000e8400000, 0x00000000eab00000)
  object space 659456K, 99% used [0x00000000c0000000,0x00000000e83eedc8,0x00000000e8400000)
 Metaspace       used 79417K, committed 81024K, reserved 1179648K
  class space    used 8199K, committed 8960K, reserved 1048576K
}
Event: 252.907 GC heap after
{Heap after GC invocations=1164 (full 3):
 PSYoungGen      total 7680K, used 753K [0x00000000eab00000, 0x00000000eb600000, 0x0000000100000000)
  eden space 6656K, 0% used [0x00000000eab00000,0x00000000eab00000,0x00000000eb180000)
  from space 1024K, 73% used [0x00000000eb400000,0x00000000eb4bc690,0x00000000eb500000)
  to   space 1024K, 0% used [0x00000000eb500000,0x00000000eb500000,0x00000000eb600000)
 ParOldGen       total 659968K, used 659475K [0x00000000c0000000, 0x00000000e8480000, 0x00000000eab00000)
  object space 659968K, 99% used [0x00000000c0000000,0x00000000e8404dc8,0x00000000e8480000)
 Metaspace       used 79417K, committed 81024K, reserved 1179648K
  class space    used 8199K, committed 8960K, reserved 1048576K
}
Event: 253.480 GC heap before
{Heap before GC invocations=1165 (full 3):
 PSYoungGen      total 7680K, used 7409K [0x00000000eab00000, 0x00000000eb600000, 0x0000000100000000)
  eden space 6656K, 100% used [0x00000000eab00000,0x00000000eb180000,0x00000000eb180000)
  from space 1024K, 73% used [0x00000000eb400000,0x00000000eb4bc690,0x00000000eb500000)
  to   space 1024K, 0% used [0x00000000eb500000,0x00000000eb500000,0x00000000eb600000)
 ParOldGen       total 659968K, used 659475K [0x00000000c0000000, 0x00000000e8480000, 0x00000000eab00000)
  object space 659968K, 99% used [0x00000000c0000000,0x00000000e8404dc8,0x00000000e8480000)
 Metaspace       used 79655K, committed 81344K, reserved 1179648K
  class space    used 8216K, committed 8960K, reserved 1048576K
}
Event: 253.483 GC heap after
{Heap after GC invocations=1165 (full 3):
 PSYoungGen      total 7680K, used 692K [0x00000000eab00000, 0x00000000eb600000, 0x0000000100000000)
  eden space 6656K, 0% used [0x00000000eab00000,0x00000000eab00000,0x00000000eb180000)
  from space 1024K, 67% used [0x00000000eb500000,0x00000000eb5ad200,0x00000000eb600000)
  to   space 1024K, 0% used [0x00000000eb400000,0x00000000eb400000,0x00000000eb500000)
 ParOldGen       total 659968K, used 659899K [0x00000000c0000000, 0x00000000e8480000, 0x00000000eab00000)
  object space 659968K, 99% used [0x00000000c0000000,0x00000000e846edc8,0x00000000e8480000)
 Metaspace       used 79655K, committed 81344K, reserved 1179648K
  class space    used 8216K, committed 8960K, reserved 1048576K
}
Event: 253.543 GC heap before
{Heap before GC invocations=1166 (full 3):
 PSYoungGen      total 7680K, used 7348K [0x00000000eab00000, 0x00000000eb600000, 0x0000000100000000)
  eden space 6656K, 100% used [0x00000000eab00000,0x00000000eb180000,0x00000000eb180000)
  from space 1024K, 67% used [0x00000000eb500000,0x00000000eb5ad200,0x00000000eb600000)
  to   space 1024K, 0% used [0x00000000eb400000,0x00000000eb400000,0x00000000eb500000)
 ParOldGen       total 659968K, used 659899K [0x00000000c0000000, 0x00000000e8480000, 0x00000000eab00000)
  object space 659968K, 99% used [0x00000000c0000000,0x00000000e846edc8,0x00000000e8480000)
 Metaspace       used 79770K, committed 81536K, reserved 1179648K
  class space    used 8222K, committed 9024K, reserved 1048576K
}
Event: 253.546 GC heap after
{Heap after GC invocations=1166 (full 3):
 PSYoungGen      total 7680K, used 320K [0x00000000eab00000, 0x00000000eb580000, 0x0000000100000000)
  eden space 6656K, 0% used [0x00000000eab00000,0x00000000eab00000,0x00000000eb180000)
  from space 1024K, 31% used [0x00000000eb400000,0x00000000eb450000,0x00000000eb500000)
  to   space 512K, 0% used [0x00000000eb500000,0x00000000eb500000,0x00000000eb580000)
 ParOldGen       total 660480K, used 660059K [0x00000000c0000000, 0x00000000e8500000, 0x00000000eab00000)
  object space 660480K, 99% used [0x00000000c0000000,0x00000000e8496dc8,0x00000000e8500000)
 Metaspace       used 79770K, committed 81536K, reserved 1179648K
  class space    used 8222K, committed 9024K, reserved 1048576K
}
Event: 642.000 GC heap before
{Heap before GC invocations=1167 (full 3):
 PSYoungGen      total 7680K, used 6976K [0x00000000eab00000, 0x00000000eb580000, 0x0000000100000000)
  eden space 6656K, 100% used [0x00000000eab00000,0x00000000eb180000,0x00000000eb180000)
  from space 1024K, 31% used [0x00000000eb400000,0x00000000eb450000,0x00000000eb500000)
  to   space 512K, 0% used [0x00000000eb500000,0x00000000eb500000,0x00000000eb580000)
 ParOldGen       total 660480K, used 660059K [0x00000000c0000000, 0x00000000e8500000, 0x00000000eab00000)
  object space 660480K, 99% used [0x00000000c0000000,0x00000000e8496dc8,0x00000000e8500000)
 Metaspace       used 80054K, committed 81792K, reserved 1179648K
  class space    used 8248K, committed 9088K, reserved 1048576K
}
Event: 642.223 GC heap after
{Heap after GC invocations=1167 (full 3):
 PSYoungGen      total 7168K, used 500K [0x00000000eab00000, 0x00000000eb580000, 0x0000000100000000)
  eden space 6656K, 0% used [0x00000000eab00000,0x00000000eab00000,0x00000000eb180000)
  from space 512K, 97% used [0x00000000eb500000,0x00000000eb57d200,0x00000000eb580000)
  to   space 1024K, 0% used [0x00000000eb380000,0x00000000eb380000,0x00000000eb480000)
 ParOldGen       total 660480K, used 660227K [0x00000000c0000000, 0x00000000e8500000, 0x00000000eab00000)
  object space 660480K, 99% used [0x00000000c0000000,0x00000000e84c0dd8,0x00000000e8500000)
 Metaspace       used 80054K, committed 81792K, reserved 1179648K
  class space    used 8248K, committed 9088K, reserved 1048576K
}
Event: 642.641 GC heap before
{Heap before GC invocations=1168 (full 3):
 PSYoungGen      total 7168K, used 7156K [0x00000000eab00000, 0x00000000eb580000, 0x0000000100000000)
  eden space 6656K, 100% used [0x00000000eab00000,0x00000000eb180000,0x00000000eb180000)
  from space 512K, 97% used [0x00000000eb500000,0x00000000eb57d200,0x00000000eb580000)
  to   space 1024K, 0% used [0x00000000eb380000,0x00000000eb380000,0x00000000eb480000)
 ParOldGen       total 660480K, used 660227K [0x00000000c0000000, 0x00000000e8500000, 0x00000000eab00000)
  object space 660480K, 99% used [0x00000000c0000000,0x00000000e84c0dd8,0x00000000e8500000)
 Metaspace       used 80080K, committed 81792K, reserved 1179648K
  class space    used 8248K, committed 9088K, reserved 1048576K
}
Event: 642.653 GC heap after
{Heap after GC invocations=1168 (full 3):
 PSYoungGen      total 7680K, used 1024K [0x00000000eab00000, 0x00000000eb580000, 0x0000000100000000)
  eden space 6656K, 0% used [0x00000000eab00000,0x00000000eab00000,0x00000000eb180000)
  from space 1024K, 100% used [0x00000000eb380000,0x00000000eb480000,0x00000000eb480000)
  to   space 1024K, 0% used [0x00000000eb480000,0x00000000eb480000,0x00000000eb580000)
 ParOldGen       total 660992K, used 660618K [0x00000000c0000000, 0x00000000e8580000, 0x00000000eab00000)
  object space 660992K, 99% used [0x00000000c0000000,0x00000000e8522800,0x00000000e8580000)
 Metaspace       used 80080K, committed 81792K, reserved 1179648K
  class space    used 8248K, committed 9088K, reserved 1048576K
}
Event: 646.446 GC heap before
{Heap before GC invocations=1169 (full 3):
 PSYoungGen      total 7680K, used 7680K [0x00000000eab00000, 0x00000000eb580000, 0x0000000100000000)
  eden space 6656K, 100% used [0x00000000eab00000,0x00000000eb180000,0x00000000eb180000)
  from space 1024K, 100% used [0x00000000eb380000,0x00000000eb480000,0x00000000eb480000)
  to   space 1024K, 0% used [0x00000000eb480000,0x00000000eb480000,0x00000000eb580000)
 ParOldGen       total 660992K, used 660618K [0x00000000c0000000, 0x00000000e8580000, 0x00000000eab00000)
  object space 660992K, 99% used [0x00000000c0000000,0x00000000e8522800,0x00000000e8580000)
 Metaspace       used 80225K, committed 81984K, reserved 1179648K
  class space    used 8249K, committed 9088K, reserved 1048576K
}
Event: 646.452 GC heap after
{Heap after GC invocations=1169 (full 3):
 PSYoungGen      total 7680K, used 996K [0x00000000eab00000, 0x00000000eb580000, 0x0000000100000000)
  eden space 6656K, 0% used [0x00000000eab00000,0x00000000eab00000,0x00000000eb180000)
  from space 1024K, 97% used [0x00000000eb480000,0x00000000eb579210,0x00000000eb580000)
  to   space 1024K, 0% used [0x00000000eb380000,0x00000000eb380000,0x00000000eb480000)
 ParOldGen       total 661504K, used 661378K [0x00000000c0000000, 0x00000000e8600000, 0x00000000eab00000)
  object space 661504K, 99% used [0x00000000c0000000,0x00000000e85e0810,0x00000000e8600000)
 Metaspace       used 80225K, committed 81984K, reserved 1179648K
  class space    used 8249K, committed 9088K, reserved 1048576K
}

Dll operation events (12 events):
Event: 0.112 Loaded shared library c:\Users\tanma\.vscode\extensions\redhat.java-1.42.0-win32-x64\jre\21.0.7-win32-x86_64\bin\java.dll
Event: 0.309 Loaded shared library c:\Users\tanma\.vscode\extensions\redhat.java-1.42.0-win32-x64\jre\21.0.7-win32-x86_64\bin\zip.dll
Event: 0.342 Loaded shared library C:\Users\tanma\.vscode\extensions\redhat.java-1.42.0-win32-x64\jre\21.0.7-win32-x86_64\bin\instrument.dll
Event: 0.362 Loaded shared library C:\Users\tanma\.vscode\extensions\redhat.java-1.42.0-win32-x64\jre\21.0.7-win32-x86_64\bin\net.dll
Event: 0.380 Loaded shared library C:\Users\tanma\.vscode\extensions\redhat.java-1.42.0-win32-x64\jre\21.0.7-win32-x86_64\bin\nio.dll
Event: 0.386 Loaded shared library C:\Users\tanma\.vscode\extensions\redhat.java-1.42.0-win32-x64\jre\21.0.7-win32-x86_64\bin\zip.dll
Event: 0.410 Loaded shared library C:\Users\tanma\.vscode\extensions\redhat.java-1.42.0-win32-x64\jre\21.0.7-win32-x86_64\bin\jimage.dll
Event: 0.538 Loaded shared library c:\Users\tanma\.vscode\extensions\redhat.java-1.42.0-win32-x64\jre\21.0.7-win32-x86_64\bin\verify.dll
Event: 7.157 Loaded shared library C:\Users\tanma\AppData\Roaming\Code\User\globalStorage\redhat.java\1.42.0\config_win\org.eclipse.equinox.launcher\org.eclipse.equinox.launcher.win32.win32.x86_64_1.2.1300.v20250331-1702\eclipse_11911.dll
Event: 17.652 Loaded shared library C:\Users\tanma\AppData\Local\Temp\jna-110127349\jna9348506812912255971.dll
Event: 19.329 Loaded shared library C:\Users\tanma\.vscode\extensions\redhat.java-1.42.0-win32-x64\jre\21.0.7-win32-x86_64\bin\sunmscapi.dll
Event: 19.973 Loaded shared library C:\Users\tanma\.vscode\extensions\redhat.java-1.42.0-win32-x64\jre\21.0.7-win32-x86_64\bin\extnet.dll

Deoptimization events (20 events):
Event: 646.436 Thread 0x000001aae6685c90 Uncommon trap: trap_request=0xffffffd6 fr.pc=0x000001aad5aa8014 relative=0x0000000000000434
Event: 646.436 Thread 0x000001aae6685c90 Uncommon trap: reason=array_check action=maybe_recompile pc=0x000001aad5aa8014 method=org.eclipse.jdt.internal.compiler.lookup.UnresolvedReferenceBinding.addWrapper(Lorg/eclipse/jdt/internal/compiler/lookup/HotSwappable;Lorg/eclipse/jdt/internal/compiler/
Event: 646.436 Thread 0x000001aae6685c90 DEOPT PACKING pc=0x000001aad5aa8014 sp=0x0000004cf21fd5e0
Event: 646.436 Thread 0x000001aae6685c90 DEOPT UNPACKING pc=0x000001aad4803aa2 sp=0x0000004cf21fd590 mode 2
Event: 646.436 Thread 0x000001aae6685c90 Uncommon trap: trap_request=0xffffffd6 fr.pc=0x000001aad5aa8014 relative=0x0000000000000434
Event: 646.436 Thread 0x000001aae6685c90 Uncommon trap: reason=array_check action=maybe_recompile pc=0x000001aad5aa8014 method=org.eclipse.jdt.internal.compiler.lookup.UnresolvedReferenceBinding.addWrapper(Lorg/eclipse/jdt/internal/compiler/lookup/HotSwappable;Lorg/eclipse/jdt/internal/compiler/
Event: 646.436 Thread 0x000001aae6685c90 DEOPT PACKING pc=0x000001aad5aa8014 sp=0x0000004cf21fd4c0
Event: 646.436 Thread 0x000001aae6685c90 DEOPT UNPACKING pc=0x000001aad4803aa2 sp=0x0000004cf21fd470 mode 2
Event: 646.441 Thread 0x000001aae6685c90 Uncommon trap: trap_request=0xffffffd6 fr.pc=0x000001aad5aa8014 relative=0x0000000000000434
Event: 646.441 Thread 0x000001aae6685c90 Uncommon trap: reason=array_check action=maybe_recompile pc=0x000001aad5aa8014 method=org.eclipse.jdt.internal.compiler.lookup.UnresolvedReferenceBinding.addWrapper(Lorg/eclipse/jdt/internal/compiler/lookup/HotSwappable;Lorg/eclipse/jdt/internal/compiler/
Event: 646.441 Thread 0x000001aae6685c90 DEOPT PACKING pc=0x000001aad5aa8014 sp=0x0000004cf21fb9b0
Event: 646.441 Thread 0x000001aae6685c90 DEOPT UNPACKING pc=0x000001aad4803aa2 sp=0x0000004cf21fb960 mode 2
Event: 646.441 Thread 0x000001aae6685c90 Uncommon trap: trap_request=0xffffffd6 fr.pc=0x000001aad5aa8014 relative=0x0000000000000434
Event: 646.441 Thread 0x000001aae6685c90 Uncommon trap: reason=array_check action=maybe_recompile pc=0x000001aad5aa8014 method=org.eclipse.jdt.internal.compiler.lookup.UnresolvedReferenceBinding.addWrapper(Lorg/eclipse/jdt/internal/compiler/lookup/HotSwappable;Lorg/eclipse/jdt/internal/compiler/
Event: 646.441 Thread 0x000001aae6685c90 DEOPT PACKING pc=0x000001aad5aa8014 sp=0x0000004cf21fbb40
Event: 646.441 Thread 0x000001aae6685c90 DEOPT UNPACKING pc=0x000001aad4803aa2 sp=0x0000004cf21fbaf0 mode 2
Event: 646.507 Thread 0x000001aae6685c90 Uncommon trap: trap_request=0xffffffde fr.pc=0x000001aad570ef98 relative=0x0000000000000078
Event: 646.507 Thread 0x000001aae6685c90 Uncommon trap: reason=class_check action=maybe_recompile pc=0x000001aad570ef98 method=java.util.LinkedHashMap.afterNodeInsertion(Z)V @ 15 c2
Event: 646.507 Thread 0x000001aae6685c90 DEOPT PACKING pc=0x000001aad570ef98 sp=0x0000004cf21feda0
Event: 646.507 Thread 0x000001aae6685c90 DEOPT UNPACKING pc=0x000001aad4803aa2 sp=0x0000004cf21fed18 mode 2

Classes loaded (20 events):
Event: 75.992 Loading class java/util/concurrent/CompletableFuture$UniHandle
Event: 75.992 Loading class java/util/concurrent/CompletableFuture$UniHandle done
Event: 252.467 Loading class jdk/internal/ref/CleanerImpl$InnocuousThreadFactory
Event: 252.468 Loading class jdk/internal/ref/CleanerImpl$InnocuousThreadFactory done
Event: 321.393 Loading class java/util/stream/Nodes$CollectorTask$OfRef
Event: 321.401 Loading class java/util/stream/Nodes$CollectorTask
Event: 321.410 Loading class java/util/stream/Nodes$CollectorTask done
Event: 321.410 Loading class java/util/stream/Nodes$CollectorTask$OfRef done
Event: 321.411 Loading class java/util/function/LongFunction
Event: 321.413 Loading class java/util/function/LongFunction done
Event: 321.421 Loading class java/util/stream/Nodes$ConcNode
Event: 321.425 Loading class java/util/stream/Nodes$AbstractConcNode
Event: 321.427 Loading class java/util/stream/Nodes$AbstractConcNode done
Event: 321.427 Loading class java/util/stream/Nodes$ConcNode done
Event: 321.555 Loading class java/io/ObjectOutputStream$BlockDataOutputStream
Event: 321.561 Loading class java/io/ObjectOutputStream$BlockDataOutputStream done
Event: 321.562 Loading class java/io/ObjectOutputStream$HandleTable
Event: 321.564 Loading class java/io/ObjectOutputStream$HandleTable done
Event: 321.565 Loading class java/io/ObjectOutputStream$ReplaceTable
Event: 321.566 Loading class java/io/ObjectOutputStream$ReplaceTable done

Classes unloaded (7 events):
Event: 18.140 Thread 0x000001aaca229980 Unloading class 0x000001aa811ac400 'java/lang/invoke/LambdaForm$MH+0x000001aa811ac400'
Event: 18.140 Thread 0x000001aaca229980 Unloading class 0x000001aa811ac000 'java/lang/invoke/LambdaForm$MH+0x000001aa811ac000'
Event: 18.140 Thread 0x000001aaca229980 Unloading class 0x000001aa811abc00 'java/lang/invoke/LambdaForm$MH+0x000001aa811abc00'
Event: 18.140 Thread 0x000001aaca229980 Unloading class 0x000001aa811ab800 'java/lang/invoke/LambdaForm$MH+0x000001aa811ab800'
Event: 18.140 Thread 0x000001aaca229980 Unloading class 0x000001aa811ab400 'java/lang/invoke/LambdaForm$BMH+0x000001aa811ab400'
Event: 18.140 Thread 0x000001aaca229980 Unloading class 0x000001aa811ab000 'java/lang/invoke/LambdaForm$DMH+0x000001aa811ab000'
Event: 18.140 Thread 0x000001aaca229980 Unloading class 0x000001aa811a9c00 'java/lang/invoke/LambdaForm$DMH+0x000001aa811a9c00'

Classes redefined (0 events):
No events

Internal exceptions (20 events):
Event: 70.885 Thread 0x000001aae66800b0 Exception <a 'sun/nio/fs/WindowsException'{0x00000000eac78698}> (0x00000000eac78698) 
thrown [s\src\hotspot\share\prims\jni.cpp, line 520]
Event: 70.885 Thread 0x000001aae66800b0 Exception <a 'sun/nio/fs/WindowsException'{0x00000000eac79020}> (0x00000000eac79020) 
thrown [s\src\hotspot\share\prims\jni.cpp, line 520]
Event: 71.276 Thread 0x000001aae6dca100 Exception <a 'java/io/FileNotFoundException'{0x00000000ead1cac0}> (0x00000000ead1cac0) 
thrown [s\src\hotspot\share\prims\jni.cpp, line 520]
Event: 71.551 Thread 0x000001aae6dca100 Exception <a 'java/lang/NoSuchMethodError'{0x00000000eac9ba60}: 'java.lang.Object java.lang.invoke.DirectMethodHandle$Holder.invokeVirtual(java.lang.Object, java.lang.Object, java.lang.Object, java.lang.Object)'> (0x00000000eac9ba60) 
thrown [s\src\hotspot\share\interpreter\linkResolver.cpp, line 773]
Event: 71.626 Thread 0x000001aae6dcefc0 Exception <a 'java/lang/NoSuchMethodError'{0x00000000eaba4e08}: 'java.lang.Object java.lang.invoke.DirectMethodHandle$Holder.invokeStatic(java.lang.Object, long, java.lang.Object, java.lang.Object)'> (0x00000000eaba4e08) 
thrown [s\src\hotspot\share\interpreter\linkResolver.cpp, line 773]
Event: 71.663 Thread 0x000001aae6dcefc0 Exception <a 'sun/nio/fs/WindowsException'{0x00000000eac410f0}> (0x00000000eac410f0) 
thrown [s\src\hotspot\share\prims\jni.cpp, line 520]
Event: 71.664 Thread 0x000001aae6dcefc0 Exception <a 'sun/nio/fs/WindowsException'{0x00000000eac421a0}> (0x00000000eac421a0) 
thrown [s\src\hotspot\share\prims\jni.cpp, line 520]
Event: 71.692 Thread 0x000001aae6dcefc0 Exception <a 'java/lang/NoSuchMethodError'{0x00000000eacbe648}: 'void java.lang.invoke.DirectMethodHandle$Holder.invokeStatic(java.lang.Object, java.lang.Object, java.lang.Object, java.lang.Object, java.lang.Object, java.lang.Object, java.lang.Object)'> (0x00000000eacbe648) 
thrown [s\src\hotspot\share\interpreter\linkResolver.cpp, line 773]
Event: 75.763 Thread 0x000001aae6dcdc10 Exception <a 'java/lang/NoSuchMethodError'{0x00000000eacfbd78}: 'long java.lang.invoke.DelegatingMethodHandle$Holder.reinvoke_L(java.lang.Object, java.lang.Object)'> (0x00000000eacfbd78) 
thrown [s\src\hotspot\share\interpreter\linkResolver.cpp, line 773]
Event: 75.764 Thread 0x000001aae6dcdc10 Exception <a 'java/lang/NoSuchMethodError'{0x00000000ead06038}: 'void java.lang.invoke.DelegatingMethodHandle$Holder.reinvoke_L(java.lang.Object, java.lang.Object, long)'> (0x00000000ead06038) 
thrown [s\src\hotspot\share\interpreter\linkResolver.cpp, line 773]
Event: 75.783 Thread 0x000001aae6dcdc10 Exception <a 'sun/nio/fs/WindowsException'{0x00000000ead75400}> (0x00000000ead75400) 
thrown [s\src\hotspot\share\prims\jni.cpp, line 520]
Event: 75.784 Thread 0x000001aae6dcdc10 Exception <a 'sun/nio/fs/WindowsException'{0x00000000ead75ee0}> (0x00000000ead75ee0) 
thrown [s\src\hotspot\share\prims\jni.cpp, line 520]
Event: 75.993 Thread 0x000001aae6dcdc10 Exception <a 'java/lang/NoSuchMethodError'{0x00000000eab44540}: 'long java.lang.invoke.Invokers$Holder.invokeExact_MT(java.lang.Object, java.lang.Object, java.lang.Object)'> (0x00000000eab44540) 
thrown [s\src\hotspot\share\interpreter\linkResolver.cpp, line 773]
Event: 250.907 Thread 0x000001aae87db870 Exception <a 'java/lang/IncompatibleClassChangeError'{0x00000000eaf58948}: Found class java.lang.Object, but interface was expected> (0x00000000eaf58948) 
thrown [s\src\hotspot\share\interpreter\linkResolver.cpp, line 840]
Event: 251.000 Thread 0x000001aae87db870 Exception <a 'java/lang/IncompatibleClassChangeError'{0x00000000eaf744d8}: Found class java.lang.Object, but interface was expected> (0x00000000eaf744d8) 
thrown [s\src\hotspot\share\interpreter\linkResolver.cpp, line 840]
Event: 251.140 Thread 0x000001aae6680740 Exception <a 'java/lang/NoSuchMethodError'{0x00000000eafdb1f8}: 'java.lang.Object java.lang.invoke.DirectMethodHandle$Holder.invokeStatic(java.lang.Object, int, int, java.lang.Object)'> (0x00000000eafdb1f8) 
thrown [s\src\hotspot\share\interpreter\linkResolver.cpp, line 773]
Event: 251.531 Thread 0x000001aae87db870 Exception <a 'java/lang/IncompatibleClassChangeError'{0x00000000eb17e100}: Found class java.lang.Object, but interface was expected> (0x00000000eb17e100) 
thrown [s\src\hotspot\share\interpreter\linkResolver.cpp, line 840]
Event: 251.914 Thread 0x000001aae87db870 Exception <a 'java/lang/IncompatibleClassChangeError'{0x00000000eadd9318}: Found class java.lang.Object, but interface was expected> (0x00000000eadd9318) 
thrown [s\src\hotspot\share\interpreter\linkResolver.cpp, line 840]
Event: 321.718 Thread 0x000001aae13e3e00 Exception <a 'java/lang/NoSuchMethodError'{0x00000000eace8328}: static [J.<clinit>()V> (0x00000000eace8328) 
thrown [s\src\hotspot\share\prims\jni.cpp, line 1111]
Event: 321.762 Thread 0x000001aae13e3e00 Exception <a 'java/lang/NoSuchMethodError'{0x00000000ead1e460}: 'java.lang.Object java.lang.invoke.DirectMethodHandle$Holder.newInvokeSpecial(java.lang.Object, java.lang.Object, java.lang.Object, java.lang.Object, java.lang.Object, java.lang.Object, java.lang.Object, java.lang.Object)'> (0x00000000ead1e460) 
thrown [s\src\hotspot\share\interpreter\linkResolver.cpp, line 773]

ZGC Phase Switch (0 events):
No events

VM Operations (20 events):
Event: 322.963 Executing VM operation: Cleanup
Event: 322.963 Executing VM operation: Cleanup done
Event: 360.798 Executing VM operation: HandshakeAllThreads (HandshakeForDeflation)
Event: 360.806 Executing VM operation: HandshakeAllThreads (HandshakeForDeflation) done
Event: 360.806 Executing VM operation: RendezvousGCThreads
Event: 360.806 Executing VM operation: RendezvousGCThreads done
Event: 375.985 Executing VM operation: Cleanup
Event: 375.985 Executing VM operation: Cleanup done
Event: 590.193 Executing VM operation: Cleanup
Event: 590.193 Executing VM operation: Cleanup done
Event: 641.788 Executing VM operation: Cleanup
Event: 641.789 Executing VM operation: Cleanup done
Event: 641.999 Executing VM operation: ParallelGCFailedAllocation (Allocation Failure)
Event: 642.223 Executing VM operation: ParallelGCFailedAllocation (Allocation Failure) done
Event: 642.640 Executing VM operation: ParallelGCFailedAllocation (Allocation Failure)
Event: 642.653 Executing VM operation: ParallelGCFailedAllocation (Allocation Failure) done
Event: 643.657 Executing VM operation: Cleanup
Event: 643.657 Executing VM operation: Cleanup done
Event: 646.446 Executing VM operation: ParallelGCFailedAllocation (Allocation Failure)
Event: 646.452 Executing VM operation: ParallelGCFailedAllocation (Allocation Failure) done

Memory protections (0 events):
No events

Nmethod flushes (20 events):
Event: 34.796 Thread 0x000001aaca229980 flushing  nmethod 0x000001aacdd33b10
Event: 34.796 Thread 0x000001aaca229980 flushing  nmethod 0x000001aacdd34590
Event: 34.796 Thread 0x000001aaca229980 flushing  nmethod 0x000001aacdd35c90
Event: 34.796 Thread 0x000001aaca229980 flushing  nmethod 0x000001aacdd4a390
Event: 34.796 Thread 0x000001aaca229980 flushing  nmethod 0x000001aacddbfc90
Event: 34.796 Thread 0x000001aaca229980 flushing  nmethod 0x000001aacddc9390
Event: 34.796 Thread 0x000001aaca229980 flushing  nmethod 0x000001aacddcf710
Event: 34.796 Thread 0x000001aaca229980 flushing  nmethod 0x000001aacddd0090
Event: 34.796 Thread 0x000001aaca229980 flushing  nmethod 0x000001aacddd0510
Event: 34.796 Thread 0x000001aaca229980 flushing  nmethod 0x000001aacddd4f10
Event: 34.796 Thread 0x000001aaca229980 flushing  nmethod 0x000001aacdde5990
Event: 34.796 Thread 0x000001aaca229980 flushing  nmethod 0x000001aacdde8090
Event: 34.796 Thread 0x000001aaca229980 flushing  nmethod 0x000001aacdde8c10
Event: 34.796 Thread 0x000001aaca229980 flushing  nmethod 0x000001aacdde9b10
Event: 34.796 Thread 0x000001aaca229980 flushing  nmethod 0x000001aacddea610
Event: 34.796 Thread 0x000001aaca229980 flushing  nmethod 0x000001aacddea990
Event: 34.796 Thread 0x000001aaca229980 flushing  nmethod 0x000001aacddece90
Event: 34.796 Thread 0x000001aaca229980 flushing  nmethod 0x000001aacddf8b90
Event: 34.796 Thread 0x000001aaca229980 flushing  nmethod 0x000001aacde09490
Event: 34.796 Thread 0x000001aaca229980 flushing  nmethod 0x000001aacde19d90

Events (20 events):
Event: 336.948 Thread 0x000001aae97530f0 Thread exited: 0x000001aae97530f0
Event: 336.980 Thread 0x000001aae9752a60 Thread exited: 0x000001aae9752a60
Event: 336.980 Thread 0x000001aae9753780 Thread exited: 0x000001aae9753780
Event: 336.980 Thread 0x000001aae9753e10 Thread exited: 0x000001aae9753e10
Event: 337.012 Thread 0x000001aae9754b30 Thread exited: 0x000001aae9754b30
Event: 337.041 Thread 0x000001aae97551c0 Thread exited: 0x000001aae97551c0
Event: 337.041 Thread 0x000001aae9751d40 Thread exited: 0x000001aae9751d40
Event: 337.090 Thread 0x000001aae9750300 Thread exited: 0x000001aae9750300
Event: 337.108 Thread 0x000001aae6684f70 Thread exited: 0x000001aae6684f70
Event: 337.274 Thread 0x000001aae9755850 Thread exited: 0x000001aae9755850
Event: 373.574 Thread 0x000001aae9756570 Thread exited: 0x000001aae9756570
Event: 397.118 Thread 0x000001aae66876d0 Thread exited: 0x000001aae66876d0
Event: 433.590 Thread 0x000001aae87d69b0 Thread exited: 0x000001aae87d69b0
Event: 457.131 Thread 0x000001aae6681af0 Thread exited: 0x000001aae6681af0
Event: 493.598 Thread 0x000001aae87d7040 Thread exited: 0x000001aae87d7040
Event: 517.164 Thread 0x000001aae8f5aca0 Thread exited: 0x000001aae8f5aca0
Event: 553.610 Thread 0x000001aae97516b0 Thread exited: 0x000001aae97516b0
Event: 577.172 Thread 0x000001aae8f601f0 Thread exited: 0x000001aae8f601f0
Event: 613.616 Thread 0x000001aae6680dd0 Thread exited: 0x000001aae6680dd0
Event: 637.180 Thread 0x000001aae6683530 Thread exited: 0x000001aae6683530


Dynamic libraries:
0x00007ff7b7b60000 - 0x00007ff7b7b6e000 	c:\Users\tanma\.vscode\extensions\redhat.java-1.42.0-win32-x64\jre\21.0.7-win32-x86_64\bin\java.exe
0x00007ffaf5350000 - 0x00007ffaf5567000 	C:\WINDOWS\SYSTEM32\ntdll.dll
0x00007ffaf3ad0000 - 0x00007ffaf3b94000 	C:\WINDOWS\System32\KERNEL32.DLL
0x00007ffaf2450000 - 0x00007ffaf2823000 	C:\WINDOWS\System32\KERNELBASE.dll
0x00007ffaec390000 - 0x00007ffaec427000 	C:\WINDOWS\SYSTEM32\apphelp.dll
0x000000006e300000 - 0x000000006e632000 	C:\Program Files\Norton Security\NortonData\22.22.4.13\Definitions\IPSDefs\20231213.064\IPSEng64.dll
0x00007ffaf2ff0000 - 0x00007ffaf30a1000 	C:\WINDOWS\System32\ADVAPI32.dll
0x00007ffaf3f20000 - 0x00007ffaf3fc7000 	C:\WINDOWS\System32\msvcrt.dll
0x00007ffaf4040000 - 0x00007ffaf40e7000 	C:\WINDOWS\System32\sechost.dll
0x00007ffaf2e70000 - 0x00007ffaf2e98000 	C:\WINDOWS\System32\bcrypt.dll
0x00007ffaf30c0000 - 0x00007ffaf31d4000 	C:\WINDOWS\System32\RPCRT4.dll
0x00007ffaf30b0000 - 0x00007ffaf30b8000 	C:\WINDOWS\System32\PSAPI.DLL
0x00007ffaf2830000 - 0x00007ffaf2941000 	C:\WINDOWS\System32\ucrtbase.dll
0x00007ffa753c0000 - 0x00007ffa753d8000 	c:\Users\tanma\.vscode\extensions\redhat.java-1.42.0-win32-x64\jre\21.0.7-win32-x86_64\bin\jli.dll
0x00007ffa74ce0000 - 0x00007ffa74cfe000 	c:\Users\tanma\.vscode\extensions\redhat.java-1.42.0-win32-x64\jre\21.0.7-win32-x86_64\bin\VCRUNTIME140.dll
0x00007ffaf3ba0000 - 0x00007ffaf3d51000 	C:\WINDOWS\System32\USER32.dll
0x00007ffae10f0000 - 0x00007ffae138b000 	C:\WINDOWS\WinSxS\amd64_microsoft.windows.common-controls_6595b64144ccf1df_6.0.22621.5262_none_2712bde373830908\COMCTL32.dll
0x00007ffaf2f40000 - 0x00007ffaf2f66000 	C:\WINDOWS\System32\win32u.dll
0x00007ffaf3e70000 - 0x00007ffaf3e99000 	C:\WINDOWS\System32\GDI32.dll
0x00007ffaf2ac0000 - 0x00007ffaf2be2000 	C:\WINDOWS\System32\gdi32full.dll
0x00007ffaf2ea0000 - 0x00007ffaf2f3a000 	C:\WINDOWS\System32\msvcp_win.dll
0x00007ffaf41a0000 - 0x00007ffaf41d1000 	C:\WINDOWS\System32\IMM32.DLL
0x00007ffabd2b0000 - 0x00007ffabd2bc000 	c:\Users\tanma\.vscode\extensions\redhat.java-1.42.0-win32-x64\jre\21.0.7-win32-x86_64\bin\vcruntime140_1.dll
0x00007ffa59bc0000 - 0x00007ffa59c4d000 	c:\Users\tanma\.vscode\extensions\redhat.java-1.42.0-win32-x64\jre\21.0.7-win32-x86_64\bin\msvcp140.dll
0x00007ffa26520000 - 0x00007ffa272b0000 	c:\Users\tanma\.vscode\extensions\redhat.java-1.42.0-win32-x64\jre\21.0.7-win32-x86_64\bin\server\jvm.dll
0x00007ffaf49f0000 - 0x00007ffaf4a61000 	C:\WINDOWS\System32\WS2_32.dll
0x00007ffaf2320000 - 0x00007ffaf236d000 	C:\WINDOWS\SYSTEM32\POWRPROF.dll
0x00007ffaecc00000 - 0x00007ffaecc34000 	C:\WINDOWS\SYSTEM32\WINMM.dll
0x00007ffaea340000 - 0x00007ffaea34a000 	C:\WINDOWS\SYSTEM32\VERSION.dll
0x00007ffaf2300000 - 0x00007ffaf2313000 	C:\WINDOWS\SYSTEM32\UMPDC.dll
0x00007ffaf1450000 - 0x00007ffaf1468000 	C:\WINDOWS\SYSTEM32\kernel.appcore.dll
0x00007ffab9ed0000 - 0x00007ffab9eda000 	c:\Users\tanma\.vscode\extensions\redhat.java-1.42.0-win32-x64\jre\21.0.7-win32-x86_64\bin\jimage.dll
0x00007ffaf00e0000 - 0x00007ffaf0312000 	C:\WINDOWS\SYSTEM32\DBGHELP.DLL
0x00007ffaf44f0000 - 0x00007ffaf4883000 	C:\WINDOWS\System32\combase.dll
0x00007ffaf4310000 - 0x00007ffaf43e7000 	C:\WINDOWS\System32\OLEAUT32.dll
0x00007ffae2c50000 - 0x00007ffae2c82000 	C:\WINDOWS\SYSTEM32\dbgcore.DLL
0x00007ffaf2df0000 - 0x00007ffaf2e6b000 	C:\WINDOWS\System32\bcryptPrimitives.dll
0x00007ffab4680000 - 0x00007ffab468f000 	c:\Users\tanma\.vscode\extensions\redhat.java-1.42.0-win32-x64\jre\21.0.7-win32-x86_64\bin\instrument.dll
0x00007ffa74cc0000 - 0x00007ffa74cdf000 	c:\Users\tanma\.vscode\extensions\redhat.java-1.42.0-win32-x64\jre\21.0.7-win32-x86_64\bin\java.dll
0x00007ffaf4a70000 - 0x00007ffaf530d000 	C:\WINDOWS\System32\SHELL32.dll
0x00007ffaf2bf0000 - 0x00007ffaf2d2f000 	C:\WINDOWS\System32\wintypes.dll
0x00007ffaf0340000 - 0x00007ffaf0c5d000 	C:\WINDOWS\SYSTEM32\windows.storage.dll
0x00007ffaf3d60000 - 0x00007ffaf3e6b000 	C:\WINDOWS\System32\SHCORE.dll
0x00007ffaf3ea0000 - 0x00007ffaf3f06000 	C:\WINDOWS\System32\shlwapi.dll
0x00007ffaf2380000 - 0x00007ffaf23ab000 	C:\WINDOWS\SYSTEM32\profapi.dll
0x00007ffa74ca0000 - 0x00007ffa74cb8000 	c:\Users\tanma\.vscode\extensions\redhat.java-1.42.0-win32-x64\jre\21.0.7-win32-x86_64\bin\zip.dll
0x00007ffab45b0000 - 0x00007ffab45c0000 	C:\Users\tanma\.vscode\extensions\redhat.java-1.42.0-win32-x64\jre\21.0.7-win32-x86_64\bin\net.dll
0x00007ffaed440000 - 0x00007ffaed56c000 	C:\WINDOWS\SYSTEM32\WINHTTP.dll
0x00007ffaf18c0000 - 0x00007ffaf192a000 	C:\WINDOWS\system32\mswsock.dll
0x00007ffa73e40000 - 0x00007ffa73e56000 	C:\Users\tanma\.vscode\extensions\redhat.java-1.42.0-win32-x64\jre\21.0.7-win32-x86_64\bin\nio.dll
0x00007ffab42f0000 - 0x00007ffab4300000 	c:\Users\tanma\.vscode\extensions\redhat.java-1.42.0-win32-x64\jre\21.0.7-win32-x86_64\bin\verify.dll
0x00007ffa43f00000 - 0x00007ffa43f45000 	C:\Users\tanma\AppData\Roaming\Code\User\globalStorage\redhat.java\1.42.0\config_win\org.eclipse.equinox.launcher\org.eclipse.equinox.launcher.win32.win32.x86_64_1.2.1300.v20250331-1702\eclipse_11911.dll
0x00007ffaf3920000 - 0x00007ffaf3ac1000 	C:\WINDOWS\System32\ole32.dll
0x00007ffaf1b60000 - 0x00007ffaf1b7b000 	C:\WINDOWS\SYSTEM32\CRYPTSP.dll
0x00007ffaf13b0000 - 0x00007ffaf13e7000 	C:\WINDOWS\system32\rsaenh.dll
0x00007ffaf1960000 - 0x00007ffaf1988000 	C:\WINDOWS\SYSTEM32\USERENV.dll
0x00007ffaf1ac0000 - 0x00007ffaf1acc000 	C:\WINDOWS\SYSTEM32\CRYPTBASE.dll
0x00007ffaf0f00000 - 0x00007ffaf0f2d000 	C:\WINDOWS\SYSTEM32\IPHLPAPI.DLL
0x00007ffaf40f0000 - 0x00007ffaf40f9000 	C:\WINDOWS\System32\NSI.dll
0x00007ffa40600000 - 0x00007ffa40649000 	C:\Users\tanma\AppData\Local\Temp\jna-110127349\jna9348506812912255971.dll
0x00007ffaed140000 - 0x00007ffaed159000 	C:\WINDOWS\SYSTEM32\dhcpcsvc6.DLL
0x00007ffaecee0000 - 0x00007ffaeceff000 	C:\WINDOWS\SYSTEM32\dhcpcsvc.DLL
0x00007ffaae1e0000 - 0x00007ffaae1ee000 	C:\Users\tanma\.vscode\extensions\redhat.java-1.42.0-win32-x64\jre\21.0.7-win32-x86_64\bin\sunmscapi.dll
0x00007ffaf2950000 - 0x00007ffaf2ab7000 	C:\WINDOWS\System32\CRYPT32.dll
0x00007ffaf1d00000 - 0x00007ffaf1d2d000 	C:\WINDOWS\SYSTEM32\ncrypt.dll
0x00007ffaf1cc0000 - 0x00007ffaf1cf7000 	C:\WINDOWS\SYSTEM32\NTASN1.dll
0x00007ffaf0f30000 - 0x00007ffaf1028000 	C:\WINDOWS\SYSTEM32\DNSAPI.dll
0x00007ffaea200000 - 0x00007ffaea20a000 	C:\Windows\System32\rasadhlp.dll
0x00007ffaec520000 - 0x00007ffaec5a3000 	C:\WINDOWS\System32\fwpuclnt.dll
0x00007ffaa9a20000 - 0x00007ffaa9a29000 	C:\Users\tanma\.vscode\extensions\redhat.java-1.42.0-win32-x64\jre\21.0.7-win32-x86_64\bin\extnet.dll
0x00007ffaf1560000 - 0x00007ffaf1594000 	C:\WINDOWS\SYSTEM32\ntmarta.dll

dbghelp: loaded successfully - version: 4.0.5 - missing functions: none
symbol engine: initialized successfully - sym options: 0x614 - pdb path: .;c:\Users\tanma\.vscode\extensions\redhat.java-1.42.0-win32-x64\jre\21.0.7-win32-x86_64\bin;C:\WINDOWS\SYSTEM32;C:\Program Files\Norton Security\NortonData\22.22.4.13\Definitions\IPSDefs\20231213.064;C:\WINDOWS\WinSxS\amd64_microsoft.windows.common-controls_6595b64144ccf1df_6.0.22621.5262_none_2712bde373830908;c:\Users\tanma\.vscode\extensions\redhat.java-1.42.0-win32-x64\jre\21.0.7-win32-x86_64\bin\server;C:\Users\tanma\AppData\Roaming\Code\User\globalStorage\redhat.java\1.42.0\config_win\org.eclipse.equinox.launcher\org.eclipse.equinox.launcher.win32.win32.x86_64_1.2.1300.v20250331-1702;C:\Users\tanma\AppData\Local\Temp\jna-110127349

VM Arguments:
jvm_args: --add-modules=ALL-SYSTEM --add-opens=java.base/java.util=ALL-UNNAMED --add-opens=java.base/java.lang=ALL-UNNAMED --add-opens=java.base/sun.nio.fs=ALL-UNNAMED -Declipse.application=org.eclipse.jdt.ls.core.id1 -Dosgi.bundles.defaultStartLevel=4 -Declipse.product=org.eclipse.jdt.ls.core.product -Djava.import.generatesMetadataFilesAtProjectRoot=false -DDetectVMInstallationsJob.disabled=true -Dfile.encoding=utf8 -XX:+UseParallelGC -XX:GCTimeRatio=4 -XX:AdaptiveSizePolicyWeight=90 -Dsun.zip.disableMemoryMapping=true -Xmx1G -Xms100m -Xlog:disable -javaagent:c:\Users\tanma\.vscode\extensions\redhat.java-1.42.0-win32-x64\lombok\lombok-1.18.36.jar -XX:+HeapDumpOnOutOfMemoryError -XX:HeapDumpPath=c:\Users\tanma\AppData\Roaming\Code\User\workspaceStorage\89240fbca4adb2b40d9c8e8d66c81886\redhat.java -Daether.dependencyCollector.impl=bf 
java_command: c:\Users\tanma\.vscode\extensions\redhat.java-1.42.0-win32-x64\server\plugins\org.eclipse.equinox.launcher_1.7.0.v20250424-1814.jar -configuration c:\Users\tanma\AppData\Roaming\Code\User\globalStorage\redhat.java\1.42.0\config_win -data c:\Users\tanma\AppData\Roaming\Code\User\workspaceStorage\89240fbca4adb2b40d9c8e8d66c81886\redhat.java\jdt_ws --pipe=\\.\pipe\lsp-183d9872838cce3431da68d656445c91-sock
java_class_path (initial): c:\Users\tanma\.vscode\extensions\redhat.java-1.42.0-win32-x64\server\plugins\org.eclipse.equinox.launcher_1.7.0.v20250424-1814.jar
Launcher Type: SUN_STANDARD

[Global flags]
    uintx AdaptiveSizePolicyWeight                 = 90                                        {product} {command line}
     intx CICompilerCount                          = 12                                        {product} {ergonomic}
    uintx GCTimeRatio                              = 4                                         {product} {command line}
     bool HeapDumpOnOutOfMemoryError               = true                                   {manageable} {command line}
    ccstr HeapDumpPath                             = c:\Users\tanma\AppData\Roaming\Code\User\workspaceStorage\89240fbca4adb2b40d9c8e8d66c81886\redhat.java         {manageable} {command line}
   size_t InitialHeapSize                          = 104857600                                 {product} {command line}
   size_t MaxHeapSize                              = 1073741824                                {product} {command line}
   size_t MaxNewSize                               = 357564416                                 {product} {ergonomic}
   size_t MinHeapDeltaBytes                        = 524288                                    {product} {ergonomic}
   size_t MinHeapSize                              = 104857600                                 {product} {command line}
   size_t NewSize                                  = 34603008                                  {product} {ergonomic}
    uintx NonNMethodCodeHeapSize                   = 7602480                                {pd product} {ergonomic}
    uintx NonProfiledCodeHeapSize                  = 122027880                              {pd product} {ergonomic}
   size_t OldSize                                  = 70254592                                  {product} {ergonomic}
    uintx ProfiledCodeHeapSize                     = 122027880                              {pd product} {ergonomic}
    uintx ReservedCodeCacheSize                    = 251658240                              {pd product} {ergonomic}
     bool SegmentedCodeCache                       = true                                      {product} {ergonomic}
   size_t SoftMaxHeapSize                          = 1073741824                             {manageable} {ergonomic}
     bool UseCompressedOops                        = true                           {product lp64_product} {ergonomic}
     bool UseLargePagesIndividualAllocation        = false                                  {pd product} {ergonomic}
     bool UseParallelGC                            = true                                      {product} {command line}

Logging:
Log output configuration:
 #0: stdout all=off uptime,level,tags foldmultilines=false
 #1: stderr all=off uptime,level,tags foldmultilines=false

Environment Variables:
JAVA_HOME=C:\Program Files\Microsoft\jdk-17.0.12.7-hotspot
PATH=C:\app\tanma\product\21c\dbhomeXE\bin;C:\Windows\system32;C:\Windows;C:\Windows\System32\Wbem;C:\Windows\System32\WindowsPowerShell\v1.0\;C:\Windows\System32\OpenSSH\;C:\Program Files (x86)\NVIDIA Corporation\PhysX\Common;C:\Program Files\NVIDIA Corporation\NVIDIA NvDLISR;C:\Windows\System32\cmd.exe;C:\MinGW\bin;C:\WINDOWS\system32;C:\WINDOWS;C:\WINDOWS\System32\Wbem;C:\WINDOWS\System32\WindowsPowerShell\v1.0\;C:\WINDOWS\System32\OpenSSH\;C:\Program Files\Git\cmd;C:\Program Files\Git\mingw64\bin;C:\Program Files\Git\usr\bin;C:\Program Files\MongoDB\Tools\100\bin;C:\Program Files\Docker\Docker\resources\bin;C:\Users\tanma\AppData\Local\Android\Sdk;C:\ProgramData\chocolatey\bin;C:\Program Files\nodejs\;C:\Users\tanma\AppData\Local\Android\Sdk\platform-tools;C:\Program Files\Microsoft\jdk-17.0.12.7-hotspot\bin;C:\Program Files\apache-maven-3.9.9-bin\apache-maven-3.9.9\bin;C:\Program Files\MySQL\MySQL Shell 8.0\bin\;C:\Users\tanma\.console-ninja\.bin;C:\Users\tanma\AppData\Local\Programs\Python\Python311\Scripts\;C:\Users\tanma\AppData\Local\Programs\Python\Python311\;C:\Users\tanma\AppData\Local\Programs\Python\Python312\Scripts\;C:\Users\tanma\AppData\Local\Programs\Python\Python312\;C:\Users\tanma\AppData\Local\Programs\Python\Launcher\;C:\Users\tanma\AppData\Local\Microsoft\WindowsApps;C:\Users\tanma\AppData\Local\GitHubDesktop\bin;C:\Program Files\JetBrains\IntelliJ IDEA Community Edition 2022.3\bin;C:\Users\tanma\AppData\Local\Programs\Microsoft VS Code\bin;C:\Users\tanma\AppData\Local\Programs\mongosh\;C:\Users\tanma\AppData\Local\Programs\oh-my-posh\bin;C:\Users\tanma\AppData\Local\Android\Sdk;C:\Users\tanma\AppData\Roaming\npm;C:\Program Files\Microsoft\jdk-17.0.12.7-hotspot\bin;C:\Program Files\apache-maven-3.9.9-bin\apache-maven-3.9.9\bin;
USERNAME=tanma
OS=Windows_NT
PROCESSOR_IDENTIFIER=AMD64 Family 25 Model 80 Stepping 0, AuthenticAMD
TMP=C:\Users\tanma\AppData\Local\Temp
TEMP=C:\Users\tanma\AppData\Local\Temp




Periodic native trim disabled

---------------  S Y S T E M  ---------------

OS:
 Windows 11 , 64 bit Build 22621 (10.0.22621.5262)
OS uptime: 0 days 0:36 hours
Hyper-V role detected

CPU: total 16 (initial active 16) (16 cores per cpu, 2 threads per core) family 25 model 80 stepping 0 microcode 0x0, cx8, cmov, fxsr, ht, mmx, 3dnowpref, sse, sse2, sse3, ssse3, sse4a, sse4.1, sse4.2, popcnt, lzcnt, tsc, tscinvbit, avx, avx2, aes, erms, clmul, bmi1, bmi2, adx, sha, fma, vzeroupper, clflush, clflushopt, hv, rdtscp, rdpid, fsrm, f16c, cet_ss
Processor Information for processor 0
  Max Mhz: 3201, Current Mhz: 3201, Mhz Limit: 3201
Processor Information for processor 1
  Max Mhz: 3201, Current Mhz: 1802, Mhz Limit: 3201
Processor Information for processor 2
  Max Mhz: 3201, Current Mhz: 3201, Mhz Limit: 3201
Processor Information for processor 3
  Max Mhz: 3201, Current Mhz: 1802, Mhz Limit: 3201
Processor Information for processor 4
  Max Mhz: 3201, Current Mhz: 1802, Mhz Limit: 3201
Processor Information for processor 5
  Max Mhz: 3201, Current Mhz: 1802, Mhz Limit: 3201
Processor Information for processor 6
  Max Mhz: 3201, Current Mhz: 3201, Mhz Limit: 3201
Processor Information for processor 7
  Max Mhz: 3201, Current Mhz: 1802, Mhz Limit: 3201
Processor Information for processor 8
  Max Mhz: 3201, Current Mhz: 1802, Mhz Limit: 3201
Processor Information for processor 9
  Max Mhz: 3201, Current Mhz: 1802, Mhz Limit: 3201
Processor Information for processor 10
  Max Mhz: 3201, Current Mhz: 1802, Mhz Limit: 3201
Processor Information for processor 11
  Max Mhz: 3201, Current Mhz: 1802, Mhz Limit: 3201
Processor Information for processor 12
  Max Mhz: 3201, Current Mhz: 1802, Mhz Limit: 3201
Processor Information for processor 13
  Max Mhz: 3201, Current Mhz: 1802, Mhz Limit: 3201
Processor Information for processor 14
  Max Mhz: 3201, Current Mhz: 1802, Mhz Limit: 3201
Processor Information for processor 15
  Max Mhz: 3201, Current Mhz: 1802, Mhz Limit: 3201

Memory: 4k page, system-wide physical 5996M (164M free)
TotalPageFile size 24428M (AvailPageFile size 13M)
current process WorkingSet (physical memory assigned to process): 170M, peak: 780M
current process commit charge ("private bytes"): 975M, peak: 989M

vm_info: OpenJDK 64-Bit Server VM (21.0.7+6-LTS) for windows-amd64 JRE (21.0.7+6-LTS), built on 2025-04-15T00:00:00Z by "admin" with MS VC++ 17.7 (VS2022)

END.
