#
# There is insufficient memory for the Java Runtime Environment to continue.
# Native memory allocation (malloc) failed to allocate 238096 bytes. Error detail: Chunk::new
# Possible reasons:
#   The system is out of physical RAM or swap space
#   This process is running with CompressedOops enabled, and the Java Heap may be blocking the growth of the native heap
# Possible solutions:
#   Reduce memory load on the system
#   Increase physical memory or swap space
#   Check if swap backing store is full
#   Decrease Java heap size (-Xmx/-Xms)
#   Decrease number of Java threads
#   Decrease Java thread stack sizes (-Xss)
#   Set larger code cache with -XX:ReservedCodeCacheSize=
#   JVM is running with Unscaled Compressed Oops mode in which the Java heap is
#     placed in the first 4GB address space. The Java Heap base address is the
#     maximum limit for the native heap growth. Please use -XX:HeapBaseMinAddress
#     to set the Java Heap base and to place the Java Heap above 4GB virtual address.
# This output file may be truncated or incomplete.
#
#  Out of Memory Error (arena.cpp:168), pid=26796, tid=17760
#
# JRE version: OpenJDK Runtime Environment Temurin-21.0.7+6 (21.0.7+6) (build 21.0.7+6-LTS)
# Java VM: OpenJDK 64-Bit Server VM Temurin-21.0.7+6 (21.0.7+6-LTS, mixed mode, sharing, tiered, compressed oops, compressed class ptrs, parallel gc, windows-amd64)
# No core dump will be written. Minidumps are not enabled by default on client versions of Windows
#

---------------  S U M M A R Y ------------

Command Line: --add-modules=ALL-SYSTEM --add-opens=java.base/java.util=ALL-UNNAMED --add-opens=java.base/java.lang=ALL-UNNAMED --add-opens=java.base/sun.nio.fs=ALL-UNNAMED -Declipse.application=org.eclipse.jdt.ls.core.id1 -Dosgi.bundles.defaultStartLevel=4 -Declipse.product=org.eclipse.jdt.ls.core.product -Djava.import.generatesMetadataFilesAtProjectRoot=false -DDetectVMInstallationsJob.disabled=true -Dfile.encoding=utf8 -XX:+UseParallelGC -XX:GCTimeRatio=4 -XX:AdaptiveSizePolicyWeight=90 -Dsun.zip.disableMemoryMapping=true -Xmx1G -Xms100m -Xlog:disable -javaagent:c:\Users\tanma\.vscode\extensions\redhat.java-1.42.0-win32-x64\lombok\lombok-1.18.36.jar c:\Users\tanma\.vscode\extensions\redhat.java-1.42.0-win32-x64\server\plugins\org.eclipse.equinox.launcher_1.7.0.v20250424-1814.jar -configuration c:\Users\tanma\AppData\Roaming\Code\User\globalStorage\redhat.java\1.42.0\config_ss_win -data c:\Users\tanma\AppData\Roaming\Code\User\workspaceStorage\89240fbca4adb2b40d9c8e8d66c81886\redhat.java\ss_ws --pipe=\\.\pipe\lsp-6c4c986471ecd2ec7ed92d058c5e015d-sock

Host: AMD Ryzen 7 5800H with Radeon Graphics         , 16 cores, 5G,  Windows 11 , 64 bit Build 22621 (10.0.22621.5262)
Time: Fri May 16 18:04:56 2025 India Standard Time elapsed time: 1.389473 seconds (0d 0h 0m 1s)

---------------  T H R E A D  ---------------

Current thread (0x000002cef8032500):  JavaThread "C2 CompilerThread1" daemon [_thread_in_native, id=17760, stack(0x000000f88db00000,0x000000f88dc00000) (1024K)]


Current CompileTask:
C2:1389 2490       4       lombok.patcher.PatchScript::classMatches (41 bytes)

Stack: [0x000000f88db00000,0x000000f88dc00000]
Native frames: (J=compiled Java code, j=interpreted, Vv=VM code, C=native code)
V  [jvm.dll+0x6ce119]
V  [jvm.dll+0x8a84a1]
V  [jvm.dll+0x8aa9ce]
V  [jvm.dll+0x8ab0b3]
V  [jvm.dll+0x27f8a6]
V  [jvm.dll+0xc507d]
V  [jvm.dll+0xc55b3]
V  [jvm.dll+0x2f2c6d]
V  [jvm.dll+0x5f6bca]
V  [jvm.dll+0x250cb2]
V  [jvm.dll+0x24918e]
V  [jvm.dll+0x246fc4]
V  [jvm.dll+0x1c760e]
V  [jvm.dll+0x25695a]
V  [jvm.dll+0x254efa]
V  [jvm.dll+0x3f03f6]
V  [jvm.dll+0x851f6b]
V  [jvm.dll+0x6cc7dd]
C  [ucrtbase.dll+0x29333]
C  [KERNEL32.DLL+0x1259d]
C  [ntdll.dll+0x5af58]


---------------  P R O C E S S  ---------------

Threads class SMR info:
_java_thread_list=0x000002cef8be6000, length=22, elements={
0x000002ceda3d49b0, 0x000002cef0b46d40, 0x000002cef0b491b0, 0x000002cef1e17a00,
0x000002cef1e18090, 0x000002cef1e19440, 0x000002cef1e15fc0, 0x000002cef1e2b8b0,
0x000002cef1e29460, 0x000002cef1e16650, 0x000002cef1f49920, 0x000002cef1f4c5f0,
0x000002cef1f4d0a0, 0x000002cef8032500, 0x000002cef1e18720, 0x000002cef81746f0,
0x000002cef1e18db0, 0x000002cef1e16ce0, 0x000002cef1e17370, 0x000002cef8ba93a0,
0x000002cef8badbd0, 0x000002cef8bab470
}

Java Threads: ( => current thread )
  0x000002ceda3d49b0 JavaThread "main"                              [_thread_blocked, id=24984, stack(0x000000f88cb00000,0x000000f88cc00000) (1024K)]
  0x000002cef0b46d40 JavaThread "Reference Handler"          daemon [_thread_blocked, id=14272, stack(0x000000f88cf00000,0x000000f88d000000) (1024K)]
  0x000002cef0b491b0 JavaThread "Finalizer"                  daemon [_thread_blocked, id=6544, stack(0x000000f88d000000,0x000000f88d100000) (1024K)]
  0x000002cef1e17a00 JavaThread "Signal Dispatcher"          daemon [_thread_blocked, id=22376, stack(0x000000f88d100000,0x000000f88d200000) (1024K)]
  0x000002cef1e18090 JavaThread "Attach Listener"            daemon [_thread_blocked, id=15628, stack(0x000000f88d200000,0x000000f88d300000) (1024K)]
  0x000002cef1e19440 JavaThread "Service Thread"             daemon [_thread_blocked, id=1988, stack(0x000000f88d300000,0x000000f88d400000) (1024K)]
  0x000002cef1e15fc0 JavaThread "Monitor Deflation Thread"   daemon [_thread_blocked, id=5844, stack(0x000000f88d400000,0x000000f88d500000) (1024K)]
  0x000002cef1e2b8b0 JavaThread "C2 CompilerThread0"         daemon [_thread_in_native, id=24144, stack(0x000000f88d500000,0x000000f88d600000) (1024K)]
  0x000002cef1e29460 JavaThread "C1 CompilerThread0"         daemon [_thread_blocked, id=13460, stack(0x000000f88d600000,0x000000f88d700000) (1024K)]
  0x000002cef1e16650 JavaThread "Common-Cleaner"             daemon [_thread_blocked, id=18000, stack(0x000000f88d700000,0x000000f88d800000) (1024K)]
  0x000002cef1f49920 JavaThread "C1 CompilerThread1"         daemon [_thread_blocked, id=10432, stack(0x000000f88d800000,0x000000f88d900000) (1024K)]
  0x000002cef1f4c5f0 JavaThread "C1 CompilerThread2"         daemon [_thread_blocked, id=9660, stack(0x000000f88d900000,0x000000f88da00000) (1024K)]
  0x000002cef1f4d0a0 JavaThread "C1 CompilerThread3"         daemon [_thread_blocked, id=27468, stack(0x000000f88da00000,0x000000f88db00000) (1024K)]
=>0x000002cef8032500 JavaThread "C2 CompilerThread1"         daemon [_thread_in_native, id=17760, stack(0x000000f88db00000,0x000000f88dc00000) (1024K)]
  0x000002cef1e18720 JavaThread "Notification Thread"        daemon [_thread_blocked, id=29636, stack(0x000000f88dc00000,0x000000f88dd00000) (1024K)]
  0x000002cef81746f0 JavaThread "C2 CompilerThread2"         daemon [_thread_blocked, id=23696, stack(0x000000f88dd00000,0x000000f88de00000) (1024K)]
  0x000002cef1e18db0 JavaThread "Active Thread: Equinox Container: ca590372-7a1b-4fbf-89d6-1df25bc84f3f"        [_thread_blocked, id=26688, stack(0x000000f88e400000,0x000000f88e500000) (1024K)]
  0x000002cef1e16ce0 JavaThread "Framework Event Dispatcher: Equinox Container: ca590372-7a1b-4fbf-89d6-1df25bc84f3f" daemon [_thread_blocked, id=28868, stack(0x000000f88e600000,0x000000f88e700000) (1024K)]
  0x000002cef1e17370 JavaThread "Start Level: Equinox Container: ca590372-7a1b-4fbf-89d6-1df25bc84f3f" daemon [_thread_in_vm, id=16928, stack(0x000000f88e700000,0x000000f88e800000) (1024K)]
  0x000002cef8ba93a0 JavaThread "SCR Component Actor"        daemon [_thread_blocked, id=26764, stack(0x000000f88e800000,0x000000f88e900000) (1024K)]
  0x000002cef8badbd0 JavaThread "SCR Component Registry"     daemon [_thread_blocked, id=16176, stack(0x000000f88e900000,0x000000f88ea00000) (1024K)]
  0x000002cef8bab470 JavaThread "Worker-JM"                         [_thread_blocked, id=18800, stack(0x000000f88ea00000,0x000000f88eb00000) (1024K)]
Total: 22

Other Threads:
  0x000002cef0b34ae0 VMThread "VM Thread"                           [id=24768, stack(0x000000f88ce00000,0x000000f88cf00000) (1024K)]
  0x000002cef0a2ca00 WatcherThread "VM Periodic Task Thread"        [id=7992, stack(0x000000f88cd00000,0x000000f88ce00000) (1024K)]
  0x000002cedc7b6590 WorkerThread "GC Thread#0"                     [id=23864, stack(0x000000f88cc00000,0x000000f88cd00000) (1024K)]
  0x000002cef87de370 WorkerThread "GC Thread#1"                     [id=23684, stack(0x000000f88de00000,0x000000f88df00000) (1024K)]
  0x000002cef85ad6b0 WorkerThread "GC Thread#2"                     [id=26148, stack(0x000000f88df00000,0x000000f88e000000) (1024K)]
  0x000002cef86c5620 WorkerThread "GC Thread#3"                     [id=27556, stack(0x000000f88e000000,0x000000f88e100000) (1024K)]
  0x000002cef86c59c0 WorkerThread "GC Thread#4"                     [id=25728, stack(0x000000f88e100000,0x000000f88e200000) (1024K)]
  0x000002cef86c5d60 WorkerThread "GC Thread#5"                     [id=27312, stack(0x000000f88e200000,0x000000f88e300000) (1024K)]
  0x000002cef80a1b40 WorkerThread "GC Thread#6"                     [id=19872, stack(0x000000f88e300000,0x000000f88e400000) (1024K)]
  0x000002cef8780440 WorkerThread "GC Thread#7"                     [id=24940, stack(0x000000f88e500000,0x000000f88e600000) (1024K)]
  0x000002cef8b7e800 WorkerThread "GC Thread#8"                     [id=24788, stack(0x000000f88eb00000,0x000000f88ec00000) (1024K)]
  0x000002cef8b7f2e0 WorkerThread "GC Thread#9"                     [id=8956, stack(0x000000f88ec00000,0x000000f88ed00000) (1024K)]
  0x000002cef8b7fdc0 WorkerThread "GC Thread#10"                    [id=11368, stack(0x000000f88ed00000,0x000000f88ee00000) (1024K)]
Total: 13

Threads with active compile tasks:
C2 CompilerThread0  1416 2505       4       java.util.regex.Matcher::search (154 bytes)
C2 CompilerThread1  1416 2490       4       lombok.patcher.PatchScript::classMatches (41 bytes)
Total: 2

VM state: not at safepoint (normal execution)

VM Mutex/Monitor currently owned by a thread:  ([mutex/lock_event])
[0x00007ffa271cc308] Metaspace_lock - owner thread: 0x000002cef1e17370

Heap address: 0x00000000c0000000, size: 1024 MB, Compressed Oops mode: 32-bit

CDS archive(s) mapped at: [0x000002ce80000000-0x000002ce80ba0000-0x000002ce80ba0000), size 12189696, SharedBaseAddress: 0x000002ce80000000, ArchiveRelocationMode: 1.
Compressed class space mapped at: 0x000002ce81000000-0x000002cec1000000, reserved size: 1073741824
Narrow klass base: 0x000002ce80000000, Narrow klass shift: 0, Narrow klass range: 0x100000000

GC Precious Log:
 CardTable entry size: 512
 CPUs: 16 total, 16 available
 Memory: 5996M
 Large Page Support: Disabled
 NUMA Support: Disabled
 Compressed Oops: Enabled (32-bit)
 Alignments: Space 512K, Generation 512K, Heap 2M
 Heap Min Capacity: 100M
 Heap Initial Capacity: 100M
 Heap Max Capacity: 1G
 Pre-touch: Disabled
 Parallel Workers: 13

Heap:
 PSYoungGen      total 29696K, used 10696K [0x00000000eab00000, 0x00000000ecc00000, 0x0000000100000000)
  eden space 25600K, 25% used [0x00000000eab00000,0x00000000eb1769b8,0x00000000ec400000)
  from space 4096K, 99% used [0x00000000ec400000,0x00000000ec7fb758,0x00000000ec800000)
  to   space 4096K, 0% used [0x00000000ec800000,0x00000000ec800000,0x00000000ecc00000)
 ParOldGen       total 68608K, used 2526K [0x00000000c0000000, 0x00000000c4300000, 0x00000000eab00000)
  object space 68608K, 3% used [0x00000000c0000000,0x00000000c02779f0,0x00000000c4300000)
 Metaspace       used 13534K, committed 14080K, reserved 1114112K
  class space    used 1374K, committed 1664K, reserved 1048576K

Card table byte_map: [0x000002cedc130000,0x000002cedc340000] _byte_map_base: 0x000002cedbb30000

Marking Bits: (ParMarkBitMap*) 0x00007ffa271d31f0
 Begin Bits: [0x000002ceee950000, 0x000002ceef950000)
 End Bits:   [0x000002ceef950000, 0x000002cef0950000)

Polling page: 0x000002cedbf20000

Metaspace:

Usage:
  Non-class:     11.88 MB used.
      Class:      1.34 MB used.
       Both:     13.22 MB used.

Virtual space:
  Non-class space:       64.00 MB reserved,      12.12 MB ( 19%) committed,  1 nodes.
      Class space:        1.00 GB reserved,       1.62 MB ( <1%) committed,  1 nodes.
             Both:        1.06 GB reserved,      13.75 MB (  1%) committed. 

Chunk freelists:
   Non-Class:  2.92 MB
       Class:  14.42 MB
        Both:  17.34 MB

MaxMetaspaceSize: unlimited
CompressedClassSpaceSize: 1.00 GB
Initial GC threshold: 21.00 MB
Current GC threshold: 21.00 MB
CDS: on
 - commit_granule_bytes: 65536.
 - commit_granule_words: 8192.
 - virtual_space_node_default_size: 8388608.
 - enlarge_chunks_in_place: 1.
 - use_allocation_guard: 0.


Internal statistics:

num_allocs_failed_limit: 0.
num_arena_births: 408.
num_arena_deaths: 0.
num_vsnodes_births: 2.
num_vsnodes_deaths: 0.
num_space_committed: 220.
num_space_uncommitted: 0.
num_chunks_returned_to_freelist: 0.
num_chunks_taken_from_freelist: 847.
num_chunk_merges: 0.
num_chunk_splits: 559.
num_chunks_enlarged: 364.
num_inconsistent_stats: 0.

CodeHeap 'non-profiled nmethods': size=119168Kb used=1006Kb max_used=1006Kb free=118162Kb
 bounds [0x000002cee74f0000, 0x000002cee7760000, 0x000002ceee950000]
CodeHeap 'profiled nmethods': size=119104Kb used=4802Kb max_used=4802Kb free=114301Kb
 bounds [0x000002cedf950000, 0x000002cedfe10000, 0x000002cee6da0000]
CodeHeap 'non-nmethods': size=7488Kb used=2947Kb max_used=2970Kb free=4540Kb
 bounds [0x000002cee6da0000, 0x000002cee7090000, 0x000002cee74f0000]
 total_blobs=3038 nmethods=2507 adapters=434
 compilation: enabled
              stopped_count=0, restarted_count=0
 full_count=0

Compilation events (20 events):
Event: 1.353 Thread 0x000002cef1f4d0a0 nmethod 2483 0x000002cee75e4190 code [0x000002cee75e4320, 0x000002cee75e43e8]
Event: 1.358 Thread 0x000002cef1f4c5f0 nmethod 2476 0x000002cedfde4710 code [0x000002cedfde5aa0, 0x000002cedfdf1cd8]
Event: 1.359 Thread 0x000002cef1f4c5f0 2484       3       org.eclipse.core.internal.preferences.EclipsePreferences::checkRemoved (26 bytes)
Event: 1.359 Thread 0x000002cef1f4c5f0 nmethod 2484 0x000002cedfdf6a10 code [0x000002cedfdf6be0, 0x000002cedfdf6ee0]
Event: 1.361 Thread 0x000002cef1f4c5f0 2485       1       org.eclipse.core.internal.registry.ReferenceMap$SoftRef::getKey (5 bytes)
Event: 1.361 Thread 0x000002cef1f4c5f0 nmethod 2485 0x000002cee75e4490 code [0x000002cee75e4620, 0x000002cee75e46e8]
Event: 1.363 Thread 0x000002cef1f49920 2486       3       java.util.concurrent.ConcurrentHashMap::remove (32 bytes)
Event: 1.363 Thread 0x000002cef1f49920 nmethod 2486 0x000002cedfdf7010 code [0x000002cedfdf71e0, 0x000002cedfdf74a8]
Event: 1.368 Thread 0x000002cef81746f0 2487       4       jdk.internal.module.ModuleReferenceImpl::hashCode (56 bytes)
Event: 1.368 Thread 0x000002cef1e2b8b0 2488       4       jdk.internal.jimage.ImageStringsReader::hashCode (33 bytes)
Event: 1.368 Thread 0x000002cef81746f0 nmethod 2487 0x000002cee75e4790 code [0x000002cee75e4920, 0x000002cee75e49c8]
Event: 1.368 Thread 0x000002cef1f49920 2489       3       java.util.Properties::loadConvert (540 bytes)
Event: 1.370 Thread 0x000002cef1f49920 nmethod 2489 0x000002cedfdf7590 code [0x000002cedfdf7880, 0x000002cedfdf8b28]
Event: 1.373 Thread 0x000002cef8032500 nmethod 2465 0x000002cee75e4a90 code [0x000002cee75e58e0, 0x000002cee75e7588]
Event: 1.373 Thread 0x000002cef1e2b8b0 nmethod 2488 0x000002cee75e9110 code [0x000002cee75e92e0, 0x000002cee75e9688]
Event: 1.381 Thread 0x000002cef8032500 2490       4       lombok.patcher.PatchScript::classMatches (41 bytes)
Event: 1.382 Thread 0x000002cef1e29460 2491       3       sun.util.locale.LocaleUtils::isUpper (18 bytes)
Event: 1.382 Thread 0x000002cef1e29460 nmethod 2491 0x000002cedfdf9190 code [0x000002cedfdf9320, 0x000002cedfdf9490]
Event: 1.383 Thread 0x000002cef1f49920 2492       3       jdk.internal.reflect.ReflectionFactory::config (28 bytes)
Event: 1.383 Thread 0x000002cef1f49920 nmethod 2492 0x000002cedfdf9510 code [0x000002cedfdf96a0, 0x000002cedfdf97a8]

GC Heap History (6 events):
Event: 0.500 GC heap before
{Heap before GC invocations=1 (full 0):
 PSYoungGen      total 29696K, used 25600K [0x00000000eab00000, 0x00000000ecc00000, 0x0000000100000000)
  eden space 25600K, 100% used [0x00000000eab00000,0x00000000ec400000,0x00000000ec400000)
  from space 4096K, 0% used [0x00000000ec800000,0x00000000ec800000,0x00000000ecc00000)
  to   space 4096K, 0% used [0x00000000ec400000,0x00000000ec400000,0x00000000ec800000)
 ParOldGen       total 68608K, used 0K [0x00000000c0000000, 0x00000000c4300000, 0x00000000eab00000)
  object space 68608K, 0% used [0x00000000c0000000,0x00000000c0000000,0x00000000c4300000)
 Metaspace       used 4172K, committed 4480K, reserved 1114112K
  class space    used 446K, committed 576K, reserved 1048576K
}
Event: 0.507 GC heap after
{Heap after GC invocations=1 (full 0):
 PSYoungGen      total 29696K, used 3678K [0x00000000eab00000, 0x00000000ecc00000, 0x0000000100000000)
  eden space 25600K, 0% used [0x00000000eab00000,0x00000000eab00000,0x00000000ec400000)
  from space 4096K, 89% used [0x00000000ec400000,0x00000000ec797bd0,0x00000000ec800000)
  to   space 4096K, 0% used [0x00000000ec800000,0x00000000ec800000,0x00000000ecc00000)
 ParOldGen       total 68608K, used 16K [0x00000000c0000000, 0x00000000c4300000, 0x00000000eab00000)
  object space 68608K, 0% used [0x00000000c0000000,0x00000000c0004000,0x00000000c4300000)
 Metaspace       used 4172K, committed 4480K, reserved 1114112K
  class space    used 446K, committed 576K, reserved 1048576K
}
Event: 0.932 GC heap before
{Heap before GC invocations=2 (full 0):
 PSYoungGen      total 29696K, used 29278K [0x00000000eab00000, 0x00000000ecc00000, 0x0000000100000000)
  eden space 25600K, 100% used [0x00000000eab00000,0x00000000ec400000,0x00000000ec400000)
  from space 4096K, 89% used [0x00000000ec400000,0x00000000ec797bd0,0x00000000ec800000)
  to   space 4096K, 0% used [0x00000000ec800000,0x00000000ec800000,0x00000000ecc00000)
 ParOldGen       total 68608K, used 16K [0x00000000c0000000, 0x00000000c4300000, 0x00000000eab00000)
  object space 68608K, 0% used [0x00000000c0000000,0x00000000c0004000,0x00000000c4300000)
 Metaspace       used 8049K, committed 8320K, reserved 1114112K
  class space    used 807K, committed 960K, reserved 1048576K
}
Event: 0.938 GC heap after
{Heap after GC invocations=2 (full 0):
 PSYoungGen      total 29696K, used 4084K [0x00000000eab00000, 0x00000000ecc00000, 0x0000000100000000)
  eden space 25600K, 0% used [0x00000000eab00000,0x00000000eab00000,0x00000000ec400000)
  from space 4096K, 99% used [0x00000000ec800000,0x00000000ecbfd1e8,0x00000000ecc00000)
  to   space 4096K, 0% used [0x00000000ec400000,0x00000000ec400000,0x00000000ec800000)
 ParOldGen       total 68608K, used 805K [0x00000000c0000000, 0x00000000c4300000, 0x00000000eab00000)
  object space 68608K, 1% used [0x00000000c0000000,0x00000000c00c96b8,0x00000000c4300000)
 Metaspace       used 8049K, committed 8320K, reserved 1114112K
  class space    used 807K, committed 960K, reserved 1048576K
}
Event: 1.281 GC heap before
{Heap before GC invocations=3 (full 0):
 PSYoungGen      total 29696K, used 29684K [0x00000000eab00000, 0x00000000ecc00000, 0x0000000100000000)
  eden space 25600K, 100% used [0x00000000eab00000,0x00000000ec400000,0x00000000ec400000)
  from space 4096K, 99% used [0x00000000ec800000,0x00000000ecbfd1e8,0x00000000ecc00000)
  to   space 4096K, 0% used [0x00000000ec400000,0x00000000ec400000,0x00000000ec800000)
 ParOldGen       total 68608K, used 805K [0x00000000c0000000, 0x00000000c4300000, 0x00000000eab00000)
  object space 68608K, 1% used [0x00000000c0000000,0x00000000c00c96b8,0x00000000c4300000)
 Metaspace       used 12860K, committed 13312K, reserved 1114112K
  class space    used 1307K, committed 1536K, reserved 1048576K
}
Event: 1.287 GC heap after
{Heap after GC invocations=3 (full 0):
 PSYoungGen      total 29696K, used 4077K [0x00000000eab00000, 0x00000000ecc00000, 0x0000000100000000)
  eden space 25600K, 0% used [0x00000000eab00000,0x00000000eab00000,0x00000000ec400000)
  from space 4096K, 99% used [0x00000000ec400000,0x00000000ec7fb758,0x00000000ec800000)
  to   space 4096K, 0% used [0x00000000ec800000,0x00000000ec800000,0x00000000ecc00000)
 ParOldGen       total 68608K, used 2526K [0x00000000c0000000, 0x00000000c4300000, 0x00000000eab00000)
  object space 68608K, 3% used [0x00000000c0000000,0x00000000c02779f0,0x00000000c4300000)
 Metaspace       used 12860K, committed 13312K, reserved 1114112K
  class space    used 1307K, committed 1536K, reserved 1048576K
}

Dll operation events (9 events):
Event: 0.008 Loaded shared library c:\Users\tanma\.vscode\extensions\redhat.java-1.42.0-win32-x64\jre\21.0.7-win32-x86_64\bin\java.dll
Event: 0.059 Loaded shared library c:\Users\tanma\.vscode\extensions\redhat.java-1.42.0-win32-x64\jre\21.0.7-win32-x86_64\bin\zip.dll
Event: 0.075 Loaded shared library C:\Users\tanma\.vscode\extensions\redhat.java-1.42.0-win32-x64\jre\21.0.7-win32-x86_64\bin\instrument.dll
Event: 0.078 Loaded shared library C:\Users\tanma\.vscode\extensions\redhat.java-1.42.0-win32-x64\jre\21.0.7-win32-x86_64\bin\net.dll
Event: 0.080 Loaded shared library C:\Users\tanma\.vscode\extensions\redhat.java-1.42.0-win32-x64\jre\21.0.7-win32-x86_64\bin\nio.dll
Event: 0.082 Loaded shared library C:\Users\tanma\.vscode\extensions\redhat.java-1.42.0-win32-x64\jre\21.0.7-win32-x86_64\bin\zip.dll
Event: 0.094 Loaded shared library C:\Users\tanma\.vscode\extensions\redhat.java-1.42.0-win32-x64\jre\21.0.7-win32-x86_64\bin\jimage.dll
Event: 0.147 Loaded shared library c:\Users\tanma\.vscode\extensions\redhat.java-1.42.0-win32-x64\jre\21.0.7-win32-x86_64\bin\verify.dll
Event: 0.949 Loaded shared library C:\Users\tanma\AppData\Roaming\Code\User\globalStorage\redhat.java\1.42.0\config_ss_win\org.eclipse.equinox.launcher\org.eclipse.equinox.launcher.win32.win32.x86_64_1.2.1300.v20250331-1702\eclipse_11911.dll

Deoptimization events (20 events):
Event: 1.187 Thread 0x000002cef1e17370 Uncommon trap: trap_request=0xffffffc6 fr.pc=0x000002cee75cb8b0 relative=0x0000000000000470
Event: 1.187 Thread 0x000002cef1e17370 Uncommon trap: reason=bimorphic_or_optimized_type_check action=maybe_recompile pc=0x000002cee75cb8b0 method=java.io.DataInputStream.readUnsignedByte()I @ 4 c2
Event: 1.187 Thread 0x000002cef1e17370 DEOPT PACKING pc=0x000002cee75cb8b0 sp=0x000000f88e7f8530
Event: 1.187 Thread 0x000002cef1e17370 DEOPT UNPACKING pc=0x000002cee6df3aa2 sp=0x000000f88e7f84d8 mode 2
Event: 1.187 Thread 0x000002cef1e17370 Uncommon trap: trap_request=0xffffffc6 fr.pc=0x000002cee75cb8b0 relative=0x0000000000000470
Event: 1.187 Thread 0x000002cef1e17370 Uncommon trap: reason=bimorphic_or_optimized_type_check action=maybe_recompile pc=0x000002cee75cb8b0 method=java.io.DataInputStream.readUnsignedByte()I @ 4 c2
Event: 1.187 Thread 0x000002cef1e17370 DEOPT PACKING pc=0x000002cee75cb8b0 sp=0x000000f88e7f8530
Event: 1.187 Thread 0x000002cef1e17370 DEOPT UNPACKING pc=0x000002cee6df3aa2 sp=0x000000f88e7f84d8 mode 2
Event: 1.190 Thread 0x000002cef1e17370 Uncommon trap: trap_request=0xffffff45 fr.pc=0x000002cee75c1634 relative=0x0000000000000334
Event: 1.190 Thread 0x000002cef1e17370 Uncommon trap: reason=unstable_if action=reinterpret pc=0x000002cee75c1634 method=java.io.BufferedInputStream.implRead()I @ 8 c2
Event: 1.190 Thread 0x000002cef1e17370 DEOPT PACKING pc=0x000002cee75c1634 sp=0x000000f88e7f76e0
Event: 1.190 Thread 0x000002cef1e17370 DEOPT UNPACKING pc=0x000002cee6df3aa2 sp=0x000000f88e7f7610 mode 2
Event: 1.292 Thread 0x000002cef1e17370 Uncommon trap: trap_request=0xffffff45 fr.pc=0x000002cee75487dc relative=0x0000000000000f3c
Event: 1.292 Thread 0x000002cef1e17370 Uncommon trap: reason=unstable_if action=reinterpret pc=0x000002cee75487dc method=lombok.patcher.PatchScript.classMatches(Ljava/lang/String;Ljava/util/Collection;)Z @ 25 c2
Event: 1.292 Thread 0x000002cef1e17370 DEOPT PACKING pc=0x000002cee75487dc sp=0x000000f88e7f6af0
Event: 1.292 Thread 0x000002cef1e17370 DEOPT UNPACKING pc=0x000002cee6df3aa2 sp=0x000000f88e7f6ab0 mode 2
Event: 1.368 Thread 0x000002cef1e17370 Uncommon trap: trap_request=0xffffff45 fr.pc=0x000002cee75def40 relative=0x0000000000001120
Event: 1.368 Thread 0x000002cef1e17370 Uncommon trap: reason=unstable_if action=reinterpret pc=0x000002cee75def40 method=java.util.Properties.loadConvert([CIILjava/lang/StringBuilder;)Ljava/lang/String; @ 491 c2
Event: 1.368 Thread 0x000002cef1e17370 DEOPT PACKING pc=0x000002cee75def40 sp=0x000000f88e7f7720
Event: 1.368 Thread 0x000002cef1e17370 DEOPT UNPACKING pc=0x000002cee6df3aa2 sp=0x000000f88e7f7710 mode 2

Classes loaded (20 events):
Event: 1.302 Loading class java/io/ObjectInputStream
Event: 1.303 Loading class java/io/ObjectInput
Event: 1.303 Loading class java/io/ObjectInput done
Event: 1.303 Loading class java/io/ObjectStreamConstants
Event: 1.303 Loading class java/io/ObjectStreamConstants done
Event: 1.303 Loading class java/io/ObjectInputStream done
Event: 1.303 Loading class java/io/ObjectOutputStream
Event: 1.303 Loading class java/io/ObjectOutput
Event: 1.303 Loading class java/io/ObjectOutput done
Event: 1.303 Loading class java/io/ObjectOutputStream done
Event: 1.303 Loading class java/lang/constant/ClassDesc
Event: 1.304 Loading class java/lang/constant/ClassDesc done
Event: 1.367 Loading class java/lang/IllegalCallerException
Event: 1.367 Loading class java/lang/IllegalCallerException done
Event: 1.370 Loading class java/lang/invoke/DirectMethodHandle$1
Event: 1.370 Loading class java/lang/invoke/DirectMethodHandle$1 done
Event: 1.378 Loading class java/text/MessageFormat
Event: 1.379 Loading class java/text/MessageFormat done
Event: 1.384 Loading class jdk/internal/module/ModulePatcher$PatchedModuleReader
Event: 1.384 Loading class jdk/internal/module/ModulePatcher$PatchedModuleReader done

Classes unloaded (0 events):
No events

Classes redefined (0 events):
No events

Internal exceptions (20 events):
Event: 0.587 Thread 0x000002ceda3d49b0 Exception <a 'java/lang/NoSuchMethodError'{0x00000000eb0eb750}: 'java.lang.Object java.lang.invoke.DirectMethodHandle$Holder.invokeSpecial(java.lang.Object, java.lang.Object, java.lang.Object, int, java.lang.Object)'> (0x00000000eb0eb750) 
thrown [s\src\hotspot\share\interpreter\linkResolver.cpp, line 773]
Event: 0.590 Thread 0x000002ceda3d49b0 Exception <a 'java/lang/NoSuchMethodError'{0x00000000eb114d78}: 'int java.lang.invoke.DirectMethodHandle$Holder.invokeStaticInit(java.lang.Object, java.lang.Object, java.lang.Object, java.lang.Object)'> (0x00000000eb114d78) 
thrown [s\src\hotspot\share\interpreter\linkResolver.cpp, line 773]
Event: 0.591 Thread 0x000002ceda3d49b0 Exception <a 'java/lang/IncompatibleClassChangeError'{0x00000000eb11d278}: Found class java.lang.Object, but interface was expected> (0x00000000eb11d278) 
thrown [s\src\hotspot\share\interpreter\linkResolver.cpp, line 840]
Event: 0.591 Thread 0x000002ceda3d49b0 Exception <a 'java/lang/NoSuchMethodError'{0x00000000eb121418}: 'void java.lang.invoke.DirectMethodHandle$Holder.invokeStaticInit(java.lang.Object, java.lang.Object)'> (0x00000000eb121418) 
thrown [s\src\hotspot\share\interpreter\linkResolver.cpp, line 773]
Event: 0.592 Thread 0x000002ceda3d49b0 Exception <a 'java/lang/NoSuchMethodError'{0x00000000eb1284f0}: 'int java.lang.invoke.DirectMethodHandle$Holder.invokeStaticInit(java.lang.Object, java.lang.Object)'> (0x00000000eb1284f0) 
thrown [s\src\hotspot\share\interpreter\linkResolver.cpp, line 773]
Event: 0.621 Thread 0x000002ceda3d49b0 Exception <a 'java/lang/NoSuchMethodError'{0x00000000eb266188}: 'void java.lang.invoke.DirectMethodHandle$Holder.invokeSpecial(java.lang.Object, java.lang.Object, java.lang.Object)'> (0x00000000eb266188) 
thrown [s\src\hotspot\share\interpreter\linkResolver.cpp, line 773]
Event: 0.795 Thread 0x000002ceda3d49b0 Exception <a 'java/lang/NoSuchMethodError'{0x00000000ebb09c90}: 'int java.lang.invoke.DirectMethodHandle$Holder.invokeVirtual(java.lang.Object, java.lang.Object)'> (0x00000000ebb09c90) 
thrown [s\src\hotspot\share\interpreter\linkResolver.cpp, line 773]
Event: 0.845 Thread 0x000002ceda3d49b0 Exception <a 'java/lang/NoSuchMethodError'{0x00000000ebe7e5f8}: 'java.lang.Object java.lang.invoke.DirectMethodHandle$Holder.newInvokeSpecial(java.lang.Object, int, java.lang.Object)'> (0x00000000ebe7e5f8) 
thrown [s\src\hotspot\share\interpreter\linkResolver.cpp, line 773]
Event: 0.860 Thread 0x000002ceda3d49b0 Exception <a 'java/lang/NoSuchMethodError'{0x00000000ec000dc0}: 'java.lang.Object java.lang.invoke.DirectMethodHandle$Holder.newInvokeSpecial(java.lang.Object, java.lang.Object, java.lang.Object, java.lang.Object, int, java.lang.Object)'> (0x00000000ec000dc0) 
thrown [s\src\hotspot\share\interpreter\linkResolver.cpp, line 773]
Event: 0.946 Thread 0x000002ceda3d49b0 Exception <a 'java/lang/UnsatisfiedLinkError'{0x00000000eab52d10}: 'void org.eclipse.equinox.launcher.JNIBridge._update_splash()'> (0x00000000eab52d10) 
thrown [s\src\hotspot\share\prims\nativeLookup.cpp, line 415]
Event: 0.981 Thread 0x000002cef1e17370 Exception <a 'java/lang/NullPointerException'{0x00000000eaf1c1a0}> (0x00000000eaf1c1a0) 
thrown [s\src\hotspot\share\interpreter\linkResolver.cpp, line 1372]
Event: 0.981 Thread 0x000002cef1e17370 Exception <a 'java/lang/NullPointerException'{0x00000000eaf1c480}> (0x00000000eaf1c480) 
thrown [s\src\hotspot\share\interpreter\linkResolver.cpp, line 1372]
Event: 1.099 Thread 0x000002cef1e17370 Exception <a 'java/io/FileNotFoundException'{0x00000000eb9e1d50}> (0x00000000eb9e1d50) 
thrown [s\src\hotspot\share\prims\jni.cpp, line 520]
Event: 1.158 Thread 0x000002cef1e17370 Exception <a 'java/lang/NoSuchMethodError'{0x00000000ebca88e8}: 'java.lang.Object java.lang.invoke.Invokers$Holder.linkToTargetMethod(java.lang.Object, long, java.lang.Object)'> (0x00000000ebca88e8) 
thrown [s\src\hotspot\share\interpreter\linkResolver.cpp, line 773]
Event: 1.212 Thread 0x000002cef1e17370 Exception <a 'java/lang/NoSuchMethodError'{0x00000000ec03fc68}: 'void java.lang.invoke.DirectMethodHandle$Holder.invokeInterface(java.lang.Object, java.lang.Object, java.lang.Object)'> (0x00000000ec03fc68) 
thrown [s\src\hotspot\share\interpreter\linkResolver.cpp, line 773]
Event: 1.236 Thread 0x000002cef1e17370 Exception <a 'java/lang/NoSuchMethodError'{0x00000000ec233d40}: 'void java.lang.invoke.Invokers$Holder.invokeExact_MT(java.lang.Object, java.lang.Object, java.lang.Object)'> (0x00000000ec233d40) 
thrown [s\src\hotspot\share\interpreter\linkResolver.cpp, line 773]
Event: 1.306 Thread 0x000002cef1e17370 Exception <a 'java/lang/NoSuchMethodError'{0x00000000eac2cf50}: 'java.lang.Object java.lang.invoke.DirectMethodHandle$Holder.invokeVirtual(java.lang.Object, java.lang.Object, java.lang.Object)'> (0x00000000eac2cf50) 
thrown [s\src\hotspot\share\interpreter\linkResolver.cpp, line 773]
Event: 1.308 Thread 0x000002cef1e17370 Exception <a 'java/lang/NoSuchMethodError'{0x00000000eac45410}: 'java.lang.Object java.lang.invoke.DelegatingMethodHandle$Holder.reinvoke_L(java.lang.Object, java.lang.Object, java.lang.Object, java.lang.Object, int, int)'> (0x00000000eac45410) 
thrown [s\src\hotspot\share\interpreter\linkResolver.cpp, line 773]
Event: 1.311 Thread 0x000002cef1e17370 Exception <a 'java/lang/NoSuchMethodError'{0x00000000eac61e68}: 'java.lang.Object java.lang.invoke.DirectMethodHandle$Holder.newInvokeSpecial(java.lang.Object, java.lang.Object, java.lang.Object, java.lang.Object, java.lang.Object, java.lang.Object)'> (0x00000000eac61e68) 
thrown [s\src\hotspot\share\interpreter\linkResolver.cpp, line 773]
Event: 1.314 Thread 0x000002cef1e17370 Exception <a 'java/lang/NoSuchMethodError'{0x00000000eac7e138}: 'void java.lang.invoke.Invokers$Holder.invokeExact_MT(java.lang.Object, java.lang.Object, java.lang.Object, java.lang.Object)'> (0x00000000eac7e138) 
thrown [s\src\hotspot\share\interpreter\linkResolver.cpp, line 773]

ZGC Phase Switch (0 events):
No events

VM Operations (20 events):
Event: 0.832 Executing VM operation: HandshakeAllThreads (Deoptimize)
Event: 0.832 Executing VM operation: HandshakeAllThreads (Deoptimize) done
Event: 0.837 Executing VM operation: HandshakeAllThreads (Deoptimize)
Event: 0.837 Executing VM operation: HandshakeAllThreads (Deoptimize) done
Event: 0.859 Executing VM operation: HandshakeAllThreads (Deoptimize)
Event: 0.859 Executing VM operation: HandshakeAllThreads (Deoptimize) done
Event: 0.932 Executing VM operation: ParallelGCFailedAllocation (Allocation Failure)
Event: 0.938 Executing VM operation: ParallelGCFailedAllocation (Allocation Failure) done
Event: 0.979 Executing VM operation: HandshakeAllThreads (Deoptimize)
Event: 0.979 Executing VM operation: HandshakeAllThreads (Deoptimize) done
Event: 1.028 Executing VM operation: HandshakeAllThreads (Deoptimize)
Event: 1.028 Executing VM operation: HandshakeAllThreads (Deoptimize) done
Event: 1.188 Executing VM operation: HandshakeAllThreads (Deoptimize)
Event: 1.189 Executing VM operation: HandshakeAllThreads (Deoptimize) done
Event: 1.280 Executing VM operation: ParallelGCFailedAllocation (Allocation Failure)
Event: 1.287 Executing VM operation: ParallelGCFailedAllocation (Allocation Failure) done
Event: 1.380 Executing VM operation: HandshakeAllThreads (Deoptimize)
Event: 1.380 Executing VM operation: HandshakeAllThreads (Deoptimize) done
Event: 1.385 Executing VM operation: HandshakeAllThreads (Deoptimize)
Event: 1.385 Executing VM operation: HandshakeAllThreads (Deoptimize) done

Memory protections (0 events):
No events

Nmethod flushes (0 events):
No events

Events (20 events):
Event: 0.036 Thread 0x000002ceda3d49b0 Thread added: 0x000002cef0b491b0
Event: 0.036 Thread 0x000002ceda3d49b0 Thread added: 0x000002cef1e17a00
Event: 0.036 Thread 0x000002ceda3d49b0 Thread added: 0x000002cef1e18090
Event: 0.036 Thread 0x000002ceda3d49b0 Thread added: 0x000002cef1e19440
Event: 0.037 Thread 0x000002ceda3d49b0 Thread added: 0x000002cef1e15fc0
Event: 0.037 Thread 0x000002ceda3d49b0 Thread added: 0x000002cef1e2b8b0
Event: 0.037 Thread 0x000002ceda3d49b0 Thread added: 0x000002cef1e29460
Event: 0.052 Thread 0x000002ceda3d49b0 Thread added: 0x000002cef1e16650
Event: 0.058 Thread 0x000002cef1e29460 Thread added: 0x000002cef1f49920
Event: 0.058 Thread 0x000002cef1e29460 Thread added: 0x000002cef1f4c5f0
Event: 0.058 Thread 0x000002cef1f49920 Thread added: 0x000002cef1f4d0a0
Event: 0.138 Thread 0x000002cef1e29460 Thread added: 0x000002cef8032500
Event: 0.209 Thread 0x000002ceda3d49b0 Thread added: 0x000002cef1e18720
Event: 0.278 Thread 0x000002cef1f4c5f0 Thread added: 0x000002cef81746f0
Event: 0.826 Thread 0x000002ceda3d49b0 Thread added: 0x000002cef1e18db0
Event: 0.943 Thread 0x000002ceda3d49b0 Thread added: 0x000002cef1e16ce0
Event: 0.945 Thread 0x000002ceda3d49b0 Thread added: 0x000002cef1e17370
Event: 0.962 Thread 0x000002cef1e17370 Thread added: 0x000002cef8ba93a0
Event: 1.022 Thread 0x000002cef1e17370 Thread added: 0x000002cef8badbd0
Event: 1.218 Thread 0x000002cef1e17370 Thread added: 0x000002cef8bab470


Dynamic libraries:
0x00007ff7b7b60000 - 0x00007ff7b7b6e000 	c:\Users\tanma\.vscode\extensions\redhat.java-1.42.0-win32-x64\jre\21.0.7-win32-x86_64\bin\java.exe
0x00007ffaf5350000 - 0x00007ffaf5567000 	C:\WINDOWS\SYSTEM32\ntdll.dll
0x00007ffaf3ad0000 - 0x00007ffaf3b94000 	C:\WINDOWS\System32\KERNEL32.DLL
0x00007ffaf2450000 - 0x00007ffaf2823000 	C:\WINDOWS\System32\KERNELBASE.dll
0x00007ffaec390000 - 0x00007ffaec427000 	C:\WINDOWS\SYSTEM32\apphelp.dll
0x000000006e300000 - 0x000000006e632000 	C:\Program Files\Norton Security\NortonData\22.22.4.13\Definitions\IPSDefs\20231213.064\IPSEng64.dll
0x00007ffaf2ff0000 - 0x00007ffaf30a1000 	C:\WINDOWS\System32\ADVAPI32.dll
0x00007ffaf3f20000 - 0x00007ffaf3fc7000 	C:\WINDOWS\System32\msvcrt.dll
0x00007ffaf4040000 - 0x00007ffaf40e7000 	C:\WINDOWS\System32\sechost.dll
0x00007ffaf2e70000 - 0x00007ffaf2e98000 	C:\WINDOWS\System32\bcrypt.dll
0x00007ffaf30c0000 - 0x00007ffaf31d4000 	C:\WINDOWS\System32\RPCRT4.dll
0x00007ffaf30b0000 - 0x00007ffaf30b8000 	C:\WINDOWS\System32\PSAPI.DLL
0x00007ffaf2830000 - 0x00007ffaf2941000 	C:\WINDOWS\System32\ucrtbase.dll
0x00007ffa74ce0000 - 0x00007ffa74cfe000 	c:\Users\tanma\.vscode\extensions\redhat.java-1.42.0-win32-x64\jre\21.0.7-win32-x86_64\bin\VCRUNTIME140.dll
0x00007ffa753c0000 - 0x00007ffa753d8000 	c:\Users\tanma\.vscode\extensions\redhat.java-1.42.0-win32-x64\jre\21.0.7-win32-x86_64\bin\jli.dll
0x00007ffaf3ba0000 - 0x00007ffaf3d51000 	C:\WINDOWS\System32\USER32.dll
0x00007ffaf2f40000 - 0x00007ffaf2f66000 	C:\WINDOWS\System32\win32u.dll
0x00007ffae10f0000 - 0x00007ffae138b000 	C:\WINDOWS\WinSxS\amd64_microsoft.windows.common-controls_6595b64144ccf1df_6.0.22621.5262_none_2712bde373830908\COMCTL32.dll
0x00007ffaf3e70000 - 0x00007ffaf3e99000 	C:\WINDOWS\System32\GDI32.dll
0x00007ffaf2ac0000 - 0x00007ffaf2be2000 	C:\WINDOWS\System32\gdi32full.dll
0x00007ffaf2ea0000 - 0x00007ffaf2f3a000 	C:\WINDOWS\System32\msvcp_win.dll
0x00007ffaf41a0000 - 0x00007ffaf41d1000 	C:\WINDOWS\System32\IMM32.DLL
0x00007ffabd2b0000 - 0x00007ffabd2bc000 	c:\Users\tanma\.vscode\extensions\redhat.java-1.42.0-win32-x64\jre\21.0.7-win32-x86_64\bin\vcruntime140_1.dll
0x00007ffa59bc0000 - 0x00007ffa59c4d000 	c:\Users\tanma\.vscode\extensions\redhat.java-1.42.0-win32-x64\jre\21.0.7-win32-x86_64\bin\msvcp140.dll
0x00007ffa26520000 - 0x00007ffa272b0000 	c:\Users\tanma\.vscode\extensions\redhat.java-1.42.0-win32-x64\jre\21.0.7-win32-x86_64\bin\server\jvm.dll
0x00007ffaf49f0000 - 0x00007ffaf4a61000 	C:\WINDOWS\System32\WS2_32.dll
0x00007ffaf2320000 - 0x00007ffaf236d000 	C:\WINDOWS\SYSTEM32\POWRPROF.dll
0x00007ffaea340000 - 0x00007ffaea34a000 	C:\WINDOWS\SYSTEM32\VERSION.dll
0x00007ffaecc00000 - 0x00007ffaecc34000 	C:\WINDOWS\SYSTEM32\WINMM.dll
0x00007ffaf2300000 - 0x00007ffaf2313000 	C:\WINDOWS\SYSTEM32\UMPDC.dll
0x00007ffaf1450000 - 0x00007ffaf1468000 	C:\WINDOWS\SYSTEM32\kernel.appcore.dll
0x00007ffab9ed0000 - 0x00007ffab9eda000 	c:\Users\tanma\.vscode\extensions\redhat.java-1.42.0-win32-x64\jre\21.0.7-win32-x86_64\bin\jimage.dll
0x00007ffaf00e0000 - 0x00007ffaf0312000 	C:\WINDOWS\SYSTEM32\DBGHELP.DLL
0x00007ffaf44f0000 - 0x00007ffaf4883000 	C:\WINDOWS\System32\combase.dll
0x00007ffaf4310000 - 0x00007ffaf43e7000 	C:\WINDOWS\System32\OLEAUT32.dll
0x00007ffae2c50000 - 0x00007ffae2c82000 	C:\WINDOWS\SYSTEM32\dbgcore.DLL
0x00007ffaf2df0000 - 0x00007ffaf2e6b000 	C:\WINDOWS\System32\bcryptPrimitives.dll
0x00007ffaec0f0000 - 0x00007ffaec0ff000 	c:\Users\tanma\.vscode\extensions\redhat.java-1.42.0-win32-x64\jre\21.0.7-win32-x86_64\bin\instrument.dll
0x00007ffa74cc0000 - 0x00007ffa74cdf000 	c:\Users\tanma\.vscode\extensions\redhat.java-1.42.0-win32-x64\jre\21.0.7-win32-x86_64\bin\java.dll
0x00007ffaf4a70000 - 0x00007ffaf530d000 	C:\WINDOWS\System32\SHELL32.dll
0x00007ffaf2bf0000 - 0x00007ffaf2d2f000 	C:\WINDOWS\System32\wintypes.dll
0x00007ffaf0340000 - 0x00007ffaf0c5d000 	C:\WINDOWS\SYSTEM32\windows.storage.dll
0x00007ffaf3d60000 - 0x00007ffaf3e6b000 	C:\WINDOWS\System32\SHCORE.dll
0x00007ffaf3ea0000 - 0x00007ffaf3f06000 	C:\WINDOWS\System32\shlwapi.dll
0x00007ffaf2380000 - 0x00007ffaf23ab000 	C:\WINDOWS\SYSTEM32\profapi.dll
0x00007ffa74ca0000 - 0x00007ffa74cb8000 	c:\Users\tanma\.vscode\extensions\redhat.java-1.42.0-win32-x64\jre\21.0.7-win32-x86_64\bin\zip.dll
0x00007ffab45b0000 - 0x00007ffab45c0000 	C:\Users\tanma\.vscode\extensions\redhat.java-1.42.0-win32-x64\jre\21.0.7-win32-x86_64\bin\net.dll
0x00007ffaed440000 - 0x00007ffaed56c000 	C:\WINDOWS\SYSTEM32\WINHTTP.dll
0x00007ffaf18c0000 - 0x00007ffaf192a000 	C:\WINDOWS\system32\mswsock.dll
0x00007ffa73e40000 - 0x00007ffa73e56000 	C:\Users\tanma\.vscode\extensions\redhat.java-1.42.0-win32-x64\jre\21.0.7-win32-x86_64\bin\nio.dll
0x00007ffab42f0000 - 0x00007ffab4300000 	c:\Users\tanma\.vscode\extensions\redhat.java-1.42.0-win32-x64\jre\21.0.7-win32-x86_64\bin\verify.dll
0x00007ffaa1370000 - 0x00007ffaa13b5000 	C:\Users\tanma\AppData\Roaming\Code\User\globalStorage\redhat.java\1.42.0\config_ss_win\org.eclipse.equinox.launcher\org.eclipse.equinox.launcher.win32.win32.x86_64_1.2.1300.v20250331-1702\eclipse_11911.dll
0x00007ffaf3920000 - 0x00007ffaf3ac1000 	C:\WINDOWS\System32\ole32.dll

dbghelp: loaded successfully - version: 4.0.5 - missing functions: none
symbol engine: initialized successfully - sym options: 0x614 - pdb path: .;c:\Users\tanma\.vscode\extensions\redhat.java-1.42.0-win32-x64\jre\21.0.7-win32-x86_64\bin;C:\WINDOWS\SYSTEM32;C:\Program Files\Norton Security\NortonData\22.22.4.13\Definitions\IPSDefs\20231213.064;C:\WINDOWS\WinSxS\amd64_microsoft.windows.common-controls_6595b64144ccf1df_6.0.22621.5262_none_2712bde373830908;c:\Users\tanma\.vscode\extensions\redhat.java-1.42.0-win32-x64\jre\21.0.7-win32-x86_64\bin\server;C:\Users\tanma\AppData\Roaming\Code\User\globalStorage\redhat.java\1.42.0\config_ss_win\org.eclipse.equinox.launcher\org.eclipse.equinox.launcher.win32.win32.x86_64_1.2.1300.v20250331-1702

VM Arguments:
jvm_args: --add-modules=ALL-SYSTEM --add-opens=java.base/java.util=ALL-UNNAMED --add-opens=java.base/java.lang=ALL-UNNAMED --add-opens=java.base/sun.nio.fs=ALL-UNNAMED -Declipse.application=org.eclipse.jdt.ls.core.id1 -Dosgi.bundles.defaultStartLevel=4 -Declipse.product=org.eclipse.jdt.ls.core.product -Djava.import.generatesMetadataFilesAtProjectRoot=false -DDetectVMInstallationsJob.disabled=true -Dfile.encoding=utf8 -XX:+UseParallelGC -XX:GCTimeRatio=4 -XX:AdaptiveSizePolicyWeight=90 -Dsun.zip.disableMemoryMapping=true -Xmx1G -Xms100m -Xlog:disable -javaagent:c:\Users\tanma\.vscode\extensions\redhat.java-1.42.0-win32-x64\lombok\lombok-1.18.36.jar 
java_command: c:\Users\tanma\.vscode\extensions\redhat.java-1.42.0-win32-x64\server\plugins\org.eclipse.equinox.launcher_1.7.0.v20250424-1814.jar -configuration c:\Users\tanma\AppData\Roaming\Code\User\globalStorage\redhat.java\1.42.0\config_ss_win -data c:\Users\tanma\AppData\Roaming\Code\User\workspaceStorage\89240fbca4adb2b40d9c8e8d66c81886\redhat.java\ss_ws --pipe=\\.\pipe\lsp-6c4c986471ecd2ec7ed92d058c5e015d-sock
java_class_path (initial): c:\Users\tanma\.vscode\extensions\redhat.java-1.42.0-win32-x64\server\plugins\org.eclipse.equinox.launcher_1.7.0.v20250424-1814.jar
Launcher Type: SUN_STANDARD

[Global flags]
    uintx AdaptiveSizePolicyWeight                 = 90                                        {product} {command line}
     intx CICompilerCount                          = 12                                        {product} {ergonomic}
    uintx GCTimeRatio                              = 4                                         {product} {command line}
   size_t InitialHeapSize                          = 104857600                                 {product} {command line}
   size_t MaxHeapSize                              = 1073741824                                {product} {command line}
   size_t MaxNewSize                               = 357564416                                 {product} {ergonomic}
   size_t MinHeapDeltaBytes                        = 524288                                    {product} {ergonomic}
   size_t MinHeapSize                              = 104857600                                 {product} {command line}
   size_t NewSize                                  = 34603008                                  {product} {ergonomic}
    uintx NonNMethodCodeHeapSize                   = 7602480                                {pd product} {ergonomic}
    uintx NonProfiledCodeHeapSize                  = 122027880                              {pd product} {ergonomic}
   size_t OldSize                                  = 70254592                                  {product} {ergonomic}
    uintx ProfiledCodeHeapSize                     = 122027880                              {pd product} {ergonomic}
    uintx ReservedCodeCacheSize                    = 251658240                              {pd product} {ergonomic}
     bool SegmentedCodeCache                       = true                                      {product} {ergonomic}
   size_t SoftMaxHeapSize                          = 1073741824                             {manageable} {ergonomic}
     bool UseCompressedOops                        = true                           {product lp64_product} {ergonomic}
     bool UseLargePagesIndividualAllocation        = false                                  {pd product} {ergonomic}
     bool UseParallelGC                            = true                                      {product} {command line}

Logging:
Log output configuration:
 #0: stdout all=off uptime,level,tags foldmultilines=false
 #1: stderr all=off uptime,level,tags foldmultilines=false

Environment Variables:
JAVA_HOME=C:\Program Files\Microsoft\jdk-17.0.12.7-hotspot
PATH=C:\app\tanma\product\21c\dbhomeXE\bin;C:\Windows\system32;C:\Windows;C:\Windows\System32\Wbem;C:\Windows\System32\WindowsPowerShell\v1.0\;C:\Windows\System32\OpenSSH\;C:\Program Files (x86)\NVIDIA Corporation\PhysX\Common;C:\Program Files\NVIDIA Corporation\NVIDIA NvDLISR;C:\Windows\System32\cmd.exe;C:\MinGW\bin;C:\WINDOWS\system32;C:\WINDOWS;C:\WINDOWS\System32\Wbem;C:\WINDOWS\System32\WindowsPowerShell\v1.0\;C:\WINDOWS\System32\OpenSSH\;C:\Program Files\Git\cmd;C:\Program Files\Git\mingw64\bin;C:\Program Files\Git\usr\bin;C:\Program Files\MongoDB\Tools\100\bin;C:\Program Files\Docker\Docker\resources\bin;C:\Users\tanma\AppData\Local\Android\Sdk;C:\ProgramData\chocolatey\bin;C:\Program Files\nodejs\;C:\Users\tanma\AppData\Local\Android\Sdk\platform-tools;C:\Program Files\Microsoft\jdk-17.0.12.7-hotspot\bin;C:\Program Files\apache-maven-3.9.9-bin\apache-maven-3.9.9\bin;C:\Program Files\MySQL\MySQL Shell 8.0\bin\;C:\Users\tanma\.console-ninja\.bin;C:\Users\tanma\AppData\Local\Programs\Python\Python311\Scripts\;C:\Users\tanma\AppData\Local\Programs\Python\Python311\;C:\Users\tanma\AppData\Local\Programs\Python\Python312\Scripts\;C:\Users\tanma\AppData\Local\Programs\Python\Python312\;C:\Users\tanma\AppData\Local\Programs\Python\Launcher\;C:\Users\tanma\AppData\Local\Microsoft\WindowsApps;C:\Users\tanma\AppData\Local\GitHubDesktop\bin;C:\Program Files\JetBrains\IntelliJ IDEA Community Edition 2022.3\bin;C:\Users\tanma\AppData\Local\Programs\Microsoft VS Code\bin;C:\Users\tanma\AppData\Local\Programs\mongosh\;C:\Users\tanma\AppData\Local\Programs\oh-my-posh\bin;C:\Users\tanma\AppData\Local\Android\Sdk;C:\Users\tanma\AppData\Roaming\npm;C:\Program Files\Microsoft\jdk-17.0.12.7-hotspot\bin;C:\Program Files\apache-maven-3.9.9-bin\apache-maven-3.9.9\bin;
USERNAME=tanma
OS=Windows_NT
PROCESSOR_IDENTIFIER=AMD64 Family 25 Model 80 Stepping 0, AuthenticAMD
TMP=C:\Users\tanma\AppData\Local\Temp
TEMP=C:\Users\tanma\AppData\Local\Temp




Periodic native trim disabled

---------------  S Y S T E M  ---------------

OS:
 Windows 11 , 64 bit Build 22621 (10.0.22621.5262)
OS uptime: 0 days 0:57 hours
Hyper-V role detected

CPU: total 16 (initial active 16) (16 cores per cpu, 2 threads per core) family 25 model 80 stepping 0 microcode 0x0, cx8, cmov, fxsr, ht, mmx, 3dnowpref, sse, sse2, sse3, ssse3, sse4a, sse4.1, sse4.2, popcnt, lzcnt, tsc, tscinvbit, avx, avx2, aes, erms, clmul, bmi1, bmi2, adx, sha, fma, vzeroupper, clflush, clflushopt, hv, rdtscp, rdpid, fsrm, f16c, cet_ss
Processor Information for the first 16 processors :
  Max Mhz: 3201, Current Mhz: 3201, Mhz Limit: 3201

Memory: 4k page, system-wide physical 5996M (617M free)
TotalPageFile size 24428M (AvailPageFile size 0M)
current process WorkingSet (physical memory assigned to process): 113M, peak: 113M
current process commit charge ("private bytes"): 237M, peak: 237M

vm_info: OpenJDK 64-Bit Server VM (21.0.7+6-LTS) for windows-amd64 JRE (21.0.7+6-LTS), built on 2025-04-15T00:00:00Z by "admin" with MS VC++ 17.7 (VS2022)

END.
