#
# There is insufficient memory for the Java Runtime Environment to continue.
# Native memory allocation (malloc) failed to allocate 333376 bytes. Error detail: Chunk::new
# Possible reasons:
#   The system is out of physical RAM or swap space
#   This process is running with CompressedOops enabled, and the Java Heap may be blocking the growth of the native heap
# Possible solutions:
#   Reduce memory load on the system
#   Increase physical memory or swap space
#   Check if swap backing store is full
#   Decrease Java heap size (-Xmx/-Xms)
#   Decrease number of Java threads
#   Decrease Java thread stack sizes (-Xss)
#   Set larger code cache with -XX:ReservedCodeCacheSize=
#   JVM is running with Unscaled Compressed Oops mode in which the Java heap is
#     placed in the first 4GB address space. The Java Heap base address is the
#     maximum limit for the native heap growth. Please use -XX:HeapBaseMinAddress
#     to set the Java Heap base and to place the Java Heap above 4GB virtual address.
# This output file may be truncated or incomplete.
#
#  Out of Memory Error (arena.cpp:168), pid=3244, tid=20736
#
# JRE version: OpenJDK Runtime Environment Temurin-21.0.7+6 (21.0.7+6) (build 21.0.7+6-LTS)
# Java VM: OpenJDK 64-Bit Server VM Temurin-21.0.7+6 (21.0.7+6-LTS, mixed mode, sharing, tiered, compressed oops, compressed class ptrs, parallel gc, windows-amd64)
# No core dump will be written. Minidumps are not enabled by default on client versions of Windows
#

---------------  S U M M A R Y ------------

Command Line: --add-modules=ALL-SYSTEM --add-opens=java.base/java.util=ALL-UNNAMED --add-opens=java.base/java.lang=ALL-UNNAMED --add-opens=java.base/sun.nio.fs=ALL-UNNAMED -Declipse.application=org.eclipse.jdt.ls.core.id1 -Dosgi.bundles.defaultStartLevel=4 -Declipse.product=org.eclipse.jdt.ls.core.product -Djava.import.generatesMetadataFilesAtProjectRoot=false -DDetectVMInstallationsJob.disabled=true -Dfile.encoding=utf8 -XX:+UseParallelGC -XX:GCTimeRatio=4 -XX:AdaptiveSizePolicyWeight=90 -Dsun.zip.disableMemoryMapping=true -Xmx1G -Xms100m -Xlog:disable -javaagent:c:\Users\tanma\.vscode\extensions\redhat.java-1.42.0-win32-x64\lombok\lombok-1.18.36.jar -XX:+HeapDumpOnOutOfMemoryError -XX:HeapDumpPath=c:\Users\tanma\AppData\Roaming\Code\User\workspaceStorage\89240fbca4adb2b40d9c8e8d66c81886\redhat.java -Daether.dependencyCollector.impl=bf c:\Users\tanma\.vscode\extensions\redhat.java-1.42.0-win32-x64\server\plugins\org.eclipse.equinox.launcher_1.7.0.v20250424-1814.jar -configuration c:\Users\tanma\AppData\Roaming\Code\User\globalStorage\redhat.java\1.42.0\config_win -data c:\Users\tanma\AppData\Roaming\Code\User\workspaceStorage\89240fbca4adb2b40d9c8e8d66c81886\redhat.java\jdt_ws --pipe=\\.\pipe\lsp-0dc309686f82b38d36997cc0149cbb2c-sock

Host: AMD Ryzen 7 5800H with Radeon Graphics         , 16 cores, 5G,  Windows 11 , 64 bit Build 22621 (10.0.22621.5262)
Time: Fri May 16 18:05:19 2025 India Standard Time elapsed time: 3.289815 seconds (0d 0h 0m 3s)

---------------  T H R E A D  ---------------

Current thread (0x000002d15dab7820):  JavaThread "C2 CompilerThread1" daemon [_thread_in_native, id=20736, stack(0x000000f4b9300000,0x000000f4b9400000) (1024K)]


Current CompileTask:
C2:3289 4717       4       lombok.patcher.PatchScript$MethodPatcher::visitMethod (158 bytes)

Stack: [0x000000f4b9300000,0x000000f4b9400000]
Native frames: (J=compiled Java code, j=interpreted, Vv=VM code, C=native code)
V  [jvm.dll+0x6ce119]
V  [jvm.dll+0x8a84a1]
V  [jvm.dll+0x8aa9ce]
V  [jvm.dll+0x8ab0b3]
V  [jvm.dll+0x27f8a6]
V  [jvm.dll+0xc507d]
V  [jvm.dll+0xc55b3]
V  [jvm.dll+0x2f2c6d]
V  [jvm.dll+0x5f6bca]
V  [jvm.dll+0x250cb2]
V  [jvm.dll+0x249626]
V  [jvm.dll+0x246fc4]
V  [jvm.dll+0x1c760e]
V  [jvm.dll+0x25695a]
V  [jvm.dll+0x254efa]
V  [jvm.dll+0x3f03f6]
V  [jvm.dll+0x851f6b]
V  [jvm.dll+0x6cc7dd]
C  [ucrtbase.dll+0x29333]
C  [KERNEL32.DLL+0x1259d]
C  [ntdll.dll+0x5af58]


---------------  P R O C E S S  ---------------

Threads class SMR info:
_java_thread_list=0x000002d165ed68d0, length=28, elements={
0x000002d1482f2490, 0x000002d15c692850, 0x000002d15c692fb0, 0x000002d15c698160,
0x000002d15c699070, 0x000002d15c69dbe0, 0x000002d15c69e780, 0x000002d15d96e790,
0x000002d15d979e00, 0x000002d15da6efe0, 0x000002d15da7e360, 0x000002d15da83380,
0x000002d15dab7820, 0x000002d15dc6a640, 0x000002d15da6cf10, 0x000002d15faad0a0,
0x000002d15da6e950, 0x000002d15da6f670, 0x000002d15da6c1f0, 0x000002d15da6c880,
0x000002d15da6dc30, 0x000002d15da6d5a0, 0x000002d15da6e2c0, 0x000002d164900c60,
0x000002d164906ed0, 0x000002d1649061b0, 0x000002d164901980, 0x000002d164905490
}

Java Threads: ( => current thread )
  0x000002d1482f2490 JavaThread "main"                              [_thread_blocked, id=19616, stack(0x000000f4b8400000,0x000000f4b8500000) (1024K)]
  0x000002d15c692850 JavaThread "Reference Handler"          daemon [_thread_blocked, id=19272, stack(0x000000f4b8800000,0x000000f4b8900000) (1024K)]
  0x000002d15c692fb0 JavaThread "Finalizer"                  daemon [_thread_blocked, id=16000, stack(0x000000f4b8900000,0x000000f4b8a00000) (1024K)]
  0x000002d15c698160 JavaThread "Signal Dispatcher"          daemon [_thread_blocked, id=21396, stack(0x000000f4b8a00000,0x000000f4b8b00000) (1024K)]
  0x000002d15c699070 JavaThread "Attach Listener"            daemon [_thread_blocked, id=16460, stack(0x000000f4b8b00000,0x000000f4b8c00000) (1024K)]
  0x000002d15c69dbe0 JavaThread "Service Thread"             daemon [_thread_blocked, id=24048, stack(0x000000f4b8c00000,0x000000f4b8d00000) (1024K)]
  0x000002d15c69e780 JavaThread "Monitor Deflation Thread"   daemon [_thread_blocked, id=16004, stack(0x000000f4b8d00000,0x000000f4b8e00000) (1024K)]
  0x000002d15d96e790 JavaThread "C2 CompilerThread0"         daemon [_thread_in_native, id=27244, stack(0x000000f4b8e00000,0x000000f4b8f00000) (1024K)]
  0x000002d15d979e00 JavaThread "C1 CompilerThread0"         daemon [_thread_blocked, id=12504, stack(0x000000f4b8f00000,0x000000f4b9000000) (1024K)]
  0x000002d15da6efe0 JavaThread "Common-Cleaner"             daemon [_thread_blocked, id=20168, stack(0x000000f4b9000000,0x000000f4b9100000) (1024K)]
  0x000002d15da7e360 JavaThread "C1 CompilerThread1"         daemon [_thread_blocked, id=4556, stack(0x000000f4b9100000,0x000000f4b9200000) (1024K)]
  0x000002d15da83380 JavaThread "C1 CompilerThread2"         daemon [_thread_blocked, id=25756, stack(0x000000f4b9200000,0x000000f4b9300000) (1024K)]
=>0x000002d15dab7820 JavaThread "C2 CompilerThread1"         daemon [_thread_in_native, id=20736, stack(0x000000f4b9300000,0x000000f4b9400000) (1024K)]
  0x000002d15dc6a640 JavaThread "C1 CompilerThread3"         daemon [_thread_blocked, id=11860, stack(0x000000f4b9400000,0x000000f4b9500000) (1024K)]
  0x000002d15da6cf10 JavaThread "Notification Thread"        daemon [_thread_blocked, id=10596, stack(0x000000f4b9500000,0x000000f4b9600000) (1024K)]
  0x000002d15faad0a0 JavaThread "C2 CompilerThread2"         daemon [_thread_blocked, id=25144, stack(0x000000f4b9600000,0x000000f4b9700000) (1024K)]
  0x000002d15da6e950 JavaThread "Active Thread: Equinox Container: 5c6066df-a160-4307-8015-8838b4c441b0"        [_thread_blocked, id=28772, stack(0x000000f4b9d00000,0x000000f4b9e00000) (1024K)]
  0x000002d15da6f670 JavaThread "Refresh Thread: Equinox Container: 5c6066df-a160-4307-8015-8838b4c441b0" daemon [_thread_blocked, id=24068, stack(0x000000f4b9f00000,0x000000f4ba000000) (1024K)]
  0x000002d15da6c1f0 JavaThread "Framework Event Dispatcher: Equinox Container: 5c6066df-a160-4307-8015-8838b4c441b0" daemon [_thread_blocked, id=18824, stack(0x000000f4ba000000,0x000000f4ba100000) (1024K)]
  0x000002d15da6c880 JavaThread "Start Level: Equinox Container: 5c6066df-a160-4307-8015-8838b4c441b0" daemon [_thread_in_vm, id=5608, stack(0x000000f4ba100000,0x000000f4ba200000) (1024K)]
  0x000002d15da6dc30 JavaThread "Bundle File Closer"         daemon [_thread_blocked, id=7460, stack(0x000000f4ba500000,0x000000f4ba600000) (1024K)]
  0x000002d15da6d5a0 JavaThread "SCR Component Actor"        daemon [_thread_blocked, id=9044, stack(0x000000f4ba600000,0x000000f4ba700000) (1024K)]
  0x000002d15da6e2c0 JavaThread "SCR Component Registry"     daemon [_thread_blocked, id=28228, stack(0x000000f4ba700000,0x000000f4ba800000) (1024K)]
  0x000002d164900c60 JavaThread "Worker-JM"                         [_thread_blocked, id=21748, stack(0x000000f4ba900000,0x000000f4baa00000) (1024K)]
  0x000002d164906ed0 JavaThread "JNA Cleaner"                daemon [_thread_blocked, id=1488, stack(0x000000f4bab00000,0x000000f4bac00000) (1024K)]
  0x000002d1649061b0 JavaThread "Worker-0: Building"                [_thread_blocked, id=4240, stack(0x000000f4bac00000,0x000000f4bad00000) (1024K)]
  0x000002d164901980 JavaThread "Worker-1"                          [_thread_blocked, id=24756, stack(0x000000f4bad00000,0x000000f4bae00000) (1024K)]
  0x000002d164905490 JavaThread "Worker-2"                          [_thread_blocked, id=13640, stack(0x000000f4bae00000,0x000000f4baf00000) (1024K)]
Total: 28

Other Threads:
  0x000002d15c684b20 VMThread "VM Thread"                           [id=3976, stack(0x000000f4b8700000,0x000000f4b8800000) (1024K)]
  0x000002d15c57cb20 WatcherThread "VM Periodic Task Thread"        [id=14820, stack(0x000000f4b8600000,0x000000f4b8700000) (1024K)]
  0x000002d148307830 WorkerThread "GC Thread#0"                     [id=27996, stack(0x000000f4b8500000,0x000000f4b8600000) (1024K)]
  0x000002d15faaa740 WorkerThread "GC Thread#1"                     [id=23796, stack(0x000000f4b9700000,0x000000f4b9800000) (1024K)]
  0x000002d1642a3050 WorkerThread "GC Thread#2"                     [id=22592, stack(0x000000f4b9800000,0x000000f4b9900000) (1024K)]
  0x000002d1642a33f0 WorkerThread "GC Thread#3"                     [id=21612, stack(0x000000f4b9900000,0x000000f4b9a00000) (1024K)]
  0x000002d1642a3ba0 WorkerThread "GC Thread#4"                     [id=5048, stack(0x000000f4b9a00000,0x000000f4b9b00000) (1024K)]
  0x000002d15f97d3e0 WorkerThread "GC Thread#5"                     [id=9600, stack(0x000000f4b9b00000,0x000000f4b9c00000) (1024K)]
  0x000002d15f97d780 WorkerThread "GC Thread#6"                     [id=28004, stack(0x000000f4b9c00000,0x000000f4b9d00000) (1024K)]
  0x000002d16409a350 WorkerThread "GC Thread#7"                     [id=28244, stack(0x000000f4b9e00000,0x000000f4b9f00000) (1024K)]
  0x000002d1645abe30 WorkerThread "GC Thread#8"                     [id=24220, stack(0x000000f4ba200000,0x000000f4ba300000) (1024K)]
  0x000002d1645ab6f0 WorkerThread "GC Thread#9"                     [id=9924, stack(0x000000f4ba300000,0x000000f4ba400000) (1024K)]
  0x000002d1645ac570 WorkerThread "GC Thread#10"                    [id=25384, stack(0x000000f4ba400000,0x000000f4ba500000) (1024K)]
  0x000002d1645aafb0 WorkerThread "GC Thread#11"                    [id=16660, stack(0x000000f4ba800000,0x000000f4ba900000) (1024K)]
  0x000002d1647bc670 WorkerThread "GC Thread#12"                    [id=14640, stack(0x000000f4baa00000,0x000000f4bab00000) (1024K)]
Total: 15

Threads with active compile tasks:
C2 CompilerThread0  3317 4706       4       org.lombokweb.asm.ClassReader::readMethod (1070 bytes)
C2 CompilerThread1  3317 4717       4       lombok.patcher.PatchScript$MethodPatcher::visitMethod (158 bytes)
Total: 2

VM state: not at safepoint (normal execution)

VM Mutex/Monitor currently owned by a thread: None

Heap address: 0x00000000c0000000, size: 1024 MB, Compressed Oops mode: 32-bit

CDS archive(s) mapped at: [0x000002d100000000-0x000002d100ba0000-0x000002d100ba0000), size 12189696, SharedBaseAddress: 0x000002d100000000, ArchiveRelocationMode: 1.
Compressed class space mapped at: 0x000002d101000000-0x000002d141000000, reserved size: 1073741824
Narrow klass base: 0x000002d100000000, Narrow klass shift: 0, Narrow klass range: 0x100000000

GC Precious Log:
 CardTable entry size: 512
 CPUs: 16 total, 16 available
 Memory: 5996M
 Large Page Support: Disabled
 NUMA Support: Disabled
 Compressed Oops: Enabled (32-bit)
 Alignments: Space 512K, Generation 512K, Heap 2M
 Heap Min Capacity: 100M
 Heap Initial Capacity: 100M
 Heap Max Capacity: 1G
 Pre-touch: Disabled
 Parallel Workers: 13

Heap:
 PSYoungGen      total 27136K, used 10239K [0x00000000eab00000, 0x00000000ec900000, 0x0000000100000000)
  eden space 23552K, 29% used [0x00000000eab00000,0x00000000eb1be548,0x00000000ec200000)
  from space 3584K, 93% used [0x00000000ec400000,0x00000000ec741940,0x00000000ec780000)
  to   space 1536K, 0% used [0x00000000ec780000,0x00000000ec780000,0x00000000ec900000)
 ParOldGen       total 68608K, used 12623K [0x00000000c0000000, 0x00000000c4300000, 0x00000000eab00000)
  object space 68608K, 18% used [0x00000000c0000000,0x00000000c0c53c80,0x00000000c4300000)
 Metaspace       used 27188K, committed 28096K, reserved 1114112K
  class space    used 2606K, committed 3008K, reserved 1048576K

Card table byte_map: [0x000002d147c50000,0x000002d147e60000] _byte_map_base: 0x000002d147650000

Marking Bits: (ParMarkBitMap*) 0x00007ffa271d31f0
 Begin Bits: [0x000002d15a4a0000, 0x000002d15b4a0000)
 End Bits:   [0x000002d15b4a0000, 0x000002d15c4a0000)

Polling page: 0x000002d146120000

Metaspace:

Usage:
  Non-class:     24.01 MB used.
      Class:      2.55 MB used.
       Both:     26.55 MB used.

Virtual space:
  Non-class space:       64.00 MB reserved,      24.50 MB ( 38%) committed,  1 nodes.
      Class space:        1.00 GB reserved,       2.94 MB ( <1%) committed,  1 nodes.
             Both:        1.06 GB reserved,      27.44 MB (  3%) committed. 

Chunk freelists:
   Non-Class:  7.17 MB
       Class:  13.08 MB
        Both:  20.25 MB

MaxMetaspaceSize: unlimited
CompressedClassSpaceSize: 1.00 GB
Initial GC threshold: 21.00 MB
Current GC threshold: 35.00 MB
CDS: on
 - commit_granule_bytes: 65536.
 - commit_granule_words: 8192.
 - virtual_space_node_default_size: 8388608.
 - enlarge_chunks_in_place: 1.
 - use_allocation_guard: 0.


Internal statistics:

num_allocs_failed_limit: 3.
num_arena_births: 822.
num_arena_deaths: 14.
num_vsnodes_births: 2.
num_vsnodes_deaths: 0.
num_space_committed: 439.
num_space_uncommitted: 0.
num_chunks_returned_to_freelist: 17.
num_chunks_taken_from_freelist: 1930.
num_chunk_merges: 9.
num_chunk_splits: 1241.
num_chunks_enlarged: 739.
num_inconsistent_stats: 0.

CodeHeap 'non-profiled nmethods': size=119168Kb used=2075Kb max_used=2075Kb free=117092Kb
 bounds [0x000002d153040000, 0x000002d1532b0000, 0x000002d15a4a0000]
CodeHeap 'profiled nmethods': size=119104Kb used=10025Kb max_used=10025Kb free=109078Kb
 bounds [0x000002d14b4a0000, 0x000002d14be70000, 0x000002d1528f0000]
CodeHeap 'non-nmethods': size=7488Kb used=3020Kb max_used=3039Kb free=4468Kb
 bounds [0x000002d1528f0000, 0x000002d152bf0000, 0x000002d153040000]
 total_blobs=5345 nmethods=4722 adapters=526
 compilation: enabled
              stopped_count=0, restarted_count=0
 full_count=0

Compilation events (20 events):
Event: 3.234 Thread 0x000002d15faad0a0 4709       4       java.lang.Long::stringSize (55 bytes)
Event: 3.236 Thread 0x000002d15faad0a0 nmethod 4709 0x000002d15323f510 code [0x000002d15323f6a0, 0x000002d15323f860]
Event: 3.246 Thread 0x000002d15dab7820 4710       4       org.lombokweb.asm.MethodVisitor::<init> (79 bytes)
Event: 3.246 Thread 0x000002d15faad0a0 4711       4       org.lombokweb.asm.MethodWriter::<init> (232 bytes)
Event: 3.247 Thread 0x000002d15d979e00 4713       3       org.lombokweb.asm.SymbolTable::hash (14 bytes)
Event: 3.247 Thread 0x000002d15da7e360 4714       3       org.lombokweb.asm.Label::addForwardReference (102 bytes)
Event: 3.247 Thread 0x000002d15dab7820 nmethod 4710 0x000002d15323f910 code [0x000002d15323faa0, 0x000002d15323fb70]
Event: 3.247 Thread 0x000002d15da83380 4715       3       org.lombokweb.asm.MethodVisitor::visitJumpInsn (17 bytes)
Event: 3.247 Thread 0x000002d15dab7820 4712       4       org.lombokweb.asm.MethodWriter::canCopyMethodAttributes (163 bytes)
Event: 3.247 Thread 0x000002d15d979e00 nmethod 4713 0x000002d14be65190 code [0x000002d14be65320, 0x000002d14be65428]
Event: 3.247 Thread 0x000002d15da83380 nmethod 4715 0x000002d14be65490 code [0x000002d14be65640, 0x000002d14be65848]
Event: 3.247 Thread 0x000002d15da7e360 nmethod 4714 0x000002d14be65910 code [0x000002d14be65ae0, 0x000002d14be65f40]
Event: 3.249 Thread 0x000002d15da83380 4718       3       java.util.jar.JarFile::match (132 bytes)
Event: 3.250 Thread 0x000002d15da83380 nmethod 4718 0x000002d14be66110 code [0x000002d14be66300, 0x000002d14be66830]
Event: 3.255 Thread 0x000002d15dab7820 nmethod 4712 0x000002d15323fc10 code [0x000002d15323fdc0, 0x000002d153240128]
Event: 3.255 Thread 0x000002d15dab7820 4717       4       lombok.patcher.PatchScript$MethodPatcher::visitMethod (158 bytes)
Event: 3.277 Thread 0x000002d15d979e00 4724       3       java.net.URI::toURL (6 bytes)
Event: 3.277 Thread 0x000002d15da7e360 4725   !   3       java.net.URL::of (255 bytes)
Event: 3.277 Thread 0x000002d15d979e00 nmethod 4724 0x000002d14be66b10 code [0x000002d14be66cc0, 0x000002d14be66e08]
Event: 3.280 Thread 0x000002d15da7e360 nmethod 4725 0x000002d14be66e90 code [0x000002d14be672e0, 0x000002d14be68da8]

GC Heap History (20 events):
Event: 0.646 GC heap before
{Heap before GC invocations=1 (full 0):
 PSYoungGen      total 29696K, used 25600K [0x00000000eab00000, 0x00000000ecc00000, 0x0000000100000000)
  eden space 25600K, 100% used [0x00000000eab00000,0x00000000ec400000,0x00000000ec400000)
  from space 4096K, 0% used [0x00000000ec800000,0x00000000ec800000,0x00000000ecc00000)
  to   space 4096K, 0% used [0x00000000ec400000,0x00000000ec400000,0x00000000ec800000)
 ParOldGen       total 68608K, used 0K [0x00000000c0000000, 0x00000000c4300000, 0x00000000eab00000)
  object space 68608K, 0% used [0x00000000c0000000,0x00000000c0000000,0x00000000c4300000)
 Metaspace       used 4162K, committed 4480K, reserved 1114112K
  class space    used 446K, committed 576K, reserved 1048576K
}
Event: 0.655 GC heap after
{Heap after GC invocations=1 (full 0):
 PSYoungGen      total 29696K, used 3671K [0x00000000eab00000, 0x00000000ecc00000, 0x0000000100000000)
  eden space 25600K, 0% used [0x00000000eab00000,0x00000000eab00000,0x00000000ec400000)
  from space 4096K, 89% used [0x00000000ec400000,0x00000000ec795e70,0x00000000ec800000)
  to   space 4096K, 0% used [0x00000000ec800000,0x00000000ec800000,0x00000000ecc00000)
 ParOldGen       total 68608K, used 16K [0x00000000c0000000, 0x00000000c4300000, 0x00000000eab00000)
  object space 68608K, 0% used [0x00000000c0000000,0x00000000c0004000,0x00000000c4300000)
 Metaspace       used 4162K, committed 4480K, reserved 1114112K
  class space    used 446K, committed 576K, reserved 1048576K
}
Event: 1.122 GC heap before
{Heap before GC invocations=2 (full 0):
 PSYoungGen      total 29696K, used 29271K [0x00000000eab00000, 0x00000000ecc00000, 0x0000000100000000)
  eden space 25600K, 100% used [0x00000000eab00000,0x00000000ec400000,0x00000000ec400000)
  from space 4096K, 89% used [0x00000000ec400000,0x00000000ec795e70,0x00000000ec800000)
  to   space 4096K, 0% used [0x00000000ec800000,0x00000000ec800000,0x00000000ecc00000)
 ParOldGen       total 68608K, used 16K [0x00000000c0000000, 0x00000000c4300000, 0x00000000eab00000)
  object space 68608K, 0% used [0x00000000c0000000,0x00000000c0004000,0x00000000c4300000)
 Metaspace       used 7949K, committed 8256K, reserved 1114112K
  class space    used 790K, committed 960K, reserved 1048576K
}
Event: 1.127 GC heap after
{Heap after GC invocations=2 (full 0):
 PSYoungGen      total 29696K, used 4091K [0x00000000eab00000, 0x00000000ecc00000, 0x0000000100000000)
  eden space 25600K, 0% used [0x00000000eab00000,0x00000000eab00000,0x00000000ec400000)
  from space 4096K, 99% used [0x00000000ec800000,0x00000000ecbfef28,0x00000000ecc00000)
  to   space 4096K, 0% used [0x00000000ec400000,0x00000000ec400000,0x00000000ec800000)
 ParOldGen       total 68608K, used 1642K [0x00000000c0000000, 0x00000000c4300000, 0x00000000eab00000)
  object space 68608K, 2% used [0x00000000c0000000,0x00000000c019a958,0x00000000c4300000)
 Metaspace       used 7949K, committed 8256K, reserved 1114112K
  class space    used 790K, committed 960K, reserved 1048576K
}
Event: 1.466 GC heap before
{Heap before GC invocations=3 (full 0):
 PSYoungGen      total 29696K, used 29691K [0x00000000eab00000, 0x00000000ecc00000, 0x0000000100000000)
  eden space 25600K, 100% used [0x00000000eab00000,0x00000000ec400000,0x00000000ec400000)
  from space 4096K, 99% used [0x00000000ec800000,0x00000000ecbfef28,0x00000000ecc00000)
  to   space 4096K, 0% used [0x00000000ec400000,0x00000000ec400000,0x00000000ec800000)
 ParOldGen       total 68608K, used 1642K [0x00000000c0000000, 0x00000000c4300000, 0x00000000eab00000)
  object space 68608K, 2% used [0x00000000c0000000,0x00000000c019a958,0x00000000c4300000)
 Metaspace       used 9428K, committed 9792K, reserved 1114112K
  class space    used 966K, committed 1152K, reserved 1048576K
}
Event: 1.476 GC heap after
{Heap after GC invocations=3 (full 0):
 PSYoungGen      total 29696K, used 4078K [0x00000000eab00000, 0x00000000ecc00000, 0x0000000100000000)
  eden space 25600K, 0% used [0x00000000eab00000,0x00000000eab00000,0x00000000ec400000)
  from space 4096K, 99% used [0x00000000ec400000,0x00000000ec7fb9e8,0x00000000ec800000)
  to   space 4096K, 0% used [0x00000000ec800000,0x00000000ec800000,0x00000000ecc00000)
 ParOldGen       total 68608K, used 4272K [0x00000000c0000000, 0x00000000c4300000, 0x00000000eab00000)
  object space 68608K, 6% used [0x00000000c0000000,0x00000000c042c268,0x00000000c4300000)
 Metaspace       used 9428K, committed 9792K, reserved 1114112K
  class space    used 966K, committed 1152K, reserved 1048576K
}
Event: 1.889 GC heap before
{Heap before GC invocations=4 (full 0):
 PSYoungGen      total 29696K, used 29678K [0x00000000eab00000, 0x00000000ecc00000, 0x0000000100000000)
  eden space 25600K, 100% used [0x00000000eab00000,0x00000000ec400000,0x00000000ec400000)
  from space 4096K, 99% used [0x00000000ec400000,0x00000000ec7fb9e8,0x00000000ec800000)
  to   space 4096K, 0% used [0x00000000ec800000,0x00000000ec800000,0x00000000ecc00000)
 ParOldGen       total 68608K, used 4272K [0x00000000c0000000, 0x00000000c4300000, 0x00000000eab00000)
  object space 68608K, 6% used [0x00000000c0000000,0x00000000c042c268,0x00000000c4300000)
 Metaspace       used 12003K, committed 12416K, reserved 1114112K
  class space    used 1228K, committed 1408K, reserved 1048576K
}
Event: 1.895 GC heap after
{Heap after GC invocations=4 (full 0):
 PSYoungGen      total 29696K, used 4082K [0x00000000eab00000, 0x00000000ecc00000, 0x0000000100000000)
  eden space 25600K, 0% used [0x00000000eab00000,0x00000000eab00000,0x00000000ec400000)
  from space 4096K, 99% used [0x00000000ec800000,0x00000000ecbfc9f8,0x00000000ecc00000)
  to   space 4096K, 0% used [0x00000000ec400000,0x00000000ec400000,0x00000000ec800000)
 ParOldGen       total 68608K, used 6236K [0x00000000c0000000, 0x00000000c4300000, 0x00000000eab00000)
  object space 68608K, 9% used [0x00000000c0000000,0x00000000c0617048,0x00000000c4300000)
 Metaspace       used 12003K, committed 12416K, reserved 1114112K
  class space    used 1228K, committed 1408K, reserved 1048576K
}
Event: 2.191 GC heap before
{Heap before GC invocations=5 (full 0):
 PSYoungGen      total 29696K, used 29682K [0x00000000eab00000, 0x00000000ecc00000, 0x0000000100000000)
  eden space 25600K, 100% used [0x00000000eab00000,0x00000000ec400000,0x00000000ec400000)
  from space 4096K, 99% used [0x00000000ec800000,0x00000000ecbfc9f8,0x00000000ecc00000)
  to   space 4096K, 0% used [0x00000000ec400000,0x00000000ec400000,0x00000000ec800000)
 ParOldGen       total 68608K, used 6236K [0x00000000c0000000, 0x00000000c4300000, 0x00000000eab00000)
  object space 68608K, 9% used [0x00000000c0000000,0x00000000c0617048,0x00000000c4300000)
 Metaspace       used 15097K, committed 15616K, reserved 1114112K
  class space    used 1494K, committed 1728K, reserved 1048576K
}
Event: 2.194 GC heap after
{Heap after GC invocations=5 (full 0):
 PSYoungGen      total 29184K, used 4087K [0x00000000eab00000, 0x00000000ecf80000, 0x0000000100000000)
  eden space 25088K, 0% used [0x00000000eab00000,0x00000000eab00000,0x00000000ec380000)
  from space 4096K, 99% used [0x00000000ec400000,0x00000000ec7fddd8,0x00000000ec800000)
  to   space 6144K, 0% used [0x00000000ec980000,0x00000000ec980000,0x00000000ecf80000)
 ParOldGen       total 68608K, used 8036K [0x00000000c0000000, 0x00000000c4300000, 0x00000000eab00000)
  object space 68608K, 11% used [0x00000000c0000000,0x00000000c07d9388,0x00000000c4300000)
 Metaspace       used 15097K, committed 15616K, reserved 1114112K
  class space    used 1494K, committed 1728K, reserved 1048576K
}
Event: 2.521 GC heap before
{Heap before GC invocations=6 (full 0):
 PSYoungGen      total 29184K, used 29175K [0x00000000eab00000, 0x00000000ecf80000, 0x0000000100000000)
  eden space 25088K, 100% used [0x00000000eab00000,0x00000000ec380000,0x00000000ec380000)
  from space 4096K, 99% used [0x00000000ec400000,0x00000000ec7fddd8,0x00000000ec800000)
  to   space 6144K, 0% used [0x00000000ec980000,0x00000000ec980000,0x00000000ecf80000)
 ParOldGen       total 68608K, used 8036K [0x00000000c0000000, 0x00000000c4300000, 0x00000000eab00000)
  object space 68608K, 11% used [0x00000000c0000000,0x00000000c07d9388,0x00000000c4300000)
 Metaspace       used 18431K, committed 19200K, reserved 1114112K
  class space    used 1850K, committed 2176K, reserved 1048576K
}
Event: 2.527 GC heap after
{Heap after GC invocations=6 (full 0):
 PSYoungGen      total 30208K, used 5439K [0x00000000eab00000, 0x00000000ecf00000, 0x0000000100000000)
  eden space 24576K, 0% used [0x00000000eab00000,0x00000000eab00000,0x00000000ec300000)
  from space 5632K, 96% used [0x00000000ec980000,0x00000000ececfcd0,0x00000000ecf00000)
  to   space 5632K, 0% used [0x00000000ec400000,0x00000000ec400000,0x00000000ec980000)
 ParOldGen       total 68608K, used 8044K [0x00000000c0000000, 0x00000000c4300000, 0x00000000eab00000)
  object space 68608K, 11% used [0x00000000c0000000,0x00000000c07db388,0x00000000c4300000)
 Metaspace       used 18431K, committed 19200K, reserved 1114112K
  class space    used 1850K, committed 2176K, reserved 1048576K
}
Event: 2.734 GC heap before
{Heap before GC invocations=7 (full 0):
 PSYoungGen      total 30208K, used 27446K [0x00000000eab00000, 0x00000000ecf00000, 0x0000000100000000)
  eden space 24576K, 89% used [0x00000000eab00000,0x00000000ec07dc28,0x00000000ec300000)
  from space 5632K, 96% used [0x00000000ec980000,0x00000000ececfcd0,0x00000000ecf00000)
  to   space 5632K, 0% used [0x00000000ec400000,0x00000000ec400000,0x00000000ec980000)
 ParOldGen       total 68608K, used 8044K [0x00000000c0000000, 0x00000000c4300000, 0x00000000eab00000)
  object space 68608K, 11% used [0x00000000c0000000,0x00000000c07db388,0x00000000c4300000)
 Metaspace       used 20663K, committed 21504K, reserved 1114112K
  class space    used 2116K, committed 2496K, reserved 1048576K
}
Event: 2.740 GC heap after
{Heap after GC invocations=7 (full 0):
 PSYoungGen      total 29184K, used 4388K [0x00000000eab00000, 0x00000000ecd00000, 0x0000000100000000)
  eden space 24576K, 0% used [0x00000000eab00000,0x00000000eab00000,0x00000000ec300000)
  from space 4608K, 95% used [0x00000000ec400000,0x00000000ec8493e0,0x00000000ec880000)
  to   space 4608K, 0% used [0x00000000ec880000,0x00000000ec880000,0x00000000ecd00000)
 ParOldGen       total 68608K, used 9581K [0x00000000c0000000, 0x00000000c4300000, 0x00000000eab00000)
  object space 68608K, 13% used [0x00000000c0000000,0x00000000c095b550,0x00000000c4300000)
 Metaspace       used 20663K, committed 21504K, reserved 1114112K
  class space    used 2116K, committed 2496K, reserved 1048576K
}
Event: 2.740 GC heap before
{Heap before GC invocations=8 (full 1):
 PSYoungGen      total 29184K, used 4388K [0x00000000eab00000, 0x00000000ecd00000, 0x0000000100000000)
  eden space 24576K, 0% used [0x00000000eab00000,0x00000000eab00000,0x00000000ec300000)
  from space 4608K, 95% used [0x00000000ec400000,0x00000000ec8493e0,0x00000000ec880000)
  to   space 4608K, 0% used [0x00000000ec880000,0x00000000ec880000,0x00000000ecd00000)
 ParOldGen       total 68608K, used 9581K [0x00000000c0000000, 0x00000000c4300000, 0x00000000eab00000)
  object space 68608K, 13% used [0x00000000c0000000,0x00000000c095b550,0x00000000c4300000)
 Metaspace       used 20663K, committed 21504K, reserved 1114112K
  class space    used 2116K, committed 2496K, reserved 1048576K
}
Event: 2.776 GC heap after
{Heap after GC invocations=8 (full 1):
 PSYoungGen      total 29184K, used 0K [0x00000000eab00000, 0x00000000ecd00000, 0x0000000100000000)
  eden space 24576K, 0% used [0x00000000eab00000,0x00000000eab00000,0x00000000ec300000)
  from space 4608K, 0% used [0x00000000ec400000,0x00000000ec400000,0x00000000ec880000)
  to   space 4608K, 0% used [0x00000000ec880000,0x00000000ec880000,0x00000000ecd00000)
 ParOldGen       total 68608K, used 12607K [0x00000000c0000000, 0x00000000c4300000, 0x00000000eab00000)
  object space 68608K, 18% used [0x00000000c0000000,0x00000000c0c4fc80,0x00000000c4300000)
 Metaspace       used 20650K, committed 21504K, reserved 1114112K
  class space    used 2112K, committed 2496K, reserved 1048576K
}
Event: 3.064 GC heap before
{Heap before GC invocations=9 (full 1):
 PSYoungGen      total 29184K, used 24576K [0x00000000eab00000, 0x00000000ecd00000, 0x0000000100000000)
  eden space 24576K, 100% used [0x00000000eab00000,0x00000000ec300000,0x00000000ec300000)
  from space 4608K, 0% used [0x00000000ec400000,0x00000000ec400000,0x00000000ec880000)
  to   space 4608K, 0% used [0x00000000ec880000,0x00000000ec880000,0x00000000ecd00000)
 ParOldGen       total 68608K, used 12607K [0x00000000c0000000, 0x00000000c4300000, 0x00000000eab00000)
  object space 68608K, 18% used [0x00000000c0000000,0x00000000c0c4fc80,0x00000000c4300000)
 Metaspace       used 22831K, committed 23744K, reserved 1114112K
  class space    used 2303K, committed 2688K, reserved 1048576K
}
Event: 3.066 GC heap after
{Heap after GC invocations=9 (full 1):
 PSYoungGen      total 27648K, used 3431K [0x00000000eab00000, 0x00000000ecc00000, 0x0000000100000000)
  eden space 24064K, 0% used [0x00000000eab00000,0x00000000eab00000,0x00000000ec280000)
  from space 3584K, 95% used [0x00000000ec880000,0x00000000ecbd9f70,0x00000000ecc00000)
  to   space 4096K, 0% used [0x00000000ec400000,0x00000000ec400000,0x00000000ec800000)
 ParOldGen       total 68608K, used 12615K [0x00000000c0000000, 0x00000000c4300000, 0x00000000eab00000)
  object space 68608K, 18% used [0x00000000c0000000,0x00000000c0c51c80,0x00000000c4300000)
 Metaspace       used 22831K, committed 23744K, reserved 1114112K
  class space    used 2303K, committed 2688K, reserved 1048576K
}
Event: 3.251 GC heap before
{Heap before GC invocations=10 (full 1):
 PSYoungGen      total 27648K, used 27495K [0x00000000eab00000, 0x00000000ecc00000, 0x0000000100000000)
  eden space 24064K, 100% used [0x00000000eab00000,0x00000000ec280000,0x00000000ec280000)
  from space 3584K, 95% used [0x00000000ec880000,0x00000000ecbd9f70,0x00000000ecc00000)
  to   space 4096K, 0% used [0x00000000ec400000,0x00000000ec400000,0x00000000ec800000)
 ParOldGen       total 68608K, used 12615K [0x00000000c0000000, 0x00000000c4300000, 0x00000000eab00000)
  object space 68608K, 18% used [0x00000000c0000000,0x00000000c0c51c80,0x00000000c4300000)
 Metaspace       used 26108K, committed 27008K, reserved 1114112K
  class space    used 2544K, committed 2944K, reserved 1048576K
}
Event: 3.254 GC heap after
{Heap after GC invocations=10 (full 1):
 PSYoungGen      total 27136K, used 3334K [0x00000000eab00000, 0x00000000ec900000, 0x0000000100000000)
  eden space 23552K, 0% used [0x00000000eab00000,0x00000000eab00000,0x00000000ec200000)
  from space 3584K, 93% used [0x00000000ec400000,0x00000000ec741940,0x00000000ec780000)
  to   space 1536K, 0% used [0x00000000ec780000,0x00000000ec780000,0x00000000ec900000)
 ParOldGen       total 68608K, used 12623K [0x00000000c0000000, 0x00000000c4300000, 0x00000000eab00000)
  object space 68608K, 18% used [0x00000000c0000000,0x00000000c0c53c80,0x00000000c4300000)
 Metaspace       used 26108K, committed 27008K, reserved 1114112K
  class space    used 2544K, committed 2944K, reserved 1048576K
}

Dll operation events (10 events):
Event: 0.009 Loaded shared library c:\Users\tanma\.vscode\extensions\redhat.java-1.42.0-win32-x64\jre\21.0.7-win32-x86_64\bin\java.dll
Event: 0.074 Loaded shared library c:\Users\tanma\.vscode\extensions\redhat.java-1.42.0-win32-x64\jre\21.0.7-win32-x86_64\bin\zip.dll
Event: 0.091 Loaded shared library C:\Users\tanma\.vscode\extensions\redhat.java-1.42.0-win32-x64\jre\21.0.7-win32-x86_64\bin\instrument.dll
Event: 0.095 Loaded shared library C:\Users\tanma\.vscode\extensions\redhat.java-1.42.0-win32-x64\jre\21.0.7-win32-x86_64\bin\net.dll
Event: 0.098 Loaded shared library C:\Users\tanma\.vscode\extensions\redhat.java-1.42.0-win32-x64\jre\21.0.7-win32-x86_64\bin\nio.dll
Event: 0.101 Loaded shared library C:\Users\tanma\.vscode\extensions\redhat.java-1.42.0-win32-x64\jre\21.0.7-win32-x86_64\bin\zip.dll
Event: 0.114 Loaded shared library C:\Users\tanma\.vscode\extensions\redhat.java-1.42.0-win32-x64\jre\21.0.7-win32-x86_64\bin\jimage.dll
Event: 0.186 Loaded shared library c:\Users\tanma\.vscode\extensions\redhat.java-1.42.0-win32-x64\jre\21.0.7-win32-x86_64\bin\verify.dll
Event: 1.213 Loaded shared library C:\Users\tanma\AppData\Roaming\Code\User\globalStorage\redhat.java\1.42.0\config_win\org.eclipse.equinox.launcher\org.eclipse.equinox.launcher.win32.win32.x86_64_1.2.1300.v20250331-1702\eclipse_11911.dll
Event: 2.379 Loaded shared library C:\Users\tanma\AppData\Local\Temp\jna-110127349\jna2661051094824654199.dll

Deoptimization events (20 events):
Event: 2.904 Thread 0x000002d164901980 Uncommon trap: trap_request=0xffffff45 fr.pc=0x000002d1530e4f24 relative=0x0000000000000fc4
Event: 2.904 Thread 0x000002d164901980 Uncommon trap: reason=unstable_if action=reinterpret pc=0x000002d1530e4f24 method=jdk.internal.jimage.ImageStringsReader.stringFromByteBufferMatches(Ljava/nio/ByteBuffer;ILjava/lang/String;I)I @ 48 c2
Event: 2.904 Thread 0x000002d164901980 DEOPT PACKING pc=0x000002d1530e4f24 sp=0x000000f4badfd700
Event: 2.904 Thread 0x000002d164901980 DEOPT UNPACKING pc=0x000002d152943aa2 sp=0x000000f4badfd438 mode 2
Event: 3.035 Thread 0x000002d15da6c880 Uncommon trap: trap_request=0xffffff45 fr.pc=0x000002d15322d49c relative=0x000000000000079c
Event: 3.035 Thread 0x000002d15da6c880 Uncommon trap: reason=unstable_if action=reinterpret pc=0x000002d15322d49c method=org.lombokweb.asm.ClassReader.readUTF8(I[C)Ljava/lang/String; @ 11 c2
Event: 3.035 Thread 0x000002d15da6c880 DEOPT PACKING pc=0x000002d15322d49c sp=0x000000f4ba1ef2b0
Event: 3.035 Thread 0x000002d15da6c880 DEOPT UNPACKING pc=0x000002d152943aa2 sp=0x000000f4ba1ef298 mode 2
Event: 3.225 Thread 0x000002d15da6c880 Uncommon trap: trap_request=0xffffff45 fr.pc=0x000002d15323d86c relative=0x000000000000014c
Event: 3.225 Thread 0x000002d15da6c880 Uncommon trap: reason=unstable_if action=reinterpret pc=0x000002d15323d86c method=org.lombokweb.asm.ByteVector.putByteArray([BII)Lorg/lombokweb/asm/ByteVector; @ 20 c2
Event: 3.225 Thread 0x000002d15da6c880 DEOPT PACKING pc=0x000002d15323d86c sp=0x000000f4ba1f2470
Event: 3.225 Thread 0x000002d15da6c880 DEOPT UNPACKING pc=0x000002d152943aa2 sp=0x000000f4ba1f2440 mode 2
Event: 3.225 Thread 0x000002d15da6c880 Uncommon trap: trap_request=0xffffff45 fr.pc=0x000002d15323e5a4 relative=0x0000000000000364
Event: 3.225 Thread 0x000002d15da6c880 Uncommon trap: reason=unstable_if action=reinterpret pc=0x000002d15323e5a4 method=org.lombokweb.asm.Label.resolve([BLorg/lombokweb/asm/ByteVector;I)Z @ 81 c2
Event: 3.225 Thread 0x000002d15da6c880 DEOPT PACKING pc=0x000002d15323e5a4 sp=0x000000f4ba1f2500
Event: 3.225 Thread 0x000002d15da6c880 DEOPT UNPACKING pc=0x000002d152943aa2 sp=0x000000f4ba1f2408 mode 2
Event: 3.225 Thread 0x000002d15da6c880 Uncommon trap: trap_request=0xffffff45 fr.pc=0x000002d15323ddcc relative=0x000000000000022c
Event: 3.225 Thread 0x000002d15da6c880 Uncommon trap: reason=unstable_if action=reinterpret pc=0x000002d15323ddcc method=org.lombokweb.asm.Label.resolve([BLorg/lombokweb/asm/ByteVector;I)Z @ 81 c2
Event: 3.225 Thread 0x000002d15da6c880 DEOPT PACKING pc=0x000002d15323ddcc sp=0x000000f4ba1f2470
Event: 3.225 Thread 0x000002d15da6c880 DEOPT UNPACKING pc=0x000002d152943aa2 sp=0x000000f4ba1f2400 mode 2

Classes loaded (20 events):
Event: 2.982 Loading class java/io/StringReader
Event: 2.983 Loading class java/io/StringReader done
Event: 2.989 Loading class java/util/zip/GZIPInputStream
Event: 2.990 Loading class java/util/zip/GZIPInputStream done
Event: 2.994 Loading class java/net/SocketTimeoutException
Event: 2.994 Loading class java/io/InterruptedIOException
Event: 2.994 Loading class java/io/InterruptedIOException done
Event: 2.994 Loading class java/net/SocketTimeoutException done
Event: 2.994 Loading class java/net/SocketException
Event: 2.994 Loading class java/net/SocketException done
Event: 2.994 Loading class java/net/UnknownHostException
Event: 2.994 Loading class java/net/UnknownHostException done
Event: 2.994 Loading class java/net/ProtocolException
Event: 2.994 Loading class java/net/ProtocolException done
Event: 3.014 Loading class java/lang/ThreadLocal$SuppliedThreadLocal
Event: 3.014 Loading class java/lang/ThreadLocal$SuppliedThreadLocal done
Event: 3.023 Loading class java/io/FileWriter
Event: 3.023 Loading class java/io/FileWriter done
Event: 3.027 Loading class java/lang/NegativeArraySizeException
Event: 3.027 Loading class java/lang/NegativeArraySizeException done

Classes unloaded (7 events):
Event: 2.744 Thread 0x000002d15c684b20 Unloading class 0x000002d1011a5400 'java/lang/invoke/LambdaForm$MH+0x000002d1011a5400'
Event: 2.744 Thread 0x000002d15c684b20 Unloading class 0x000002d1011a5000 'java/lang/invoke/LambdaForm$MH+0x000002d1011a5000'
Event: 2.744 Thread 0x000002d15c684b20 Unloading class 0x000002d1011a4c00 'java/lang/invoke/LambdaForm$MH+0x000002d1011a4c00'
Event: 2.744 Thread 0x000002d15c684b20 Unloading class 0x000002d1011a4800 'java/lang/invoke/LambdaForm$MH+0x000002d1011a4800'
Event: 2.744 Thread 0x000002d15c684b20 Unloading class 0x000002d1011a4400 'java/lang/invoke/LambdaForm$BMH+0x000002d1011a4400'
Event: 2.744 Thread 0x000002d15c684b20 Unloading class 0x000002d1011a4000 'java/lang/invoke/LambdaForm$DMH+0x000002d1011a4000'
Event: 2.744 Thread 0x000002d15c684b20 Unloading class 0x000002d1011a2c00 'java/lang/invoke/LambdaForm$DMH+0x000002d1011a2c00'

Classes redefined (0 events):
No events

Internal exceptions (20 events):
Event: 2.719 Thread 0x000002d15da6c880 Exception <a 'java/lang/NoSuchMethodError'{0x00000000ebfb1430}: 'int java.lang.invoke.DirectMethodHandle$Holder.invokeStaticInit(java.lang.Object, long, long)'> (0x00000000ebfb1430) 
thrown [s\src\hotspot\share\interpreter\linkResolver.cpp, line 773]
Event: 2.719 Thread 0x000002d15da6c880 Exception <a 'java/lang/NoSuchMethodError'{0x00000000ebfb8de8}: 'int java.lang.invoke.DirectMethodHandle$Holder.invokeStaticInit(java.lang.Object, float, float)'> (0x00000000ebfb8de8) 
thrown [s\src\hotspot\share\interpreter\linkResolver.cpp, line 773]
Event: 2.719 Thread 0x000002d15da6c880 Exception <a 'java/lang/NoSuchMethodError'{0x00000000ebfc0798}: 'int java.lang.invoke.DirectMethodHandle$Holder.invokeStaticInit(java.lang.Object, double, double)'> (0x00000000ebfc0798) 
thrown [s\src\hotspot\share\interpreter\linkResolver.cpp, line 773]
Event: 2.720 Thread 0x000002d15da6c880 Exception <a 'java/lang/NoSuchMethodError'{0x00000000ebfc5be8}: 'int java.lang.invoke.DirectMethodHandle$Holder.invokeStatic(java.lang.Object, long)'> (0x00000000ebfc5be8) 
thrown [s\src\hotspot\share\interpreter\linkResolver.cpp, line 773]
Event: 2.721 Thread 0x000002d15da6c880 Exception <a 'java/lang/NoSuchMethodError'{0x00000000ebfe4950}: 'int java.lang.invoke.Invokers$Holder.linkToTargetMethod(java.lang.Object, java.lang.Object)'> (0x00000000ebfe4950) 
thrown [s\src\hotspot\share\interpreter\linkResolver.cpp, line 773]
Event: 2.791 Thread 0x000002d15da6c880 Exception <a 'java/lang/NoSuchMethodError'{0x00000000eab57580}: 'java.lang.Object java.lang.invoke.DirectMethodHandle$Holder.newInvokeSpecial(java.lang.Object, java.lang.Object, java.lang.Object, java.lang.Object, java.lang.Object)'> (0x00000000eab57580) 
thrown [s\src\hotspot\share\interpreter\linkResolver.cpp, line 773]
Event: 2.794 Thread 0x000002d15da6c880 Exception <a 'java/lang/NoSuchMethodError'{0x00000000eab9a310}: 'java.lang.Object java.lang.invoke.Invokers$Holder.invoke_MT(java.lang.Object, java.lang.Object, java.lang.Object, java.lang.Object, java.lang.Object, java.lang.Object, java.lang.Object, java.lang.Object, java.lang.Object, java.lang.Object, java.lang.Object)'> (0x00000000eab9a310) 
thrown [s\src\hotspot\share\interpreter\linkResolver.cpp, line 773]
Event: 2.804 Thread 0x000002d15da6c880 Exception <a 'java/lang/NoSuchMethodError'{0x00000000eac27658}: 'java.lang.Object java.lang.invoke.Invokers$Holder.invoke_MT(java.lang.Object, java.lang.Object, java.lang.Object, java.lang.Object, java.lang.Object, java.lang.Object, java.lang.Object, java.lang.Object, java.lang.Object, java.lang.Object)'> (0x00000000eac27658) 
thrown [s\src\hotspot\share\interpreter\linkResolver.cpp, line 773]
Event: 2.815 Thread 0x000002d15da6c880 Exception <a 'java/lang/NoSuchMethodError'{0x00000000eacc6c98}: 'java.lang.Object java.lang.invoke.DirectMethodHandle$Holder.newInvokeSpecial(java.lang.Object, java.lang.Object, java.lang.Object, java.lang.Object, java.lang.Object, java.lang.Object, java.lang.Object)'> (0x00000000eacc6c98) 
thrown [s\src\hotspot\share\interpreter\linkResolver.cpp, line 773]
Event: 2.822 Thread 0x000002d15da6c880 Exception <a 'java/lang/NoSuchMethodError'{0x00000000ead3ecc0}: 'java.lang.Object java.lang.invoke.Invokers$Holder.invoker(java.lang.Object, java.lang.Object, java.lang.Object, java.lang.Object, java.lang.Object, java.lang.Object, java.lang.Object, java.lang.Object, java.lang.Object, java.lang.Object, java.lang.Object, java.lang.Object, java.lang.Object)'> (0x00000000ead3ecc0) 
thrown [s\src\hotspot\share\interpreter\linkResolver.cpp, line 773]
Event: 2.823 Thread 0x000002d15da6c880 Exception <a 'java/lang/NoSuchMethodError'{0x00000000ead49158}: 'java.lang.Object java.lang.invoke.DelegatingMethodHandle$Holder.delegate(java.lang.Object, java.lang.Object, java.lang.Object, java.lang.Object, java.lang.Object, java.lang.Object, java.lang.Object, java.lang.Object, java.lang.Object, java.lang.Object, java.lang.Object, java.lang.Object, java.lang.Object)'> (0x00000000ead49158) 
thrown [s\src\hotspot\share\interpreter\linkResolver.cpp, line 773]
Event: 2.829 Thread 0x000002d15da6c880 Exception <a 'java/lang/NoSuchMethodError'{0x00000000eadaed08}: static Lorg/eclipse/m2e/core/internal/lifecyclemapping/model/PluginExecutionMetadata;.<clinit>()V> (0x00000000eadaed08) 
thrown [s\src\hotspot\share\prims\jni.cpp, line 1111]
Event: 2.836 Thread 0x000002d15da6c880 Exception <a 'java/lang/NoSuchMethodError'{0x00000000eae0a458}: static Lorg/eclipse/m2e/core/internal/lifecyclemapping/model/PluginExecutionFilter;.<clinit>()V> (0x00000000eae0a458) 
thrown [s\src\hotspot\share\prims\jni.cpp, line 1111]
Event: 2.841 Thread 0x000002d15da6c880 Exception <a 'java/lang/NoSuchMethodError'{0x00000000eae41b88}: static Lorg/eclipse/m2e/core/internal/project/registry/MavenProjectFacade$MavenProjectConfiguration;.<clinit>()V> (0x00000000eae41b88) 
thrown [s\src\hotspot\share\prims\jni.cpp, line 1111]
Event: 2.945 Thread 0x000002d15da6c880 Exception <a 'java/lang/NoSuchMethodError'{0x00000000eb3d72a0}: 'double java.lang.invoke.DirectMethodHandle$Holder.invokeStatic(java.lang.Object, java.lang.Object)'> (0x00000000eb3d72a0) 
thrown [s\src\hotspot\share\interpreter\linkResolver.cpp, line 773]
Event: 2.946 Thread 0x000002d15da6c880 Exception <a 'java/lang/NoSuchMethodError'{0x00000000eb41a628}: 'double java.lang.invoke.DirectMethodHandle$Holder.invokeStaticInit(java.lang.Object, java.lang.Object)'> (0x00000000eb41a628) 
thrown [s\src\hotspot\share\interpreter\linkResolver.cpp, line 773]
Event: 3.081 Thread 0x000002d15da6c880 Exception <a 'java/io/FileNotFoundException'{0x00000000eae1caf8}> (0x00000000eae1caf8) 
thrown [s\src\hotspot\share\prims\jni.cpp, line 520]
Event: 3.081 Thread 0x000002d15da6c880 Exception <a 'java/io/FileNotFoundException'{0x00000000eae1d928}> (0x00000000eae1d928) 
thrown [s\src\hotspot\share\prims\jni.cpp, line 520]
Event: 3.081 Thread 0x000002d15da6c880 Exception <a 'java/io/FileNotFoundException'{0x00000000eae1e860}> (0x00000000eae1e860) 
thrown [s\src\hotspot\share\prims\jni.cpp, line 520]
Event: 3.225 Thread 0x000002d15da6c880 Implicit null exception at 0x000002d15323d775 to 0x000002d15323d850

ZGC Phase Switch (0 events):
No events

VM Operations (20 events):
Event: 2.464 Executing VM operation: HandshakeAllThreads (Deoptimize)
Event: 2.464 Executing VM operation: HandshakeAllThreads (Deoptimize) done
Event: 2.486 Executing VM operation: HandshakeAllThreads (Deoptimize)
Event: 2.486 Executing VM operation: HandshakeAllThreads (Deoptimize) done
Event: 2.490 Executing VM operation: HandshakeAllThreads (Deoptimize)
Event: 2.490 Executing VM operation: HandshakeAllThreads (Deoptimize) done
Event: 2.507 Executing VM operation: ICBufferFull
Event: 2.507 Executing VM operation: ICBufferFull done
Event: 2.521 Executing VM operation: ParallelGCFailedAllocation (Allocation Failure)
Event: 2.527 Executing VM operation: ParallelGCFailedAllocation (Allocation Failure) done
Event: 2.709 Executing VM operation: HandshakeAllThreads (Deoptimize)
Event: 2.709 Executing VM operation: HandshakeAllThreads (Deoptimize) done
Event: 2.734 Executing VM operation: CollectForMetadataAllocation (Metadata GC Threshold)
Event: 2.776 Executing VM operation: CollectForMetadataAllocation (Metadata GC Threshold) done
Event: 2.923 Executing VM operation: HandshakeAllThreads (Deoptimize)
Event: 2.923 Executing VM operation: HandshakeAllThreads (Deoptimize) done
Event: 3.064 Executing VM operation: ParallelGCFailedAllocation (Allocation Failure)
Event: 3.066 Executing VM operation: ParallelGCFailedAllocation (Allocation Failure) done
Event: 3.251 Executing VM operation: ParallelGCFailedAllocation (Allocation Failure)
Event: 3.254 Executing VM operation: ParallelGCFailedAllocation (Allocation Failure) done

Memory protections (0 events):
No events

Nmethod flushes (0 events):
No events

Events (20 events):
Event: 0.043 Thread 0x000002d1482f2490 Thread added: 0x000002d15d979e00
Event: 0.065 Thread 0x000002d1482f2490 Thread added: 0x000002d15da6efe0
Event: 0.072 Thread 0x000002d15d979e00 Thread added: 0x000002d15da7e360
Event: 0.073 Thread 0x000002d15da7e360 Thread added: 0x000002d15da83380
Event: 0.079 Thread 0x000002d15d96e790 Thread added: 0x000002d15dab7820
Event: 0.121 Thread 0x000002d15da83380 Thread added: 0x000002d15dc6a640
Event: 0.278 Thread 0x000002d1482f2490 Thread added: 0x000002d15da6cf10
Event: 0.490 Thread 0x000002d15d979e00 Thread added: 0x000002d15faad0a0
Event: 1.052 Thread 0x000002d1482f2490 Thread added: 0x000002d15da6e950
Event: 1.207 Thread 0x000002d1482f2490 Thread added: 0x000002d15da6f670
Event: 1.237 Thread 0x000002d15da6f670 Thread added: 0x000002d15da6c1f0
Event: 1.243 Thread 0x000002d1482f2490 Thread added: 0x000002d15da6c880
Event: 1.536 Thread 0x000002d15da6c880 Thread added: 0x000002d15da6dc30
Event: 1.700 Thread 0x000002d15da6c880 Thread added: 0x000002d15da6d5a0
Event: 1.790 Thread 0x000002d15da6c880 Thread added: 0x000002d15da6e2c0
Event: 2.123 Thread 0x000002d15da6c880 Thread added: 0x000002d164900c60
Event: 2.393 Thread 0x000002d15da6c880 Thread added: 0x000002d164906ed0
Event: 2.410 Thread 0x000002d15da6c880 Thread added: 0x000002d1649061b0
Event: 2.423 Thread 0x000002d15da6c880 Thread added: 0x000002d164901980
Event: 2.682 Thread 0x000002d164901980 Thread added: 0x000002d164905490


Dynamic libraries:
0x00007ff7b7b60000 - 0x00007ff7b7b6e000 	c:\Users\tanma\.vscode\extensions\redhat.java-1.42.0-win32-x64\jre\21.0.7-win32-x86_64\bin\java.exe
0x00007ffaf5350000 - 0x00007ffaf5567000 	C:\WINDOWS\SYSTEM32\ntdll.dll
0x00007ffaf3ad0000 - 0x00007ffaf3b94000 	C:\WINDOWS\System32\KERNEL32.DLL
0x00007ffaf2450000 - 0x00007ffaf2823000 	C:\WINDOWS\System32\KERNELBASE.dll
0x00007ffaec390000 - 0x00007ffaec427000 	C:\WINDOWS\SYSTEM32\apphelp.dll
0x000000006e300000 - 0x000000006e632000 	C:\Program Files\Norton Security\NortonData\22.22.4.13\Definitions\IPSDefs\20231213.064\IPSEng64.dll
0x00007ffaf2ff0000 - 0x00007ffaf30a1000 	C:\WINDOWS\System32\ADVAPI32.dll
0x00007ffaf3f20000 - 0x00007ffaf3fc7000 	C:\WINDOWS\System32\msvcrt.dll
0x00007ffaf4040000 - 0x00007ffaf40e7000 	C:\WINDOWS\System32\sechost.dll
0x00007ffaf2e70000 - 0x00007ffaf2e98000 	C:\WINDOWS\System32\bcrypt.dll
0x00007ffaf30c0000 - 0x00007ffaf31d4000 	C:\WINDOWS\System32\RPCRT4.dll
0x00007ffaf30b0000 - 0x00007ffaf30b8000 	C:\WINDOWS\System32\PSAPI.DLL
0x00007ffaf2830000 - 0x00007ffaf2941000 	C:\WINDOWS\System32\ucrtbase.dll
0x00007ffa753c0000 - 0x00007ffa753d8000 	c:\Users\tanma\.vscode\extensions\redhat.java-1.42.0-win32-x64\jre\21.0.7-win32-x86_64\bin\jli.dll
0x00007ffa74ce0000 - 0x00007ffa74cfe000 	c:\Users\tanma\.vscode\extensions\redhat.java-1.42.0-win32-x64\jre\21.0.7-win32-x86_64\bin\VCRUNTIME140.dll
0x00007ffaf3ba0000 - 0x00007ffaf3d51000 	C:\WINDOWS\System32\USER32.dll
0x00007ffae10f0000 - 0x00007ffae138b000 	C:\WINDOWS\WinSxS\amd64_microsoft.windows.common-controls_6595b64144ccf1df_6.0.22621.5262_none_2712bde373830908\COMCTL32.dll
0x00007ffaf2f40000 - 0x00007ffaf2f66000 	C:\WINDOWS\System32\win32u.dll
0x00007ffaf3e70000 - 0x00007ffaf3e99000 	C:\WINDOWS\System32\GDI32.dll
0x00007ffaf2ac0000 - 0x00007ffaf2be2000 	C:\WINDOWS\System32\gdi32full.dll
0x00007ffaf2ea0000 - 0x00007ffaf2f3a000 	C:\WINDOWS\System32\msvcp_win.dll
0x00007ffaf41a0000 - 0x00007ffaf41d1000 	C:\WINDOWS\System32\IMM32.DLL
0x00007ffabd2b0000 - 0x00007ffabd2bc000 	c:\Users\tanma\.vscode\extensions\redhat.java-1.42.0-win32-x64\jre\21.0.7-win32-x86_64\bin\vcruntime140_1.dll
0x00007ffa59bc0000 - 0x00007ffa59c4d000 	c:\Users\tanma\.vscode\extensions\redhat.java-1.42.0-win32-x64\jre\21.0.7-win32-x86_64\bin\msvcp140.dll
0x00007ffa26520000 - 0x00007ffa272b0000 	c:\Users\tanma\.vscode\extensions\redhat.java-1.42.0-win32-x64\jre\21.0.7-win32-x86_64\bin\server\jvm.dll
0x00007ffaf49f0000 - 0x00007ffaf4a61000 	C:\WINDOWS\System32\WS2_32.dll
0x00007ffaf2320000 - 0x00007ffaf236d000 	C:\WINDOWS\SYSTEM32\POWRPROF.dll
0x00007ffaea340000 - 0x00007ffaea34a000 	C:\WINDOWS\SYSTEM32\VERSION.dll
0x00007ffaecc00000 - 0x00007ffaecc34000 	C:\WINDOWS\SYSTEM32\WINMM.dll
0x00007ffaf2300000 - 0x00007ffaf2313000 	C:\WINDOWS\SYSTEM32\UMPDC.dll
0x00007ffaf1450000 - 0x00007ffaf1468000 	C:\WINDOWS\SYSTEM32\kernel.appcore.dll
0x00007ffab9ed0000 - 0x00007ffab9eda000 	c:\Users\tanma\.vscode\extensions\redhat.java-1.42.0-win32-x64\jre\21.0.7-win32-x86_64\bin\jimage.dll
0x00007ffaf00e0000 - 0x00007ffaf0312000 	C:\WINDOWS\SYSTEM32\DBGHELP.DLL
0x00007ffaf44f0000 - 0x00007ffaf4883000 	C:\WINDOWS\System32\combase.dll
0x00007ffaf4310000 - 0x00007ffaf43e7000 	C:\WINDOWS\System32\OLEAUT32.dll
0x00007ffae2c50000 - 0x00007ffae2c82000 	C:\WINDOWS\SYSTEM32\dbgcore.DLL
0x00007ffaf2df0000 - 0x00007ffaf2e6b000 	C:\WINDOWS\System32\bcryptPrimitives.dll
0x00007ffaec0f0000 - 0x00007ffaec0ff000 	c:\Users\tanma\.vscode\extensions\redhat.java-1.42.0-win32-x64\jre\21.0.7-win32-x86_64\bin\instrument.dll
0x00007ffa74cc0000 - 0x00007ffa74cdf000 	c:\Users\tanma\.vscode\extensions\redhat.java-1.42.0-win32-x64\jre\21.0.7-win32-x86_64\bin\java.dll
0x00007ffaf4a70000 - 0x00007ffaf530d000 	C:\WINDOWS\System32\SHELL32.dll
0x00007ffaf2bf0000 - 0x00007ffaf2d2f000 	C:\WINDOWS\System32\wintypes.dll
0x00007ffaf0340000 - 0x00007ffaf0c5d000 	C:\WINDOWS\SYSTEM32\windows.storage.dll
0x00007ffaf3d60000 - 0x00007ffaf3e6b000 	C:\WINDOWS\System32\SHCORE.dll
0x00007ffaf3ea0000 - 0x00007ffaf3f06000 	C:\WINDOWS\System32\shlwapi.dll
0x00007ffaf2380000 - 0x00007ffaf23ab000 	C:\WINDOWS\SYSTEM32\profapi.dll
0x00007ffa74ca0000 - 0x00007ffa74cb8000 	c:\Users\tanma\.vscode\extensions\redhat.java-1.42.0-win32-x64\jre\21.0.7-win32-x86_64\bin\zip.dll
0x00007ffab45b0000 - 0x00007ffab45c0000 	C:\Users\tanma\.vscode\extensions\redhat.java-1.42.0-win32-x64\jre\21.0.7-win32-x86_64\bin\net.dll
0x00007ffaed440000 - 0x00007ffaed56c000 	C:\WINDOWS\SYSTEM32\WINHTTP.dll
0x00007ffaf18c0000 - 0x00007ffaf192a000 	C:\WINDOWS\system32\mswsock.dll
0x00007ffa73e40000 - 0x00007ffa73e56000 	C:\Users\tanma\.vscode\extensions\redhat.java-1.42.0-win32-x64\jre\21.0.7-win32-x86_64\bin\nio.dll
0x00007ffab42f0000 - 0x00007ffab4300000 	c:\Users\tanma\.vscode\extensions\redhat.java-1.42.0-win32-x64\jre\21.0.7-win32-x86_64\bin\verify.dll
0x00007ffaa2190000 - 0x00007ffaa21d5000 	C:\Users\tanma\AppData\Roaming\Code\User\globalStorage\redhat.java\1.42.0\config_win\org.eclipse.equinox.launcher\org.eclipse.equinox.launcher.win32.win32.x86_64_1.2.1300.v20250331-1702\eclipse_11911.dll
0x00007ffaf3920000 - 0x00007ffaf3ac1000 	C:\WINDOWS\System32\ole32.dll
0x00007ffaf1b60000 - 0x00007ffaf1b7b000 	C:\WINDOWS\SYSTEM32\CRYPTSP.dll
0x00007ffaf13b0000 - 0x00007ffaf13e7000 	C:\WINDOWS\system32\rsaenh.dll
0x00007ffaf1960000 - 0x00007ffaf1988000 	C:\WINDOWS\SYSTEM32\USERENV.dll
0x00007ffaf1ac0000 - 0x00007ffaf1acc000 	C:\WINDOWS\SYSTEM32\CRYPTBASE.dll
0x00007ffaf0f00000 - 0x00007ffaf0f2d000 	C:\WINDOWS\SYSTEM32\IPHLPAPI.DLL
0x00007ffaf40f0000 - 0x00007ffaf40f9000 	C:\WINDOWS\System32\NSI.dll
0x00007ffaa1370000 - 0x00007ffaa13b9000 	C:\Users\tanma\AppData\Local\Temp\jna-110127349\jna2661051094824654199.dll

dbghelp: loaded successfully - version: 4.0.5 - missing functions: none
symbol engine: initialized successfully - sym options: 0x614 - pdb path: .;c:\Users\tanma\.vscode\extensions\redhat.java-1.42.0-win32-x64\jre\21.0.7-win32-x86_64\bin;C:\WINDOWS\SYSTEM32;C:\Program Files\Norton Security\NortonData\22.22.4.13\Definitions\IPSDefs\20231213.064;C:\WINDOWS\WinSxS\amd64_microsoft.windows.common-controls_6595b64144ccf1df_6.0.22621.5262_none_2712bde373830908;c:\Users\tanma\.vscode\extensions\redhat.java-1.42.0-win32-x64\jre\21.0.7-win32-x86_64\bin\server;C:\Users\tanma\AppData\Roaming\Code\User\globalStorage\redhat.java\1.42.0\config_win\org.eclipse.equinox.launcher\org.eclipse.equinox.launcher.win32.win32.x86_64_1.2.1300.v20250331-1702;C:\Users\tanma\AppData\Local\Temp\jna-110127349

VM Arguments:
jvm_args: --add-modules=ALL-SYSTEM --add-opens=java.base/java.util=ALL-UNNAMED --add-opens=java.base/java.lang=ALL-UNNAMED --add-opens=java.base/sun.nio.fs=ALL-UNNAMED -Declipse.application=org.eclipse.jdt.ls.core.id1 -Dosgi.bundles.defaultStartLevel=4 -Declipse.product=org.eclipse.jdt.ls.core.product -Djava.import.generatesMetadataFilesAtProjectRoot=false -DDetectVMInstallationsJob.disabled=true -Dfile.encoding=utf8 -XX:+UseParallelGC -XX:GCTimeRatio=4 -XX:AdaptiveSizePolicyWeight=90 -Dsun.zip.disableMemoryMapping=true -Xmx1G -Xms100m -Xlog:disable -javaagent:c:\Users\tanma\.vscode\extensions\redhat.java-1.42.0-win32-x64\lombok\lombok-1.18.36.jar -XX:+HeapDumpOnOutOfMemoryError -XX:HeapDumpPath=c:\Users\tanma\AppData\Roaming\Code\User\workspaceStorage\89240fbca4adb2b40d9c8e8d66c81886\redhat.java -Daether.dependencyCollector.impl=bf 
java_command: c:\Users\tanma\.vscode\extensions\redhat.java-1.42.0-win32-x64\server\plugins\org.eclipse.equinox.launcher_1.7.0.v20250424-1814.jar -configuration c:\Users\tanma\AppData\Roaming\Code\User\globalStorage\redhat.java\1.42.0\config_win -data c:\Users\tanma\AppData\Roaming\Code\User\workspaceStorage\89240fbca4adb2b40d9c8e8d66c81886\redhat.java\jdt_ws --pipe=\\.\pipe\lsp-0dc309686f82b38d36997cc0149cbb2c-sock
java_class_path (initial): c:\Users\tanma\.vscode\extensions\redhat.java-1.42.0-win32-x64\server\plugins\org.eclipse.equinox.launcher_1.7.0.v20250424-1814.jar
Launcher Type: SUN_STANDARD

[Global flags]
    uintx AdaptiveSizePolicyWeight                 = 90                                        {product} {command line}
     intx CICompilerCount                          = 12                                        {product} {ergonomic}
    uintx GCTimeRatio                              = 4                                         {product} {command line}
     bool HeapDumpOnOutOfMemoryError               = true                                   {manageable} {command line}
    ccstr HeapDumpPath                             = c:\Users\tanma\AppData\Roaming\Code\User\workspaceStorage\89240fbca4adb2b40d9c8e8d66c81886\redhat.java         {manageable} {command line}
   size_t InitialHeapSize                          = 104857600                                 {product} {command line}
   size_t MaxHeapSize                              = 1073741824                                {product} {command line}
   size_t MaxNewSize                               = 357564416                                 {product} {ergonomic}
   size_t MinHeapDeltaBytes                        = 524288                                    {product} {ergonomic}
   size_t MinHeapSize                              = 104857600                                 {product} {command line}
   size_t NewSize                                  = 34603008                                  {product} {ergonomic}
    uintx NonNMethodCodeHeapSize                   = 7602480                                {pd product} {ergonomic}
    uintx NonProfiledCodeHeapSize                  = 122027880                              {pd product} {ergonomic}
   size_t OldSize                                  = 70254592                                  {product} {ergonomic}
    uintx ProfiledCodeHeapSize                     = 122027880                              {pd product} {ergonomic}
    uintx ReservedCodeCacheSize                    = 251658240                              {pd product} {ergonomic}
     bool SegmentedCodeCache                       = true                                      {product} {ergonomic}
   size_t SoftMaxHeapSize                          = 1073741824                             {manageable} {ergonomic}
     bool UseCompressedOops                        = true                           {product lp64_product} {ergonomic}
     bool UseLargePagesIndividualAllocation        = false                                  {pd product} {ergonomic}
     bool UseParallelGC                            = true                                      {product} {command line}

Logging:
Log output configuration:
 #0: stdout all=off uptime,level,tags foldmultilines=false
 #1: stderr all=off uptime,level,tags foldmultilines=false

Environment Variables:
JAVA_HOME=C:\Program Files\Microsoft\jdk-17.0.12.7-hotspot
PATH=C:\app\tanma\product\21c\dbhomeXE\bin;C:\Windows\system32;C:\Windows;C:\Windows\System32\Wbem;C:\Windows\System32\WindowsPowerShell\v1.0\;C:\Windows\System32\OpenSSH\;C:\Program Files (x86)\NVIDIA Corporation\PhysX\Common;C:\Program Files\NVIDIA Corporation\NVIDIA NvDLISR;C:\Windows\System32\cmd.exe;C:\MinGW\bin;C:\WINDOWS\system32;C:\WINDOWS;C:\WINDOWS\System32\Wbem;C:\WINDOWS\System32\WindowsPowerShell\v1.0\;C:\WINDOWS\System32\OpenSSH\;C:\Program Files\Git\cmd;C:\Program Files\Git\mingw64\bin;C:\Program Files\Git\usr\bin;C:\Program Files\MongoDB\Tools\100\bin;C:\Program Files\Docker\Docker\resources\bin;C:\Users\tanma\AppData\Local\Android\Sdk;C:\ProgramData\chocolatey\bin;C:\Program Files\nodejs\;C:\Users\tanma\AppData\Local\Android\Sdk\platform-tools;C:\Program Files\Microsoft\jdk-17.0.12.7-hotspot\bin;C:\Program Files\apache-maven-3.9.9-bin\apache-maven-3.9.9\bin;C:\Program Files\MySQL\MySQL Shell 8.0\bin\;C:\Users\tanma\.console-ninja\.bin;C:\Users\tanma\AppData\Local\Programs\Python\Python311\Scripts\;C:\Users\tanma\AppData\Local\Programs\Python\Python311\;C:\Users\tanma\AppData\Local\Programs\Python\Python312\Scripts\;C:\Users\tanma\AppData\Local\Programs\Python\Python312\;C:\Users\tanma\AppData\Local\Programs\Python\Launcher\;C:\Users\tanma\AppData\Local\Microsoft\WindowsApps;C:\Users\tanma\AppData\Local\GitHubDesktop\bin;C:\Program Files\JetBrains\IntelliJ IDEA Community Edition 2022.3\bin;C:\Users\tanma\AppData\Local\Programs\Microsoft VS Code\bin;C:\Users\tanma\AppData\Local\Programs\mongosh\;C:\Users\tanma\AppData\Local\Programs\oh-my-posh\bin;C:\Users\tanma\AppData\Local\Android\Sdk;C:\Users\tanma\AppData\Roaming\npm;C:\Program Files\Microsoft\jdk-17.0.12.7-hotspot\bin;C:\Program Files\apache-maven-3.9.9-bin\apache-maven-3.9.9\bin;
USERNAME=tanma
OS=Windows_NT
PROCESSOR_IDENTIFIER=AMD64 Family 25 Model 80 Stepping 0, AuthenticAMD
TMP=C:\Users\tanma\AppData\Local\Temp
TEMP=C:\Users\tanma\AppData\Local\Temp




Periodic native trim disabled

---------------  S Y S T E M  ---------------

OS:
 Windows 11 , 64 bit Build 22621 (10.0.22621.5262)
OS uptime: 0 days 0:57 hours
Hyper-V role detected

CPU: total 16 (initial active 16) (16 cores per cpu, 2 threads per core) family 25 model 80 stepping 0 microcode 0x0, cx8, cmov, fxsr, ht, mmx, 3dnowpref, sse, sse2, sse3, ssse3, sse4a, sse4.1, sse4.2, popcnt, lzcnt, tsc, tscinvbit, avx, avx2, aes, erms, clmul, bmi1, bmi2, adx, sha, fma, vzeroupper, clflush, clflushopt, hv, rdtscp, rdpid, fsrm, f16c, cet_ss
Processor Information for the first 16 processors :
  Max Mhz: 3201, Current Mhz: 3201, Mhz Limit: 3201

Memory: 4k page, system-wide physical 5996M (388M free)
TotalPageFile size 24428M (AvailPageFile size 3M)
current process WorkingSet (physical memory assigned to process): 165M, peak: 165M
current process commit charge ("private bytes"): 276M, peak: 276M

vm_info: OpenJDK 64-Bit Server VM (21.0.7+6-LTS) for windows-amd64 JRE (21.0.7+6-LTS), built on 2025-04-15T00:00:00Z by "admin" with MS VC++ 17.7 (VS2022)

END.
