#
# There is insufficient memory for the Java Runtime Environment to continue.
# Native memory allocation (malloc) failed to allocate 1675216 bytes. Error detail: Chunk::new
# Possible reasons:
#   The system is out of physical RAM or swap space
#   This process is running with CompressedOops enabled, and the Java Heap may be blocking the growth of the native heap
# Possible solutions:
#   Reduce memory load on the system
#   Increase physical memory or swap space
#   Check if swap backing store is full
#   Decrease Java heap size (-Xmx/-Xms)
#   Decrease number of Java threads
#   Decrease Java thread stack sizes (-Xss)
#   Set larger code cache with -XX:ReservedCodeCacheSize=
#   JVM is running with Unscaled Compressed Oops mode in which the Java heap is
#     placed in the first 4GB address space. The Java Heap base address is the
#     maximum limit for the native heap growth. Please use -XX:HeapBaseMinAddress
#     to set the Java Heap base and to place the Java Heap above 4GB virtual address.
# This output file may be truncated or incomplete.
#
#  Out of Memory Error (arena.cpp:168), pid=24632, tid=5428
#
# JRE version: OpenJDK Runtime Environment Temurin-21.0.7+6 (21.0.7+6) (build 21.0.7+6-LTS)
# Java VM: OpenJDK 64-Bit Server VM Temurin-21.0.7+6 (21.0.7+6-LTS, mixed mode, sharing, tiered, compressed oops, compressed class ptrs, parallel gc, windows-amd64)
# No core dump will be written. Minidumps are not enabled by default on client versions of Windows
#

---------------  S U M M A R Y ------------

Command Line: --add-modules=ALL-SYSTEM --add-opens=java.base/java.util=ALL-UNNAMED --add-opens=java.base/java.lang=ALL-UNNAMED --add-opens=java.base/sun.nio.fs=ALL-UNNAMED -Declipse.application=org.eclipse.jdt.ls.core.id1 -Dosgi.bundles.defaultStartLevel=4 -Declipse.product=org.eclipse.jdt.ls.core.product -Djava.import.generatesMetadataFilesAtProjectRoot=false -DDetectVMInstallationsJob.disabled=true -Dfile.encoding=utf8 -XX:+UseParallelGC -XX:GCTimeRatio=4 -XX:AdaptiveSizePolicyWeight=90 -Dsun.zip.disableMemoryMapping=true -Xmx1G -Xms100m -Xlog:disable -javaagent:c:\Users\tanma\.vscode\extensions\redhat.java-1.42.0-win32-x64\lombok\lombok-1.18.36.jar c:\Users\tanma\.vscode\extensions\redhat.java-1.42.0-win32-x64\server\plugins\org.eclipse.equinox.launcher_1.7.0.v20250424-1814.jar -configuration c:\Users\tanma\AppData\Roaming\Code\User\globalStorage\redhat.java\1.42.0\config_ss_win -data c:\Users\tanma\AppData\Roaming\Code\User\workspaceStorage\89240fbca4adb2b40d9c8e8d66c81886\redhat.java\ss_ws --pipe=\\.\pipe\lsp-184010bcafbccb5b600347ceb2479fa7-sock

Host: AMD Ryzen 7 5800H with Radeon Graphics         , 16 cores, 5G,  Windows 11 , 64 bit Build 22621 (10.0.22621.5262)
Time: Fri May 16 18:04:55 2025 India Standard Time elapsed time: 5.161093 seconds (0d 0h 0m 5s)

---------------  T H R E A D  ---------------

Current thread (0x0000025b7d3e4790):  JavaThread "C2 CompilerThread0" daemon [_thread_in_native, id=5428, stack(0x000000c9a7b00000,0x000000c9a7c00000) (1024K)]


Current CompileTask:
C2:5161 3984       4       java.lang.invoke.MethodType::makeImpl (109 bytes)

Stack: [0x000000c9a7b00000,0x000000c9a7c00000]
Native frames: (J=compiled Java code, j=interpreted, Vv=VM code, C=native code)
V  [jvm.dll+0x6ce119]
V  [jvm.dll+0x8a84a1]
V  [jvm.dll+0x8aa9ce]
V  [jvm.dll+0x8ab0b3]
V  [jvm.dll+0x27f8a6]
V  [jvm.dll+0xc507d]
V  [jvm.dll+0xc55b3]
V  [jvm.dll+0x3b68f2]
V  [jvm.dll+0x382aa5]
V  [jvm.dll+0x381f0a]
V  [jvm.dll+0x247af0]
V  [jvm.dll+0x2470cf]
V  [jvm.dll+0x1c760e]
V  [jvm.dll+0x25695a]
V  [jvm.dll+0x254efa]
V  [jvm.dll+0x3f03f6]
V  [jvm.dll+0x851f6b]
V  [jvm.dll+0x6cc7dd]
C  [ucrtbase.dll+0x29333]
C  [KERNEL32.DLL+0x1259d]
C  [ntdll.dll+0x5af58]


---------------  P R O C E S S  ---------------

Threads class SMR info:
_java_thread_list=0x0000025b45bafc00, length=47, elements={
0x0000025b65892650, 0x0000025b7c0f5a90, 0x0000025b7c0f6fc0, 0x0000025b7c0fb1e0,
0x0000025b7c0fdf00, 0x0000025b7d3d7750, 0x0000025b7d3dc7d0, 0x0000025b7d3e4790,
0x0000025b7d3e5960, 0x0000025b7d4de120, 0x0000025b7d4de7b0, 0x0000025b7d4dee40,
0x0000025b7d4dcd70, 0x0000025b7d4dc6e0, 0x0000025b7d4dd400, 0x0000025b7d4dc050,
0x0000025b7d4dda90, 0x0000025b7d4db9c0, 0x0000025b45816ba0, 0x0000025b458102a0,
0x0000025b7d4ee990, 0x0000025b45369560, 0x0000025b46201690, 0x0000025b45814ad0,
0x0000025b45815e80, 0x0000025b45815160, 0x0000025b4580fc10, 0x0000025b45813db0,
0x0000025b45811ce0, 0x0000025b458157f0, 0x0000025b45817230, 0x0000025b45810930,
0x0000025b45816510, 0x0000025b45811650, 0x0000025b45812370, 0x0000025b45812a00,
0x0000025b45814440, 0x0000025b45810fc0, 0x0000025b45813090, 0x0000025b45813720,
0x0000025b46aa3da0, 0x0000025b46a9f570, 0x0000025b46aa0290, 0x0000025b46a9eee0,
0x0000025b46a9fc00, 0x0000025b46aa1cd0, 0x0000025b46a9ce10
}

Java Threads: ( => current thread )
  0x0000025b65892650 JavaThread "main"                              [_thread_blocked, id=21336, stack(0x000000c9a7100000,0x000000c9a7200000) (1024K)]
  0x0000025b7c0f5a90 JavaThread "Reference Handler"          daemon [_thread_blocked, id=29436, stack(0x000000c9a7500000,0x000000c9a7600000) (1024K)]
  0x0000025b7c0f6fc0 JavaThread "Finalizer"                  daemon [_thread_blocked, id=21548, stack(0x000000c9a7600000,0x000000c9a7700000) (1024K)]
  0x0000025b7c0fb1e0 JavaThread "Signal Dispatcher"          daemon [_thread_blocked, id=2580, stack(0x000000c9a7700000,0x000000c9a7800000) (1024K)]
  0x0000025b7c0fdf00 JavaThread "Attach Listener"            daemon [_thread_blocked, id=28504, stack(0x000000c9a7800000,0x000000c9a7900000) (1024K)]
  0x0000025b7d3d7750 JavaThread "Service Thread"             daemon [_thread_blocked, id=25844, stack(0x000000c9a7900000,0x000000c9a7a00000) (1024K)]
  0x0000025b7d3dc7d0 JavaThread "Monitor Deflation Thread"   daemon [_thread_blocked, id=24120, stack(0x000000c9a7a00000,0x000000c9a7b00000) (1024K)]
=>0x0000025b7d3e4790 JavaThread "C2 CompilerThread0"         daemon [_thread_in_native, id=5428, stack(0x000000c9a7b00000,0x000000c9a7c00000) (1024K)]
  0x0000025b7d3e5960 JavaThread "C1 CompilerThread0"         daemon [_thread_blocked, id=19480, stack(0x000000c9a7c00000,0x000000c9a7d00000) (1024K)]
  0x0000025b7d4de120 JavaThread "Common-Cleaner"             daemon [_thread_blocked, id=20568, stack(0x000000c9a7d00000,0x000000c9a7e00000) (1024K)]
  0x0000025b7d4de7b0 JavaThread "Notification Thread"        daemon [_thread_blocked, id=27108, stack(0x000000c9a8200000,0x000000c9a8300000) (1024K)]
  0x0000025b7d4dee40 JavaThread "Active Thread: Equinox Container: 45f5feda-80c2-4c03-9412-aa9377676827"        [_thread_blocked, id=6192, stack(0x000000c9a8000000,0x000000c9a8100000) (1024K)]
  0x0000025b7d4dcd70 JavaThread "Framework Event Dispatcher: Equinox Container: 45f5feda-80c2-4c03-9412-aa9377676827" daemon [_thread_blocked, id=26508, stack(0x000000c9a8900000,0x000000c9a8a00000) (1024K)]
  0x0000025b7d4dc6e0 JavaThread "Start Level: Equinox Container: 45f5feda-80c2-4c03-9412-aa9377676827" daemon [_thread_blocked, id=26996, stack(0x000000c9a8b00000,0x000000c9a8c00000) (1024K)]
  0x0000025b7d4dd400 JavaThread "SCR Component Actor"        daemon [_thread_blocked, id=11280, stack(0x000000c9a8c00000,0x000000c9a8d00000) (1024K)]
  0x0000025b7d4dc050 JavaThread "SCR Component Registry"     daemon [_thread_blocked, id=29548, stack(0x000000c9a8d00000,0x000000c9a8e00000) (1024K)]
  0x0000025b7d4dda90 JavaThread "Worker-JM"                         [_thread_blocked, id=24908, stack(0x000000c9a8e00000,0x000000c9a8f00000) (1024K)]
  0x0000025b7d4db9c0 JavaThread "JNA Cleaner"                daemon [_thread_blocked, id=1548, stack(0x000000c9a7e00000,0x000000c9a7f00000) (1024K)]
  0x0000025b45816ba0 JavaThread "Worker-0"                          [_thread_blocked, id=10436, stack(0x000000c9a7f00000,0x000000c9a8000000) (1024K)]
  0x0000025b458102a0 JavaThread "Worker-1"                          [_thread_blocked, id=27016, stack(0x000000c9a8100000,0x000000c9a8200000) (1024K)]
  0x0000025b7d4ee990 JavaThread "C2 CompilerThread1"         daemon [_thread_in_native, id=22692, stack(0x000000c9a9100000,0x000000c9a9200000) (1024K)]
  0x0000025b45369560 JavaThread "C1 CompilerThread1"         daemon [_thread_blocked, id=10792, stack(0x000000c9a9200000,0x000000c9a9300000) (1024K)]
  0x0000025b46201690 JavaThread "C1 CompilerThread2"         daemon [_thread_blocked, id=21380, stack(0x000000c9a9700000,0x000000c9a9800000) (1024K)]
  0x0000025b45814ad0 JavaThread "Thread-2"                   daemon [_thread_in_native, id=26700, stack(0x000000c9a9600000,0x000000c9a9700000) (1024K)]
  0x0000025b45815e80 JavaThread "Thread-3"                   daemon [_thread_in_native, id=26684, stack(0x000000c9a9800000,0x000000c9a9900000) (1024K)]
  0x0000025b45815160 JavaThread "Thread-4"                   daemon [_thread_in_native, id=23640, stack(0x000000c9a9900000,0x000000c9a9a00000) (1024K)]
  0x0000025b4580fc10 JavaThread "Thread-5"                   daemon [_thread_in_native, id=24472, stack(0x000000c9a9a00000,0x000000c9a9b00000) (1024K)]
  0x0000025b45813db0 JavaThread "Thread-6"                   daemon [_thread_in_native, id=25304, stack(0x000000c9a9b00000,0x000000c9a9c00000) (1024K)]
  0x0000025b45811ce0 JavaThread "Thread-7"                   daemon [_thread_in_native, id=11456, stack(0x000000c9a9c00000,0x000000c9a9d00000) (1024K)]
  0x0000025b458157f0 JavaThread "Thread-8"                   daemon [_thread_in_native, id=27764, stack(0x000000c9a9d00000,0x000000c9a9e00000) (1024K)]
  0x0000025b45817230 JavaThread "Thread-9"                   daemon [_thread_in_native, id=24604, stack(0x000000c9a9e00000,0x000000c9a9f00000) (1024K)]
  0x0000025b45810930 JavaThread "Thread-10"                  daemon [_thread_in_native, id=28156, stack(0x000000c9a9f00000,0x000000c9aa000000) (1024K)]
  0x0000025b45816510 JavaThread "Thread-11"                  daemon [_thread_in_native, id=3380, stack(0x000000c9aa000000,0x000000c9aa100000) (1024K)]
  0x0000025b45811650 JavaThread "Thread-12"                  daemon [_thread_in_native, id=13616, stack(0x000000c9aa100000,0x000000c9aa200000) (1024K)]
  0x0000025b45812370 JavaThread "Thread-13"                  daemon [_thread_in_native, id=18744, stack(0x000000c9aa200000,0x000000c9aa300000) (1024K)]
  0x0000025b45812a00 JavaThread "Thread-14"                  daemon [_thread_in_native, id=10088, stack(0x000000c9aa300000,0x000000c9aa400000) (1024K)]
  0x0000025b45814440 JavaThread "Thread-15"                  daemon [_thread_in_native, id=26380, stack(0x000000c9aa400000,0x000000c9aa500000) (1024K)]
  0x0000025b45810fc0 JavaThread "Thread-16"                  daemon [_thread_in_native, id=27608, stack(0x000000c9aa500000,0x000000c9aa600000) (1024K)]
  0x0000025b45813090 JavaThread "Thread-17"                  daemon [_thread_in_native, id=8640, stack(0x000000c9aa600000,0x000000c9aa700000) (1024K)]
  0x0000025b45813720 JavaThread "Thread-18"                  daemon [_thread_in_native, id=6572, stack(0x000000c9aa700000,0x000000c9aa800000) (1024K)]
  0x0000025b46aa3da0 JavaThread "pool-2-thread-1"                   [_thread_blocked, id=28208, stack(0x000000c9aa800000,0x000000c9aa900000) (1024K)]
  0x0000025b46a9f570 JavaThread "WorkspaceEventsHandler"            [_thread_blocked, id=27532, stack(0x000000c9aa900000,0x000000c9aaa00000) (1024K)]
  0x0000025b46aa0290 JavaThread "pool-1-thread-1"                   [_thread_blocked, id=26908, stack(0x000000c9aaa00000,0x000000c9aab00000) (1024K)]
  0x0000025b46a9eee0 JavaThread "Worker-2"                          [_thread_blocked, id=19440, stack(0x000000c9aab00000,0x000000c9aac00000) (1024K)]
  0x0000025b46a9fc00 JavaThread "Worker-3"                          [_thread_blocked, id=5312, stack(0x000000c9aac00000,0x000000c9aad00000) (1024K)]
  0x0000025b46aa1cd0 JavaThread "ForkJoinPool.commonPool-worker-1" daemon [_thread_blocked, id=13644, stack(0x000000c9aad00000,0x000000c9aae00000) (1024K)]
  0x0000025b46a9ce10 JavaThread "ForkJoinPool.commonPool-worker-2" daemon [_thread_in_Java, id=23044, stack(0x000000c9aae00000,0x000000c9aaf00000) (1024K)]
Total: 47

Other Threads:
  0x0000025b67dc37e0 VMThread "VM Thread"                           [id=8072, stack(0x000000c9a7400000,0x000000c9a7500000) (1024K)]
  0x0000025b7bfdca00 WatcherThread "VM Periodic Task Thread"        [id=3856, stack(0x000000c9a7300000,0x000000c9a7400000) (1024K)]
  0x0000025b67d638f0 WorkerThread "GC Thread#0"                     [id=25092, stack(0x000000c9a7200000,0x000000c9a7300000) (1024K)]
  0x0000025b7f63d9e0 WorkerThread "GC Thread#1"                     [id=6452, stack(0x000000c9a8300000,0x000000c9a8400000) (1024K)]
  0x0000025b7f63c080 WorkerThread "GC Thread#2"                     [id=13116, stack(0x000000c9a8400000,0x000000c9a8500000) (1024K)]
  0x0000025b7f63c7c0 WorkerThread "GC Thread#3"                     [id=14220, stack(0x000000c9a8500000,0x000000c9a8600000) (1024K)]
  0x0000025b7f63cb60 WorkerThread "GC Thread#4"                     [id=13876, stack(0x000000c9a8600000,0x000000c9a8700000) (1024K)]
  0x0000025b7f63cf00 WorkerThread "GC Thread#5"                     [id=2816, stack(0x000000c9a8700000,0x000000c9a8800000) (1024K)]
  0x0000025b7f63d2a0 WorkerThread "GC Thread#6"                     [id=13916, stack(0x000000c9a8800000,0x000000c9a8900000) (1024K)]
  0x0000025b7f63c420 WorkerThread "GC Thread#7"                     [id=27252, stack(0x000000c9a8a00000,0x000000c9a8b00000) (1024K)]
  0x0000025b451ebe60 WorkerThread "GC Thread#8"                     [id=15912, stack(0x000000c9a8f00000,0x000000c9a9000000) (1024K)]
  0x0000025b451ed420 WorkerThread "GC Thread#9"                     [id=27660, stack(0x000000c9a9000000,0x000000c9a9100000) (1024K)]
  0x0000025b451eb380 WorkerThread "GC Thread#10"                    [id=27356, stack(0x000000c9a9300000,0x000000c9a9400000) (1024K)]
  0x0000025b451edb60 WorkerThread "GC Thread#11"                    [id=14280, stack(0x000000c9a9400000,0x000000c9a9500000) (1024K)]
  0x0000025b451ec940 WorkerThread "GC Thread#12"                    [id=26704, stack(0x000000c9a9500000,0x000000c9a9600000) (1024K)]
Total: 15

Threads with active compile tasks:
C2 CompilerThread0  5185 3984       4       java.lang.invoke.MethodType::makeImpl (109 bytes)
C2 CompilerThread1  5185 4342       4       jdk.internal.jimage.ImageLocation::getFullName (109 bytes)
Total: 2

VM state: not at safepoint (normal execution)

VM Mutex/Monitor currently owned by a thread: None

Heap address: 0x00000000c0000000, size: 1024 MB, Compressed Oops mode: 32-bit

CDS archive(s) mapped at: [0x0000025b00000000-0x0000025b00ba0000-0x0000025b00ba0000), size 12189696, SharedBaseAddress: 0x0000025b00000000, ArchiveRelocationMode: 1.
Compressed class space mapped at: 0x0000025b01000000-0x0000025b41000000, reserved size: 1073741824
Narrow klass base: 0x0000025b00000000, Narrow klass shift: 0, Narrow klass range: 0x100000000

GC Precious Log:
 CardTable entry size: 512
 CPUs: 16 total, 16 available
 Memory: 5996M
 Large Page Support: Disabled
 NUMA Support: Disabled
 Compressed Oops: Enabled (32-bit)
 Alignments: Space 512K, Generation 512K, Heap 2M
 Heap Min Capacity: 100M
 Heap Initial Capacity: 100M
 Heap Max Capacity: 1G
 Pre-touch: Disabled
 Parallel Workers: 13

Heap:
 PSYoungGen      total 24576K, used 17997K [0x00000000eab00000, 0x00000000ec680000, 0x0000000100000000)
  eden space 22016K, 70% used [0x00000000eab00000,0x00000000eba1ad00,0x00000000ec080000)
  from space 2560K, 98% used [0x00000000ec400000,0x00000000ec678850,0x00000000ec680000)
  to   space 3072K, 0% used [0x00000000ec100000,0x00000000ec100000,0x00000000ec400000)
 ParOldGen       total 68608K, used 18306K [0x00000000c0000000, 0x00000000c4300000, 0x00000000eab00000)
  object space 68608K, 26% used [0x00000000c0000000,0x00000000c11e0988,0x00000000c4300000)
 Metaspace       used 32267K, committed 33344K, reserved 1114112K
  class space    used 3182K, committed 3648K, reserved 1048576K

Card table byte_map: [0x0000025b676e0000,0x0000025b678f0000] _byte_map_base: 0x0000025b670e0000

Marking Bits: (ParMarkBitMap*) 0x00007ffa271d31f0
 Begin Bits: [0x0000025b79f00000, 0x0000025b7af00000)
 End Bits:   [0x0000025b7af00000, 0x0000025b7bf00000)

Polling page: 0x0000025b674d0000

Metaspace:

Usage:
  Non-class:     28.40 MB used.
      Class:      3.11 MB used.
       Both:     31.51 MB used.

Virtual space:
  Non-class space:       64.00 MB reserved,      29.00 MB ( 45%) committed,  1 nodes.
      Class space:        1.00 GB reserved,       3.56 MB ( <1%) committed,  1 nodes.
             Both:        1.06 GB reserved,      32.56 MB (  3%) committed. 

Chunk freelists:
   Non-Class:  2.50 MB
       Class:  12.39 MB
        Both:  14.89 MB

MaxMetaspaceSize: unlimited
CompressedClassSpaceSize: 1.00 GB
Initial GC threshold: 21.00 MB
Current GC threshold: 35.00 MB
CDS: on
 - commit_granule_bytes: 65536.
 - commit_granule_words: 8192.
 - virtual_space_node_default_size: 8388608.
 - enlarge_chunks_in_place: 1.
 - use_allocation_guard: 0.


Internal statistics:

num_allocs_failed_limit: 3.
num_arena_births: 776.
num_arena_deaths: 14.
num_vsnodes_births: 2.
num_vsnodes_deaths: 0.
num_space_committed: 521.
num_space_uncommitted: 0.
num_chunks_returned_to_freelist: 17.
num_chunks_taken_from_freelist: 2082.
num_chunk_merges: 9.
num_chunk_splits: 1333.
num_chunks_enlarged: 811.
num_inconsistent_stats: 0.

CodeHeap 'non-profiled nmethods': size=119168Kb used=1843Kb max_used=1843Kb free=117325Kb
 bounds [0x0000025b72aa0000, 0x0000025b72d10000, 0x0000025b79f00000]
CodeHeap 'profiled nmethods': size=119104Kb used=9154Kb max_used=9154Kb free=109949Kb
 bounds [0x0000025b6af00000, 0x0000025b6b800000, 0x0000025b72350000]
CodeHeap 'non-nmethods': size=7488Kb used=2482Kb max_used=2982Kb free=5006Kb
 bounds [0x0000025b72350000, 0x0000025b72640000, 0x0000025b72aa0000]
 total_blobs=5104 nmethods=4452 adapters=556
 compilation: enabled
              stopped_count=0, restarted_count=0
 full_count=0

Compilation events (20 events):
Event: 5.151 Thread 0x0000025b45369560 nmethod 4472 0x0000025b6b7e4990 code [0x0000025b6b7e4b40, 0x0000025b6b7e4ca8]
Event: 5.151 Thread 0x0000025b46201690 nmethod 4473 0x0000025b6b7e4e10 code [0x0000025b6b7e4fc0, 0x0000025b6b7e5128]
Event: 5.153 Thread 0x0000025b7d3e5960 4475       2       org.eclipse.jdt.internal.compiler.parser.Scanner::getCurrentIdentifierSource (73 bytes)
Event: 5.153 Thread 0x0000025b45369560 4476       2       org.eclipse.jdt.core.JavaConventions::scanForRestrictedKeyWords (137 bytes)
Event: 5.153 Thread 0x0000025b7d3e5960 nmethod 4475 0x0000025b6b7e5210 code [0x0000025b6b7e53e0, 0x0000025b6b7e56e0]
Event: 5.153 Thread 0x0000025b45369560 nmethod 4476 0x0000025b6b7e5810 code [0x0000025b6b7e5a60, 0x0000025b6b7e5f80]
Event: 5.156 Thread 0x0000025b46201690 4478       2       org.eclipse.jdt.internal.core.JavaElement::hashCode (28 bytes)
Event: 5.156 Thread 0x0000025b7d3e5960 4480       2       org.eclipse.core.internal.resources.ProjectDescription::hasNature (47 bytes)
Event: 5.156 Thread 0x0000025b45369560 4479       2       org.eclipse.core.internal.resources.Project::hasNature (36 bytes)
Event: 5.156 Thread 0x0000025b46201690 nmethod 4478 0x0000025b6b7e6210 code [0x0000025b6b7e63c0, 0x0000025b6b7e6520]
Event: 5.157 Thread 0x0000025b46201690 4481       2       org.eclipse.core.internal.resources.ProjectDescription::getNatureIds (33 bytes)
Event: 5.157 Thread 0x0000025b7d3e5960 nmethod 4480 0x0000025b6b7e6610 code [0x0000025b6b7e67c0, 0x0000025b6b7e6a00]
Event: 5.157 Thread 0x0000025b7d3e5960 4484       2       java.util.Collections$EmptySet::iterator (4 bytes)
Event: 5.157 Thread 0x0000025b46201690 nmethod 4481 0x0000025b6b7e6b90 code [0x0000025b6b7e6d40, 0x0000025b6b7e6f20]
Event: 5.157 Thread 0x0000025b46201690 4482       2       java.util.concurrent.ConcurrentHashMap::containsKey (14 bytes)
Event: 5.157 Thread 0x0000025b7d3e5960 nmethod 4484 0x0000025b6b7e7010 code [0x0000025b6b7e71a0, 0x0000025b6b7e72b0]
Event: 5.157 Thread 0x0000025b7d3e5960 4483       1       org.eclipse.jdt.internal.core.JarPackageFragmentRoot::isArchive (2 bytes)
Event: 5.157 Thread 0x0000025b46201690 nmethod 4482 0x0000025b6b7e7390 code [0x0000025b6b7e7540, 0x0000025b6b7e7678]
Event: 5.157 Thread 0x0000025b45369560 nmethod 4479 0x0000025b6b7e7710 code [0x0000025b6b7e7900, 0x0000025b6b7e7c08]
Event: 5.157 Thread 0x0000025b7d3e5960 nmethod 4483 0x0000025b72c6c310 code [0x0000025b72c6c4a0, 0x0000025b72c6c568]

GC Heap History (20 events):
Event: 3.281 GC heap before
{Heap before GC invocations=4 (full 0):
 PSYoungGen      total 29696K, used 29686K [0x00000000eab00000, 0x00000000ecc00000, 0x0000000100000000)
  eden space 25600K, 100% used [0x00000000eab00000,0x00000000ec400000,0x00000000ec400000)
  from space 4096K, 99% used [0x00000000ec400000,0x00000000ec7fdbb0,0x00000000ec800000)
  to   space 4096K, 0% used [0x00000000ec800000,0x00000000ec800000,0x00000000ecc00000)
 ParOldGen       total 68608K, used 2516K [0x00000000c0000000, 0x00000000c4300000, 0x00000000eab00000)
  object space 68608K, 3% used [0x00000000c0000000,0x00000000c02750d0,0x00000000c4300000)
 Metaspace       used 16824K, committed 17536K, reserved 1114112K
  class space    used 1713K, committed 2048K, reserved 1048576K
}
Event: 3.286 GC heap after
{Heap after GC invocations=4 (full 0):
 PSYoungGen      total 29696K, used 4085K [0x00000000eab00000, 0x00000000ecc00000, 0x0000000100000000)
  eden space 25600K, 0% used [0x00000000eab00000,0x00000000eab00000,0x00000000ec400000)
  from space 4096K, 99% used [0x00000000ec800000,0x00000000ecbfd7b8,0x00000000ecc00000)
  to   space 4096K, 0% used [0x00000000ec400000,0x00000000ec400000,0x00000000ec800000)
 ParOldGen       total 68608K, used 4270K [0x00000000c0000000, 0x00000000c4300000, 0x00000000eab00000)
  object space 68608K, 6% used [0x00000000c0000000,0x00000000c042bb78,0x00000000c4300000)
 Metaspace       used 16824K, committed 17536K, reserved 1114112K
  class space    used 1713K, committed 2048K, reserved 1048576K
}
Event: 3.513 GC heap before
{Heap before GC invocations=5 (full 0):
 PSYoungGen      total 29696K, used 29685K [0x00000000eab00000, 0x00000000ecc00000, 0x0000000100000000)
  eden space 25600K, 100% used [0x00000000eab00000,0x00000000ec400000,0x00000000ec400000)
  from space 4096K, 99% used [0x00000000ec800000,0x00000000ecbfd7b8,0x00000000ecc00000)
  to   space 4096K, 0% used [0x00000000ec400000,0x00000000ec400000,0x00000000ec800000)
 ParOldGen       total 68608K, used 4270K [0x00000000c0000000, 0x00000000c4300000, 0x00000000eab00000)
  object space 68608K, 6% used [0x00000000c0000000,0x00000000c042bb78,0x00000000c4300000)
 Metaspace       used 20099K, committed 20864K, reserved 1114112K
  class space    used 1927K, committed 2304K, reserved 1048576K
}
Event: 3.516 GC heap after
{Heap after GC invocations=5 (full 0):
 PSYoungGen      total 29184K, used 4087K [0x00000000eab00000, 0x00000000ecd80000, 0x0000000100000000)
  eden space 25088K, 0% used [0x00000000eab00000,0x00000000eab00000,0x00000000ec380000)
  from space 4096K, 99% used [0x00000000ec400000,0x00000000ec7fde38,0x00000000ec800000)
  to   space 5120K, 0% used [0x00000000ec880000,0x00000000ec880000,0x00000000ecd80000)
 ParOldGen       total 68608K, used 4493K [0x00000000c0000000, 0x00000000c4300000, 0x00000000eab00000)
  object space 68608K, 6% used [0x00000000c0000000,0x00000000c0463638,0x00000000c4300000)
 Metaspace       used 20099K, committed 20864K, reserved 1114112K
  class space    used 1927K, committed 2304K, reserved 1048576K
}
Event: 3.556 GC heap before
{Heap before GC invocations=6 (full 0):
 PSYoungGen      total 29184K, used 11076K [0x00000000eab00000, 0x00000000ecd80000, 0x0000000100000000)
  eden space 25088K, 27% used [0x00000000eab00000,0x00000000eb1d3510,0x00000000ec380000)
  from space 4096K, 99% used [0x00000000ec400000,0x00000000ec7fde38,0x00000000ec800000)
  to   space 5120K, 0% used [0x00000000ec880000,0x00000000ec880000,0x00000000ecd80000)
 ParOldGen       total 68608K, used 4493K [0x00000000c0000000, 0x00000000c4300000, 0x00000000eab00000)
  object space 68608K, 6% used [0x00000000c0000000,0x00000000c0463638,0x00000000c4300000)
 Metaspace       used 20834K, committed 21504K, reserved 1114112K
  class space    used 1984K, committed 2304K, reserved 1048576K
}
Event: 3.560 GC heap after
{Heap after GC invocations=6 (full 0):
 PSYoungGen      total 29696K, used 5102K [0x00000000eab00000, 0x00000000ece80000, 0x0000000100000000)
  eden space 24576K, 0% used [0x00000000eab00000,0x00000000eab00000,0x00000000ec300000)
  from space 5120K, 99% used [0x00000000ec880000,0x00000000ecd7ba88,0x00000000ecd80000)
  to   space 5632K, 0% used [0x00000000ec300000,0x00000000ec300000,0x00000000ec880000)
 ParOldGen       total 68608K, used 4501K [0x00000000c0000000, 0x00000000c4300000, 0x00000000eab00000)
  object space 68608K, 6% used [0x00000000c0000000,0x00000000c0465638,0x00000000c4300000)
 Metaspace       used 20834K, committed 21504K, reserved 1114112K
  class space    used 1984K, committed 2304K, reserved 1048576K
}
Event: 3.560 GC heap before
{Heap before GC invocations=7 (full 1):
 PSYoungGen      total 29696K, used 5102K [0x00000000eab00000, 0x00000000ece80000, 0x0000000100000000)
  eden space 24576K, 0% used [0x00000000eab00000,0x00000000eab00000,0x00000000ec300000)
  from space 5120K, 99% used [0x00000000ec880000,0x00000000ecd7ba88,0x00000000ecd80000)
  to   space 5632K, 0% used [0x00000000ec300000,0x00000000ec300000,0x00000000ec880000)
 ParOldGen       total 68608K, used 4501K [0x00000000c0000000, 0x00000000c4300000, 0x00000000eab00000)
  object space 68608K, 6% used [0x00000000c0000000,0x00000000c0465638,0x00000000c4300000)
 Metaspace       used 20834K, committed 21504K, reserved 1114112K
  class space    used 1984K, committed 2304K, reserved 1048576K
}
Event: 3.583 GC heap after
{Heap after GC invocations=7 (full 1):
 PSYoungGen      total 29696K, used 0K [0x00000000eab00000, 0x00000000ece80000, 0x0000000100000000)
  eden space 24576K, 0% used [0x00000000eab00000,0x00000000eab00000,0x00000000ec300000)
  from space 5120K, 0% used [0x00000000ec880000,0x00000000ec880000,0x00000000ecd80000)
  to   space 5632K, 0% used [0x00000000ec300000,0x00000000ec300000,0x00000000ec880000)
 ParOldGen       total 68608K, used 8621K [0x00000000c0000000, 0x00000000c4300000, 0x00000000eab00000)
  object space 68608K, 12% used [0x00000000c0000000,0x00000000c086b7f0,0x00000000c4300000)
 Metaspace       used 20821K, committed 21504K, reserved 1114112K
  class space    used 1980K, committed 2304K, reserved 1048576K
}
Event: 3.840 GC heap before
{Heap before GC invocations=8 (full 1):
 PSYoungGen      total 29696K, used 24576K [0x00000000eab00000, 0x00000000ece80000, 0x0000000100000000)
  eden space 24576K, 100% used [0x00000000eab00000,0x00000000ec300000,0x00000000ec300000)
  from space 5120K, 0% used [0x00000000ec880000,0x00000000ec880000,0x00000000ecd80000)
  to   space 5632K, 0% used [0x00000000ec300000,0x00000000ec300000,0x00000000ec880000)
 ParOldGen       total 68608K, used 8621K [0x00000000c0000000, 0x00000000c4300000, 0x00000000eab00000)
  object space 68608K, 12% used [0x00000000c0000000,0x00000000c086b7f0,0x00000000c4300000)
 Metaspace       used 22839K, committed 23488K, reserved 1114112K
  class space    used 2146K, committed 2432K, reserved 1048576K
}
Event: 3.842 GC heap after
{Heap after GC invocations=8 (full 1):
 PSYoungGen      total 26624K, used 2312K [0x00000000eab00000, 0x00000000ec980000, 0x0000000100000000)
  eden space 24064K, 0% used [0x00000000eab00000,0x00000000eab00000,0x00000000ec280000)
  from space 2560K, 90% used [0x00000000ec300000,0x00000000ec5422b0,0x00000000ec580000)
  to   space 3584K, 0% used [0x00000000ec600000,0x00000000ec600000,0x00000000ec980000)
 ParOldGen       total 68608K, used 8629K [0x00000000c0000000, 0x00000000c4300000, 0x00000000eab00000)
  object space 68608K, 12% used [0x00000000c0000000,0x00000000c086d7f0,0x00000000c4300000)
 Metaspace       used 22839K, committed 23488K, reserved 1114112K
  class space    used 2146K, committed 2432K, reserved 1048576K
}
Event: 4.227 GC heap before
{Heap before GC invocations=9 (full 1):
 PSYoungGen      total 26624K, used 26376K [0x00000000eab00000, 0x00000000ec980000, 0x0000000100000000)
  eden space 24064K, 100% used [0x00000000eab00000,0x00000000ec280000,0x00000000ec280000)
  from space 2560K, 90% used [0x00000000ec300000,0x00000000ec5422b0,0x00000000ec580000)
  to   space 3584K, 0% used [0x00000000ec600000,0x00000000ec600000,0x00000000ec980000)
 ParOldGen       total 68608K, used 8629K [0x00000000c0000000, 0x00000000c4300000, 0x00000000eab00000)
  object space 68608K, 12% used [0x00000000c0000000,0x00000000c086d7f0,0x00000000c4300000)
 Metaspace       used 26449K, committed 27264K, reserved 1114112K
  class space    used 2524K, committed 2880K, reserved 1048576K
}
Event: 4.232 GC heap after
{Heap after GC invocations=9 (full 1):
 PSYoungGen      total 26112K, used 3572K [0x00000000eab00000, 0x00000000ecc00000, 0x0000000100000000)
  eden space 22528K, 0% used [0x00000000eab00000,0x00000000eab00000,0x00000000ec100000)
  from space 3584K, 99% used [0x00000000ec600000,0x00000000ec97d2f8,0x00000000ec980000)
  to   space 5120K, 0% used [0x00000000ec100000,0x00000000ec100000,0x00000000ec600000)
 ParOldGen       total 68608K, used 9555K [0x00000000c0000000, 0x00000000c4300000, 0x00000000eab00000)
  object space 68608K, 13% used [0x00000000c0000000,0x00000000c0954d00,0x00000000c4300000)
 Metaspace       used 26449K, committed 27264K, reserved 1114112K
  class space    used 2524K, committed 2880K, reserved 1048576K
}
Event: 4.526 GC heap before
{Heap before GC invocations=10 (full 1):
 PSYoungGen      total 26112K, used 26100K [0x00000000eab00000, 0x00000000ecc00000, 0x0000000100000000)
  eden space 22528K, 100% used [0x00000000eab00000,0x00000000ec100000,0x00000000ec100000)
  from space 3584K, 99% used [0x00000000ec600000,0x00000000ec97d2f8,0x00000000ec980000)
  to   space 5120K, 0% used [0x00000000ec100000,0x00000000ec100000,0x00000000ec600000)
 ParOldGen       total 68608K, used 9555K [0x00000000c0000000, 0x00000000c4300000, 0x00000000eab00000)
  object space 68608K, 13% used [0x00000000c0000000,0x00000000c0954d00,0x00000000c4300000)
 Metaspace       used 29635K, committed 30528K, reserved 1114112K
  class space    used 2878K, committed 3264K, reserved 1048576K
}
Event: 4.531 GC heap after
{Heap after GC invocations=10 (full 1):
 PSYoungGen      total 27136K, used 4871K [0x00000000eab00000, 0x00000000eca80000, 0x0000000100000000)
  eden space 22016K, 0% used [0x00000000eab00000,0x00000000eab00000,0x00000000ec080000)
  from space 5120K, 95% used [0x00000000ec100000,0x00000000ec5c1d20,0x00000000ec600000)
  to   space 4608K, 0% used [0x00000000ec600000,0x00000000ec600000,0x00000000eca80000)
 ParOldGen       total 68608K, used 9563K [0x00000000c0000000, 0x00000000c4300000, 0x00000000eab00000)
  object space 68608K, 13% used [0x00000000c0000000,0x00000000c0956d00,0x00000000c4300000)
 Metaspace       used 29635K, committed 30528K, reserved 1114112K
  class space    used 2878K, committed 3264K, reserved 1048576K
}
Event: 4.944 GC heap before
{Heap before GC invocations=11 (full 1):
 PSYoungGen      total 27136K, used 26887K [0x00000000eab00000, 0x00000000eca80000, 0x0000000100000000)
  eden space 22016K, 100% used [0x00000000eab00000,0x00000000ec080000,0x00000000ec080000)
  from space 5120K, 95% used [0x00000000ec100000,0x00000000ec5c1d20,0x00000000ec600000)
  to   space 4608K, 0% used [0x00000000ec600000,0x00000000ec600000,0x00000000eca80000)
 ParOldGen       total 68608K, used 9563K [0x00000000c0000000, 0x00000000c4300000, 0x00000000eab00000)
  object space 68608K, 13% used [0x00000000c0000000,0x00000000c0956d00,0x00000000c4300000)
 Metaspace       used 31801K, committed 32704K, reserved 1114112K
  class space    used 3111K, committed 3520K, reserved 1048576K
}
Event: 4.951 GC heap after
{Heap after GC invocations=11 (full 1):
 PSYoungGen      total 25088K, used 2974K [0x00000000eab00000, 0x00000000ec900000, 0x0000000100000000)
  eden space 22016K, 0% used [0x00000000eab00000,0x00000000eab00000,0x00000000ec080000)
  from space 3072K, 96% used [0x00000000ec600000,0x00000000ec8e7b48,0x00000000ec900000)
  to   space 4096K, 0% used [0x00000000ec100000,0x00000000ec100000,0x00000000ec500000)
 ParOldGen       total 68608K, used 13009K [0x00000000c0000000, 0x00000000c4300000, 0x00000000eab00000)
  object space 68608K, 18% used [0x00000000c0000000,0x00000000c0cb4698,0x00000000c4300000)
 Metaspace       used 31801K, committed 32704K, reserved 1114112K
  class space    used 3111K, committed 3520K, reserved 1048576K
}
Event: 5.065 GC heap before
{Heap before GC invocations=12 (full 1):
 PSYoungGen      total 25088K, used 24988K [0x00000000eab00000, 0x00000000ec900000, 0x0000000100000000)
  eden space 22016K, 99% used [0x00000000eab00000,0x00000000ec07f4f8,0x00000000ec080000)
  from space 3072K, 96% used [0x00000000ec600000,0x00000000ec8e7b48,0x00000000ec900000)
  to   space 4096K, 0% used [0x00000000ec100000,0x00000000ec100000,0x00000000ec500000)
 ParOldGen       total 68608K, used 13009K [0x00000000c0000000, 0x00000000c4300000, 0x00000000eab00000)
  object space 68608K, 18% used [0x00000000c0000000,0x00000000c0cb4698,0x00000000c4300000)
 Metaspace       used 32116K, committed 33152K, reserved 1114112K
  class space    used 3163K, committed 3648K, reserved 1048576K
}
Event: 5.070 GC heap after
{Heap after GC invocations=12 (full 1):
 PSYoungGen      total 25088K, used 2643K [0x00000000eab00000, 0x00000000ec680000, 0x0000000100000000)
  eden space 22016K, 0% used [0x00000000eab00000,0x00000000eab00000,0x00000000ec080000)
  from space 3072K, 86% used [0x00000000ec100000,0x00000000ec394f60,0x00000000ec400000)
  to   space 2560K, 0% used [0x00000000ec400000,0x00000000ec400000,0x00000000ec680000)
 ParOldGen       total 68608K, used 15760K [0x00000000c0000000, 0x00000000c4300000, 0x00000000eab00000)
  object space 68608K, 22% used [0x00000000c0000000,0x00000000c0f64308,0x00000000c4300000)
 Metaspace       used 32116K, committed 33152K, reserved 1114112K
  class space    used 3163K, committed 3648K, reserved 1048576K
}
Event: 5.143 GC heap before
{Heap before GC invocations=13 (full 1):
 PSYoungGen      total 25088K, used 24659K [0x00000000eab00000, 0x00000000ec680000, 0x0000000100000000)
  eden space 22016K, 100% used [0x00000000eab00000,0x00000000ec080000,0x00000000ec080000)
  from space 3072K, 86% used [0x00000000ec100000,0x00000000ec394f60,0x00000000ec400000)
  to   space 2560K, 0% used [0x00000000ec400000,0x00000000ec400000,0x00000000ec680000)
 ParOldGen       total 68608K, used 15760K [0x00000000c0000000, 0x00000000c4300000, 0x00000000eab00000)
  object space 68608K, 22% used [0x00000000c0000000,0x00000000c0f64308,0x00000000c4300000)
 Metaspace       used 32247K, committed 33280K, reserved 1114112K
  class space    used 3182K, committed 3648K, reserved 1048576K
}
Event: 5.148 GC heap after
{Heap after GC invocations=13 (full 1):
 PSYoungGen      total 24576K, used 2530K [0x00000000eab00000, 0x00000000ec680000, 0x0000000100000000)
  eden space 22016K, 0% used [0x00000000eab00000,0x00000000eab00000,0x00000000ec080000)
  from space 2560K, 98% used [0x00000000ec400000,0x00000000ec678850,0x00000000ec680000)
  to   space 3072K, 0% used [0x00000000ec100000,0x00000000ec100000,0x00000000ec400000)
 ParOldGen       total 68608K, used 18306K [0x00000000c0000000, 0x00000000c4300000, 0x00000000eab00000)
  object space 68608K, 26% used [0x00000000c0000000,0x00000000c11e0988,0x00000000c4300000)
 Metaspace       used 32247K, committed 33280K, reserved 1114112K
  class space    used 3182K, committed 3648K, reserved 1048576K
}

Dll operation events (10 events):
Event: 0.020 Loaded shared library c:\Users\tanma\.vscode\extensions\redhat.java-1.42.0-win32-x64\jre\21.0.7-win32-x86_64\bin\java.dll
Event: 0.081 Loaded shared library c:\Users\tanma\.vscode\extensions\redhat.java-1.42.0-win32-x64\jre\21.0.7-win32-x86_64\bin\zip.dll
Event: 0.099 Loaded shared library C:\Users\tanma\.vscode\extensions\redhat.java-1.42.0-win32-x64\jre\21.0.7-win32-x86_64\bin\instrument.dll
Event: 0.104 Loaded shared library C:\Users\tanma\.vscode\extensions\redhat.java-1.42.0-win32-x64\jre\21.0.7-win32-x86_64\bin\net.dll
Event: 0.106 Loaded shared library C:\Users\tanma\.vscode\extensions\redhat.java-1.42.0-win32-x64\jre\21.0.7-win32-x86_64\bin\nio.dll
Event: 0.109 Loaded shared library C:\Users\tanma\.vscode\extensions\redhat.java-1.42.0-win32-x64\jre\21.0.7-win32-x86_64\bin\zip.dll
Event: 0.125 Loaded shared library C:\Users\tanma\.vscode\extensions\redhat.java-1.42.0-win32-x64\jre\21.0.7-win32-x86_64\bin\jimage.dll
Event: 0.191 Loaded shared library c:\Users\tanma\.vscode\extensions\redhat.java-1.42.0-win32-x64\jre\21.0.7-win32-x86_64\bin\verify.dll
Event: 1.445 Loaded shared library C:\Users\tanma\AppData\Roaming\Code\User\globalStorage\redhat.java\1.42.0\config_ss_win\org.eclipse.equinox.launcher\org.eclipse.equinox.launcher.win32.win32.x86_64_1.2.1300.v20250331-1702\eclipse_11911.dll
Event: 3.152 Loaded shared library C:\Users\tanma\AppData\Local\Temp\jna-110127349\jna13411949205493677568.dll

Deoptimization events (20 events):
Event: 5.049 Thread 0x0000025b46aa0290 Uncommon trap: trap_request=0xffffff45 fr.pc=0x0000025b72aff628 relative=0x0000000000000108
Event: 5.049 Thread 0x0000025b46aa0290 Uncommon trap: reason=unstable_if action=reinterpret pc=0x0000025b72aff628 method=jdk.internal.org.objectweb.asm.ByteVector.putShort(I)Ljdk/internal/org/objectweb/asm/ByteVector; @ 13 c2
Event: 5.049 Thread 0x0000025b46aa0290 DEOPT PACKING pc=0x0000025b72aff628 sp=0x000000c9aaafb760
Event: 5.049 Thread 0x0000025b46aa0290 DEOPT UNPACKING pc=0x0000025b723a3aa2 sp=0x000000c9aaafb6e8 mode 2
Event: 5.062 Thread 0x0000025b46a9ce10 Uncommon trap: trap_request=0xffffff45 fr.pc=0x0000025b72b824f0 relative=0x00000000000001f0
Event: 5.062 Thread 0x0000025b46a9ce10 Uncommon trap: reason=unstable_if action=reinterpret pc=0x0000025b72b824f0 method=java.util.concurrent.locks.ReentrantLock$NonfairSync.initialTryLock()Z @ 25 c2
Event: 5.062 Thread 0x0000025b46a9ce10 DEOPT PACKING pc=0x0000025b72b824f0 sp=0x000000c9aaefc4d0
Event: 5.062 Thread 0x0000025b46a9ce10 DEOPT UNPACKING pc=0x0000025b723a3aa2 sp=0x000000c9aaefc330 mode 2
Event: 5.071 Thread 0x0000025b46a9ce10 Uncommon trap: trap_request=0xffffff45 fr.pc=0x0000025b72b5788c relative=0x00000000000000ec
Event: 5.071 Thread 0x0000025b46a9ce10 Uncommon trap: reason=unstable_if action=reinterpret pc=0x0000025b72b5788c method=java.util.concurrent.locks.ReentrantLock$NonfairSync.initialTryLock()Z @ 25 c2
Event: 5.071 Thread 0x0000025b46a9ce10 DEOPT PACKING pc=0x0000025b72b5788c sp=0x000000c9aaefcb90
Event: 5.071 Thread 0x0000025b46a9ce10 DEOPT UNPACKING pc=0x0000025b723a3aa2 sp=0x000000c9aaefca58 mode 2
Event: 5.079 Thread 0x0000025b46aa1cd0 Uncommon trap: trap_request=0xffffff45 fr.pc=0x0000025b72c44efc relative=0x00000000000004bc
Event: 5.079 Thread 0x0000025b46aa1cd0 Uncommon trap: reason=unstable_if action=reinterpret pc=0x0000025b72c44efc method=java.util.WeakHashMap.remove(Ljava/lang/Object;)Ljava/lang/Object; @ 92 c2
Event: 5.079 Thread 0x0000025b46aa1cd0 DEOPT PACKING pc=0x0000025b72c44efc sp=0x000000c9aadfca20
Event: 5.079 Thread 0x0000025b46aa1cd0 DEOPT UNPACKING pc=0x0000025b723a3aa2 sp=0x000000c9aadfc948 mode 2
Event: 5.125 Thread 0x0000025b46aa1cd0 Uncommon trap: trap_request=0xffffff45 fr.pc=0x0000025b72c60784 relative=0x0000000000001184
Event: 5.125 Thread 0x0000025b46aa1cd0 Uncommon trap: reason=unstable_if action=reinterpret pc=0x0000025b72c60784 method=org.eclipse.jdt.internal.core.util.Util.splitOn(CLjava/lang/String;II)[Ljava/lang/String; @ 21 c2
Event: 5.125 Thread 0x0000025b46aa1cd0 DEOPT PACKING pc=0x0000025b72c60784 sp=0x000000c9aadfd850
Event: 5.125 Thread 0x0000025b46aa1cd0 DEOPT UNPACKING pc=0x0000025b723a3aa2 sp=0x000000c9aadfd818 mode 2

Classes loaded (20 events):
Event: 4.910 Loading class java/lang/runtime/ObjectMethods
Event: 4.910 Loading class java/lang/runtime/ObjectMethods done
Event: 4.914 Loading class java/lang/invoke/MethodHandleImpl$Makers
Event: 4.914 Loading class java/lang/invoke/MethodHandleImpl$Makers done
Event: 4.914 Loading class java/lang/invoke/MethodHandleImpl$Makers$1
Event: 4.914 Loading class java/lang/invoke/MethodHandleImpl$Makers$1 done
Event: 4.914 Loading class java/lang/invoke/MethodHandleImpl$Makers$2
Event: 4.914 Loading class java/lang/invoke/MethodHandleImpl$Makers$2 done
Event: 4.914 Loading class java/lang/invoke/MethodHandleImpl$Makers$3
Event: 4.914 Loading class java/lang/invoke/MethodHandleImpl$Makers$3 done
Event: 4.919 Loading class java/lang/runtime/ObjectMethods$1
Event: 4.919 Loading class java/lang/runtime/ObjectMethods$1 done
Event: 5.047 Loading class java/lang/invoke/MethodHandleImpl$CountingWrapper
Event: 5.048 Loading class java/lang/invoke/MethodHandleImpl$CountingWrapper done
Event: 5.054 Loading class java/util/AbstractList$ListItr
Event: 5.055 Loading class java/util/AbstractList$ListItr done
Event: 5.063 Loading class java/nio/channels/Channels$ReadableByteChannelImpl
Event: 5.064 Loading class java/nio/channels/Channels$ReadableByteChannelImpl done
Event: 5.064 Loading class java/nio/channels/NonWritableChannelException
Event: 5.064 Loading class java/nio/channels/NonWritableChannelException done

Classes unloaded (7 events):
Event: 3.562 Thread 0x0000025b67dc37e0 Unloading class 0x0000025b0118f400 'java/lang/invoke/LambdaForm$MH+0x0000025b0118f400'
Event: 3.562 Thread 0x0000025b67dc37e0 Unloading class 0x0000025b0118f000 'java/lang/invoke/LambdaForm$MH+0x0000025b0118f000'
Event: 3.562 Thread 0x0000025b67dc37e0 Unloading class 0x0000025b0118ec00 'java/lang/invoke/LambdaForm$MH+0x0000025b0118ec00'
Event: 3.562 Thread 0x0000025b67dc37e0 Unloading class 0x0000025b0118e800 'java/lang/invoke/LambdaForm$MH+0x0000025b0118e800'
Event: 3.562 Thread 0x0000025b67dc37e0 Unloading class 0x0000025b0118e400 'java/lang/invoke/LambdaForm$BMH+0x0000025b0118e400'
Event: 3.562 Thread 0x0000025b67dc37e0 Unloading class 0x0000025b0118e000 'java/lang/invoke/LambdaForm$DMH+0x0000025b0118e000'
Event: 3.562 Thread 0x0000025b67dc37e0 Unloading class 0x0000025b0118cc00 'java/lang/invoke/LambdaForm$DMH+0x0000025b0118cc00'

Classes redefined (0 events):
No events

Internal exceptions (20 events):
Event: 4.912 Thread 0x0000025b46aa1cd0 Exception <a 'java/lang/NoSuchMethodError'{0x00000000ebc68a90}: 'java.lang.Object java.lang.invoke.Invokers$Holder.invoke_MT(java.lang.Object, java.lang.Object, java.lang.Object, java.lang.Object, java.lang.Object, java.lang.Object, java.lang.Object, java.lang.Object, java.lang.Object, java.lang.Object)'> (0x00000000ebc68a90) 
thrown [s\src\hotspot\share\interpreter\linkResolver.cpp, line 773]
Event: 4.912 Thread 0x0000025b46aa0290 Exception <a 'java/lang/NoSuchMethodError'{0x00000000ebc54070}: 'java.lang.Object java.lang.invoke.Invokers$Holder.invoke_MT(java.lang.Object, java.lang.Object, java.lang.Object, java.lang.Object, java.lang.Object, java.lang.Object, java.lang.Object, java.lang.Object, java.lang.Object, java.lang.Object)'> (0x00000000ebc54070) 
thrown [s\src\hotspot\share\interpreter\linkResolver.cpp, line 773]
Event: 4.919 Thread 0x0000025b46aa1cd0 Exception <a 'java/lang/NoSuchMethodError'{0x00000000ebcf13f0}: 'int java.lang.invoke.DirectMethodHandle$Holder.invokeVirtual(java.lang.Object, java.lang.Object, java.lang.Object)'> (0x00000000ebcf13f0) 
thrown [s\src\hotspot\share\interpreter\linkResolver.cpp, line 773]
Event: 4.920 Thread 0x0000025b46aa1cd0 Exception <a 'java/lang/NoSuchMethodError'{0x00000000ebcf5798}: 'int java.lang.invoke.DirectMethodHandle$Holder.invokeStaticInit(java.lang.Object, int, int)'> (0x00000000ebcf5798) 
thrown [s\src\hotspot\share\interpreter\linkResolver.cpp, line 773]
Event: 4.921 Thread 0x0000025b46aa1cd0 Exception <a 'java/lang/NoSuchMethodError'{0x00000000ebcfd198}: 'int java.lang.invoke.DirectMethodHandle$Holder.invokeStaticInit(java.lang.Object, long, long)'> (0x00000000ebcfd198) 
thrown [s\src\hotspot\share\interpreter\linkResolver.cpp, line 773]
Event: 4.921 Thread 0x0000025b46aa1cd0 Exception <a 'java/lang/NoSuchMethodError'{0x00000000ebd04208}: 'int java.lang.invoke.DirectMethodHandle$Holder.invokeStaticInit(java.lang.Object, float, float)'> (0x00000000ebd04208) 
thrown [s\src\hotspot\share\interpreter\linkResolver.cpp, line 773]
Event: 4.921 Thread 0x0000025b46aa1cd0 Exception <a 'java/lang/NoSuchMethodError'{0x00000000ebd0b1c0}: 'int java.lang.invoke.DirectMethodHandle$Holder.invokeStaticInit(java.lang.Object, double, double)'> (0x00000000ebd0b1c0) 
thrown [s\src\hotspot\share\interpreter\linkResolver.cpp, line 773]
Event: 4.922 Thread 0x0000025b46aa1cd0 Exception <a 'java/lang/NoSuchMethodError'{0x00000000ebd0fa10}: 'int java.lang.invoke.DirectMethodHandle$Holder.invokeStatic(java.lang.Object, long)'> (0x00000000ebd0fa10) 
thrown [s\src\hotspot\share\interpreter\linkResolver.cpp, line 773]
Event: 4.925 Thread 0x0000025b46aa1cd0 Exception <a 'java/lang/NoSuchMethodError'{0x00000000ebd36bf8}: 'int java.lang.invoke.Invokers$Holder.linkToTargetMethod(java.lang.Object, java.lang.Object)'> (0x00000000ebd36bf8) 
thrown [s\src\hotspot\share\interpreter\linkResolver.cpp, line 773]
Event: 4.925 Thread 0x0000025b46a9ce10 Exception <a 'java/lang/NoSuchMethodError'{0x00000000ebd3b160}: 'int java.lang.invoke.Invokers$Holder.linkToTargetMethod(java.lang.Object, java.lang.Object)'> (0x00000000ebd3b160) 
thrown [s\src\hotspot\share\interpreter\linkResolver.cpp, line 773]
Event: 4.925 Thread 0x0000025b46aa0290 Exception <a 'java/lang/NoSuchMethodError'{0x00000000ebce6108}: 'int java.lang.invoke.Invokers$Holder.linkToTargetMethod(java.lang.Object, java.lang.Object)'> (0x00000000ebce6108) 
thrown [s\src\hotspot\share\interpreter\linkResolver.cpp, line 773]
Event: 5.046 Thread 0x0000025b46a9ce10 Exception <a 'java/lang/NoSuchMethodError'{0x00000000ebee7610}: 'int java.lang.invoke.DirectMethodHandle$Holder.invokeSpecial(java.lang.Object, java.lang.Object, java.lang.Object, java.lang.Object)'> (0x00000000ebee7610) 
thrown [s\src\hotspot\share\interpreter\linkResolver.cpp, line 773]
Event: 5.046 Thread 0x0000025b46aa0290 Exception <a 'java/lang/NoSuchMethodError'{0x00000000ebecb6c0}: 'int java.lang.invoke.DirectMethodHandle$Holder.invokeSpecial(java.lang.Object, java.lang.Object, java.lang.Object, java.lang.Object)'> (0x00000000ebecb6c0) 
thrown [s\src\hotspot\share\interpreter\linkResolver.cpp, line 773]
Event: 5.047 Thread 0x0000025b46aa0290 Exception <a 'java/lang/NoSuchMethodError'{0x00000000ebed8a08}: 'java.lang.Object java.lang.invoke.DirectMethodHandle$Holder.invokeStatic(java.lang.Object, int, java.lang.Object, java.lang.Object)'> (0x00000000ebed8a08) 
thrown [s\src\hotspot\share\interpreter\linkResolver.cpp, line 773]
Event: 5.047 Thread 0x0000025b46a9ce10 Exception <a 'java/lang/NoSuchMethodError'{0x00000000ebef4f58}: 'java.lang.Object java.lang.invoke.DirectMethodHandle$Holder.invokeStatic(java.lang.Object, int, java.lang.Object, java.lang.Object)'> (0x00000000ebef4f58) 
thrown [s\src\hotspot\share\interpreter\linkResolver.cpp, line 773]
Event: 5.047 Thread 0x0000025b46a9ce10 Exception <a 'java/lang/NoSuchMethodError'{0x00000000ebef8550}: 'java.lang.Object java.lang.invoke.DelegatingMethodHandle$Holder.delegate(java.lang.Object, int, java.lang.Object, java.lang.Object)'> (0x00000000ebef8550) 
thrown [s\src\hotspot\share\interpreter\linkResolver.cpp, line 773]
Event: 5.047 Thread 0x0000025b46aa0290 Exception <a 'java/lang/NoSuchMethodError'{0x00000000ebedc4b8}: 'java.lang.Object java.lang.invoke.DelegatingMethodHandle$Holder.delegate(java.lang.Object, int, java.lang.Object, java.lang.Object)'> (0x00000000ebedc4b8) 
thrown [s\src\hotspot\share\interpreter\linkResolver.cpp, line 773]
Event: 5.048 Thread 0x0000025b46a9ce10 Implicit null exception at 0x0000025b72c499e4 to 0x0000025b72c49cb8
Event: 5.049 Thread 0x0000025b46a9ce10 Exception <a 'java/lang/NoSuchMethodError'{0x00000000ebf1c6d8}: 'int java.lang.invoke.Invokers$Holder.linkToTargetMethod(java.lang.Object, java.lang.Object, java.lang.Object)'> (0x00000000ebf1c6d8) 
thrown [s\src\hotspot\share\interpreter\linkResolver.cpp, line 773]
Event: 5.049 Thread 0x0000025b46aa0290 Exception <a 'java/lang/NoSuchMethodError'{0x00000000ebf2baf0}: 'int java.lang.invoke.Invokers$Holder.linkToTargetMethod(java.lang.Object, java.lang.Object, java.lang.Object)'> (0x00000000ebf2baf0) 
thrown [s\src\hotspot\share\interpreter\linkResolver.cpp, line 773]

ZGC Phase Switch (0 events):
No events

VM Operations (20 events):
Event: 4.226 Executing VM operation: ParallelGCFailedAllocation (Allocation Failure)
Event: 4.232 Executing VM operation: ParallelGCFailedAllocation (Allocation Failure) done
Event: 4.514 Executing VM operation: HandshakeAllThreads (Deoptimize)
Event: 4.514 Executing VM operation: HandshakeAllThreads (Deoptimize) done
Event: 4.526 Executing VM operation: ParallelGCFailedAllocation (Allocation Failure)
Event: 4.531 Executing VM operation: ParallelGCFailedAllocation (Allocation Failure) done
Event: 4.777 Executing VM operation: HandshakeAllThreads (Deoptimize)
Event: 4.778 Executing VM operation: HandshakeAllThreads (Deoptimize) done
Event: 4.784 Executing VM operation: HandshakeAllThreads (Deoptimize)
Event: 4.785 Executing VM operation: HandshakeAllThreads (Deoptimize) done
Event: 4.822 Executing VM operation: HandshakeAllThreads (Deoptimize)
Event: 4.823 Executing VM operation: HandshakeAllThreads (Deoptimize) done
Event: 4.827 Executing VM operation: HandshakeAllThreads (Deoptimize)
Event: 4.827 Executing VM operation: HandshakeAllThreads (Deoptimize) done
Event: 4.944 Executing VM operation: ParallelGCFailedAllocation (Allocation Failure)
Event: 4.951 Executing VM operation: ParallelGCFailedAllocation (Allocation Failure) done
Event: 5.065 Executing VM operation: ParallelGCFailedAllocation (Allocation Failure)
Event: 5.070 Executing VM operation: ParallelGCFailedAllocation (Allocation Failure) done
Event: 5.142 Executing VM operation: ParallelGCFailedAllocation (Allocation Failure)
Event: 5.148 Executing VM operation: ParallelGCFailedAllocation (Allocation Failure) done

Memory protections (0 events):
No events

Nmethod flushes (0 events):
No events

Events (20 events):
Event: 4.160 Thread 0x0000025b65892650 Thread added: 0x0000025b45813db0
Event: 4.160 Thread 0x0000025b65892650 Thread added: 0x0000025b45811ce0
Event: 4.160 Thread 0x0000025b65892650 Thread added: 0x0000025b458157f0
Event: 4.160 Thread 0x0000025b65892650 Thread added: 0x0000025b45817230
Event: 4.160 Thread 0x0000025b65892650 Thread added: 0x0000025b45810930
Event: 4.160 Thread 0x0000025b65892650 Thread added: 0x0000025b45816510
Event: 4.160 Thread 0x0000025b65892650 Thread added: 0x0000025b45811650
Event: 4.160 Thread 0x0000025b65892650 Thread added: 0x0000025b45812370
Event: 4.161 Thread 0x0000025b65892650 Thread added: 0x0000025b45812a00
Event: 4.161 Thread 0x0000025b65892650 Thread added: 0x0000025b45814440
Event: 4.161 Thread 0x0000025b65892650 Thread added: 0x0000025b45810fc0
Event: 4.161 Thread 0x0000025b65892650 Thread added: 0x0000025b45813090
Event: 4.161 Thread 0x0000025b65892650 Thread added: 0x0000025b45813720
Event: 4.205 Thread 0x0000025b65892650 Thread added: 0x0000025b46aa3da0
Event: 4.394 Thread 0x0000025b65892650 Thread added: 0x0000025b46a9f570
Event: 4.394 Thread 0x0000025b65892650 Thread added: 0x0000025b46aa0290
Event: 4.419 Thread 0x0000025b45816ba0 Thread added: 0x0000025b46a9eee0
Event: 4.421 Thread 0x0000025b46a9eee0 Thread added: 0x0000025b46a9fc00
Event: 4.684 Thread 0x0000025b46aa0290 Thread added: 0x0000025b46aa1cd0
Event: 4.687 Thread 0x0000025b46aa0290 Thread added: 0x0000025b46a9ce10


Dynamic libraries:
0x00007ff7b7b60000 - 0x00007ff7b7b6e000 	c:\Users\tanma\.vscode\extensions\redhat.java-1.42.0-win32-x64\jre\21.0.7-win32-x86_64\bin\java.exe
0x00007ffaf5350000 - 0x00007ffaf5567000 	C:\WINDOWS\SYSTEM32\ntdll.dll
0x00007ffaf3ad0000 - 0x00007ffaf3b94000 	C:\WINDOWS\System32\KERNEL32.DLL
0x00007ffaf2450000 - 0x00007ffaf2823000 	C:\WINDOWS\System32\KERNELBASE.dll
0x00007ffaec390000 - 0x00007ffaec427000 	C:\WINDOWS\SYSTEM32\apphelp.dll
0x000000006e300000 - 0x000000006e632000 	C:\Program Files\Norton Security\NortonData\22.22.4.13\Definitions\IPSDefs\20231213.064\IPSEng64.dll
0x00007ffaf2ff0000 - 0x00007ffaf30a1000 	C:\WINDOWS\System32\ADVAPI32.dll
0x00007ffaf3f20000 - 0x00007ffaf3fc7000 	C:\WINDOWS\System32\msvcrt.dll
0x00007ffaf4040000 - 0x00007ffaf40e7000 	C:\WINDOWS\System32\sechost.dll
0x00007ffaf2e70000 - 0x00007ffaf2e98000 	C:\WINDOWS\System32\bcrypt.dll
0x00007ffaf30c0000 - 0x00007ffaf31d4000 	C:\WINDOWS\System32\RPCRT4.dll
0x00007ffaf30b0000 - 0x00007ffaf30b8000 	C:\WINDOWS\System32\PSAPI.DLL
0x00007ffaf2830000 - 0x00007ffaf2941000 	C:\WINDOWS\System32\ucrtbase.dll
0x00007ffa753c0000 - 0x00007ffa753d8000 	c:\Users\tanma\.vscode\extensions\redhat.java-1.42.0-win32-x64\jre\21.0.7-win32-x86_64\bin\jli.dll
0x00007ffaf3ba0000 - 0x00007ffaf3d51000 	C:\WINDOWS\System32\USER32.dll
0x00007ffa74ce0000 - 0x00007ffa74cfe000 	c:\Users\tanma\.vscode\extensions\redhat.java-1.42.0-win32-x64\jre\21.0.7-win32-x86_64\bin\VCRUNTIME140.dll
0x00007ffae10f0000 - 0x00007ffae138b000 	C:\WINDOWS\WinSxS\amd64_microsoft.windows.common-controls_6595b64144ccf1df_6.0.22621.5262_none_2712bde373830908\COMCTL32.dll
0x00007ffaf2f40000 - 0x00007ffaf2f66000 	C:\WINDOWS\System32\win32u.dll
0x00007ffaf3e70000 - 0x00007ffaf3e99000 	C:\WINDOWS\System32\GDI32.dll
0x00007ffaf2ac0000 - 0x00007ffaf2be2000 	C:\WINDOWS\System32\gdi32full.dll
0x00007ffaf2ea0000 - 0x00007ffaf2f3a000 	C:\WINDOWS\System32\msvcp_win.dll
0x00007ffaf41a0000 - 0x00007ffaf41d1000 	C:\WINDOWS\System32\IMM32.DLL
0x00007ffabd2b0000 - 0x00007ffabd2bc000 	c:\Users\tanma\.vscode\extensions\redhat.java-1.42.0-win32-x64\jre\21.0.7-win32-x86_64\bin\vcruntime140_1.dll
0x00007ffa59bc0000 - 0x00007ffa59c4d000 	c:\Users\tanma\.vscode\extensions\redhat.java-1.42.0-win32-x64\jre\21.0.7-win32-x86_64\bin\msvcp140.dll
0x00007ffa26520000 - 0x00007ffa272b0000 	c:\Users\tanma\.vscode\extensions\redhat.java-1.42.0-win32-x64\jre\21.0.7-win32-x86_64\bin\server\jvm.dll
0x00007ffaf49f0000 - 0x00007ffaf4a61000 	C:\WINDOWS\System32\WS2_32.dll
0x00007ffaf2320000 - 0x00007ffaf236d000 	C:\WINDOWS\SYSTEM32\POWRPROF.dll
0x00007ffaecc00000 - 0x00007ffaecc34000 	C:\WINDOWS\SYSTEM32\WINMM.dll
0x00007ffaea340000 - 0x00007ffaea34a000 	C:\WINDOWS\SYSTEM32\VERSION.dll
0x00007ffaf2300000 - 0x00007ffaf2313000 	C:\WINDOWS\SYSTEM32\UMPDC.dll
0x00007ffaf1450000 - 0x00007ffaf1468000 	C:\WINDOWS\SYSTEM32\kernel.appcore.dll
0x00007ffab9ed0000 - 0x00007ffab9eda000 	c:\Users\tanma\.vscode\extensions\redhat.java-1.42.0-win32-x64\jre\21.0.7-win32-x86_64\bin\jimage.dll
0x00007ffaf00e0000 - 0x00007ffaf0312000 	C:\WINDOWS\SYSTEM32\DBGHELP.DLL
0x00007ffaf44f0000 - 0x00007ffaf4883000 	C:\WINDOWS\System32\combase.dll
0x00007ffaf4310000 - 0x00007ffaf43e7000 	C:\WINDOWS\System32\OLEAUT32.dll
0x00007ffae2c50000 - 0x00007ffae2c82000 	C:\WINDOWS\SYSTEM32\dbgcore.DLL
0x00007ffaf2df0000 - 0x00007ffaf2e6b000 	C:\WINDOWS\System32\bcryptPrimitives.dll
0x00007ffaec0f0000 - 0x00007ffaec0ff000 	c:\Users\tanma\.vscode\extensions\redhat.java-1.42.0-win32-x64\jre\21.0.7-win32-x86_64\bin\instrument.dll
0x00007ffa74cc0000 - 0x00007ffa74cdf000 	c:\Users\tanma\.vscode\extensions\redhat.java-1.42.0-win32-x64\jre\21.0.7-win32-x86_64\bin\java.dll
0x00007ffaf4a70000 - 0x00007ffaf530d000 	C:\WINDOWS\System32\SHELL32.dll
0x00007ffaf2bf0000 - 0x00007ffaf2d2f000 	C:\WINDOWS\System32\wintypes.dll
0x00007ffaf0340000 - 0x00007ffaf0c5d000 	C:\WINDOWS\SYSTEM32\windows.storage.dll
0x00007ffaf3d60000 - 0x00007ffaf3e6b000 	C:\WINDOWS\System32\SHCORE.dll
0x00007ffaf3ea0000 - 0x00007ffaf3f06000 	C:\WINDOWS\System32\shlwapi.dll
0x00007ffaf2380000 - 0x00007ffaf23ab000 	C:\WINDOWS\SYSTEM32\profapi.dll
0x00007ffa74ca0000 - 0x00007ffa74cb8000 	c:\Users\tanma\.vscode\extensions\redhat.java-1.42.0-win32-x64\jre\21.0.7-win32-x86_64\bin\zip.dll
0x00007ffab45b0000 - 0x00007ffab45c0000 	C:\Users\tanma\.vscode\extensions\redhat.java-1.42.0-win32-x64\jre\21.0.7-win32-x86_64\bin\net.dll
0x00007ffaed440000 - 0x00007ffaed56c000 	C:\WINDOWS\SYSTEM32\WINHTTP.dll
0x00007ffaf18c0000 - 0x00007ffaf192a000 	C:\WINDOWS\system32\mswsock.dll
0x00007ffa73e40000 - 0x00007ffa73e56000 	C:\Users\tanma\.vscode\extensions\redhat.java-1.42.0-win32-x64\jre\21.0.7-win32-x86_64\bin\nio.dll
0x00007ffab42f0000 - 0x00007ffab4300000 	c:\Users\tanma\.vscode\extensions\redhat.java-1.42.0-win32-x64\jre\21.0.7-win32-x86_64\bin\verify.dll
0x00007ffaa2190000 - 0x00007ffaa21d5000 	C:\Users\tanma\AppData\Roaming\Code\User\globalStorage\redhat.java\1.42.0\config_ss_win\org.eclipse.equinox.launcher\org.eclipse.equinox.launcher.win32.win32.x86_64_1.2.1300.v20250331-1702\eclipse_11911.dll
0x00007ffaf3920000 - 0x00007ffaf3ac1000 	C:\WINDOWS\System32\ole32.dll
0x00007ffaf1b60000 - 0x00007ffaf1b7b000 	C:\WINDOWS\SYSTEM32\CRYPTSP.dll
0x00007ffaf13b0000 - 0x00007ffaf13e7000 	C:\WINDOWS\system32\rsaenh.dll
0x00007ffaf1960000 - 0x00007ffaf1988000 	C:\WINDOWS\SYSTEM32\USERENV.dll
0x00007ffaf1ac0000 - 0x00007ffaf1acc000 	C:\WINDOWS\SYSTEM32\CRYPTBASE.dll
0x00007ffaf0f00000 - 0x00007ffaf0f2d000 	C:\WINDOWS\SYSTEM32\IPHLPAPI.DLL
0x00007ffaf40f0000 - 0x00007ffaf40f9000 	C:\WINDOWS\System32\NSI.dll
0x00007ffa9ec90000 - 0x00007ffa9ecd9000 	C:\Users\tanma\AppData\Local\Temp\jna-110127349\jna13411949205493677568.dll
0x00007ffaed140000 - 0x00007ffaed159000 	C:\WINDOWS\SYSTEM32\dhcpcsvc6.DLL
0x00007ffaecee0000 - 0x00007ffaeceff000 	C:\WINDOWS\SYSTEM32\dhcpcsvc.DLL

dbghelp: loaded successfully - version: 4.0.5 - missing functions: none
symbol engine: initialized successfully - sym options: 0x614 - pdb path: .;c:\Users\tanma\.vscode\extensions\redhat.java-1.42.0-win32-x64\jre\21.0.7-win32-x86_64\bin;C:\WINDOWS\SYSTEM32;C:\Program Files\Norton Security\NortonData\22.22.4.13\Definitions\IPSDefs\20231213.064;C:\WINDOWS\WinSxS\amd64_microsoft.windows.common-controls_6595b64144ccf1df_6.0.22621.5262_none_2712bde373830908;c:\Users\tanma\.vscode\extensions\redhat.java-1.42.0-win32-x64\jre\21.0.7-win32-x86_64\bin\server;C:\Users\tanma\AppData\Roaming\Code\User\globalStorage\redhat.java\1.42.0\config_ss_win\org.eclipse.equinox.launcher\org.eclipse.equinox.launcher.win32.win32.x86_64_1.2.1300.v20250331-1702;C:\Users\tanma\AppData\Local\Temp\jna-110127349

VM Arguments:
jvm_args: --add-modules=ALL-SYSTEM --add-opens=java.base/java.util=ALL-UNNAMED --add-opens=java.base/java.lang=ALL-UNNAMED --add-opens=java.base/sun.nio.fs=ALL-UNNAMED -Declipse.application=org.eclipse.jdt.ls.core.id1 -Dosgi.bundles.defaultStartLevel=4 -Declipse.product=org.eclipse.jdt.ls.core.product -Djava.import.generatesMetadataFilesAtProjectRoot=false -DDetectVMInstallationsJob.disabled=true -Dfile.encoding=utf8 -XX:+UseParallelGC -XX:GCTimeRatio=4 -XX:AdaptiveSizePolicyWeight=90 -Dsun.zip.disableMemoryMapping=true -Xmx1G -Xms100m -Xlog:disable -javaagent:c:\Users\tanma\.vscode\extensions\redhat.java-1.42.0-win32-x64\lombok\lombok-1.18.36.jar 
java_command: c:\Users\tanma\.vscode\extensions\redhat.java-1.42.0-win32-x64\server\plugins\org.eclipse.equinox.launcher_1.7.0.v20250424-1814.jar -configuration c:\Users\tanma\AppData\Roaming\Code\User\globalStorage\redhat.java\1.42.0\config_ss_win -data c:\Users\tanma\AppData\Roaming\Code\User\workspaceStorage\89240fbca4adb2b40d9c8e8d66c81886\redhat.java\ss_ws --pipe=\\.\pipe\lsp-184010bcafbccb5b600347ceb2479fa7-sock
java_class_path (initial): c:\Users\tanma\.vscode\extensions\redhat.java-1.42.0-win32-x64\server\plugins\org.eclipse.equinox.launcher_1.7.0.v20250424-1814.jar
Launcher Type: SUN_STANDARD

[Global flags]
    uintx AdaptiveSizePolicyWeight                 = 90                                        {product} {command line}
     intx CICompilerCount                          = 12                                        {product} {ergonomic}
    uintx GCTimeRatio                              = 4                                         {product} {command line}
   size_t InitialHeapSize                          = 104857600                                 {product} {command line}
   size_t MaxHeapSize                              = 1073741824                                {product} {command line}
   size_t MaxNewSize                               = 357564416                                 {product} {ergonomic}
   size_t MinHeapDeltaBytes                        = 524288                                    {product} {ergonomic}
   size_t MinHeapSize                              = 104857600                                 {product} {command line}
   size_t NewSize                                  = 34603008                                  {product} {ergonomic}
    uintx NonNMethodCodeHeapSize                   = 7602480                                {pd product} {ergonomic}
    uintx NonProfiledCodeHeapSize                  = 122027880                              {pd product} {ergonomic}
   size_t OldSize                                  = 70254592                                  {product} {ergonomic}
    uintx ProfiledCodeHeapSize                     = 122027880                              {pd product} {ergonomic}
    uintx ReservedCodeCacheSize                    = 251658240                              {pd product} {ergonomic}
     bool SegmentedCodeCache                       = true                                      {product} {ergonomic}
   size_t SoftMaxHeapSize                          = 1073741824                             {manageable} {ergonomic}
     bool UseCompressedOops                        = true                           {product lp64_product} {ergonomic}
     bool UseLargePagesIndividualAllocation        = false                                  {pd product} {ergonomic}
     bool UseParallelGC                            = true                                      {product} {command line}

Logging:
Log output configuration:
 #0: stdout all=off uptime,level,tags foldmultilines=false
 #1: stderr all=off uptime,level,tags foldmultilines=false

Environment Variables:
JAVA_HOME=C:\Program Files\Microsoft\jdk-17.0.12.7-hotspot
PATH=C:\app\tanma\product\21c\dbhomeXE\bin;C:\Windows\system32;C:\Windows;C:\Windows\System32\Wbem;C:\Windows\System32\WindowsPowerShell\v1.0\;C:\Windows\System32\OpenSSH\;C:\Program Files (x86)\NVIDIA Corporation\PhysX\Common;C:\Program Files\NVIDIA Corporation\NVIDIA NvDLISR;C:\Windows\System32\cmd.exe;C:\MinGW\bin;C:\WINDOWS\system32;C:\WINDOWS;C:\WINDOWS\System32\Wbem;C:\WINDOWS\System32\WindowsPowerShell\v1.0\;C:\WINDOWS\System32\OpenSSH\;C:\Program Files\Git\cmd;C:\Program Files\Git\mingw64\bin;C:\Program Files\Git\usr\bin;C:\Program Files\MongoDB\Tools\100\bin;C:\Program Files\Docker\Docker\resources\bin;C:\Users\tanma\AppData\Local\Android\Sdk;C:\ProgramData\chocolatey\bin;C:\Program Files\nodejs\;C:\Users\tanma\AppData\Local\Android\Sdk\platform-tools;C:\Program Files\Microsoft\jdk-17.0.12.7-hotspot\bin;C:\Program Files\apache-maven-3.9.9-bin\apache-maven-3.9.9\bin;C:\Program Files\MySQL\MySQL Shell 8.0\bin\;C:\Users\tanma\.console-ninja\.bin;C:\Users\tanma\AppData\Local\Programs\Python\Python311\Scripts\;C:\Users\tanma\AppData\Local\Programs\Python\Python311\;C:\Users\tanma\AppData\Local\Programs\Python\Python312\Scripts\;C:\Users\tanma\AppData\Local\Programs\Python\Python312\;C:\Users\tanma\AppData\Local\Programs\Python\Launcher\;C:\Users\tanma\AppData\Local\Microsoft\WindowsApps;C:\Users\tanma\AppData\Local\GitHubDesktop\bin;C:\Program Files\JetBrains\IntelliJ IDEA Community Edition 2022.3\bin;C:\Users\tanma\AppData\Local\Programs\Microsoft VS Code\bin;C:\Users\tanma\AppData\Local\Programs\mongosh\;C:\Users\tanma\AppData\Local\Programs\oh-my-posh\bin;C:\Users\tanma\AppData\Local\Android\Sdk;C:\Users\tanma\AppData\Roaming\npm;C:\Program Files\Microsoft\jdk-17.0.12.7-hotspot\bin;C:\Program Files\apache-maven-3.9.9-bin\apache-maven-3.9.9\bin;
USERNAME=tanma
OS=Windows_NT
PROCESSOR_IDENTIFIER=AMD64 Family 25 Model 80 Stepping 0, AuthenticAMD
TMP=C:\Users\tanma\AppData\Local\Temp
TEMP=C:\Users\tanma\AppData\Local\Temp




Periodic native trim disabled

---------------  S Y S T E M  ---------------

OS:
 Windows 11 , 64 bit Build 22621 (10.0.22621.5262)
OS uptime: 0 days 0:57 hours
Hyper-V role detected

CPU: total 16 (initial active 16) (16 cores per cpu, 2 threads per core) family 25 model 80 stepping 0 microcode 0x0, cx8, cmov, fxsr, ht, mmx, 3dnowpref, sse, sse2, sse3, ssse3, sse4a, sse4.1, sse4.2, popcnt, lzcnt, tsc, tscinvbit, avx, avx2, aes, erms, clmul, bmi1, bmi2, adx, sha, fma, vzeroupper, clflush, clflushopt, hv, rdtscp, rdpid, fsrm, f16c, cet_ss
Processor Information for the first 16 processors :
  Max Mhz: 3201, Current Mhz: 3201, Mhz Limit: 3201

Memory: 4k page, system-wide physical 5996M (317M free)
TotalPageFile size 24428M (AvailPageFile size 2M)
current process WorkingSet (physical memory assigned to process): 187M, peak: 187M
current process commit charge ("private bytes"): 292M, peak: 295M

vm_info: OpenJDK 64-Bit Server VM (21.0.7+6-LTS) for windows-amd64 JRE (21.0.7+6-LTS), built on 2025-04-15T00:00:00Z by "admin" with MS VC++ 17.7 (VS2022)

END.
