#
# There is insufficient memory for the Java Runtime Environment to continue.
# Native memory allocation (malloc) failed to allocate 348976 bytes. Error detail: Chunk::new
# Possible reasons:
#   The system is out of physical RAM or swap space
#   This process is running with CompressedOops enabled, and the Java Heap may be blocking the growth of the native heap
# Possible solutions:
#   Reduce memory load on the system
#   Increase physical memory or swap space
#   Check if swap backing store is full
#   Decrease Java heap size (-Xmx/-Xms)
#   Decrease number of Java threads
#   Decrease Java thread stack sizes (-Xss)
#   Set larger code cache with -XX:ReservedCodeCacheSize=
#   JVM is running with Unscaled Compressed Oops mode in which the Java heap is
#     placed in the first 4GB address space. The Java Heap base address is the
#     maximum limit for the native heap growth. Please use -XX:HeapBaseMinAddress
#     to set the Java Heap base and to place the Java Heap above 4GB virtual address.
# This output file may be truncated or incomplete.
#
#  Out of Memory Error (arena.cpp:168), pid=8140, tid=15372
#
# JRE version: OpenJDK Runtime Environment Temurin-21.0.7+6 (21.0.7+6) (build 21.0.7+6-LTS)
# Java VM: OpenJDK 64-Bit Server VM Temurin-21.0.7+6 (21.0.7+6-LTS, mixed mode, sharing, tiered, compressed oops, compressed class ptrs, parallel gc, windows-amd64)
# No core dump will be written. Minidumps are not enabled by default on client versions of Windows
#

---------------  S U M M A R Y ------------

Command Line: --add-modules=ALL-SYSTEM --add-opens=java.base/java.util=ALL-UNNAMED --add-opens=java.base/java.lang=ALL-UNNAMED --add-opens=java.base/sun.nio.fs=ALL-UNNAMED -Declipse.application=org.eclipse.jdt.ls.core.id1 -Dosgi.bundles.defaultStartLevel=4 -Declipse.product=org.eclipse.jdt.ls.core.product -Djava.import.generatesMetadataFilesAtProjectRoot=false -DDetectVMInstallationsJob.disabled=true -Dfile.encoding=utf8 -XX:+UseParallelGC -XX:GCTimeRatio=4 -XX:AdaptiveSizePolicyWeight=90 -Dsun.zip.disableMemoryMapping=true -Xmx1G -Xms100m -Xlog:disable -javaagent:c:\Users\tanma\.vscode\extensions\redhat.java-1.42.0-win32-x64\lombok\lombok-1.18.36.jar -XX:+HeapDumpOnOutOfMemoryError -XX:HeapDumpPath=c:\Users\tanma\AppData\Roaming\Code\User\workspaceStorage\89240fbca4adb2b40d9c8e8d66c81886\redhat.java -Daether.dependencyCollector.impl=bf c:\Users\tanma\.vscode\extensions\redhat.java-1.42.0-win32-x64\server\plugins\org.eclipse.equinox.launcher_1.7.0.v20250424-1814.jar -configuration c:\Users\tanma\AppData\Roaming\Code\User\globalStorage\redhat.java\1.42.0\config_win -data c:\Users\tanma\AppData\Roaming\Code\User\workspaceStorage\89240fbca4adb2b40d9c8e8d66c81886\redhat.java\jdt_ws --pipe=\\.\pipe\lsp-ea4c80a6abeb03c577c67e4c2f73d40c-sock

Host: AMD Ryzen 7 5800H with Radeon Graphics         , 16 cores, 5G,  Windows 11 , 64 bit Build 22621 (10.0.22621.5262)
Time: Sat May 24 19:10:31 2025 India Standard Time elapsed time: 18.695817 seconds (0d 0h 0m 18s)

---------------  T H R E A D  ---------------

Current thread (0x000002964327af80):  JavaThread "C2 CompilerThread0" daemon [_thread_in_native, id=15372, stack(0x0000009ea4e00000,0x0000009ea4f00000) (1024K)]


Current CompileTask:
C2:18695 2438   !   4       java.util.jar.Attributes::read (494 bytes)

Stack: [0x0000009ea4e00000,0x0000009ea4f00000]
Native frames: (J=compiled Java code, j=interpreted, Vv=VM code, C=native code)
V  [jvm.dll+0x6ce119]
V  [jvm.dll+0x8a84a1]
V  [jvm.dll+0x8aa9ce]
V  [jvm.dll+0x8ab0b3]
V  [jvm.dll+0x27f8a6]
V  [jvm.dll+0xc507d]
V  [jvm.dll+0xc55b3]
V  [jvm.dll+0x3b68f2]
V  [jvm.dll+0x1dfcaa]
V  [jvm.dll+0x247c42]
V  [jvm.dll+0x2470cf]
V  [jvm.dll+0x1c760e]
V  [jvm.dll+0x25695a]
V  [jvm.dll+0x254efa]
V  [jvm.dll+0x3f03f6]
V  [jvm.dll+0x851f6b]
V  [jvm.dll+0x6cc7dd]
C  [ucrtbase.dll+0x29333]
C  [KERNEL32.DLL+0x1259d]
C  [ntdll.dll+0x5af58]


---------------  P R O C E S S  ---------------

Threads class SMR info:
_java_thread_list=0x000002969b7a51f0, length=16, elements={
0x0000029640ea6350, 0x00000296575ae780, 0x0000029643266db0, 0x000002964326aca0,
0x000002964326bbb0, 0x000002964326e180, 0x0000029643275a50, 0x000002964327af80,
0x000002964327cc80, 0x0000029699a537e0, 0x0000029699a52430, 0x0000029699a52ac0,
0x0000029699a53150, 0x0000029699a54b90, 0x0000029699a53e70, 0x0000029699a54500
}

Java Threads: ( => current thread )
  0x0000029640ea6350 JavaThread "main"                              [_thread_blocked, id=6508, stack(0x0000009ea4400000,0x0000009ea4500000) (1024K)]
  0x00000296575ae780 JavaThread "Reference Handler"          daemon [_thread_blocked, id=27240, stack(0x0000009ea4800000,0x0000009ea4900000) (1024K)]
  0x0000029643266db0 JavaThread "Finalizer"                  daemon [_thread_blocked, id=11348, stack(0x0000009ea4900000,0x0000009ea4a00000) (1024K)]
  0x000002964326aca0 JavaThread "Signal Dispatcher"          daemon [_thread_blocked, id=22816, stack(0x0000009ea4a00000,0x0000009ea4b00000) (1024K)]
  0x000002964326bbb0 JavaThread "Attach Listener"            daemon [_thread_blocked, id=20016, stack(0x0000009ea4b00000,0x0000009ea4c00000) (1024K)]
  0x000002964326e180 JavaThread "Service Thread"             daemon [_thread_blocked, id=1416, stack(0x0000009ea4c00000,0x0000009ea4d00000) (1024K)]
  0x0000029643275a50 JavaThread "Monitor Deflation Thread"   daemon [_thread_blocked, id=21992, stack(0x0000009ea4d00000,0x0000009ea4e00000) (1024K)]
=>0x000002964327af80 JavaThread "C2 CompilerThread0"         daemon [_thread_in_native, id=15372, stack(0x0000009ea4e00000,0x0000009ea4f00000) (1024K)]
  0x000002964327cc80 JavaThread "C1 CompilerThread0"         daemon [_thread_blocked, id=10180, stack(0x0000009ea4f00000,0x0000009ea5000000) (1024K)]
  0x0000029699a537e0 JavaThread "Common-Cleaner"             daemon [_thread_blocked, id=25680, stack(0x0000009ea5000000,0x0000009ea5100000) (1024K)]
  0x0000029699a52430 JavaThread "Notification Thread"        daemon [_thread_blocked, id=27028, stack(0x0000009ea5200000,0x0000009ea5300000) (1024K)]
  0x0000029699a52ac0 JavaThread "Active Thread: Equinox Container: 4c154fcc-f0b9-487c-80be-c52217e382ff"        [_thread_blocked, id=27176, stack(0x0000009ea5900000,0x0000009ea5a00000) (1024K)]
  0x0000029699a53150 JavaThread "Refresh Thread: Equinox Container: 4c154fcc-f0b9-487c-80be-c52217e382ff" daemon [_thread_blocked, id=27184, stack(0x0000009ea5a00000,0x0000009ea5b00000) (1024K)]
  0x0000029699a54b90 JavaThread "Framework Event Dispatcher: Equinox Container: 4c154fcc-f0b9-487c-80be-c52217e382ff" daemon [_thread_blocked, id=9132, stack(0x0000009ea5b00000,0x0000009ea5c00000) (1024K)]
  0x0000029699a53e70 JavaThread "Start Level: Equinox Container: 4c154fcc-f0b9-487c-80be-c52217e382ff" daemon [_thread_in_native, id=21076, stack(0x0000009ea5c00000,0x0000009ea5d00000) (1024K)]
  0x0000029699a54500 JavaThread "Bundle File Closer"         daemon [_thread_blocked, id=8884, stack(0x0000009ea6000000,0x0000009ea6100000) (1024K)]
Total: 16

Other Threads:
  0x00000296999358f0 VMThread "VM Thread"                           [id=11096, stack(0x0000009ea4700000,0x0000009ea4800000) (1024K)]
  0x000002965748cb20 WatcherThread "VM Periodic Task Thread"        [id=5116, stack(0x0000009ea4600000,0x0000009ea4700000) (1024K)]
  0x0000029643204580 WorkerThread "GC Thread#0"                     [id=21448, stack(0x0000009ea4500000,0x0000009ea4600000) (1024K)]
  0x000002969b5119f0 WorkerThread "GC Thread#1"                     [id=14576, stack(0x0000009ea5300000,0x0000009ea5400000) (1024K)]
  0x000002969b780e20 WorkerThread "GC Thread#2"                     [id=21052, stack(0x0000009ea5400000,0x0000009ea5500000) (1024K)]
  0x000002969b7811c0 WorkerThread "GC Thread#3"                     [id=26244, stack(0x0000009ea5500000,0x0000009ea5600000) (1024K)]
  0x000002969b78e4e0 WorkerThread "GC Thread#4"                     [id=14332, stack(0x0000009ea5600000,0x0000009ea5700000) (1024K)]
  0x000002969b78e880 WorkerThread "GC Thread#5"                     [id=13604, stack(0x0000009ea5700000,0x0000009ea5800000) (1024K)]
  0x000002969b7855d0 WorkerThread "GC Thread#6"                     [id=6384, stack(0x0000009ea5800000,0x0000009ea5900000) (1024K)]
  0x000002969bb25b50 WorkerThread "GC Thread#7"                     [id=16244, stack(0x0000009ea5100000,0x0000009ea5200000) (1024K)]
  0x00000296a0132130 WorkerThread "GC Thread#8"                     [id=5180, stack(0x0000009ea5d00000,0x0000009ea5e00000) (1024K)]
  0x00000296a0541100 WorkerThread "GC Thread#9"                     [id=4412, stack(0x0000009ea5e00000,0x0000009ea5f00000) (1024K)]
  0x00000296a05414a0 WorkerThread "GC Thread#10"                    [id=19572, stack(0x0000009ea5f00000,0x0000009ea6000000) (1024K)]
Total: 13

Threads with active compile tasks:
C2 CompilerThread0  18774 2438   !   4       java.util.jar.Attributes::read (494 bytes)
Total: 1

VM state: not at safepoint (normal execution)

VM Mutex/Monitor currently owned by a thread: None

Heap address: 0x00000000c0000000, size: 1024 MB, Compressed Oops mode: 32-bit

CDS archive(s) mapped at: [0x0000029658000000-0x0000029658ba0000-0x0000029658ba0000), size 12189696, SharedBaseAddress: 0x0000029658000000, ArchiveRelocationMode: 1.
Compressed class space mapped at: 0x0000029659000000-0x0000029699000000, reserved size: 1073741824
Narrow klass base: 0x0000029658000000, Narrow klass shift: 0, Narrow klass range: 0x100000000

GC Precious Log:
 CardTable entry size: 512
 CPUs: 16 total, 16 available
 Memory: 5996M
 Large Page Support: Disabled
 NUMA Support: Disabled
 Compressed Oops: Enabled (32-bit)
 Alignments: Space 512K, Generation 512K, Heap 2M
 Heap Min Capacity: 100M
 Heap Initial Capacity: 100M
 Heap Max Capacity: 1G
 Pre-touch: Disabled
 Parallel Workers: 13

Heap:
 PSYoungGen      total 29696K, used 15074K [0x00000000eab00000, 0x00000000ecc00000, 0x0000000100000000)
  eden space 25600K, 42% used [0x00000000eab00000,0x00000000eb5b9a28,0x00000000ec400000)
  from space 4096K, 99% used [0x00000000ec400000,0x00000000ec7ff0b8,0x00000000ec800000)
  to   space 4096K, 0% used [0x00000000ec800000,0x00000000ec800000,0x00000000ecc00000)
 ParOldGen       total 68608K, used 4681K [0x00000000c0000000, 0x00000000c4300000, 0x00000000eab00000)
  object space 68608K, 6% used [0x00000000c0000000,0x00000000c04924d8,0x00000000c4300000)
 Metaspace       used 9579K, committed 9920K, reserved 1114112K
  class space    used 968K, committed 1152K, reserved 1048576K

Card table byte_map: [0x0000029642b90000,0x0000029642da0000] _byte_map_base: 0x0000029642590000

Marking Bits: (ParMarkBitMap*) 0x00007ffb1bf131f0
 Begin Bits: [0x00000296553b0000, 0x00000296563b0000)
 End Bits:   [0x00000296563b0000, 0x00000296573b0000)

Polling page: 0x0000029642980000

Metaspace:

Usage:
  Non-class:      8.41 MB used.
      Class:    968.03 KB used.
       Both:      9.35 MB used.

Virtual space:
  Non-class space:       64.00 MB reserved,       8.56 MB ( 13%) committed,  1 nodes.
      Class space:        1.00 GB reserved,       1.12 MB ( <1%) committed,  1 nodes.
             Both:        1.06 GB reserved,       9.69 MB ( <1%) committed. 

Chunk freelists:
   Non-Class:  7.44 MB
       Class:  14.79 MB
        Both:  22.22 MB

MaxMetaspaceSize: unlimited
CompressedClassSpaceSize: 1.00 GB
Initial GC threshold: 21.00 MB
Current GC threshold: 21.00 MB
CDS: on
 - commit_granule_bytes: 65536.
 - commit_granule_words: 8192.
 - virtual_space_node_default_size: 8388608.
 - enlarge_chunks_in_place: 1.
 - use_allocation_guard: 0.


Internal statistics:

num_allocs_failed_limit: 0.
num_arena_births: 282.
num_arena_deaths: 0.
num_vsnodes_births: 2.
num_vsnodes_deaths: 0.
num_space_committed: 155.
num_space_uncommitted: 0.
num_chunks_returned_to_freelist: 0.
num_chunks_taken_from_freelist: 514.
num_chunk_merges: 0.
num_chunk_splits: 344.
num_chunks_enlarged: 233.
num_inconsistent_stats: 0.

CodeHeap 'non-profiled nmethods': size=119168Kb used=989Kb max_used=989Kb free=118178Kb
 bounds [0x000002964df50000, 0x000002964e1c0000, 0x00000296553b0000]
CodeHeap 'profiled nmethods': size=119104Kb used=4747Kb max_used=4747Kb free=114356Kb
 bounds [0x00000296463b0000, 0x0000029646860000, 0x000002964d800000]
CodeHeap 'non-nmethods': size=7488Kb used=1229Kb max_used=2361Kb free=6258Kb
 bounds [0x000002964d800000, 0x000002964da70000, 0x000002964df50000]
 total_blobs=2931 nmethods=2437 adapters=400
 compilation: enabled
              stopped_count=0, restarted_count=0
 full_count=0

Compilation events (20 events):
Event: 18.095 Thread 0x000002964327cc80 nmethod 2428 0x000002964684ca10 code [0x000002964684cbc0, 0x000002964684ce18]
Event: 18.095 Thread 0x000002964327cc80 2429       3       java.util.AbstractList$Itr::<init> (31 bytes)
Event: 18.095 Thread 0x000002964327cc80 nmethod 2429 0x000002964684cf10 code [0x000002964684d0c0, 0x000002964684d260]
Event: 18.481 Thread 0x000002964327cc80 2430       3       org.eclipse.osgi.internal.framework.EquinoxBundle::getHeaders (6 bytes)
Event: 18.481 Thread 0x000002964327cc80 nmethod 2430 0x000002964684d390 code [0x000002964684d540, 0x000002964684d718]
Event: 18.481 Thread 0x000002964327cc80 2435   !   3       org.eclipse.osgi.storage.ManifestLocalization::getHeaders (243 bytes)
Event: 18.483 Thread 0x000002964327cc80 nmethod 2435 0x000002964684d810 code [0x000002964684dbe0, 0x000002964684f5d0]
Event: 18.483 Thread 0x000002964327cc80 2431       3       org.eclipse.osgi.internal.framework.EquinoxBundle::getHeaders (16 bytes)
Event: 18.484 Thread 0x000002964327cc80 nmethod 2431 0x000002964684ff90 code [0x00000296468501a0, 0x0000029646850628]
Event: 18.484 Thread 0x000002964327cc80 2432       3       org.eclipse.osgi.internal.framework.EquinoxBundle::privGetHeaders (20 bytes)
Event: 18.484 Thread 0x000002964327cc80 nmethod 2432 0x0000029646850890 code [0x0000029646850a80, 0x0000029646850e40]
Event: 18.484 Thread 0x000002964327cc80 2433       3       org.eclipse.osgi.storage.BundleInfo$Generation::getHeaders (11 bytes)
Event: 18.484 Thread 0x000002964327cc80 nmethod 2433 0x0000029646851010 code [0x00000296468511c0, 0x0000029646851360]
Event: 18.484 Thread 0x000002964327cc80 2434   !   3       org.eclipse.osgi.storage.BundleInfo$Generation::getManifestLocalization (59 bytes)
Event: 18.485 Thread 0x000002964327cc80 nmethod 2434 0x0000029646851490 code [0x00000296468516c0, 0x0000029646851e80]
Event: 18.485 Thread 0x000002964327cc80 2436       3       org.eclipse.osgi.framework.util.CaseInsensitiveDictionaryMap$UnmodifiableDictionary::get (9 bytes)
Event: 18.485 Thread 0x000002964327cc80 nmethod 2436 0x0000029646852310 code [0x00000296468524c0, 0x0000029646852698]
Event: 18.485 Thread 0x000002964327cc80 2437       3       java.util.Collections::singletonIterator (9 bytes)
Event: 18.485 Thread 0x000002964327cc80 nmethod 2437 0x0000029646852790 code [0x0000029646852940, 0x0000029646852b68]
Event: 18.626 Thread 0x000002964327af80 2438   !   4       java.util.jar.Attributes::read (494 bytes)

GC Heap History (6 events):
Event: 0.798 GC heap before
{Heap before GC invocations=1 (full 0):
 PSYoungGen      total 29696K, used 25600K [0x00000000eab00000, 0x00000000ecc00000, 0x0000000100000000)
  eden space 25600K, 100% used [0x00000000eab00000,0x00000000ec400000,0x00000000ec400000)
  from space 4096K, 0% used [0x00000000ec800000,0x00000000ec800000,0x00000000ecc00000)
  to   space 4096K, 0% used [0x00000000ec400000,0x00000000ec400000,0x00000000ec800000)
 ParOldGen       total 68608K, used 0K [0x00000000c0000000, 0x00000000c4300000, 0x00000000eab00000)
  object space 68608K, 0% used [0x00000000c0000000,0x00000000c0000000,0x00000000c4300000)
 Metaspace       used 4271K, committed 4480K, reserved 1114112K
  class space    used 453K, committed 576K, reserved 1048576K
}
Event: 0.807 GC heap after
{Heap after GC invocations=1 (full 0):
 PSYoungGen      total 29696K, used 3286K [0x00000000eab00000, 0x00000000ecc00000, 0x0000000100000000)
  eden space 25600K, 0% used [0x00000000eab00000,0x00000000eab00000,0x00000000ec400000)
  from space 4096K, 80% used [0x00000000ec400000,0x00000000ec735880,0x00000000ec800000)
  to   space 4096K, 0% used [0x00000000ec800000,0x00000000ec800000,0x00000000ecc00000)
 ParOldGen       total 68608K, used 16K [0x00000000c0000000, 0x00000000c4300000, 0x00000000eab00000)
  object space 68608K, 0% used [0x00000000c0000000,0x00000000c0004000,0x00000000c4300000)
 Metaspace       used 4271K, committed 4480K, reserved 1114112K
  class space    used 453K, committed 576K, reserved 1048576K
}
Event: 2.705 GC heap before
{Heap before GC invocations=2 (full 0):
 PSYoungGen      total 29696K, used 28886K [0x00000000eab00000, 0x00000000ecc00000, 0x0000000100000000)
  eden space 25600K, 100% used [0x00000000eab00000,0x00000000ec400000,0x00000000ec400000)
  from space 4096K, 80% used [0x00000000ec400000,0x00000000ec735880,0x00000000ec800000)
  to   space 4096K, 0% used [0x00000000ec800000,0x00000000ec800000,0x00000000ecc00000)
 ParOldGen       total 68608K, used 16K [0x00000000c0000000, 0x00000000c4300000, 0x00000000eab00000)
  object space 68608K, 0% used [0x00000000c0000000,0x00000000c0004000,0x00000000c4300000)
 Metaspace       used 8056K, committed 8384K, reserved 1114112K
  class space    used 805K, committed 960K, reserved 1048576K
}
Event: 2.711 GC heap after
{Heap after GC invocations=2 (full 0):
 PSYoungGen      total 29696K, used 4068K [0x00000000eab00000, 0x00000000ecc00000, 0x0000000100000000)
  eden space 25600K, 0% used [0x00000000eab00000,0x00000000eab00000,0x00000000ec400000)
  from space 4096K, 99% used [0x00000000ec800000,0x00000000ecbf91d8,0x00000000ecc00000)
  to   space 4096K, 0% used [0x00000000ec400000,0x00000000ec400000,0x00000000ec800000)
 ParOldGen       total 68608K, used 1721K [0x00000000c0000000, 0x00000000c4300000, 0x00000000eab00000)
  object space 68608K, 2% used [0x00000000c0000000,0x00000000c01ae6a8,0x00000000c4300000)
 Metaspace       used 8056K, committed 8384K, reserved 1114112K
  class space    used 805K, committed 960K, reserved 1048576K
}
Event: 11.095 GC heap before
{Heap before GC invocations=3 (full 0):
 PSYoungGen      total 29696K, used 29668K [0x00000000eab00000, 0x00000000ecc00000, 0x0000000100000000)
  eden space 25600K, 100% used [0x00000000eab00000,0x00000000ec400000,0x00000000ec400000)
  from space 4096K, 99% used [0x00000000ec800000,0x00000000ecbf91d8,0x00000000ecc00000)
  to   space 4096K, 0% used [0x00000000ec400000,0x00000000ec400000,0x00000000ec800000)
 ParOldGen       total 68608K, used 1721K [0x00000000c0000000, 0x00000000c4300000, 0x00000000eab00000)
  object space 68608K, 2% used [0x00000000c0000000,0x00000000c01ae6a8,0x00000000c4300000)
 Metaspace       used 9441K, committed 9792K, reserved 1114112K
  class space    used 967K, committed 1152K, reserved 1048576K
}
Event: 11.103 GC heap after
{Heap after GC invocations=3 (full 0):
 PSYoungGen      total 29696K, used 4092K [0x00000000eab00000, 0x00000000ecc00000, 0x0000000100000000)
  eden space 25600K, 0% used [0x00000000eab00000,0x00000000eab00000,0x00000000ec400000)
  from space 4096K, 99% used [0x00000000ec400000,0x00000000ec7ff0b8,0x00000000ec800000)
  to   space 4096K, 0% used [0x00000000ec800000,0x00000000ec800000,0x00000000ecc00000)
 ParOldGen       total 68608K, used 4681K [0x00000000c0000000, 0x00000000c4300000, 0x00000000eab00000)
  object space 68608K, 6% used [0x00000000c0000000,0x00000000c04924d8,0x00000000c4300000)
 Metaspace       used 9441K, committed 9792K, reserved 1114112K
  class space    used 967K, committed 1152K, reserved 1048576K
}

Dll operation events (9 events):
Event: 0.012 Loaded shared library c:\Users\tanma\.vscode\extensions\redhat.java-1.42.0-win32-x64\jre\21.0.7-win32-x86_64\bin\java.dll
Event: 0.094 Loaded shared library c:\Users\tanma\.vscode\extensions\redhat.java-1.42.0-win32-x64\jre\21.0.7-win32-x86_64\bin\zip.dll
Event: 0.116 Loaded shared library C:\Users\tanma\.vscode\extensions\redhat.java-1.42.0-win32-x64\jre\21.0.7-win32-x86_64\bin\instrument.dll
Event: 0.122 Loaded shared library C:\Users\tanma\.vscode\extensions\redhat.java-1.42.0-win32-x64\jre\21.0.7-win32-x86_64\bin\net.dll
Event: 0.125 Loaded shared library C:\Users\tanma\.vscode\extensions\redhat.java-1.42.0-win32-x64\jre\21.0.7-win32-x86_64\bin\nio.dll
Event: 0.129 Loaded shared library C:\Users\tanma\.vscode\extensions\redhat.java-1.42.0-win32-x64\jre\21.0.7-win32-x86_64\bin\zip.dll
Event: 0.148 Loaded shared library C:\Users\tanma\.vscode\extensions\redhat.java-1.42.0-win32-x64\jre\21.0.7-win32-x86_64\bin\jimage.dll
Event: 0.233 Loaded shared library c:\Users\tanma\.vscode\extensions\redhat.java-1.42.0-win32-x64\jre\21.0.7-win32-x86_64\bin\verify.dll
Event: 7.342 Loaded shared library C:\Users\tanma\AppData\Roaming\Code\User\globalStorage\redhat.java\1.42.0\config_win\org.eclipse.equinox.launcher\org.eclipse.equinox.launcher.win32.win32.x86_64_1.2.1300.v20250331-1702\eclipse_11911.dll

Deoptimization events (20 events):
Event: 11.267 Thread 0x0000029699a53e70 Uncommon trap: trap_request=0xffffff45 fr.pc=0x000002964df5a70c relative=0x000000000000006c
Event: 11.267 Thread 0x0000029699a53e70 Uncommon trap: reason=unstable_if action=reinterpret pc=0x000002964df5a70c method=java.lang.String.isLatin1()Z @ 10 c2
Event: 11.267 Thread 0x0000029699a53e70 DEOPT PACKING pc=0x000002964df5a70c sp=0x0000009ea5cfdbc0
Event: 11.267 Thread 0x0000029699a53e70 DEOPT UNPACKING pc=0x000002964d853aa2 sp=0x0000009ea5cfdb50 mode 2
Event: 12.683 Thread 0x0000029699a53e70 Uncommon trap: trap_request=0xffffff45 fr.pc=0x000002964df67520 relative=0x0000000000000100
Event: 12.683 Thread 0x0000029699a53e70 Uncommon trap: reason=unstable_if action=reinterpret pc=0x000002964df67520 method=java.lang.StringCoding.countPositives([BII)I @ 17 c2
Event: 12.683 Thread 0x0000029699a53e70 DEOPT PACKING pc=0x000002964df67520 sp=0x0000009ea5cfcf80
Event: 12.683 Thread 0x0000029699a53e70 DEOPT UNPACKING pc=0x000002964d853aa2 sp=0x0000009ea5cfcf08 mode 2
Event: 12.990 Thread 0x0000029699a53e70 DEOPT PACKING pc=0x0000029646803c49 sp=0x0000009ea5cfd000
Event: 12.990 Thread 0x0000029699a53e70 DEOPT UNPACKING pc=0x000002964d854242 sp=0x0000009ea5cfc470 mode 0
Event: 13.020 Thread 0x0000029699a53e70 DEOPT PACKING pc=0x0000029646803c49 sp=0x0000009ea5cfcf90
Event: 13.020 Thread 0x0000029699a53e70 DEOPT UNPACKING pc=0x000002964d854242 sp=0x0000009ea5cfc400 mode 0
Event: 13.722 Thread 0x0000029699a53e70 DEOPT PACKING pc=0x0000029646803c49 sp=0x0000009ea5cfd000
Event: 13.722 Thread 0x0000029699a53e70 DEOPT UNPACKING pc=0x000002964d854242 sp=0x0000009ea5cfc470 mode 0
Event: 16.335 Thread 0x0000029699a53e70 Uncommon trap: trap_request=0xffffff45 fr.pc=0x000002964dfc63cc relative=0x000000000000018c
Event: 16.335 Thread 0x0000029699a53e70 Uncommon trap: reason=unstable_if action=reinterpret pc=0x000002964dfc63cc method=java.lang.String.startsWith(Ljava/lang/String;I)Z @ 50 c2
Event: 16.335 Thread 0x0000029699a53e70 DEOPT PACKING pc=0x000002964dfc63cc sp=0x0000009ea5cfe060
Event: 16.335 Thread 0x0000029699a53e70 DEOPT UNPACKING pc=0x000002964d853aa2 sp=0x0000009ea5cfdf90 mode 2
Event: 17.254 Thread 0x0000029699a53e70 DEOPT PACKING pc=0x0000029646803c49 sp=0x0000009ea5cfd040
Event: 17.254 Thread 0x0000029699a53e70 DEOPT UNPACKING pc=0x000002964d854242 sp=0x0000009ea5cfc4b0 mode 0

Classes loaded (20 events):
Event: 7.538 Loading class sun/util/logging/resources/logging_en_IN
Event: 7.538 Loading class sun/util/logging/resources/logging_en_IN done
Event: 7.540 Loading class java/util/Formatter$DateTime
Event: 7.540 Loading class java/util/Formatter$DateTime done
Event: 7.540 Loading class java/util/Formatter$FixedString
Event: 7.541 Loading class java/util/Formatter$FixedString done
Event: 7.541 Loading class java/time/ZonedDateTime$1
Event: 7.541 Loading class java/time/ZonedDateTime$1 done
Event: 7.548 Loading class jdk/internal/module/ModulePatcher$PatchedModuleReader
Event: 7.548 Loading class jdk/internal/module/ModulePatcher$PatchedModuleReader done
Event: 7.557 Loading class sun/util/resources/LocaleData$CommonResourceBundleProvider
Event: 7.557 Loading class sun/util/resources/LocaleData$LocaleDataResourceBundleProvider
Event: 7.558 Loading class java/util/spi/ResourceBundleProvider
Event: 7.558 Loading class java/util/spi/ResourceBundleProvider done
Event: 7.558 Loading class sun/util/resources/LocaleData$LocaleDataResourceBundleProvider done
Event: 7.558 Loading class sun/util/resources/LocaleData$CommonResourceBundleProvider done
Event: 7.560 Loading class sun/text/resources/cldr/FormatData_en
Event: 7.560 Loading class sun/text/resources/cldr/FormatData_en done
Event: 7.560 Loading class sun/util/resources/Bundles$2
Event: 7.560 Loading class sun/util/resources/Bundles$2 done

Classes unloaded (0 events):
No events

Classes redefined (0 events):
No events

Internal exceptions (20 events):
Event: 0.827 Thread 0x0000029640ea6350 Exception <a 'java/io/FileNotFoundException'{0x00000000eab67b20}> (0x00000000eab67b20) 
thrown [s\src\hotspot\share\prims\jni.cpp, line 520]
Event: 0.864 Thread 0x0000029640ea6350 Implicit null exception at 0x000002964dfa7a29 to 0x000002964dfa82a4
Event: 0.864 Thread 0x0000029640ea6350 Implicit null exception at 0x000002964dfaad1a to 0x000002964dfaaf24
Event: 0.864 Thread 0x0000029640ea6350 Exception <a 'java/lang/NoSuchMethodError'{0x00000000ead52c00}: 'void java.lang.invoke.DirectMethodHandle$Holder.invokeStatic(java.lang.Object, java.lang.Object, java.lang.Object, java.lang.Object)'> (0x00000000ead52c00) 
thrown [s\src\hotspot\share\interpreter\linkResolver.cpp, line 773]
Event: 0.866 Thread 0x0000029640ea6350 Implicit null exception at 0x000002964dfa59bd to 0x000002964dfa5a41
Event: 0.925 Thread 0x0000029640ea6350 Exception <a 'java/lang/NoSuchMethodError'{0x00000000eaf4e060}: 'long java.lang.invoke.DirectMethodHandle$Holder.invokeStatic(java.lang.Object, java.lang.Object, int)'> (0x00000000eaf4e060) 
thrown [s\src\hotspot\share\interpreter\linkResolver.cpp, line 773]
Event: 0.926 Thread 0x0000029640ea6350 Exception <a 'java/lang/NoSuchMethodError'{0x00000000eaf55a50}: 'java.lang.Object java.lang.invoke.DirectMethodHandle$Holder.invokeSpecial(java.lang.Object, java.lang.Object, java.lang.Object, java.lang.Object, long)'> (0x00000000eaf55a50) 
thrown [s\src\hotspot\share\interpreter\linkResolver.cpp, line 773]
Event: 0.928 Thread 0x0000029640ea6350 Exception <a 'java/lang/NoSuchMethodError'{0x00000000eaf636d8}: 'java.lang.Object java.lang.invoke.DirectMethodHandle$Holder.invokeSpecial(java.lang.Object, java.lang.Object, java.lang.Object, int, java.lang.Object)'> (0x00000000eaf636d8) 
thrown [s\src\hotspot\share\interpreter\linkResolver.cpp, line 773]
Event: 0.934 Thread 0x0000029640ea6350 Exception <a 'java/lang/NoSuchMethodError'{0x00000000eaf8cd00}: 'int java.lang.invoke.DirectMethodHandle$Holder.invokeStaticInit(java.lang.Object, java.lang.Object, java.lang.Object, java.lang.Object)'> (0x00000000eaf8cd00) 
thrown [s\src\hotspot\share\interpreter\linkResolver.cpp, line 773]
Event: 0.935 Thread 0x0000029640ea6350 Exception <a 'java/lang/IncompatibleClassChangeError'{0x00000000eaf95200}: Found class java.lang.Object, but interface was expected> (0x00000000eaf95200) 
thrown [s\src\hotspot\share\interpreter\linkResolver.cpp, line 840]
Event: 0.936 Thread 0x0000029640ea6350 Exception <a 'java/lang/NoSuchMethodError'{0x00000000eaf993a0}: 'void java.lang.invoke.DirectMethodHandle$Holder.invokeStaticInit(java.lang.Object, java.lang.Object)'> (0x00000000eaf993a0) 
thrown [s\src\hotspot\share\interpreter\linkResolver.cpp, line 773]
Event: 0.937 Thread 0x0000029640ea6350 Exception <a 'java/lang/NoSuchMethodError'{0x00000000eafa0258}: 'int java.lang.invoke.DirectMethodHandle$Holder.invokeStaticInit(java.lang.Object, java.lang.Object)'> (0x00000000eafa0258) 
thrown [s\src\hotspot\share\interpreter\linkResolver.cpp, line 773]
Event: 1.055 Thread 0x0000029640ea6350 Exception <a 'java/lang/NoSuchMethodError'{0x00000000eb1035b8}: 'void java.lang.invoke.DirectMethodHandle$Holder.invokeSpecial(java.lang.Object, java.lang.Object, java.lang.Object)'> (0x00000000eb1035b8) 
thrown [s\src\hotspot\share\interpreter\linkResolver.cpp, line 773]
Event: 1.259 Thread 0x0000029640ea6350 Exception <a 'java/lang/NoSuchMethodError'{0x00000000ebb11a88}: 'int java.lang.invoke.DirectMethodHandle$Holder.invokeVirtual(java.lang.Object, java.lang.Object)'> (0x00000000ebb11a88) 
thrown [s\src\hotspot\share\interpreter\linkResolver.cpp, line 773]
Event: 1.353 Thread 0x0000029640ea6350 Exception <a 'java/lang/NoSuchMethodError'{0x00000000ebec9f90}: 'java.lang.Object java.lang.invoke.DirectMethodHandle$Holder.newInvokeSpecial(java.lang.Object, int, java.lang.Object)'> (0x00000000ebec9f90) 
thrown [s\src\hotspot\share\interpreter\linkResolver.cpp, line 773]
Event: 1.383 Thread 0x0000029640ea6350 Exception <a 'java/lang/NoSuchMethodError'{0x00000000ec0670c0}: 'java.lang.Object java.lang.invoke.DirectMethodHandle$Holder.newInvokeSpecial(java.lang.Object, java.lang.Object, java.lang.Object, java.lang.Object, int, java.lang.Object)'> (0x00000000ec0670c0) 
thrown [s\src\hotspot\share\interpreter\linkResolver.cpp, line 773]
Event: 7.335 Thread 0x0000029640ea6350 Exception <a 'java/lang/UnsatisfiedLinkError'{0x00000000eac8f3b8}: 'void org.eclipse.equinox.launcher.JNIBridge._update_splash()'> (0x00000000eac8f3b8) 
thrown [s\src\hotspot\share\prims\nativeLookup.cpp, line 415]
Event: 7.460 Thread 0x0000029699a53e70 Exception <a 'java/lang/NoSuchMethodError'{0x00000000eb216ac0}: 'java.lang.Object java.lang.invoke.DirectMethodHandle$Holder.newInvokeSpecial(java.lang.Object, java.lang.Object, int, java.lang.Object)'> (0x00000000eb216ac0) 
thrown [s\src\hotspot\share\interpreter\linkResolver.cpp, line 773]
Event: 7.475 Thread 0x0000029699a53e70 Exception <a 'java/lang/NoClassDefFoundError'{0x00000000eb2b6bc8}: jakarta/servlet/ServletContainerInitializer> (0x00000000eb2b6bc8) 
thrown [s\src\hotspot\share\classfile\systemDictionary.cpp, line 301]
Event: 7.536 Thread 0x0000029699a53e70 Exception <a 'java/lang/ClassNotFoundException'{0x00000000eb408850}: sun/util/logging/resources/spi/loggingProvider> (0x00000000eb408850) 
thrown [s\src\hotspot\share\classfile\systemDictionary.cpp, line 312]

ZGC Phase Switch (0 events):
No events

VM Operations (20 events):
Event: 7.549 Executing VM operation: HandshakeAllThreads (Deoptimize)
Event: 7.549 Executing VM operation: HandshakeAllThreads (Deoptimize) done
Event: 7.569 Executing VM operation: HandshakeAllThreads (Deoptimize)
Event: 7.569 Executing VM operation: HandshakeAllThreads (Deoptimize) done
Event: 7.830 Executing VM operation: HandshakeAllThreads (Deoptimize)
Event: 7.830 Executing VM operation: HandshakeAllThreads (Deoptimize) done
Event: 8.831 Executing VM operation: Cleanup
Event: 8.831 Executing VM operation: Cleanup done
Event: 9.845 Executing VM operation: Cleanup
Event: 9.845 Executing VM operation: Cleanup done
Event: 11.095 Executing VM operation: ParallelGCFailedAllocation (Allocation Failure)
Event: 11.103 Executing VM operation: ParallelGCFailedAllocation (Allocation Failure) done
Event: 12.117 Executing VM operation: Cleanup
Event: 12.118 Executing VM operation: Cleanup done
Event: 15.158 Executing VM operation: Cleanup
Event: 15.158 Executing VM operation: Cleanup done
Event: 17.179 Executing VM operation: Cleanup
Event: 17.179 Executing VM operation: Cleanup done
Event: 18.190 Executing VM operation: Cleanup
Event: 18.190 Executing VM operation: Cleanup done

Memory protections (0 events):
No events

Nmethod flushes (0 events):
No events

Events (20 events):
Event: 0.049 Thread 0x0000029640ea6350 Thread added: 0x0000029643266db0
Event: 0.050 Thread 0x0000029640ea6350 Thread added: 0x000002964326aca0
Event: 0.050 Thread 0x0000029640ea6350 Thread added: 0x000002964326bbb0
Event: 0.050 Thread 0x0000029640ea6350 Thread added: 0x000002964326e180
Event: 0.050 Thread 0x0000029640ea6350 Thread added: 0x0000029643275a50
Event: 0.050 Thread 0x0000029640ea6350 Thread added: 0x000002964327af80
Event: 0.050 Thread 0x0000029640ea6350 Thread added: 0x000002964327cc80
Event: 0.079 Thread 0x0000029640ea6350 Thread added: 0x0000029699a537e0
Event: 0.091 Thread 0x000002964327cc80 Thread added: 0x0000029699a5b270
Event: 0.340 Thread 0x0000029640ea6350 Thread added: 0x0000029699a52430
Event: 1.323 Thread 0x0000029640ea6350 Thread added: 0x0000029699a52ac0
Event: 1.433 Thread 0x0000029699a5b270 Thread added: 0x00000296a00029b0
Event: 2.644 Thread 0x0000029699a5b270 Thread exited: 0x0000029699a5b270
Event: 2.644 Thread 0x00000296a00029b0 Thread exited: 0x00000296a00029b0
Event: 7.333 Thread 0x0000029640ea6350 Thread added: 0x0000029699a53150
Event: 7.363 Thread 0x0000029699a53150 Thread added: 0x0000029699a54b90
Event: 7.368 Thread 0x0000029640ea6350 Thread added: 0x0000029699a53e70
Event: 7.870 Thread 0x000002964327cc80 Thread added: 0x00000296a0003750
Event: 8.732 Thread 0x00000296a0003750 Thread exited: 0x00000296a0003750
Event: 11.257 Thread 0x0000029699a53e70 Thread added: 0x0000029699a54500


Dynamic libraries:
0x00007ff77eb30000 - 0x00007ff77eb3e000 	c:\Users\tanma\.vscode\extensions\redhat.java-1.42.0-win32-x64\jre\21.0.7-win32-x86_64\bin\java.exe
0x00007ffbe9910000 - 0x00007ffbe9b27000 	C:\WINDOWS\SYSTEM32\ntdll.dll
0x00007ffbe83d0000 - 0x00007ffbe8494000 	C:\WINDOWS\System32\KERNEL32.DLL
0x00007ffbe6ba0000 - 0x00007ffbe6f73000 	C:\WINDOWS\System32\KERNELBASE.dll
0x000000005eee0000 - 0x000000005f212000 	C:\Program Files\Norton Security\NortonData\22.22.4.13\Definitions\IPSDefs\20231213.064\IPSEng64.dll
0x00007ffbe8300000 - 0x00007ffbe83b1000 	C:\WINDOWS\System32\ADVAPI32.dll
0x00007ffbe7e60000 - 0x00007ffbe7f07000 	C:\WINDOWS\System32\msvcrt.dll
0x00007ffbe7960000 - 0x00007ffbe7a07000 	C:\WINDOWS\System32\sechost.dll
0x00007ffbe74b0000 - 0x00007ffbe74d8000 	C:\WINDOWS\System32\bcrypt.dll
0x00007ffbe7840000 - 0x00007ffbe7954000 	C:\WINDOWS\System32\RPCRT4.dll
0x00007ffbe7c90000 - 0x00007ffbe7c98000 	C:\WINDOWS\System32\PSAPI.DLL
0x00007ffbe6f80000 - 0x00007ffbe7091000 	C:\WINDOWS\System32\ucrtbase.dll
0x00007ffbe0b10000 - 0x00007ffbe0b28000 	c:\Users\tanma\.vscode\extensions\redhat.java-1.42.0-win32-x64\jre\21.0.7-win32-x86_64\bin\jli.dll
0x00007ffbe0ae0000 - 0x00007ffbe0afe000 	c:\Users\tanma\.vscode\extensions\redhat.java-1.42.0-win32-x64\jre\21.0.7-win32-x86_64\bin\VCRUNTIME140.dll
0x00007ffbe7610000 - 0x00007ffbe77c1000 	C:\WINDOWS\System32\USER32.dll
0x00007ffbe7480000 - 0x00007ffbe74a6000 	C:\WINDOWS\System32\win32u.dll
0x00007ffbd6440000 - 0x00007ffbd66db000 	C:\WINDOWS\WinSxS\amd64_microsoft.windows.common-controls_6595b64144ccf1df_6.0.22621.5262_none_2712bde373830908\COMCTL32.dll
0x00007ffbe7bd0000 - 0x00007ffbe7bf9000 	C:\WINDOWS\System32\GDI32.dll
0x00007ffbe7210000 - 0x00007ffbe7332000 	C:\WINDOWS\System32\gdi32full.dll
0x00007ffbe6b00000 - 0x00007ffbe6b9a000 	C:\WINDOWS\System32\msvcp_win.dll
0x00007ffbe7ca0000 - 0x00007ffbe7cd1000 	C:\WINDOWS\System32\IMM32.DLL
0x00007ffbe0ad0000 - 0x00007ffbe0adc000 	c:\Users\tanma\.vscode\extensions\redhat.java-1.42.0-win32-x64\jre\21.0.7-win32-x86_64\bin\vcruntime140_1.dll
0x00007ffbd3960000 - 0x00007ffbd39ed000 	c:\Users\tanma\.vscode\extensions\redhat.java-1.42.0-win32-x64\jre\21.0.7-win32-x86_64\bin\msvcp140.dll
0x00007ffb1b260000 - 0x00007ffb1bff0000 	c:\Users\tanma\.vscode\extensions\redhat.java-1.42.0-win32-x64\jre\21.0.7-win32-x86_64\bin\server\jvm.dll
0x00007ffbe80b0000 - 0x00007ffbe8121000 	C:\WINDOWS\System32\WS2_32.dll
0x00007ffbe2620000 - 0x00007ffbe2654000 	C:\WINDOWS\SYSTEM32\WINMM.dll
0x00007ffbdfce0000 - 0x00007ffbdfcea000 	C:\WINDOWS\SYSTEM32\VERSION.dll
0x00007ffbe68d0000 - 0x00007ffbe691d000 	C:\WINDOWS\SYSTEM32\POWRPROF.dll
0x00007ffbe68b0000 - 0x00007ffbe68c3000 	C:\WINDOWS\SYSTEM32\UMPDC.dll
0x00007ffbe5a00000 - 0x00007ffbe5a18000 	C:\WINDOWS\SYSTEM32\kernel.appcore.dll
0x00007ffbe0a90000 - 0x00007ffbe0a9a000 	c:\Users\tanma\.vscode\extensions\redhat.java-1.42.0-win32-x64\jre\21.0.7-win32-x86_64\bin\jimage.dll
0x00007ffbe4690000 - 0x00007ffbe48c2000 	C:\WINDOWS\SYSTEM32\DBGHELP.DLL
0x00007ffbe9420000 - 0x00007ffbe97b3000 	C:\WINDOWS\System32\combase.dll
0x00007ffbe8d40000 - 0x00007ffbe8e17000 	C:\WINDOWS\System32\OLEAUT32.dll
0x00007ffbd85f0000 - 0x00007ffbd8622000 	C:\WINDOWS\SYSTEM32\dbgcore.DLL
0x00007ffbe6a00000 - 0x00007ffbe6a7b000 	C:\WINDOWS\System32\bcryptPrimitives.dll
0x00007ffbe0a80000 - 0x00007ffbe0a8f000 	c:\Users\tanma\.vscode\extensions\redhat.java-1.42.0-win32-x64\jre\21.0.7-win32-x86_64\bin\instrument.dll
0x00007ffbe0a50000 - 0x00007ffbe0a6f000 	c:\Users\tanma\.vscode\extensions\redhat.java-1.42.0-win32-x64\jre\21.0.7-win32-x86_64\bin\java.dll
0x00007ffbe84a0000 - 0x00007ffbe8d3d000 	C:\WINDOWS\System32\SHELL32.dll
0x00007ffbe7340000 - 0x00007ffbe747f000 	C:\WINDOWS\System32\wintypes.dll
0x00007ffbe48f0000 - 0x00007ffbe520d000 	C:\WINDOWS\SYSTEM32\windows.storage.dll
0x00007ffbe7f10000 - 0x00007ffbe801b000 	C:\WINDOWS\System32\SHCORE.dll
0x00007ffbe7ce0000 - 0x00007ffbe7d46000 	C:\WINDOWS\System32\shlwapi.dll
0x00007ffbe6930000 - 0x00007ffbe695b000 	C:\WINDOWS\SYSTEM32\profapi.dll
0x00007ffbe0a30000 - 0x00007ffbe0a48000 	c:\Users\tanma\.vscode\extensions\redhat.java-1.42.0-win32-x64\jre\21.0.7-win32-x86_64\bin\zip.dll
0x00007ffbe0a20000 - 0x00007ffbe0a30000 	C:\Users\tanma\.vscode\extensions\redhat.java-1.42.0-win32-x64\jre\21.0.7-win32-x86_64\bin\net.dll
0x00007ffbe2420000 - 0x00007ffbe254c000 	C:\WINDOWS\SYSTEM32\WINHTTP.dll
0x00007ffbe5e70000 - 0x00007ffbe5eda000 	C:\WINDOWS\system32\mswsock.dll
0x00007ffbd5310000 - 0x00007ffbd5326000 	C:\Users\tanma\.vscode\extensions\redhat.java-1.42.0-win32-x64\jre\21.0.7-win32-x86_64\bin\nio.dll
0x00007ffbdffa0000 - 0x00007ffbdffb0000 	c:\Users\tanma\.vscode\extensions\redhat.java-1.42.0-win32-x64\jre\21.0.7-win32-x86_64\bin\verify.dll
0x00007ffbd38c0000 - 0x00007ffbd3905000 	C:\Users\tanma\AppData\Roaming\Code\User\globalStorage\redhat.java\1.42.0\config_win\org.eclipse.equinox.launcher\org.eclipse.equinox.launcher.win32.win32.x86_64_1.2.1300.v20250331-1702\eclipse_11911.dll
0x00007ffbe7a20000 - 0x00007ffbe7bc1000 	C:\WINDOWS\System32\ole32.dll

dbghelp: loaded successfully - version: 4.0.5 - missing functions: none
symbol engine: initialized successfully - sym options: 0x614 - pdb path: .;c:\Users\tanma\.vscode\extensions\redhat.java-1.42.0-win32-x64\jre\21.0.7-win32-x86_64\bin;C:\WINDOWS\SYSTEM32;C:\Program Files\Norton Security\NortonData\22.22.4.13\Definitions\IPSDefs\20231213.064;C:\WINDOWS\WinSxS\amd64_microsoft.windows.common-controls_6595b64144ccf1df_6.0.22621.5262_none_2712bde373830908;c:\Users\tanma\.vscode\extensions\redhat.java-1.42.0-win32-x64\jre\21.0.7-win32-x86_64\bin\server;C:\Users\tanma\AppData\Roaming\Code\User\globalStorage\redhat.java\1.42.0\config_win\org.eclipse.equinox.launcher\org.eclipse.equinox.launcher.win32.win32.x86_64_1.2.1300.v20250331-1702

VM Arguments:
jvm_args: --add-modules=ALL-SYSTEM --add-opens=java.base/java.util=ALL-UNNAMED --add-opens=java.base/java.lang=ALL-UNNAMED --add-opens=java.base/sun.nio.fs=ALL-UNNAMED -Declipse.application=org.eclipse.jdt.ls.core.id1 -Dosgi.bundles.defaultStartLevel=4 -Declipse.product=org.eclipse.jdt.ls.core.product -Djava.import.generatesMetadataFilesAtProjectRoot=false -DDetectVMInstallationsJob.disabled=true -Dfile.encoding=utf8 -XX:+UseParallelGC -XX:GCTimeRatio=4 -XX:AdaptiveSizePolicyWeight=90 -Dsun.zip.disableMemoryMapping=true -Xmx1G -Xms100m -Xlog:disable -javaagent:c:\Users\tanma\.vscode\extensions\redhat.java-1.42.0-win32-x64\lombok\lombok-1.18.36.jar -XX:+HeapDumpOnOutOfMemoryError -XX:HeapDumpPath=c:\Users\tanma\AppData\Roaming\Code\User\workspaceStorage\89240fbca4adb2b40d9c8e8d66c81886\redhat.java -Daether.dependencyCollector.impl=bf 
java_command: c:\Users\tanma\.vscode\extensions\redhat.java-1.42.0-win32-x64\server\plugins\org.eclipse.equinox.launcher_1.7.0.v20250424-1814.jar -configuration c:\Users\tanma\AppData\Roaming\Code\User\globalStorage\redhat.java\1.42.0\config_win -data c:\Users\tanma\AppData\Roaming\Code\User\workspaceStorage\89240fbca4adb2b40d9c8e8d66c81886\redhat.java\jdt_ws --pipe=\\.\pipe\lsp-ea4c80a6abeb03c577c67e4c2f73d40c-sock
java_class_path (initial): c:\Users\tanma\.vscode\extensions\redhat.java-1.42.0-win32-x64\server\plugins\org.eclipse.equinox.launcher_1.7.0.v20250424-1814.jar
Launcher Type: SUN_STANDARD

[Global flags]
    uintx AdaptiveSizePolicyWeight                 = 90                                        {product} {command line}
     intx CICompilerCount                          = 12                                        {product} {ergonomic}
    uintx GCTimeRatio                              = 4                                         {product} {command line}
     bool HeapDumpOnOutOfMemoryError               = true                                   {manageable} {command line}
    ccstr HeapDumpPath                             = c:\Users\tanma\AppData\Roaming\Code\User\workspaceStorage\89240fbca4adb2b40d9c8e8d66c81886\redhat.java         {manageable} {command line}
   size_t InitialHeapSize                          = 104857600                                 {product} {command line}
   size_t MaxHeapSize                              = 1073741824                                {product} {command line}
   size_t MaxNewSize                               = 357564416                                 {product} {ergonomic}
   size_t MinHeapDeltaBytes                        = 524288                                    {product} {ergonomic}
   size_t MinHeapSize                              = 104857600                                 {product} {command line}
   size_t NewSize                                  = 34603008                                  {product} {ergonomic}
    uintx NonNMethodCodeHeapSize                   = 7602480                                {pd product} {ergonomic}
    uintx NonProfiledCodeHeapSize                  = 122027880                              {pd product} {ergonomic}
   size_t OldSize                                  = 70254592                                  {product} {ergonomic}
    uintx ProfiledCodeHeapSize                     = 122027880                              {pd product} {ergonomic}
    uintx ReservedCodeCacheSize                    = 251658240                              {pd product} {ergonomic}
     bool SegmentedCodeCache                       = true                                      {product} {ergonomic}
   size_t SoftMaxHeapSize                          = 1073741824                             {manageable} {ergonomic}
     bool UseCompressedOops                        = true                           {product lp64_product} {ergonomic}
     bool UseLargePagesIndividualAllocation        = false                                  {pd product} {ergonomic}
     bool UseParallelGC                            = true                                      {product} {command line}

Logging:
Log output configuration:
 #0: stdout all=off uptime,level,tags foldmultilines=false
 #1: stderr all=off uptime,level,tags foldmultilines=false

Environment Variables:
JAVA_HOME=C:\Program Files\Microsoft\jdk-17.0.12.7-hotspot
PATH=C:\app\tanma\product\21c\dbhomeXE\bin;C:\Windows\system32;C:\Windows;C:\Windows\System32\Wbem;C:\Windows\System32\WindowsPowerShell\v1.0\;C:\Windows\System32\OpenSSH\;C:\Program Files (x86)\NVIDIA Corporation\PhysX\Common;C:\Program Files\NVIDIA Corporation\NVIDIA NvDLISR;C:\Windows\System32\cmd.exe;C:\MinGW\bin;C:\WINDOWS\system32;C:\WINDOWS;C:\WINDOWS\System32\Wbem;C:\WINDOWS\System32\WindowsPowerShell\v1.0\;C:\WINDOWS\System32\OpenSSH\;C:\Program Files\Git\cmd;C:\Program Files\Git\mingw64\bin;C:\Program Files\Git\usr\bin;C:\Program Files\MongoDB\Tools\100\bin;C:\Program Files\Docker\Docker\resources\bin;C:\Users\tanma\AppData\Local\Android\Sdk;C:\ProgramData\chocolatey\bin;C:\Program Files\nodejs\;C:\Users\tanma\AppData\Local\Android\Sdk\platform-tools;C:\Program Files\Microsoft\jdk-17.0.12.7-hotspot\bin;C:\Program Files\apache-maven-3.9.9-bin\apache-maven-3.9.9\bin;C:\Program Files\MySQL\MySQL Shell 8.0\bin\;C:\Users\tanma\.console-ninja\.bin;C:\Users\tanma\AppData\Local\Programs\Python\Python311\Scripts\;C:\Users\tanma\AppData\Local\Programs\Python\Python311\;C:\Users\tanma\AppData\Local\Programs\Python\Python312\Scripts\;C:\Users\tanma\AppData\Local\Programs\Python\Python312\;C:\Users\tanma\AppData\Local\Programs\Python\Launcher\;C:\Users\tanma\AppData\Local\Microsoft\WindowsApps;C:\Users\tanma\AppData\Local\GitHubDesktop\bin;C:\Program Files\JetBrains\IntelliJ IDEA Community Edition 2022.3\bin;C:\Users\tanma\AppData\Local\Programs\Microsoft VS Code\bin;C:\Users\tanma\AppData\Local\Programs\mongosh\;C:\Users\tanma\AppData\Local\Programs\oh-my-posh\bin;C:\Users\tanma\AppData\Local\Android\Sdk;C:\Users\tanma\AppData\Roaming\npm;C:\Program Files\Microsoft\jdk-17.0.12.7-hotspot\bin;C:\Program Files\apache-maven-3.9.9-bin\apache-maven-3.9.9\bin;C:\Program Files (x86)\MongoDB Atlas CLI\
USERNAME=tanma
OS=Windows_NT
PROCESSOR_IDENTIFIER=AMD64 Family 25 Model 80 Stepping 0, AuthenticAMD
TMP=C:\Users\tanma\AppData\Local\Temp
TEMP=C:\Users\tanma\AppData\Local\Temp




Periodic native trim disabled

---------------  S Y S T E M  ---------------

OS:
 Windows 11 , 64 bit Build 22621 (10.0.22621.5262)
OS uptime: 0 days 2:18 hours
Hyper-V role detected

CPU: total 16 (initial active 16) (16 cores per cpu, 2 threads per core) family 25 model 80 stepping 0 microcode 0x0, cx8, cmov, fxsr, ht, mmx, 3dnowpref, sse, sse2, sse3, ssse3, sse4a, sse4.1, sse4.2, popcnt, lzcnt, tsc, tscinvbit, avx, avx2, aes, erms, clmul, bmi1, bmi2, adx, sha, fma, vzeroupper, clflush, clflushopt, hv, rdtscp, rdpid, fsrm, f16c, cet_ss
Processor Information for the first 16 processors :
  Max Mhz: 3201, Current Mhz: 3201, Mhz Limit: 3201

Memory: 4k page, system-wide physical 5996M (521M free)
TotalPageFile size 24428M (AvailPageFile size 19M)
current process WorkingSet (physical memory assigned to process): 107M, peak: 108M
current process commit charge ("private bytes"): 230M, peak: 232M

vm_info: OpenJDK 64-Bit Server VM (21.0.7+6-LTS) for windows-amd64 JRE (21.0.7+6-LTS), built on 2025-04-15T00:00:00Z by "admin" with MS VC++ 17.7 (VS2022)

END.
