#
# There is insufficient memory for the Java Runtime Environment to continue.
# Native memory allocation (malloc) failed to allocate 1370576 bytes. Error detail: Chunk::new
# Possible reasons:
#   The system is out of physical RAM or swap space
#   This process is running with CompressedOops enabled, and the Java Heap may be blocking the growth of the native heap
# Possible solutions:
#   Reduce memory load on the system
#   Increase physical memory or swap space
#   Check if swap backing store is full
#   Decrease Java heap size (-Xmx/-Xms)
#   Decrease number of Java threads
#   Decrease Java thread stack sizes (-Xss)
#   Set larger code cache with -XX:ReservedCodeCacheSize=
#   JVM is running with Unscaled Compressed Oops mode in which the Java heap is
#     placed in the first 4GB address space. The Java Heap base address is the
#     maximum limit for the native heap growth. Please use -XX:HeapBaseMinAddress
#     to set the Java Heap base and to place the Java Heap above 4GB virtual address.
# This output file may be truncated or incomplete.
#
#  Out of Memory Error (arena.cpp:168), pid=23924, tid=26328
#
# JRE version: OpenJDK Runtime Environment Temurin-21.0.7+6 (21.0.7+6) (build 21.0.7+6-LTS)
# Java VM: OpenJDK 64-Bit Server VM Temurin-21.0.7+6 (21.0.7+6-LTS, mixed mode, sharing, tiered, compressed oops, compressed class ptrs, parallel gc, windows-amd64)
# No core dump will be written. Minidumps are not enabled by default on client versions of Windows
#

---------------  S U M M A R Y ------------

Command Line: --add-modules=ALL-SYSTEM --add-opens=java.base/java.util=ALL-UNNAMED --add-opens=java.base/java.lang=ALL-UNNAMED --add-opens=java.base/sun.nio.fs=ALL-UNNAMED -Declipse.application=org.eclipse.jdt.ls.core.id1 -Dosgi.bundles.defaultStartLevel=4 -Declipse.product=org.eclipse.jdt.ls.core.product -Djava.import.generatesMetadataFilesAtProjectRoot=false -DDetectVMInstallationsJob.disabled=true -Dfile.encoding=utf8 -XX:+UseParallelGC -XX:GCTimeRatio=4 -XX:AdaptiveSizePolicyWeight=90 -Dsun.zip.disableMemoryMapping=true -Xmx1G -Xms100m -Xlog:disable -javaagent:c:\Users\tanma\.vscode\extensions\redhat.java-1.42.0-win32-x64\lombok\lombok-1.18.36.jar -XX:+HeapDumpOnOutOfMemoryError -XX:HeapDumpPath=c:\Users\tanma\AppData\Roaming\Code\User\workspaceStorage\89240fbca4adb2b40d9c8e8d66c81886\redhat.java -Daether.dependencyCollector.impl=bf c:\Users\tanma\.vscode\extensions\redhat.java-1.42.0-win32-x64\server\plugins\org.eclipse.equinox.launcher_1.7.0.v20250424-1814.jar -configuration c:\Users\tanma\AppData\Roaming\Code\User\globalStorage\redhat.java\1.42.0\config_win -data c:\Users\tanma\AppData\Roaming\Code\User\workspaceStorage\89240fbca4adb2b40d9c8e8d66c81886\redhat.java\jdt_ws --pipe=\\.\pipe\lsp-020000310eda038de0dbdd8b476ec42c-sock

Host: AMD Ryzen 7 5800H with Radeon Graphics         , 16 cores, 5G,  Windows 11 , 64 bit Build 22621 (10.0.22621.5262)
Time: Fri May 23 18:50:52 2025 India Standard Time elapsed time: 54.348017 seconds (0d 0h 0m 54s)

---------------  T H R E A D  ---------------

Current thread (0x000001b82a53b740):  JavaThread "C2 CompilerThread0" daemon [_thread_in_native, id=26328, stack(0x000000ae8b300000,0x000000ae8b400000) (1024K)]


Current CompileTask:
C2:54348 16354       4       org.eclipse.jdt.internal.compiler.lookup.LookupEnvironment::getTypeFromTypeSignature (770 bytes)

Stack: [0x000000ae8b300000,0x000000ae8b400000]
Native frames: (J=compiled Java code, j=interpreted, Vv=VM code, C=native code)
V  [jvm.dll+0x6ce119]
V  [jvm.dll+0x8a84a1]
V  [jvm.dll+0x8aa9ce]
V  [jvm.dll+0x8ab0b3]
V  [jvm.dll+0x27f8a6]
V  [jvm.dll+0xc507d]
V  [jvm.dll+0xc55b3]
V  [jvm.dll+0x2f2c6d]
V  [jvm.dll+0x5f6bca]
V  [jvm.dll+0x250cb2]
V  [jvm.dll+0x25106f]
V  [jvm.dll+0x249934]
V  [jvm.dll+0x246fc4]
V  [jvm.dll+0x1c760e]
V  [jvm.dll+0x25695a]
V  [jvm.dll+0x254efa]
V  [jvm.dll+0x3f03f6]
V  [jvm.dll+0x851f6b]
V  [jvm.dll+0x6cc7dd]
C  [ucrtbase.dll+0x29333]
C  [KERNEL32.DLL+0x1259d]
C  [ntdll.dll+0x5af58]


---------------  P R O C E S S  ---------------

Threads class SMR info:
_java_thread_list=0x000001b87eedabc0, length=107, elements={
0x000001b813e18d60, 0x000001b81620cca0, 0x000001b81620e1d0, 0x000001b82a52ca10,
0x000001b82a52c380, 0x000001b82a52b660, 0x000001b82a52bcf0, 0x000001b82a53b740,
0x000001b86c819fe0, 0x000001b82a52d0a0, 0x000001b82a52d730, 0x000001b82a52ddc0,
0x000001b82a52e450, 0x000001b82a52afd0, 0x000001b86e933dd0, 0x000001b86e931d00,
0x000001b86e934460, 0x000001b86e930fe0, 0x000001b86e92ef10, 0x000001b86e9302c0,
0x000001b86e935180, 0x000001b86e932390, 0x000001b86e930950, 0x000001b86e931670,
0x000001b86e92e1f0, 0x000001b86e932a20, 0x000001b86e92e880, 0x000001b86e92f5a0,
0x000001b86e9330b0, 0x000001b86e92fc30, 0x000001b86e933740, 0x000001b8738929a0,
0x000001b873895e20, 0x000001b8738908d0, 0x000001b8738936c0, 0x000001b873895100,
0x000001b873890f60, 0x000001b873895790, 0x000001b873890240, 0x000001b8738915f0,
0x000001b873891c80, 0x000001b873893d50, 0x000001b87388ee90, 0x000001b873894a70,
0x000001b873892310, 0x000001b8738943e0, 0x000001b87388fbb0, 0x000001b873f3f3e0,
0x000001b873f3fa70, 0x000001b873f414b0, 0x000001b873f40100, 0x000001b873f40790,
0x000001b873f40e20, 0x000001b873f3e030, 0x000001b873f3e6c0, 0x000001b873f3ed50,
0x000001b87d5238e0, 0x000001b87d528110, 0x000001b87d52a1e0, 0x000001b87d526d60,
0x000001b87d526040, 0x000001b87d523250, 0x000001b87d5287a0, 0x000001b87d524c90,
0x000001b87d528e30, 0x000001b87d52a870, 0x000001b87d5273f0, 0x000001b87d527a80,
0x000001b87d524600, 0x000001b87d523f70, 0x000001b87d525320, 0x000001b87d5259b0,
0x000001b87d529b50, 0x000001b87d5294c0, 0x000001b87d5266d0, 0x000001b87e21e930,
0x000001b87e21e2a0, 0x000001b87e21dc10, 0x000001b87e21efc0, 0x000001b87e21f650,
0x000001b87e2186c0, 0x000001b87e218d50, 0x000001b87e21fce0, 0x000001b87e219a70,
0x000001b87e2193e0, 0x000001b87e21a100, 0x000001b87e21ae20, 0x000001b87e21bb40,
0x000001b87e21a790, 0x000001b87e21b4b0, 0x000001b87e21c1d0, 0x000001b87d0935b0,
0x000001b87d092200, 0x000001b87d08c620, 0x000001b87d08e060, 0x000001b87d090e50,
0x000001b87d08e6f0, 0x000001b87d08ccb0, 0x000001b87d08faa0, 0x000001b87d090130,
0x000001b87d08ed80, 0x000001b87d0914e0, 0x000001b87d08f410, 0x000001b8738964b0,
0x000001b87e21d580, 0x000001b87ecb3240, 0x000001b87ecb0ae0
}

Java Threads: ( => current thread )
  0x000001b813e18d60 JavaThread "main"                              [_thread_blocked, id=17908, stack(0x000000ae8a900000,0x000000ae8aa00000) (1024K)]
  0x000001b81620cca0 JavaThread "Reference Handler"          daemon [_thread_blocked, id=24988, stack(0x000000ae8ad00000,0x000000ae8ae00000) (1024K)]
  0x000001b81620e1d0 JavaThread "Finalizer"                  daemon [_thread_blocked, id=27432, stack(0x000000ae8ae00000,0x000000ae8af00000) (1024K)]
  0x000001b82a52ca10 JavaThread "Signal Dispatcher"          daemon [_thread_blocked, id=23584, stack(0x000000ae8af00000,0x000000ae8b000000) (1024K)]
  0x000001b82a52c380 JavaThread "Attach Listener"            daemon [_thread_blocked, id=9316, stack(0x000000ae8b000000,0x000000ae8b100000) (1024K)]
  0x000001b82a52b660 JavaThread "Service Thread"             daemon [_thread_blocked, id=19768, stack(0x000000ae8b100000,0x000000ae8b200000) (1024K)]
  0x000001b82a52bcf0 JavaThread "Monitor Deflation Thread"   daemon [_thread_blocked, id=17116, stack(0x000000ae8b200000,0x000000ae8b300000) (1024K)]
=>0x000001b82a53b740 JavaThread "C2 CompilerThread0"         daemon [_thread_in_native, id=26328, stack(0x000000ae8b300000,0x000000ae8b400000) (1024K)]
  0x000001b86c819fe0 JavaThread "C1 CompilerThread0"         daemon [_thread_blocked, id=26616, stack(0x000000ae8b400000,0x000000ae8b500000) (1024K)]
  0x000001b82a52d0a0 JavaThread "Common-Cleaner"             daemon [_thread_blocked, id=13796, stack(0x000000ae8b500000,0x000000ae8b600000) (1024K)]
  0x000001b82a52d730 JavaThread "Notification Thread"        daemon [_thread_blocked, id=23588, stack(0x000000ae8b700000,0x000000ae8b800000) (1024K)]
  0x000001b82a52ddc0 JavaThread "Active Thread: Equinox Container: b7161f16-7b75-42f8-94bb-b238ce6c7850"        [_thread_blocked, id=15444, stack(0x000000ae8be00000,0x000000ae8bf00000) (1024K)]
  0x000001b82a52e450 JavaThread "Refresh Thread: Equinox Container: b7161f16-7b75-42f8-94bb-b238ce6c7850" daemon [_thread_blocked, id=25860, stack(0x000000ae8c000000,0x000000ae8c100000) (1024K)]
  0x000001b82a52afd0 JavaThread "Framework Event Dispatcher: Equinox Container: b7161f16-7b75-42f8-94bb-b238ce6c7850" daemon [_thread_blocked, id=3356, stack(0x000000ae8c100000,0x000000ae8c200000) (1024K)]
  0x000001b86e933dd0 JavaThread "Start Level: Equinox Container: b7161f16-7b75-42f8-94bb-b238ce6c7850" daemon [_thread_blocked, id=27536, stack(0x000000ae8c200000,0x000000ae8c300000) (1024K)]
  0x000001b86e931d00 JavaThread "Bundle File Closer"         daemon [_thread_blocked, id=27308, stack(0x000000ae8c600000,0x000000ae8c700000) (1024K)]
  0x000001b86e934460 JavaThread "SCR Component Actor"        daemon [_thread_blocked, id=27612, stack(0x000000ae8c700000,0x000000ae8c800000) (1024K)]
  0x000001b86e930fe0 JavaThread "Worker-JM"                         [_thread_blocked, id=11736, stack(0x000000ae8ca00000,0x000000ae8cb00000) (1024K)]
  0x000001b86e92ef10 JavaThread "JNA Cleaner"                daemon [_thread_blocked, id=27620, stack(0x000000ae8cc00000,0x000000ae8cd00000) (1024K)]
  0x000001b86e9302c0 JavaThread "Worker-0: Send Classpath Notifications"        [_thread_blocked, id=24828, stack(0x000000ae8cd00000,0x000000ae8ce00000) (1024K)]
  0x000001b86e935180 JavaThread "Worker-1"                          [_thread_blocked, id=9620, stack(0x000000ae8ce00000,0x000000ae8cf00000) (1024K)]
  0x000001b86e932390 JavaThread "Java indexing"              daemon [_thread_blocked, id=6964, stack(0x000000ae8cf00000,0x000000ae8d000000) (1024K)]
  0x000001b86e930950 JavaThread "Worker-2"                          [_thread_blocked, id=20828, stack(0x000000ae8d000000,0x000000ae8d100000) (1024K)]
  0x000001b86e931670 JavaThread "Worker-3"                          [_thread_blocked, id=23060, stack(0x000000ae8d100000,0x000000ae8d200000) (1024K)]
  0x000001b86e92e1f0 JavaThread "Worker-4"                          [_thread_blocked, id=26748, stack(0x000000ae8d200000,0x000000ae8d300000) (1024K)]
  0x000001b86e932a20 JavaThread "Thread-2"                   daemon [_thread_in_native, id=6288, stack(0x000000ae8d300000,0x000000ae8d400000) (1024K)]
  0x000001b86e92e880 JavaThread "Thread-3"                   daemon [_thread_in_native, id=17480, stack(0x000000ae8d400000,0x000000ae8d500000) (1024K)]
  0x000001b86e92f5a0 JavaThread "Thread-4"                   daemon [_thread_in_native, id=15420, stack(0x000000ae8d500000,0x000000ae8d600000) (1024K)]
  0x000001b86e9330b0 JavaThread "Thread-5"                   daemon [_thread_in_native, id=18588, stack(0x000000ae8d600000,0x000000ae8d700000) (1024K)]
  0x000001b86e92fc30 JavaThread "Thread-6"                   daemon [_thread_in_native, id=8804, stack(0x000000ae8d700000,0x000000ae8d800000) (1024K)]
  0x000001b86e933740 JavaThread "Thread-7"                   daemon [_thread_in_native, id=27120, stack(0x000000ae8d800000,0x000000ae8d900000) (1024K)]
  0x000001b8738929a0 JavaThread "Thread-8"                   daemon [_thread_in_native, id=26380, stack(0x000000ae8d900000,0x000000ae8da00000) (1024K)]
  0x000001b873895e20 JavaThread "Thread-9"                   daemon [_thread_in_native, id=24432, stack(0x000000ae8da00000,0x000000ae8db00000) (1024K)]
  0x000001b8738908d0 JavaThread "Thread-10"                  daemon [_thread_in_native, id=11648, stack(0x000000ae8db00000,0x000000ae8dc00000) (1024K)]
  0x000001b8738936c0 JavaThread "Thread-11"                  daemon [_thread_in_native, id=14868, stack(0x000000ae8dc00000,0x000000ae8dd00000) (1024K)]
  0x000001b873895100 JavaThread "Thread-12"                  daemon [_thread_in_native, id=22236, stack(0x000000ae8dd00000,0x000000ae8de00000) (1024K)]
  0x000001b873890f60 JavaThread "Thread-13"                  daemon [_thread_in_native, id=1592, stack(0x000000ae8de00000,0x000000ae8df00000) (1024K)]
  0x000001b873895790 JavaThread "Thread-14"                  daemon [_thread_in_native, id=17604, stack(0x000000ae8df00000,0x000000ae8e000000) (1024K)]
  0x000001b873890240 JavaThread "Thread-15"                  daemon [_thread_in_native, id=5056, stack(0x000000ae8e000000,0x000000ae8e100000) (1024K)]
  0x000001b8738915f0 JavaThread "Thread-16"                  daemon [_thread_in_native, id=24532, stack(0x000000ae8e100000,0x000000ae8e200000) (1024K)]
  0x000001b873891c80 JavaThread "Thread-17"                  daemon [_thread_in_native, id=4344, stack(0x000000ae8e200000,0x000000ae8e300000) (1024K)]
  0x000001b873893d50 JavaThread "Thread-18"                  daemon [_thread_in_native, id=24156, stack(0x000000ae8e300000,0x000000ae8e400000) (1024K)]
  0x000001b87388ee90 JavaThread "pool-2-thread-1"                   [_thread_blocked, id=7544, stack(0x000000ae8e400000,0x000000ae8e500000) (1024K)]
  0x000001b873894a70 JavaThread "WorkspaceEventsHandler"            [_thread_blocked, id=22084, stack(0x000000ae8e500000,0x000000ae8e600000) (1024K)]
  0x000001b873892310 JavaThread "pool-1-thread-1"                   [_thread_blocked, id=22292, stack(0x000000ae8e600000,0x000000ae8e700000) (1024K)]
  0x000001b8738943e0 JavaThread "Worker-5"                          [_thread_blocked, id=16828, stack(0x000000ae8e700000,0x000000ae8e800000) (1024K)]
  0x000001b87388fbb0 JavaThread "LocalFile Deleter"          daemon [_thread_blocked, id=26348, stack(0x000000ae8e800000,0x000000ae8e900000) (1024K)]
  0x000001b873f3f3e0 JavaThread "LocalFile Deleter"          daemon [_thread_blocked, id=26112, stack(0x000000ae8e900000,0x000000ae8ea00000) (1024K)]
  0x000001b873f3fa70 JavaThread "LocalFile Deleter"          daemon [_thread_blocked, id=18900, stack(0x000000ae8ea00000,0x000000ae8eb00000) (1024K)]
  0x000001b873f414b0 JavaThread "LocalFile Deleter"          daemon [_thread_blocked, id=23888, stack(0x000000ae8eb00000,0x000000ae8ec00000) (1024K)]
  0x000001b873f40100 JavaThread "LocalFile Deleter"          daemon [_thread_blocked, id=25224, stack(0x000000ae8ec00000,0x000000ae8ed00000) (1024K)]
  0x000001b873f40790 JavaThread "LocalFile Deleter"          daemon [_thread_blocked, id=21656, stack(0x000000ae8ed00000,0x000000ae8ee00000) (1024K)]
  0x000001b873f40e20 JavaThread "LocalFile Deleter"          daemon [_thread_blocked, id=25964, stack(0x000000ae8ee00000,0x000000ae8ef00000) (1024K)]
  0x000001b873f3e030 JavaThread "LocalFile Deleter"          daemon [_thread_blocked, id=2016, stack(0x000000ae8ef00000,0x000000ae8f000000) (1024K)]
  0x000001b873f3e6c0 JavaThread "LocalFile Deleter"          daemon [_thread_blocked, id=23816, stack(0x000000ae8f000000,0x000000ae8f100000) (1024K)]
  0x000001b873f3ed50 JavaThread "LocalFile Deleter"          daemon [_thread_blocked, id=26444, stack(0x000000ae8f100000,0x000000ae8f200000) (1024K)]
  0x000001b87d5238e0 JavaThread "LocalFile Deleter"          daemon [_thread_blocked, id=11600, stack(0x000000ae8f200000,0x000000ae8f300000) (1024K)]
  0x000001b87d528110 JavaThread "LocalFile Deleter"          daemon [_thread_blocked, id=23712, stack(0x000000ae8f300000,0x000000ae8f400000) (1024K)]
  0x000001b87d52a1e0 JavaThread "LocalFile Deleter"          daemon [_thread_blocked, id=23728, stack(0x000000ae8f400000,0x000000ae8f500000) (1024K)]
  0x000001b87d526d60 JavaThread "LocalFile Deleter"          daemon [_thread_blocked, id=25424, stack(0x000000ae8f500000,0x000000ae8f600000) (1024K)]
  0x000001b87d526040 JavaThread "LocalFile Deleter"          daemon [_thread_blocked, id=24512, stack(0x000000ae8f600000,0x000000ae8f700000) (1024K)]
  0x000001b87d523250 JavaThread "LocalFile Deleter"          daemon [_thread_blocked, id=2140, stack(0x000000ae8f700000,0x000000ae8f800000) (1024K)]
  0x000001b87d5287a0 JavaThread "Compiler Source File Reader" daemon [_thread_blocked, id=1944, stack(0x000000ae8f800000,0x000000ae8f900000) (1024K)]
  0x000001b87d524c90 JavaThread "Compiler Source File Reader" daemon [_thread_blocked, id=16124, stack(0x000000ae8f900000,0x000000ae8fa00000) (1024K)]
  0x000001b87d528e30 JavaThread "Compiler Source File Reader" daemon [_thread_blocked, id=20236, stack(0x000000ae8fa00000,0x000000ae8fb00000) (1024K)]
  0x000001b87d52a870 JavaThread "Compiler Source File Reader" daemon [_thread_blocked, id=27576, stack(0x000000ae8fb00000,0x000000ae8fc00000) (1024K)]
  0x000001b87d5273f0 JavaThread "Compiler Source File Reader" daemon [_thread_blocked, id=16332, stack(0x000000ae8fc00000,0x000000ae8fd00000) (1024K)]
  0x000001b87d527a80 JavaThread "Compiler Source File Reader" daemon [_thread_blocked, id=22552, stack(0x000000ae8fd00000,0x000000ae8fe00000) (1024K)]
  0x000001b87d524600 JavaThread "Compiler Source File Reader" daemon [_thread_blocked, id=3232, stack(0x000000ae8fe00000,0x000000ae8ff00000) (1024K)]
  0x000001b87d523f70 JavaThread "Compiler Source File Reader" daemon [_thread_blocked, id=26824, stack(0x000000ae8ff00000,0x000000ae90000000) (1024K)]
  0x000001b87d525320 JavaThread "Compiler Source File Reader" daemon [_thread_blocked, id=4760, stack(0x000000ae90000000,0x000000ae90100000) (1024K)]
  0x000001b87d5259b0 JavaThread "Compiler Source File Reader" daemon [_thread_blocked, id=27288, stack(0x000000ae90100000,0x000000ae90200000) (1024K)]
  0x000001b87d529b50 JavaThread "Compiler Source File Reader" daemon [_thread_blocked, id=14832, stack(0x000000ae90200000,0x000000ae90300000) (1024K)]
  0x000001b87d5294c0 JavaThread "Compiler Source File Reader" daemon [_thread_blocked, id=21536, stack(0x000000ae90300000,0x000000ae90400000) (1024K)]
  0x000001b87d5266d0 JavaThread "Compiler Source File Reader" daemon [_thread_blocked, id=24528, stack(0x000000ae90400000,0x000000ae90500000) (1024K)]
  0x000001b87e21e930 JavaThread "Compiler Source File Reader" daemon [_thread_blocked, id=16432, stack(0x000000ae90500000,0x000000ae90600000) (1024K)]
  0x000001b87e21e2a0 JavaThread "Compiler Processing Task"   daemon [_thread_blocked, id=16972, stack(0x000000ae90600000,0x000000ae90700000) (1024K)]
  0x000001b87e21dc10 JavaThread "Compiler Class File Writer" daemon [_thread_blocked, id=26988, stack(0x000000ae8c800000,0x000000ae8c900000) (1024K)]
  0x000001b87e21efc0 JavaThread "Compiler Class File Writer" daemon [_thread_blocked, id=25548, stack(0x000000ae90700000,0x000000ae90800000) (1024K)]
  0x000001b87e21f650 JavaThread "Compiler Class File Writer" daemon [_thread_blocked, id=22572, stack(0x000000ae90800000,0x000000ae90900000) (1024K)]
  0x000001b87e2186c0 JavaThread "Compiler Class File Writer" daemon [_thread_blocked, id=26892, stack(0x000000ae90900000,0x000000ae90a00000) (1024K)]
  0x000001b87e218d50 JavaThread "Compiler Class File Writer" daemon [_thread_blocked, id=17304, stack(0x000000ae90a00000,0x000000ae90b00000) (1024K)]
  0x000001b87e21fce0 JavaThread "Compiler Class File Writer" daemon [_thread_blocked, id=25448, stack(0x000000ae90b00000,0x000000ae90c00000) (1024K)]
  0x000001b87e219a70 JavaThread "Compiler Class File Writer" daemon [_thread_blocked, id=20288, stack(0x000000ae90c00000,0x000000ae90d00000) (1024K)]
  0x000001b87e2193e0 JavaThread "Compiler Class File Writer" daemon [_thread_blocked, id=3552, stack(0x000000ae90d00000,0x000000ae90e00000) (1024K)]
  0x000001b87e21a100 JavaThread "Compiler Class File Writer" daemon [_thread_blocked, id=26760, stack(0x000000ae90e00000,0x000000ae90f00000) (1024K)]
  0x000001b87e21ae20 JavaThread "Compiler Class File Writer" daemon [_thread_blocked, id=26588, stack(0x000000ae90f00000,0x000000ae91000000) (1024K)]
  0x000001b87e21bb40 JavaThread "Compiler Class File Writer" daemon [_thread_blocked, id=18064, stack(0x000000ae91000000,0x000000ae91100000) (1024K)]
  0x000001b87e21a790 JavaThread "Compiler Class File Writer" daemon [_thread_blocked, id=14660, stack(0x000000ae91100000,0x000000ae91200000) (1024K)]
  0x000001b87e21b4b0 JavaThread "Compiler Class File Writer" daemon [_thread_blocked, id=23904, stack(0x000000ae91200000,0x000000ae91300000) (1024K)]
  0x000001b87e21c1d0 JavaThread "Compiler Class File Writer" daemon [_thread_blocked, id=22664, stack(0x000000ae91300000,0x000000ae91400000) (1024K)]
  0x000001b87d0935b0 JavaThread "ForkJoinPool.commonPool-worker-1" daemon [_thread_blocked, id=24184, stack(0x000000ae8b600000,0x000000ae8b700000) (1024K)]
  0x000001b87d092200 JavaThread "ForkJoinPool.commonPool-worker-2" daemon [_thread_blocked, id=21920, stack(0x000000ae91500000,0x000000ae91600000) (1024K)]
  0x000001b87d08c620 JavaThread "ForkJoinPool.commonPool-worker-3" daemon [_thread_blocked, id=13128, stack(0x000000ae91700000,0x000000ae91800000) (1024K)]
  0x000001b87d08e060 JavaThread "ForkJoinPool.commonPool-worker-4" daemon [_thread_blocked, id=23116, stack(0x000000ae91800000,0x000000ae91900000) (1024K)]
  0x000001b87d090e50 JavaThread "ForkJoinPool.commonPool-worker-5" daemon [_thread_blocked, id=2528, stack(0x000000ae91900000,0x000000ae91a00000) (1024K)]
  0x000001b87d08e6f0 JavaThread "ForkJoinPool.commonPool-worker-6" daemon [_thread_blocked, id=25576, stack(0x000000ae91a00000,0x000000ae91b00000) (1024K)]
  0x000001b87d08ccb0 JavaThread "ForkJoinPool.commonPool-worker-7" daemon [_thread_blocked, id=25516, stack(0x000000ae91b00000,0x000000ae91c00000) (1024K)]
  0x000001b87d08faa0 JavaThread "ForkJoinPool.commonPool-worker-8" daemon [_thread_blocked, id=2556, stack(0x000000ae91c00000,0x000000ae91d00000) (1024K)]
  0x000001b87d090130 JavaThread "ForkJoinPool.commonPool-worker-9" daemon [_thread_blocked, id=20972, stack(0x000000ae91e00000,0x000000ae91f00000) (1024K)]
  0x000001b87d08ed80 JavaThread "ForkJoinPool.commonPool-worker-10" daemon [_thread_blocked, id=12248, stack(0x000000ae91f00000,0x000000ae92000000) (1024K)]
  0x000001b87d0914e0 JavaThread "ForkJoinPool.commonPool-worker-11" daemon [_thread_blocked, id=22816, stack(0x000000ae92000000,0x000000ae92100000) (1024K)]
  0x000001b87d08f410 JavaThread "Cleaner-0"                  daemon [_thread_blocked, id=416, stack(0x000000ae92400000,0x000000ae92500000) (1024K)]
  0x000001b8738964b0 JavaThread "ForkJoinPool.commonPool-worker-12" daemon [_thread_blocked, id=20076, stack(0x000000ae92500000,0x000000ae92600000) (1024K)]
  0x000001b87e21d580 JavaThread "ForkJoinPool.commonPool-worker-13" daemon [_thread_blocked, id=22928, stack(0x000000ae92600000,0x000000ae92700000) (1024K)]
  0x000001b87ecb3240 JavaThread "ForkJoinPool.commonPool-worker-14" daemon [_thread_blocked, id=10380, stack(0x000000ae92700000,0x000000ae92800000) (1024K)]
  0x000001b87ecb0ae0 JavaThread "ForkJoinPool.commonPool-worker-15" daemon [_thread_blocked, id=27148, stack(0x000000ae92800000,0x000000ae92900000) (1024K)]
Total: 107

Other Threads:
  0x000001b86c815820 VMThread "VM Thread"                           [id=11724, stack(0x000000ae8ac00000,0x000000ae8ad00000) (1024K)]
  0x000001b82a41cb20 WatcherThread "VM Periodic Task Thread"        [id=22892, stack(0x000000ae8ab00000,0x000000ae8ac00000) (1024K)]
  0x000001b816196550 WorkerThread "GC Thread#0"                     [id=25968, stack(0x000000ae8aa00000,0x000000ae8ab00000) (1024K)]
  0x000001b86e3af1b0 WorkerThread "GC Thread#1"                     [id=24416, stack(0x000000ae8b800000,0x000000ae8b900000) (1024K)]
  0x000001b86e4f75a0 WorkerThread "GC Thread#2"                     [id=21160, stack(0x000000ae8b900000,0x000000ae8ba00000) (1024K)]
  0x000001b86e4f7940 WorkerThread "GC Thread#3"                     [id=24448, stack(0x000000ae8ba00000,0x000000ae8bb00000) (1024K)]
  0x000001b86e4fb910 WorkerThread "GC Thread#4"                     [id=23544, stack(0x000000ae8bb00000,0x000000ae8bc00000) (1024K)]
  0x000001b86e4fbcb0 WorkerThread "GC Thread#5"                     [id=22748, stack(0x000000ae8bc00000,0x000000ae8bd00000) (1024K)]
  0x000001b86e514620 WorkerThread "GC Thread#6"                     [id=5860, stack(0x000000ae8bd00000,0x000000ae8be00000) (1024K)]
  0x000001b86e7896a0 WorkerThread "GC Thread#7"                     [id=14900, stack(0x000000ae8bf00000,0x000000ae8c000000) (1024K)]
  0x000001b86e788820 WorkerThread "GC Thread#8"                     [id=27636, stack(0x000000ae8c300000,0x000000ae8c400000) (1024K)]
  0x000001b86e789de0 WorkerThread "GC Thread#9"                     [id=9660, stack(0x000000ae8c400000,0x000000ae8c500000) (1024K)]
  0x000001b86e788bc0 WorkerThread "GC Thread#10"                    [id=13204, stack(0x000000ae8c500000,0x000000ae8c600000) (1024K)]
  0x000001b86e788f60 WorkerThread "GC Thread#11"                    [id=23504, stack(0x000000ae8c900000,0x000000ae8ca00000) (1024K)]
  0x000001b87321f320 WorkerThread "GC Thread#12"                    [id=23944, stack(0x000000ae8cb00000,0x000000ae8cc00000) (1024K)]
Total: 15

Threads with active compile tasks:
C2 CompilerThread0  54426 16354       4       org.eclipse.jdt.internal.compiler.lookup.LookupEnvironment::getTypeFromTypeSignature (770 bytes)
Total: 1

VM state: not at safepoint (normal execution)

VM Mutex/Monitor currently owned by a thread: None

Heap address: 0x00000000c0000000, size: 1024 MB, Compressed Oops mode: 32-bit

CDS archive(s) mapped at: [0x000001b82b000000-0x000001b82bba0000-0x000001b82bba0000), size 12189696, SharedBaseAddress: 0x000001b82b000000, ArchiveRelocationMode: 1.
Compressed class space mapped at: 0x000001b82c000000-0x000001b86c000000, reserved size: 1073741824
Narrow klass base: 0x000001b82b000000, Narrow klass shift: 0, Narrow klass range: 0x100000000

GC Precious Log:
 CardTable entry size: 512
 CPUs: 16 total, 16 available
 Memory: 5996M
 Large Page Support: Disabled
 NUMA Support: Disabled
 Compressed Oops: Enabled (32-bit)
 Alignments: Space 512K, Generation 512K, Heap 2M
 Heap Min Capacity: 100M
 Heap Initial Capacity: 100M
 Heap Max Capacity: 1G
 Pre-touch: Disabled
 Parallel Workers: 13

Heap:
 PSYoungGen      total 48128K, used 13773K [0x00000000eab00000, 0x00000000ee780000, 0x0000000100000000)
  eden space 36864K, 6% used [0x00000000eab00000,0x00000000ead820e0,0x00000000ecf00000)
  from space 11264K, 99% used [0x00000000edc80000,0x00000000ee771628,0x00000000ee780000)
  to   space 11776K, 0% used [0x00000000ed080000,0x00000000ed080000,0x00000000edc00000)
 ParOldGen       total 290816K, used 290587K [0x00000000c0000000, 0x00000000d1c00000, 0x00000000eab00000)
  object space 290816K, 99% used [0x00000000c0000000,0x00000000d1bc6c50,0x00000000d1c00000)
 Metaspace       used 72956K, committed 74688K, reserved 1179648K
  class space    used 7218K, committed 8000K, reserved 1048576K

Card table byte_map: [0x000001b815af0000,0x000001b815d00000] _byte_map_base: 0x000001b8154f0000

Marking Bits: (ParMarkBitMap*) 0x00007ff8e02831f0
 Begin Bits: [0x000001b828340000, 0x000001b829340000)
 End Bits:   [0x000001b829340000, 0x000001b82a340000)

Polling page: 0x000001b813fc0000

Metaspace:

Usage:
  Non-class:     64.20 MB used.
      Class:      7.05 MB used.
       Both:     71.25 MB used.

Virtual space:
  Non-class space:      128.00 MB reserved,      65.12 MB ( 51%) committed,  2 nodes.
      Class space:        1.00 GB reserved,       7.81 MB ( <1%) committed,  1 nodes.
             Both:        1.12 GB reserved,      72.94 MB (  6%) committed. 

Chunk freelists:
   Non-Class:  14.56 MB
       Class:  8.17 MB
        Both:  22.73 MB

MaxMetaspaceSize: unlimited
CompressedClassSpaceSize: 1.00 GB
Initial GC threshold: 21.00 MB
Current GC threshold: 115.12 MB
CDS: on
 - commit_granule_bytes: 65536.
 - commit_granule_words: 8192.
 - virtual_space_node_default_size: 8388608.
 - enlarge_chunks_in_place: 1.
 - use_allocation_guard: 0.


Internal statistics:

num_allocs_failed_limit: 9.
num_arena_births: 1426.
num_arena_deaths: 36.
num_vsnodes_births: 3.
num_vsnodes_deaths: 0.
num_space_committed: 1167.
num_space_uncommitted: 0.
num_chunks_returned_to_freelist: 56.
num_chunks_taken_from_freelist: 4972.
num_chunk_merges: 23.
num_chunk_splits: 3035.
num_chunks_enlarged: 1653.
num_inconsistent_stats: 0.

CodeHeap 'non-profiled nmethods': size=119168Kb used=6841Kb max_used=6841Kb free=112326Kb
 bounds [0x000001b820ee0000, 0x000001b821590000, 0x000001b828340000]
CodeHeap 'profiled nmethods': size=119104Kb used=27201Kb max_used=29204Kb free=91902Kb
 bounds [0x000001b819340000, 0x000001b81b000000, 0x000001b820790000]
CodeHeap 'non-nmethods': size=7488Kb used=1474Kb max_used=2686Kb free=6013Kb
 bounds [0x000001b820790000, 0x000001b820a40000, 0x000001b820ee0000]
 total_blobs=13634 nmethods=12839 adapters=699
 compilation: enabled
              stopped_count=0, restarted_count=0
 full_count=0

Compilation events (20 events):
Event: 53.067 Thread 0x000001b82a53b740 nmethod 16272 0x000001b821576f90 code [0x000001b821577160, 0x000001b8215774d0]
Event: 53.067 Thread 0x000001b82a53b740 16331       4       org.eclipse.jdt.internal.compiler.lookup.BinaryTypeBinding::createMethod (1666 bytes)
Event: 53.435 Thread 0x000001b86c819fe0 16471       2       java.util.concurrent.ForkJoinPool::poolSubmit (73 bytes)
Event: 53.436 Thread 0x000001b86c819fe0 nmethod 16471 0x000001b81aba1d90 code [0x000001b81aba1f80, 0x000001b81aba22a0]
Event: 53.762 Thread 0x000001b82a53b740 nmethod 16331 0x000001b821577910 code [0x000001b8215784c0, 0x000001b821583d28]
Event: 53.765 Thread 0x000001b82a53b740 16271       4       java.lang.Class::searchFields (43 bytes)
Event: 53.772 Thread 0x000001b82a53b740 nmethod 16271 0x000001b82158b990 code [0x000001b82158bb20, 0x000001b82158bfb8]
Event: 53.772 Thread 0x000001b82a53b740 16304       4       org.eclipse.jdt.internal.core.JavaElement::getAncestor (30 bytes)
Event: 53.774 Thread 0x000001b82a53b740 nmethod 16304 0x000001b82158c190 code [0x000001b82158c320, 0x000001b82158c3f8]
Event: 53.774 Thread 0x000001b82a53b740 16365       4       org.eclipse.jdt.internal.core.util.Util::equalArraysOrNull (72 bytes)
Event: 53.778 Thread 0x000001b82a53b740 nmethod 16365 0x000001b82158c510 code [0x000001b82158c6c0, 0x000001b82158c9c8]
Event: 53.778 Thread 0x000001b82a53b740 16290       4       org.eclipse.core.runtime.Path::computeHashCode (47 bytes)
Event: 53.781 Thread 0x000001b82a53b740 nmethod 16290 0x000001b82158cb90 code [0x000001b82158cd40, 0x000001b82158cfb0]
Event: 53.781 Thread 0x000001b82a53b740 16362       4       org.eclipse.jdt.internal.compiler.lookup.TypeSystem$HashedParameterizedTypes$PTBKey::hashCode (96 bytes)
Event: 53.785 Thread 0x000001b82a53b740 nmethod 16362 0x000001b82158d190 code [0x000001b82158d360, 0x000001b82158d728]
Event: 53.785 Thread 0x000001b82a53b740 16370       4       org.eclipse.jdt.internal.compiler.util.HashtableOfType::get (68 bytes)
Event: 53.789 Thread 0x000001b82a53b740 nmethod 16370 0x000001b82158d990 code [0x000001b82158db60, 0x000001b82158e170]
Event: 53.789 Thread 0x000001b82a53b740 16382       4       org.eclipse.jdt.internal.compiler.util.Util::effectivelyEqual (73 bytes)
Event: 53.791 Thread 0x000001b82a53b740 nmethod 16382 0x000001b82158e390 code [0x000001b82158e520, 0x000001b82158e648]
Event: 53.791 Thread 0x000001b82a53b740 16354       4       org.eclipse.jdt.internal.compiler.lookup.LookupEnvironment::getTypeFromTypeSignature (770 bytes)

GC Heap History (20 events):
Event: 42.565 GC heap before
{Heap before GC invocations=1337 (full 5):
 PSYoungGen      total 41984K, used 41984K [0x00000000eab00000, 0x00000000ed680000, 0x0000000100000000)
  eden space 41472K, 100% used [0x00000000eab00000,0x00000000ed380000,0x00000000ed380000)
  from space 512K, 100% used [0x00000000ed600000,0x00000000ed680000,0x00000000ed680000)
  to   space 1024K, 0% used [0x00000000ed480000,0x00000000ed480000,0x00000000ed580000)
 ParOldGen       total 280064K, used 275412K [0x00000000c0000000, 0x00000000d1180000, 0x00000000eab00000)
  object space 280064K, 98% used [0x00000000c0000000,0x00000000d0cf5240,0x00000000d1180000)
 Metaspace       used 69292K, committed 70976K, reserved 1114112K
  class space    used 6918K, committed 7680K, reserved 1048576K
}
Event: 42.567 GC heap after
{Heap after GC invocations=1337 (full 5):
 PSYoungGen      total 41984K, used 622K [0x00000000eab00000, 0x00000000ed680000, 0x0000000100000000)
  eden space 40960K, 0% used [0x00000000eab00000,0x00000000eab00000,0x00000000ed300000)
  from space 1024K, 60% used [0x00000000ed480000,0x00000000ed51bb00,0x00000000ed580000)
  to   space 1024K, 0% used [0x00000000ed580000,0x00000000ed580000,0x00000000ed680000)
 ParOldGen       total 280064K, used 275612K [0x00000000c0000000, 0x00000000d1180000, 0x00000000eab00000)
  object space 280064K, 98% used [0x00000000c0000000,0x00000000d0d27240,0x00000000d1180000)
 Metaspace       used 69292K, committed 70976K, reserved 1114112K
  class space    used 6918K, committed 7680K, reserved 1048576K
}
Event: 42.634 GC heap before
{Heap before GC invocations=1338 (full 5):
 PSYoungGen      total 41984K, used 41582K [0x00000000eab00000, 0x00000000ed680000, 0x0000000100000000)
  eden space 40960K, 100% used [0x00000000eab00000,0x00000000ed300000,0x00000000ed300000)
  from space 1024K, 60% used [0x00000000ed480000,0x00000000ed51bb00,0x00000000ed580000)
  to   space 1024K, 0% used [0x00000000ed580000,0x00000000ed580000,0x00000000ed680000)
 ParOldGen       total 280064K, used 275612K [0x00000000c0000000, 0x00000000d1180000, 0x00000000eab00000)
  object space 280064K, 98% used [0x00000000c0000000,0x00000000d0d27240,0x00000000d1180000)
 Metaspace       used 69343K, committed 71040K, reserved 1114112K
  class space    used 6924K, committed 7680K, reserved 1048576K
}
Event: 42.639 GC heap after
{Heap after GC invocations=1338 (full 5):
 PSYoungGen      total 41472K, used 576K [0x00000000eab00000, 0x00000000ed680000, 0x0000000100000000)
  eden space 40448K, 0% used [0x00000000eab00000,0x00000000eab00000,0x00000000ed280000)
  from space 1024K, 56% used [0x00000000ed580000,0x00000000ed610000,0x00000000ed680000)
  to   space 1024K, 0% used [0x00000000ed480000,0x00000000ed480000,0x00000000ed580000)
 ParOldGen       total 280064K, used 276797K [0x00000000c0000000, 0x00000000d1180000, 0x00000000eab00000)
  object space 280064K, 98% used [0x00000000c0000000,0x00000000d0e4f640,0x00000000d1180000)
 Metaspace       used 69343K, committed 71040K, reserved 1114112K
  class space    used 6924K, committed 7680K, reserved 1048576K
}
Event: 42.690 GC heap before
{Heap before GC invocations=1339 (full 5):
 PSYoungGen      total 41472K, used 41024K [0x00000000eab00000, 0x00000000ed680000, 0x0000000100000000)
  eden space 40448K, 100% used [0x00000000eab00000,0x00000000ed280000,0x00000000ed280000)
  from space 1024K, 56% used [0x00000000ed580000,0x00000000ed610000,0x00000000ed680000)
  to   space 1024K, 0% used [0x00000000ed480000,0x00000000ed480000,0x00000000ed580000)
 ParOldGen       total 280064K, used 276797K [0x00000000c0000000, 0x00000000d1180000, 0x00000000eab00000)
  object space 280064K, 98% used [0x00000000c0000000,0x00000000d0e4f640,0x00000000d1180000)
 Metaspace       used 69361K, committed 71040K, reserved 1114112K
  class space    used 6925K, committed 7680K, reserved 1048576K
}
Event: 42.692 GC heap after
{Heap after GC invocations=1339 (full 5):
 PSYoungGen      total 40960K, used 544K [0x00000000eab00000, 0x00000000ed600000, 0x0000000100000000)
  eden space 39936K, 0% used [0x00000000eab00000,0x00000000eab00000,0x00000000ed200000)
  from space 1024K, 53% used [0x00000000ed480000,0x00000000ed508000,0x00000000ed580000)
  to   space 512K, 0% used [0x00000000ed580000,0x00000000ed580000,0x00000000ed600000)
 ParOldGen       total 280064K, used 277125K [0x00000000c0000000, 0x00000000d1180000, 0x00000000eab00000)
  object space 280064K, 98% used [0x00000000c0000000,0x00000000d0ea1640,0x00000000d1180000)
 Metaspace       used 69361K, committed 71040K, reserved 1114112K
  class space    used 6925K, committed 7680K, reserved 1048576K
}
Event: 42.737 GC heap before
{Heap before GC invocations=1340 (full 5):
 PSYoungGen      total 40960K, used 40480K [0x00000000eab00000, 0x00000000ed600000, 0x0000000100000000)
  eden space 39936K, 100% used [0x00000000eab00000,0x00000000ed200000,0x00000000ed200000)
  from space 1024K, 53% used [0x00000000ed480000,0x00000000ed508000,0x00000000ed580000)
  to   space 512K, 0% used [0x00000000ed580000,0x00000000ed580000,0x00000000ed600000)
 ParOldGen       total 280064K, used 277125K [0x00000000c0000000, 0x00000000d1180000, 0x00000000eab00000)
  object space 280064K, 98% used [0x00000000c0000000,0x00000000d0ea1640,0x00000000d1180000)
 Metaspace       used 69389K, committed 71104K, reserved 1114112K
  class space    used 6925K, committed 7680K, reserved 1048576K
}
Event: 42.740 GC heap after
{Heap after GC invocations=1340 (full 5):
 PSYoungGen      total 39936K, used 500K [0x00000000eab00000, 0x00000000ed600000, 0x0000000100000000)
  eden space 39424K, 0% used [0x00000000eab00000,0x00000000eab00000,0x00000000ed180000)
  from space 512K, 97% used [0x00000000ed580000,0x00000000ed5fd200,0x00000000ed600000)
  to   space 1024K, 0% used [0x00000000ed400000,0x00000000ed400000,0x00000000ed500000)
 ParOldGen       total 280064K, used 277397K [0x00000000c0000000, 0x00000000d1180000, 0x00000000eab00000)
  object space 280064K, 99% used [0x00000000c0000000,0x00000000d0ee5640,0x00000000d1180000)
 Metaspace       used 69389K, committed 71104K, reserved 1114112K
  class space    used 6925K, committed 7680K, reserved 1048576K
}
Event: 42.791 GC heap before
{Heap before GC invocations=1341 (full 5):
 PSYoungGen      total 39936K, used 39924K [0x00000000eab00000, 0x00000000ed600000, 0x0000000100000000)
  eden space 39424K, 100% used [0x00000000eab00000,0x00000000ed180000,0x00000000ed180000)
  from space 512K, 97% used [0x00000000ed580000,0x00000000ed5fd200,0x00000000ed600000)
  to   space 1024K, 0% used [0x00000000ed400000,0x00000000ed400000,0x00000000ed500000)
 ParOldGen       total 280064K, used 277397K [0x00000000c0000000, 0x00000000d1180000, 0x00000000eab00000)
  object space 280064K, 99% used [0x00000000c0000000,0x00000000d0ee56a8,0x00000000d1180000)
 Metaspace       used 69404K, committed 71104K, reserved 1114112K
  class space    used 6925K, committed 7680K, reserved 1048576K
}
Event: 42.793 GC heap after
{Heap after GC invocations=1341 (full 5):
 PSYoungGen      total 40448K, used 800K [0x00000000eab00000, 0x00000000ed600000, 0x0000000100000000)
  eden space 39424K, 0% used [0x00000000eab00000,0x00000000eab00000,0x00000000ed180000)
  from space 1024K, 78% used [0x00000000ed400000,0x00000000ed4c8000,0x00000000ed500000)
  to   space 1024K, 0% used [0x00000000ed500000,0x00000000ed500000,0x00000000ed600000)
 ParOldGen       total 280064K, used 277677K [0x00000000c0000000, 0x00000000d1180000, 0x00000000eab00000)
  object space 280064K, 99% used [0x00000000c0000000,0x00000000d0f2b6a8,0x00000000d1180000)
 Metaspace       used 69404K, committed 71104K, reserved 1114112K
  class space    used 6925K, committed 7680K, reserved 1048576K
}
Event: 42.843 GC heap before
{Heap before GC invocations=1342 (full 5):
 PSYoungGen      total 40448K, used 40224K [0x00000000eab00000, 0x00000000ed600000, 0x0000000100000000)
  eden space 39424K, 100% used [0x00000000eab00000,0x00000000ed180000,0x00000000ed180000)
  from space 1024K, 78% used [0x00000000ed400000,0x00000000ed4c8000,0x00000000ed500000)
  to   space 1024K, 0% used [0x00000000ed500000,0x00000000ed500000,0x00000000ed600000)
 ParOldGen       total 280064K, used 277679K [0x00000000c0000000, 0x00000000d1180000, 0x00000000eab00000)
  object space 280064K, 99% used [0x00000000c0000000,0x00000000d0f2bdb8,0x00000000d1180000)
 Metaspace       used 69405K, committed 71104K, reserved 1114112K
  class space    used 6925K, committed 7680K, reserved 1048576K
}
Event: 42.846 GC heap after
{Heap after GC invocations=1342 (full 5):
 PSYoungGen      total 39936K, used 992K [0x00000000eab00000, 0x00000000ed600000, 0x0000000100000000)
  eden space 38912K, 0% used [0x00000000eab00000,0x00000000eab00000,0x00000000ed100000)
  from space 1024K, 96% used [0x00000000ed500000,0x00000000ed5f8000,0x00000000ed600000)
  to   space 1536K, 0% used [0x00000000ed300000,0x00000000ed300000,0x00000000ed480000)
 ParOldGen       total 280064K, used 277679K [0x00000000c0000000, 0x00000000d1180000, 0x00000000eab00000)
  object space 280064K, 99% used [0x00000000c0000000,0x00000000d0f2bdb8,0x00000000d1180000)
 Metaspace       used 69405K, committed 71104K, reserved 1114112K
  class space    used 6925K, committed 7680K, reserved 1048576K
}
Event: 43.041 GC heap before
{Heap before GC invocations=1343 (full 5):
 PSYoungGen      total 39936K, used 39904K [0x00000000eab00000, 0x00000000ed600000, 0x0000000100000000)
  eden space 38912K, 100% used [0x00000000eab00000,0x00000000ed100000,0x00000000ed100000)
  from space 1024K, 96% used [0x00000000ed500000,0x00000000ed5f8000,0x00000000ed600000)
  to   space 1536K, 0% used [0x00000000ed300000,0x00000000ed300000,0x00000000ed480000)
 ParOldGen       total 280064K, used 277679K [0x00000000c0000000, 0x00000000d1180000, 0x00000000eab00000)
  object space 280064K, 99% used [0x00000000c0000000,0x00000000d0f2bdb8,0x00000000d1180000)
 Metaspace       used 69855K, committed 71552K, reserved 1114112K
  class space    used 6977K, committed 7744K, reserved 1048576K
}
Event: 43.048 GC heap after
{Heap after GC invocations=1343 (full 5):
 PSYoungGen      total 39936K, used 1536K [0x00000000eab00000, 0x00000000edb80000, 0x0000000100000000)
  eden space 38400K, 0% used [0x00000000eab00000,0x00000000eab00000,0x00000000ed080000)
  from space 1536K, 100% used [0x00000000ed300000,0x00000000ed480000,0x00000000ed480000)
  to   space 5632K, 0% used [0x00000000ed600000,0x00000000ed600000,0x00000000edb80000)
 ParOldGen       total 281088K, used 280761K [0x00000000c0000000, 0x00000000d1280000, 0x00000000eab00000)
  object space 281088K, 99% used [0x00000000c0000000,0x00000000d122e5c0,0x00000000d1280000)
 Metaspace       used 69855K, committed 71552K, reserved 1114112K
  class space    used 6977K, committed 7744K, reserved 1048576K
}
Event: 43.268 GC heap before
{Heap before GC invocations=1344 (full 5):
 PSYoungGen      total 39936K, used 39927K [0x00000000eab00000, 0x00000000edb80000, 0x0000000100000000)
  eden space 38400K, 99% used [0x00000000eab00000,0x00000000ed07df48,0x00000000ed080000)
  from space 1536K, 100% used [0x00000000ed300000,0x00000000ed480000,0x00000000ed480000)
  to   space 5632K, 0% used [0x00000000ed600000,0x00000000ed600000,0x00000000edb80000)
 ParOldGen       total 281088K, used 280761K [0x00000000c0000000, 0x00000000d1280000, 0x00000000eab00000)
  object space 281088K, 99% used [0x00000000c0000000,0x00000000d122e5c0,0x00000000d1280000)
 Metaspace       used 70938K, committed 72576K, reserved 1114112K
  class space    used 7057K, committed 7808K, reserved 1048576K
}
Event: 43.272 GC heap after
{Heap after GC invocations=1344 (full 5):
 PSYoungGen      total 41472K, used 3124K [0x00000000eab00000, 0x00000000ed980000, 0x0000000100000000)
  eden space 37888K, 0% used [0x00000000eab00000,0x00000000eab00000,0x00000000ed000000)
  from space 3584K, 87% used [0x00000000ed600000,0x00000000ed90d2c0,0x00000000ed980000)
  to   space 4096K, 0% used [0x00000000ed180000,0x00000000ed180000,0x00000000ed580000)
 ParOldGen       total 281600K, used 281353K [0x00000000c0000000, 0x00000000d1300000, 0x00000000eab00000)
  object space 281600K, 99% used [0x00000000c0000000,0x00000000d12c25c0,0x00000000d1300000)
 Metaspace       used 70938K, committed 72576K, reserved 1114112K
  class space    used 7057K, committed 7808K, reserved 1048576K
}
Event: 43.544 GC heap before
{Heap before GC invocations=1345 (full 5):
 PSYoungGen      total 41472K, used 41012K [0x00000000eab00000, 0x00000000ed980000, 0x0000000100000000)
  eden space 37888K, 100% used [0x00000000eab00000,0x00000000ed000000,0x00000000ed000000)
  from space 3584K, 87% used [0x00000000ed600000,0x00000000ed90d2c0,0x00000000ed980000)
  to   space 4096K, 0% used [0x00000000ed180000,0x00000000ed180000,0x00000000ed580000)
 ParOldGen       total 281600K, used 281353K [0x00000000c0000000, 0x00000000d1300000, 0x00000000eab00000)
  object space 281600K, 99% used [0x00000000c0000000,0x00000000d12c25c0,0x00000000d1300000)
 Metaspace       used 71624K, committed 73344K, reserved 1179648K
  class space    used 7104K, committed 7872K, reserved 1048576K
}
Event: 43.554 GC heap after
{Heap after GC invocations=1345 (full 5):
 PSYoungGen      total 41472K, used 4085K [0x00000000eab00000, 0x00000000ee980000, 0x0000000100000000)
  eden space 37376K, 0% used [0x00000000eab00000,0x00000000eab00000,0x00000000ecf80000)
  from space 4096K, 99% used [0x00000000ed180000,0x00000000ed57d6a8,0x00000000ed580000)
  to   space 13312K, 0% used [0x00000000edc80000,0x00000000edc80000,0x00000000ee980000)
 ParOldGen       total 288768K, used 288741K [0x00000000c0000000, 0x00000000d1a00000, 0x00000000eab00000)
  object space 288768K, 99% used [0x00000000c0000000,0x00000000d19f9548,0x00000000d1a00000)
 Metaspace       used 71624K, committed 73344K, reserved 1179648K
  class space    used 7104K, committed 7872K, reserved 1048576K
}
Event: 52.836 GC heap before
{Heap before GC invocations=1346 (full 5):
 PSYoungGen      total 41472K, used 41461K [0x00000000eab00000, 0x00000000ee980000, 0x0000000100000000)
  eden space 37376K, 100% used [0x00000000eab00000,0x00000000ecf80000,0x00000000ecf80000)
  from space 4096K, 99% used [0x00000000ed180000,0x00000000ed57d6a8,0x00000000ed580000)
  to   space 13312K, 0% used [0x00000000edc80000,0x00000000edc80000,0x00000000ee980000)
 ParOldGen       total 288768K, used 288741K [0x00000000c0000000, 0x00000000d1a00000, 0x00000000eab00000)
  object space 288768K, 99% used [0x00000000c0000000,0x00000000d19f9548,0x00000000d1a00000)
 Metaspace       used 72905K, committed 74624K, reserved 1179648K
  class space    used 7216K, committed 8000K, reserved 1048576K
}
Event: 52.851 GC heap after
{Heap after GC invocations=1346 (full 5):
 PSYoungGen      total 48128K, used 11205K [0x00000000eab00000, 0x00000000ee780000, 0x0000000100000000)
  eden space 36864K, 0% used [0x00000000eab00000,0x00000000eab00000,0x00000000ecf00000)
  from space 11264K, 99% used [0x00000000edc80000,0x00000000ee771628,0x00000000ee780000)
  to   space 11776K, 0% used [0x00000000ed080000,0x00000000ed080000,0x00000000edc00000)
 ParOldGen       total 290816K, used 290587K [0x00000000c0000000, 0x00000000d1c00000, 0x00000000eab00000)
  object space 290816K, 99% used [0x00000000c0000000,0x00000000d1bc6c50,0x00000000d1c00000)
 Metaspace       used 72905K, committed 74624K, reserved 1179648K
  class space    used 7216K, committed 8000K, reserved 1048576K
}

Dll operation events (10 events):
Event: 0.013 Loaded shared library c:\Users\tanma\.vscode\extensions\redhat.java-1.42.0-win32-x64\jre\21.0.7-win32-x86_64\bin\java.dll
Event: 0.122 Loaded shared library c:\Users\tanma\.vscode\extensions\redhat.java-1.42.0-win32-x64\jre\21.0.7-win32-x86_64\bin\zip.dll
Event: 0.146 Loaded shared library C:\Users\tanma\.vscode\extensions\redhat.java-1.42.0-win32-x64\jre\21.0.7-win32-x86_64\bin\instrument.dll
Event: 0.152 Loaded shared library C:\Users\tanma\.vscode\extensions\redhat.java-1.42.0-win32-x64\jre\21.0.7-win32-x86_64\bin\net.dll
Event: 0.156 Loaded shared library C:\Users\tanma\.vscode\extensions\redhat.java-1.42.0-win32-x64\jre\21.0.7-win32-x86_64\bin\nio.dll
Event: 0.160 Loaded shared library C:\Users\tanma\.vscode\extensions\redhat.java-1.42.0-win32-x64\jre\21.0.7-win32-x86_64\bin\zip.dll
Event: 0.178 Loaded shared library C:\Users\tanma\.vscode\extensions\redhat.java-1.42.0-win32-x64\jre\21.0.7-win32-x86_64\bin\jimage.dll
Event: 0.268 Loaded shared library c:\Users\tanma\.vscode\extensions\redhat.java-1.42.0-win32-x64\jre\21.0.7-win32-x86_64\bin\verify.dll
Event: 1.489 Loaded shared library C:\Users\tanma\AppData\Roaming\Code\User\globalStorage\redhat.java\1.42.0\config_win\org.eclipse.equinox.launcher\org.eclipse.equinox.launcher.win32.win32.x86_64_1.2.1300.v20250331-1702\eclipse_11911.dll
Event: 3.359 Loaded shared library C:\Users\tanma\AppData\Local\Temp\jna-110127349\jna4313083602750866076.dll

Deoptimization events (20 events):
Event: 52.871 Thread 0x000001b87d08e6f0 DEOPT PACKING pc=0x000001b81a853156 sp=0x000000ae91afe350
Event: 52.871 Thread 0x000001b87d08e6f0 DEOPT UNPACKING pc=0x000001b8207e4242 sp=0x000000ae91afd7e8 mode 0
Event: 52.872 Thread 0x000001b87d08e6f0 DEOPT PACKING pc=0x000001b81a853156 sp=0x000000ae91afe380
Event: 52.872 Thread 0x000001b87d08e6f0 DEOPT UNPACKING pc=0x000001b8207e4242 sp=0x000000ae91afd818 mode 0
Event: 52.872 Thread 0x000001b87d08e6f0 DEOPT PACKING pc=0x000001b81a853156 sp=0x000000ae91afe3d0
Event: 52.872 Thread 0x000001b87d08e6f0 DEOPT UNPACKING pc=0x000001b8207e4242 sp=0x000000ae91afd868 mode 0
Event: 52.872 Thread 0x000001b87d08e6f0 DEOPT PACKING pc=0x000001b81a853156 sp=0x000000ae91afe430
Event: 52.872 Thread 0x000001b87d08e6f0 DEOPT UNPACKING pc=0x000001b8207e4242 sp=0x000000ae91afd8c8 mode 0
Event: 52.873 Thread 0x000001b87d08e6f0 DEOPT PACKING pc=0x000001b81a853156 sp=0x000000ae91afe3c0
Event: 52.873 Thread 0x000001b87d08e6f0 DEOPT UNPACKING pc=0x000001b8207e4242 sp=0x000000ae91afd858 mode 0
Event: 52.873 Thread 0x000001b87d08e6f0 DEOPT PACKING pc=0x000001b81a853156 sp=0x000000ae91afe2b0
Event: 52.873 Thread 0x000001b87d08e6f0 DEOPT UNPACKING pc=0x000001b8207e4242 sp=0x000000ae91afd748 mode 0
Event: 52.873 Thread 0x000001b87d08e6f0 DEOPT PACKING pc=0x000001b81a853156 sp=0x000000ae91afe370
Event: 52.873 Thread 0x000001b87d08e6f0 DEOPT UNPACKING pc=0x000001b8207e4242 sp=0x000000ae91afd808 mode 0
Event: 52.873 Thread 0x000001b87d08e6f0 DEOPT PACKING pc=0x000001b81a853156 sp=0x000000ae91afd9e0
Event: 52.873 Thread 0x000001b87d08e6f0 DEOPT UNPACKING pc=0x000001b8207e4242 sp=0x000000ae91afce78 mode 0
Event: 52.875 Thread 0x000001b87d08e6f0 Uncommon trap: trap_request=0xffffffde fr.pc=0x000001b821394618 relative=0x0000000000000078
Event: 52.875 Thread 0x000001b87d08e6f0 Uncommon trap: reason=class_check action=maybe_recompile pc=0x000001b821394618 method=java.util.LinkedHashMap.afterNodeInsertion(Z)V @ 15 c2
Event: 52.875 Thread 0x000001b87d08e6f0 DEOPT PACKING pc=0x000001b821394618 sp=0x000000ae91afed30
Event: 52.875 Thread 0x000001b87d08e6f0 DEOPT UNPACKING pc=0x000001b8207e3aa2 sp=0x000000ae91afeca8 mode 2

Classes loaded (20 events):
Event: 40.532 Loading class com/sun/crypto/provider/PKCS5Padding
Event: 40.532 Loading class com/sun/crypto/provider/Padding
Event: 40.533 Loading class com/sun/crypto/provider/Padding done
Event: 40.533 Loading class com/sun/crypto/provider/PKCS5Padding done
Event: 40.533 Loading class com/sun/crypto/provider/CipherBlockChaining
Event: 40.533 Loading class com/sun/crypto/provider/CipherBlockChaining done
Event: 40.534 Loading class javax/crypto/NullCipher
Event: 40.534 Loading class javax/crypto/NullCipher done
Event: 40.534 Loading class sun/security/util/ArrayUtil
Event: 40.535 Loading class sun/security/util/ArrayUtil done
Event: 40.592 Loading class java/lang/UnsupportedClassVersionError
Event: 40.592 Loading class java/lang/UnsupportedClassVersionError done
Event: 40.593 Loading class java/util/zip/CheckedInputStream
Event: 40.594 Loading class java/util/zip/CheckedInputStream done
Event: 40.678 Loading class java/util/zip/GZIPInputStream$1
Event: 40.678 Loading class java/util/zip/GZIPInputStream$1 done
Event: 43.436 Loading class java/util/HashMap$EntrySpliterator
Event: 43.453 Loading class jdk/internal/ref/CleanerImpl$InnocuousThreadFactory
Event: 43.453 Loading class java/util/HashMap$EntrySpliterator done
Event: 43.459 Loading class jdk/internal/ref/CleanerImpl$InnocuousThreadFactory done

Classes unloaded (18 events):
Event: 4.173 Thread 0x000001b86c815820 Unloading class 0x000001b82c1a5400 'java/lang/invoke/LambdaForm$MH+0x000001b82c1a5400'
Event: 4.173 Thread 0x000001b86c815820 Unloading class 0x000001b82c1a5000 'java/lang/invoke/LambdaForm$MH+0x000001b82c1a5000'
Event: 4.173 Thread 0x000001b86c815820 Unloading class 0x000001b82c1a4c00 'java/lang/invoke/LambdaForm$MH+0x000001b82c1a4c00'
Event: 4.173 Thread 0x000001b86c815820 Unloading class 0x000001b82c1a4800 'java/lang/invoke/LambdaForm$MH+0x000001b82c1a4800'
Event: 4.173 Thread 0x000001b86c815820 Unloading class 0x000001b82c1a4400 'java/lang/invoke/LambdaForm$BMH+0x000001b82c1a4400'
Event: 4.173 Thread 0x000001b86c815820 Unloading class 0x000001b82c1a4000 'java/lang/invoke/LambdaForm$DMH+0x000001b82c1a4000'
Event: 4.173 Thread 0x000001b86c815820 Unloading class 0x000001b82c1a2c00 'java/lang/invoke/LambdaForm$DMH+0x000001b82c1a2c00'
Event: 9.891 Thread 0x000001b86c815820 Unloading class 0x000001b82c56a400 'java/lang/invoke/LambdaForm$MH+0x000001b82c56a400'
Event: 9.891 Thread 0x000001b86c815820 Unloading class 0x000001b82c569c00 'java/lang/invoke/LambdaForm$MH+0x000001b82c569c00'
Event: 9.891 Thread 0x000001b86c815820 Unloading class 0x000001b82c569800 'java/lang/invoke/LambdaForm$MH+0x000001b82c569800'
Event: 9.891 Thread 0x000001b86c815820 Unloading class 0x000001b82c568c00 'java/lang/invoke/LambdaForm$MH+0x000001b82c568c00'
Event: 9.891 Thread 0x000001b86c815820 Unloading class 0x000001b82c568400 'java/lang/invoke/LambdaForm$MH+0x000001b82c568400'
Event: 9.891 Thread 0x000001b86c815820 Unloading class 0x000001b82c568000 'java/lang/invoke/LambdaForm$DMH+0x000001b82c568000'
Event: 9.891 Thread 0x000001b86c815820 Unloading class 0x000001b82c561400 'java/lang/invoke/LambdaForm$MH+0x000001b82c561400'
Event: 31.748 Thread 0x000001b86c815820 Unloading class 0x000001b82c681000 'java/lang/invoke/LambdaForm$DMH+0x000001b82c681000'
Event: 31.748 Thread 0x000001b86c815820 Unloading class 0x000001b82c680c00 'java/lang/invoke/LambdaForm$DMH+0x000001b82c680c00'
Event: 31.748 Thread 0x000001b86c815820 Unloading class 0x000001b82c680800 'java/lang/invoke/LambdaForm$DMH+0x000001b82c680800'
Event: 31.748 Thread 0x000001b86c815820 Unloading class 0x000001b82c680400 'java/lang/invoke/LambdaForm$DMH+0x000001b82c680400'

Classes redefined (0 events):
No events

Internal exceptions (20 events):
Event: 42.753 Thread 0x000001b8738943e0 Exception <a 'sun/nio/fs/WindowsException'{0x00000000eb178520}> (0x00000000eb178520) 
thrown [s\src\hotspot\share\prims\jni.cpp, line 520]
Event: 42.753 Thread 0x000001b8738943e0 Exception <a 'sun/nio/fs/WindowsException'{0x00000000eb178bf8}> (0x00000000eb178bf8) 
thrown [s\src\hotspot\share\prims\jni.cpp, line 520]
Event: 42.754 Thread 0x000001b8738943e0 Exception <a 'sun/nio/fs/WindowsException'{0x00000000eb17a330}> (0x00000000eb17a330) 
thrown [s\src\hotspot\share\prims\jni.cpp, line 520]
Event: 42.754 Thread 0x000001b8738943e0 Exception <a 'sun/nio/fs/WindowsException'{0x00000000eb17aa08}> (0x00000000eb17aa08) 
thrown [s\src\hotspot\share\prims\jni.cpp, line 520]
Event: 42.760 Thread 0x000001b8738943e0 Exception <a 'sun/nio/fs/WindowsException'{0x00000000eb780998}> (0x00000000eb780998) 
thrown [s\src\hotspot\share\prims\jni.cpp, line 520]
Event: 42.760 Thread 0x000001b8738943e0 Exception <a 'sun/nio/fs/WindowsException'{0x00000000eb781320}> (0x00000000eb781320) 
thrown [s\src\hotspot\share\prims\jni.cpp, line 520]
Event: 42.883 Thread 0x000001b86e935180 Implicit null exception at 0x000001b821400907 to 0x000001b8214013b0
Event: 43.105 Thread 0x000001b8738943e0 Exception <a 'sun/nio/fs/WindowsException'{0x00000000eb399920}> (0x00000000eb399920) 
thrown [s\src\hotspot\share\prims\jni.cpp, line 520]
Event: 43.105 Thread 0x000001b8738943e0 Exception <a 'sun/nio/fs/WindowsException'{0x00000000eb399ff8}> (0x00000000eb399ff8) 
thrown [s\src\hotspot\share\prims\jni.cpp, line 520]
Event: 43.106 Thread 0x000001b8738943e0 Exception <a 'sun/nio/fs/WindowsException'{0x00000000eb39acb8}> (0x00000000eb39acb8) 
thrown [s\src\hotspot\share\prims\jni.cpp, line 520]
Event: 43.106 Thread 0x000001b8738943e0 Exception <a 'sun/nio/fs/WindowsException'{0x00000000eb39b390}> (0x00000000eb39b390) 
thrown [s\src\hotspot\share\prims\jni.cpp, line 520]
Event: 43.106 Thread 0x000001b8738943e0 Exception <a 'sun/nio/fs/WindowsException'{0x00000000eb39cae0}> (0x00000000eb39cae0) 
thrown [s\src\hotspot\share\prims\jni.cpp, line 520]
Event: 43.106 Thread 0x000001b8738943e0 Exception <a 'sun/nio/fs/WindowsException'{0x00000000eb4f6780}> (0x00000000eb4f6780) 
thrown [s\src\hotspot\share\prims\jni.cpp, line 520]
Event: 43.112 Thread 0x000001b8738943e0 Exception <a 'sun/nio/fs/WindowsException'{0x00000000eb5156f0}> (0x00000000eb5156f0) 
thrown [s\src\hotspot\share\prims\jni.cpp, line 520]
Event: 43.112 Thread 0x000001b8738943e0 Exception <a 'sun/nio/fs/WindowsException'{0x00000000eb516078}> (0x00000000eb516078) 
thrown [s\src\hotspot\share\prims\jni.cpp, line 520]
Event: 43.783 Thread 0x000001b87d08ed80 Exception <a 'java/lang/NoSuchMethodError'{0x00000000ebb6c4a8}: 'java.lang.Object java.lang.invoke.DirectMethodHandle$Holder.newInvokeSpecial(java.lang.Object, java.lang.Object, int, java.lang.Object, java.lang.Object, java.lang.Object, java.lang.Object)'> (0x00000000ebb6c4a8) 
thrown [s\src\hotspot\share\interpreter\linkResolver.cpp, line 773]
Event: 52.748 Thread 0x000001b873892310 Exception <a 'java/lang/IncompatibleClassChangeError'{0x00000000ec32eed0}: Found class java.lang.Object, but interface was expected> (0x00000000ec32eed0) 
thrown [s\src\hotspot\share\interpreter\linkResolver.cpp, line 840]
Event: 52.761 Thread 0x000001b87d08ed80 Exception <a 'java/lang/NoSuchMethodError'{0x00000000ec391ef0}: 'java.lang.Object java.lang.invoke.DirectMethodHandle$Holder.invokeSpecial(java.lang.Object, java.lang.Object, java.lang.Object, java.lang.Object, int, java.lang.Object, java.lang.Object)'> (0x00000000ec391ef0) 
thrown [s\src\hotspot\share\interpreter\linkResolver.cpp, line 773]
Event: 52.925 Thread 0x000001b86e9302c0 Exception <a 'sun/nio/fs/WindowsException'{0x00000000eac86420}> (0x00000000eac86420) 
thrown [s\src\hotspot\share\prims\jni.cpp, line 520]
Event: 52.925 Thread 0x000001b86e9302c0 Exception <a 'sun/nio/fs/WindowsException'{0x00000000eac86af8}> (0x00000000eac86af8) 
thrown [s\src\hotspot\share\prims\jni.cpp, line 520]

ZGC Phase Switch (0 events):
No events

VM Operations (20 events):
Event: 43.041 Executing VM operation: ParallelGCFailedAllocation (Allocation Failure)
Event: 43.048 Executing VM operation: ParallelGCFailedAllocation (Allocation Failure) done
Event: 43.185 Executing VM operation: ICBufferFull
Event: 43.186 Executing VM operation: ICBufferFull done
Event: 43.268 Executing VM operation: ParallelGCFailedAllocation (Allocation Failure)
Event: 43.272 Executing VM operation: ParallelGCFailedAllocation (Allocation Failure) done
Event: 43.362 Executing VM operation: HandshakeAllThreads (Deoptimize)
Event: 43.393 Executing VM operation: HandshakeAllThreads (Deoptimize) done
Event: 43.544 Executing VM operation: ParallelGCFailedAllocation (Allocation Failure)
Event: 43.555 Executing VM operation: ParallelGCFailedAllocation (Allocation Failure) done
Event: 44.569 Executing VM operation: Cleanup
Event: 44.569 Executing VM operation: Cleanup done
Event: 45.573 Executing VM operation: Cleanup
Event: 45.573 Executing VM operation: Cleanup done
Event: 49.608 Executing VM operation: Cleanup
Event: 49.608 Executing VM operation: Cleanup done
Event: 51.613 Executing VM operation: Cleanup
Event: 51.613 Executing VM operation: Cleanup done
Event: 52.836 Executing VM operation: ParallelGCFailedAllocation (Allocation Failure)
Event: 52.851 Executing VM operation: ParallelGCFailedAllocation (Allocation Failure) done

Memory protections (0 events):
No events

Nmethod flushes (20 events):
Event: 41.104 Thread 0x000001b86c815820 flushing  nmethod 0x000001b81af3ff10
Event: 41.104 Thread 0x000001b86c815820 flushing  nmethod 0x000001b81af45e90
Event: 41.104 Thread 0x000001b86c815820 flushing  nmethod 0x000001b81af46710
Event: 41.104 Thread 0x000001b86c815820 flushing  nmethod 0x000001b81af4ac90
Event: 41.104 Thread 0x000001b86c815820 flushing  nmethod 0x000001b81af4bd90
Event: 41.104 Thread 0x000001b86c815820 flushing  nmethod 0x000001b81af4fb10
Event: 41.104 Thread 0x000001b86c815820 flushing  nmethod 0x000001b81af52990
Event: 41.104 Thread 0x000001b86c815820 flushing  nmethod 0x000001b81af55310
Event: 41.104 Thread 0x000001b86c815820 flushing  nmethod 0x000001b81af63990
Event: 41.104 Thread 0x000001b86c815820 flushing  nmethod 0x000001b81af66e90
Event: 41.104 Thread 0x000001b86c815820 flushing  nmethod 0x000001b81af6c090
Event: 41.104 Thread 0x000001b86c815820 flushing  nmethod 0x000001b81af6ef90
Event: 41.104 Thread 0x000001b86c815820 flushing  nmethod 0x000001b81af75e90
Event: 41.104 Thread 0x000001b86c815820 flushing  nmethod 0x000001b81af8fe90
Event: 41.104 Thread 0x000001b86c815820 flushing  nmethod 0x000001b81af92710
Event: 41.104 Thread 0x000001b86c815820 flushing  nmethod 0x000001b81af94890
Event: 41.104 Thread 0x000001b86c815820 flushing  nmethod 0x000001b81afaf210
Event: 41.104 Thread 0x000001b86c815820 flushing  nmethod 0x000001b81afb3710
Event: 41.104 Thread 0x000001b86c815820 flushing  nmethod 0x000001b81afb8a90
Event: 41.104 Thread 0x000001b86c815820 flushing  nmethod 0x000001b81afb9710

Events (20 events):
Event: 40.286 Thread 0x000001b8738943e0 Thread added: 0x000001b87d0907c0
Event: 40.395 Thread 0x000001b873892310 Thread added: 0x000001b87d090130
Event: 40.397 Thread 0x000001b87d090130 Thread added: 0x000001b87d08ed80
Event: 40.398 Thread 0x000001b873892310 Thread added: 0x000001b87d0914e0
Event: 40.412 Thread 0x000001b87d08ed80 Thread added: 0x000001b87e21d580
Event: 40.487 Thread 0x000001b86c819fe0 Thread added: 0x000001b874e6c3a0
Event: 41.312 Thread 0x000001b87e21d580 Thread exited: 0x000001b87e21d580
Event: 42.342 Thread 0x000001b874e6c3a0 Thread added: 0x000001b86e729a40
Event: 42.866 Thread 0x000001b86c819fe0 Thread added: 0x000001b874727f60
Event: 43.459 Thread 0x000001b87d08ed80 Thread added: 0x000001b87d08f410
Event: 43.501 Thread 0x000001b87d08faa0 Thread added: 0x000001b8738964b0
Event: 43.504 Thread 0x000001b87d092200 Thread added: 0x000001b87e21d580
Event: 43.505 Thread 0x000001b8738964b0 Thread added: 0x000001b87ecb3240
Event: 43.506 Thread 0x000001b87e21d580 Thread added: 0x000001b87ecb0ae0
Event: 45.292 Thread 0x000001b87d0907c0 Thread exited: 0x000001b87d0907c0
Event: 48.887 Thread 0x000001b874e6c3a0 Thread exited: 0x000001b874e6c3a0
Event: 48.888 Thread 0x000001b86e729a40 Thread exited: 0x000001b86e729a40
Event: 48.888 Thread 0x000001b874727f60 Thread exited: 0x000001b874727f60
Event: 49.508 Thread 0x000001b86c819fe0 Thread added: 0x000001b874727f60
Event: 51.428 Thread 0x000001b874727f60 Thread exited: 0x000001b874727f60


Dynamic libraries:
0x00007ff71d820000 - 0x00007ff71d82e000 	c:\Users\tanma\.vscode\extensions\redhat.java-1.42.0-win32-x64\jre\21.0.7-win32-x86_64\bin\java.exe
0x00007ff93a490000 - 0x00007ff93a6a7000 	C:\WINDOWS\SYSTEM32\ntdll.dll
0x00007ff9397e0000 - 0x00007ff9398a4000 	C:\WINDOWS\System32\KERNEL32.DLL
0x00007ff937ad0000 - 0x00007ff937ea3000 	C:\WINDOWS\System32\KERNELBASE.dll
0x0000000051f70000 - 0x00000000522a2000 	C:\Program Files\Norton Security\NortonData\22.22.4.13\Definitions\IPSDefs\20231213.064\IPSEng64.dll
0x00007ff939b40000 - 0x00007ff939bf1000 	C:\WINDOWS\System32\ADVAPI32.dll
0x00007ff939470000 - 0x00007ff939517000 	C:\WINDOWS\System32\msvcrt.dll
0x00007ff9398b0000 - 0x00007ff939957000 	C:\WINDOWS\System32\sechost.dll
0x00007ff937580000 - 0x00007ff9375a8000 	C:\WINDOWS\System32\bcrypt.dll
0x00007ff93a170000 - 0x00007ff93a284000 	C:\WINDOWS\System32\RPCRT4.dll
0x00007ff938c10000 - 0x00007ff938c18000 	C:\WINDOWS\System32\PSAPI.DLL
0x00007ff937900000 - 0x00007ff937a11000 	C:\WINDOWS\System32\ucrtbase.dll
0x00007ff929120000 - 0x00007ff929138000 	c:\Users\tanma\.vscode\extensions\redhat.java-1.42.0-win32-x64\jre\21.0.7-win32-x86_64\bin\jli.dll
0x00007ff93a290000 - 0x00007ff93a441000 	C:\WINDOWS\System32\USER32.dll
0x00007ff9339c0000 - 0x00007ff9339de000 	c:\Users\tanma\.vscode\extensions\redhat.java-1.42.0-win32-x64\jre\21.0.7-win32-x86_64\bin\VCRUNTIME140.dll
0x00007ff937aa0000 - 0x00007ff937ac6000 	C:\WINDOWS\System32\win32u.dll
0x00007ff939520000 - 0x00007ff939549000 	C:\WINDOWS\System32\GDI32.dll
0x00007ff927540000 - 0x00007ff9277db000 	C:\WINDOWS\WinSxS\amd64_microsoft.windows.common-controls_6595b64144ccf1df_6.0.22621.5262_none_2712bde373830908\COMCTL32.dll
0x00007ff937ff0000 - 0x00007ff938112000 	C:\WINDOWS\System32\gdi32full.dll
0x00007ff937720000 - 0x00007ff9377ba000 	C:\WINDOWS\System32\msvcp_win.dll
0x00007ff938210000 - 0x00007ff938241000 	C:\WINDOWS\System32\IMM32.DLL
0x00007ff933b00000 - 0x00007ff933b0c000 	c:\Users\tanma\.vscode\extensions\redhat.java-1.42.0-win32-x64\jre\21.0.7-win32-x86_64\bin\vcruntime140_1.dll
0x00007ff91ac50000 - 0x00007ff91acdd000 	c:\Users\tanma\.vscode\extensions\redhat.java-1.42.0-win32-x64\jre\21.0.7-win32-x86_64\bin\msvcp140.dll
0x00007ff8df5d0000 - 0x00007ff8e0360000 	c:\Users\tanma\.vscode\extensions\redhat.java-1.42.0-win32-x64\jre\21.0.7-win32-x86_64\bin\server\jvm.dll
0x00007ff938190000 - 0x00007ff938201000 	C:\WINDOWS\System32\WS2_32.dll
0x00007ff937450000 - 0x00007ff93749d000 	C:\WINDOWS\SYSTEM32\POWRPROF.dll
0x00007ff9306b0000 - 0x00007ff9306ba000 	C:\WINDOWS\SYSTEM32\VERSION.dll
0x00007ff9325f0000 - 0x00007ff932624000 	C:\WINDOWS\SYSTEM32\WINMM.dll
0x00007ff937430000 - 0x00007ff937443000 	C:\WINDOWS\SYSTEM32\UMPDC.dll
0x00007ff936520000 - 0x00007ff936538000 	C:\WINDOWS\SYSTEM32\kernel.appcore.dll
0x00007ff933a00000 - 0x00007ff933a0a000 	c:\Users\tanma\.vscode\extensions\redhat.java-1.42.0-win32-x64\jre\21.0.7-win32-x86_64\bin\jimage.dll
0x00007ff9350a0000 - 0x00007ff9352d2000 	C:\WINDOWS\SYSTEM32\DBGHELP.DLL
0x00007ff938e10000 - 0x00007ff9391a3000 	C:\WINDOWS\System32\combase.dll
0x00007ff938d30000 - 0x00007ff938e07000 	C:\WINDOWS\System32\OLEAUT32.dll
0x00007ff929040000 - 0x00007ff929072000 	C:\WINDOWS\SYSTEM32\dbgcore.DLL
0x00007ff937880000 - 0x00007ff9378fb000 	C:\WINDOWS\System32\bcryptPrimitives.dll
0x00007ff930e10000 - 0x00007ff930e1f000 	c:\Users\tanma\.vscode\extensions\redhat.java-1.42.0-win32-x64\jre\21.0.7-win32-x86_64\bin\instrument.dll
0x00007ff928440000 - 0x00007ff92845f000 	c:\Users\tanma\.vscode\extensions\redhat.java-1.42.0-win32-x64\jre\21.0.7-win32-x86_64\bin\java.dll
0x00007ff938250000 - 0x00007ff938aed000 	C:\WINDOWS\System32\SHELL32.dll
0x00007ff937eb0000 - 0x00007ff937fef000 	C:\WINDOWS\System32\wintypes.dll
0x00007ff935470000 - 0x00007ff935d8d000 	C:\WINDOWS\SYSTEM32\windows.storage.dll
0x00007ff938c20000 - 0x00007ff938d2b000 	C:\WINDOWS\System32\SHCORE.dll
0x00007ff938120000 - 0x00007ff938186000 	C:\WINDOWS\System32\shlwapi.dll
0x00007ff9374b0000 - 0x00007ff9374db000 	C:\WINDOWS\SYSTEM32\profapi.dll
0x00007ff925cd0000 - 0x00007ff925ce8000 	c:\Users\tanma\.vscode\extensions\redhat.java-1.42.0-win32-x64\jre\21.0.7-win32-x86_64\bin\zip.dll
0x00007ff91ac10000 - 0x00007ff91ac20000 	C:\Users\tanma\.vscode\extensions\redhat.java-1.42.0-win32-x64\jre\21.0.7-win32-x86_64\bin\net.dll
0x00007ff931330000 - 0x00007ff93145c000 	C:\WINDOWS\SYSTEM32\WINHTTP.dll
0x00007ff9369f0000 - 0x00007ff936a5a000 	C:\WINDOWS\system32\mswsock.dll
0x00007ff904ae0000 - 0x00007ff904af6000 	C:\Users\tanma\.vscode\extensions\redhat.java-1.42.0-win32-x64\jre\21.0.7-win32-x86_64\bin\nio.dll
0x00007ff91ac40000 - 0x00007ff91ac50000 	c:\Users\tanma\.vscode\extensions\redhat.java-1.42.0-win32-x64\jre\21.0.7-win32-x86_64\bin\verify.dll
0x00007ff904b70000 - 0x00007ff904bb5000 	C:\Users\tanma\AppData\Roaming\Code\User\globalStorage\redhat.java\1.42.0\config_win\org.eclipse.equinox.launcher\org.eclipse.equinox.launcher.win32.win32.x86_64_1.2.1300.v20250331-1702\eclipse_11911.dll
0x00007ff9392c0000 - 0x00007ff939461000 	C:\WINDOWS\System32\ole32.dll
0x00007ff936c90000 - 0x00007ff936cab000 	C:\WINDOWS\SYSTEM32\CRYPTSP.dll
0x00007ff9364e0000 - 0x00007ff936517000 	C:\WINDOWS\system32\rsaenh.dll
0x00007ff936a90000 - 0x00007ff936ab8000 	C:\WINDOWS\SYSTEM32\USERENV.dll
0x00007ff936bf0000 - 0x00007ff936bfc000 	C:\WINDOWS\SYSTEM32\CRYPTBASE.dll
0x00007ff935fe0000 - 0x00007ff93600d000 	C:\WINDOWS\SYSTEM32\IPHLPAPI.DLL
0x00007ff939600000 - 0x00007ff939609000 	C:\WINDOWS\System32\NSI.dll
0x00007ff9020e0000 - 0x00007ff902129000 	C:\Users\tanma\AppData\Local\Temp\jna-110127349\jna4313083602750866076.dll
0x00007ff9315c0000 - 0x00007ff9315d9000 	C:\WINDOWS\SYSTEM32\dhcpcsvc6.DLL
0x00007ff930f40000 - 0x00007ff930f5f000 	C:\WINDOWS\SYSTEM32\dhcpcsvc.DLL
0x00007ff936690000 - 0x00007ff9366c4000 	C:\WINDOWS\SYSTEM32\ntmarta.dll

dbghelp: loaded successfully - version: 4.0.5 - missing functions: none
symbol engine: initialized successfully - sym options: 0x614 - pdb path: .;c:\Users\tanma\.vscode\extensions\redhat.java-1.42.0-win32-x64\jre\21.0.7-win32-x86_64\bin;C:\WINDOWS\SYSTEM32;C:\Program Files\Norton Security\NortonData\22.22.4.13\Definitions\IPSDefs\20231213.064;C:\WINDOWS\WinSxS\amd64_microsoft.windows.common-controls_6595b64144ccf1df_6.0.22621.5262_none_2712bde373830908;c:\Users\tanma\.vscode\extensions\redhat.java-1.42.0-win32-x64\jre\21.0.7-win32-x86_64\bin\server;C:\Users\tanma\AppData\Roaming\Code\User\globalStorage\redhat.java\1.42.0\config_win\org.eclipse.equinox.launcher\org.eclipse.equinox.launcher.win32.win32.x86_64_1.2.1300.v20250331-1702;C:\Users\tanma\AppData\Local\Temp\jna-110127349

VM Arguments:
jvm_args: --add-modules=ALL-SYSTEM --add-opens=java.base/java.util=ALL-UNNAMED --add-opens=java.base/java.lang=ALL-UNNAMED --add-opens=java.base/sun.nio.fs=ALL-UNNAMED -Declipse.application=org.eclipse.jdt.ls.core.id1 -Dosgi.bundles.defaultStartLevel=4 -Declipse.product=org.eclipse.jdt.ls.core.product -Djava.import.generatesMetadataFilesAtProjectRoot=false -DDetectVMInstallationsJob.disabled=true -Dfile.encoding=utf8 -XX:+UseParallelGC -XX:GCTimeRatio=4 -XX:AdaptiveSizePolicyWeight=90 -Dsun.zip.disableMemoryMapping=true -Xmx1G -Xms100m -Xlog:disable -javaagent:c:\Users\tanma\.vscode\extensions\redhat.java-1.42.0-win32-x64\lombok\lombok-1.18.36.jar -XX:+HeapDumpOnOutOfMemoryError -XX:HeapDumpPath=c:\Users\tanma\AppData\Roaming\Code\User\workspaceStorage\89240fbca4adb2b40d9c8e8d66c81886\redhat.java -Daether.dependencyCollector.impl=bf 
java_command: c:\Users\tanma\.vscode\extensions\redhat.java-1.42.0-win32-x64\server\plugins\org.eclipse.equinox.launcher_1.7.0.v20250424-1814.jar -configuration c:\Users\tanma\AppData\Roaming\Code\User\globalStorage\redhat.java\1.42.0\config_win -data c:\Users\tanma\AppData\Roaming\Code\User\workspaceStorage\89240fbca4adb2b40d9c8e8d66c81886\redhat.java\jdt_ws --pipe=\\.\pipe\lsp-020000310eda038de0dbdd8b476ec42c-sock
java_class_path (initial): c:\Users\tanma\.vscode\extensions\redhat.java-1.42.0-win32-x64\server\plugins\org.eclipse.equinox.launcher_1.7.0.v20250424-1814.jar
Launcher Type: SUN_STANDARD

[Global flags]
    uintx AdaptiveSizePolicyWeight                 = 90                                        {product} {command line}
     intx CICompilerCount                          = 12                                        {product} {ergonomic}
    uintx GCTimeRatio                              = 4                                         {product} {command line}
     bool HeapDumpOnOutOfMemoryError               = true                                   {manageable} {command line}
    ccstr HeapDumpPath                             = c:\Users\tanma\AppData\Roaming\Code\User\workspaceStorage\89240fbca4adb2b40d9c8e8d66c81886\redhat.java         {manageable} {command line}
   size_t InitialHeapSize                          = 104857600                                 {product} {command line}
   size_t MaxHeapSize                              = 1073741824                                {product} {command line}
   size_t MaxNewSize                               = 357564416                                 {product} {ergonomic}
   size_t MinHeapDeltaBytes                        = 524288                                    {product} {ergonomic}
   size_t MinHeapSize                              = 104857600                                 {product} {command line}
   size_t NewSize                                  = 34603008                                  {product} {ergonomic}
    uintx NonNMethodCodeHeapSize                   = 7602480                                {pd product} {ergonomic}
    uintx NonProfiledCodeHeapSize                  = 122027880                              {pd product} {ergonomic}
   size_t OldSize                                  = 70254592                                  {product} {ergonomic}
    uintx ProfiledCodeHeapSize                     = 122027880                              {pd product} {ergonomic}
    uintx ReservedCodeCacheSize                    = 251658240                              {pd product} {ergonomic}
     bool SegmentedCodeCache                       = true                                      {product} {ergonomic}
   size_t SoftMaxHeapSize                          = 1073741824                             {manageable} {ergonomic}
     bool UseCompressedOops                        = true                           {product lp64_product} {ergonomic}
     bool UseLargePagesIndividualAllocation        = false                                  {pd product} {ergonomic}
     bool UseParallelGC                            = true                                      {product} {command line}

Logging:
Log output configuration:
 #0: stdout all=off uptime,level,tags foldmultilines=false
 #1: stderr all=off uptime,level,tags foldmultilines=false

Environment Variables:
JAVA_HOME=C:\Program Files\Microsoft\jdk-17.0.12.7-hotspot
PATH=C:\app\tanma\product\21c\dbhomeXE\bin;C:\Windows\system32;C:\Windows;C:\Windows\System32\Wbem;C:\Windows\System32\WindowsPowerShell\v1.0\;C:\Windows\System32\OpenSSH\;C:\Program Files (x86)\NVIDIA Corporation\PhysX\Common;C:\Program Files\NVIDIA Corporation\NVIDIA NvDLISR;C:\Windows\System32\cmd.exe;C:\MinGW\bin;C:\WINDOWS\system32;C:\WINDOWS;C:\WINDOWS\System32\Wbem;C:\WINDOWS\System32\WindowsPowerShell\v1.0\;C:\WINDOWS\System32\OpenSSH\;C:\Program Files\Git\cmd;C:\Program Files\Git\mingw64\bin;C:\Program Files\Git\usr\bin;C:\Program Files\MongoDB\Tools\100\bin;C:\Program Files\Docker\Docker\resources\bin;C:\Users\tanma\AppData\Local\Android\Sdk;C:\ProgramData\chocolatey\bin;C:\Program Files\nodejs\;C:\Users\tanma\AppData\Local\Android\Sdk\platform-tools;C:\Program Files\Microsoft\jdk-17.0.12.7-hotspot\bin;C:\Program Files\apache-maven-3.9.9-bin\apache-maven-3.9.9\bin;C:\Program Files\MySQL\MySQL Shell 8.0\bin\;C:\Users\tanma\.console-ninja\.bin;C:\Users\tanma\AppData\Local\Programs\Python\Python311\Scripts\;C:\Users\tanma\AppData\Local\Programs\Python\Python311\;C:\Users\tanma\AppData\Local\Programs\Python\Python312\Scripts\;C:\Users\tanma\AppData\Local\Programs\Python\Python312\;C:\Users\tanma\AppData\Local\Programs\Python\Launcher\;C:\Users\tanma\AppData\Local\Microsoft\WindowsApps;C:\Users\tanma\AppData\Local\GitHubDesktop\bin;C:\Program Files\JetBrains\IntelliJ IDEA Community Edition 2022.3\bin;C:\Users\tanma\AppData\Local\Programs\Microsoft VS Code\bin;C:\Users\tanma\AppData\Local\Programs\mongosh\;C:\Users\tanma\AppData\Local\Programs\oh-my-posh\bin;C:\Users\tanma\AppData\Local\Android\Sdk;C:\Users\tanma\AppData\Roaming\npm;C:\Program Files\Microsoft\jdk-17.0.12.7-hotspot\bin;C:\Program Files\apache-maven-3.9.9-bin\apache-maven-3.9.9\bin;C:\Program Files (x86)\MongoDB Atlas CLI\
USERNAME=tanma
OS=Windows_NT
PROCESSOR_IDENTIFIER=AMD64 Family 25 Model 80 Stepping 0, AuthenticAMD
TMP=C:\Users\tanma\AppData\Local\Temp
TEMP=C:\Users\tanma\AppData\Local\Temp




Periodic native trim disabled

---------------  S Y S T E M  ---------------

OS:
 Windows 11 , 64 bit Build 22621 (10.0.22621.5262)
OS uptime: 0 days 2:04 hours
Hyper-V role detected

CPU: total 16 (initial active 16) (16 cores per cpu, 2 threads per core) family 25 model 80 stepping 0 microcode 0x0, cx8, cmov, fxsr, ht, mmx, 3dnowpref, sse, sse2, sse3, ssse3, sse4a, sse4.1, sse4.2, popcnt, lzcnt, tsc, tscinvbit, avx, avx2, aes, erms, clmul, bmi1, bmi2, adx, sha, fma, vzeroupper, clflush, clflushopt, hv, rdtscp, rdpid, fsrm, f16c, cet_ss
Processor Information for processor 0
  Max Mhz: 3201, Current Mhz: 3201, Mhz Limit: 3201
Processor Information for processor 1
  Max Mhz: 3201, Current Mhz: 3201, Mhz Limit: 3201
Processor Information for processor 2
  Max Mhz: 3201, Current Mhz: 3201, Mhz Limit: 3201
Processor Information for processor 3
  Max Mhz: 3201, Current Mhz: 3201, Mhz Limit: 3201
Processor Information for processor 4
  Max Mhz: 3201, Current Mhz: 3201, Mhz Limit: 3201
Processor Information for processor 5
  Max Mhz: 3201, Current Mhz: 3201, Mhz Limit: 3201
Processor Information for processor 6
  Max Mhz: 3201, Current Mhz: 3201, Mhz Limit: 3201
Processor Information for processor 7
  Max Mhz: 3201, Current Mhz: 3201, Mhz Limit: 3201
Processor Information for processor 8
  Max Mhz: 3201, Current Mhz: 3201, Mhz Limit: 3201
Processor Information for processor 9
  Max Mhz: 3201, Current Mhz: 3201, Mhz Limit: 3201
Processor Information for processor 10
  Max Mhz: 3201, Current Mhz: 1802, Mhz Limit: 3201
Processor Information for processor 11
  Max Mhz: 3201, Current Mhz: 3201, Mhz Limit: 3201
Processor Information for processor 12
  Max Mhz: 3201, Current Mhz: 3201, Mhz Limit: 3201
Processor Information for processor 13
  Max Mhz: 3201, Current Mhz: 3201, Mhz Limit: 3201
Processor Information for processor 14
  Max Mhz: 3201, Current Mhz: 3201, Mhz Limit: 3201
Processor Information for processor 15
  Max Mhz: 3201, Current Mhz: 3201, Mhz Limit: 3201

Memory: 4k page, system-wide physical 5996M (21M free)
TotalPageFile size 24428M (AvailPageFile size 96M)
current process WorkingSet (physical memory assigned to process): 210M, peak: 474M
current process commit charge ("private bytes"): 642M, peak: 990M

vm_info: OpenJDK 64-Bit Server VM (21.0.7+6-LTS) for windows-amd64 JRE (21.0.7+6-LTS), built on 2025-04-15T00:00:00Z by "admin" with MS VC++ 17.7 (VS2022)

END.
