#
# There is insufficient memory for the Java Runtime Environment to continue.
# Native memory allocation (malloc) failed to allocate 166576 bytes. Error detail: Chunk::new
# Possible reasons:
#   The system is out of physical RAM or swap space
#   This process is running with CompressedOops enabled, and the Java Heap may be blocking the growth of the native heap
# Possible solutions:
#   Reduce memory load on the system
#   Increase physical memory or swap space
#   Check if swap backing store is full
#   Decrease Java heap size (-Xmx/-Xms)
#   Decrease number of Java threads
#   Decrease Java thread stack sizes (-Xss)
#   Set larger code cache with -XX:ReservedCodeCacheSize=
#   JVM is running with Unscaled Compressed Oops mode in which the Java heap is
#     placed in the first 4GB address space. The Java Heap base address is the
#     maximum limit for the native heap growth. Please use -XX:HeapBaseMinAddress
#     to set the Java Heap base and to place the Java Heap above 4GB virtual address.
# This output file may be truncated or incomplete.
#
#  Out of Memory Error (arena.cpp:168), pid=23028, tid=14700
#
# JRE version: OpenJDK Runtime Environment Temurin-21.0.7+6 (21.0.7+6) (build 21.0.7+6-LTS)
# Java VM: OpenJDK 64-Bit Server VM Temurin-21.0.7+6 (21.0.7+6-LTS, mixed mode, sharing, tiered, compressed oops, compressed class ptrs, parallel gc, windows-amd64)
# No core dump will be written. Minidumps are not enabled by default on client versions of Windows
#

---------------  S U M M A R Y ------------

Command Line: --add-modules=ALL-SYSTEM --add-opens=java.base/java.util=ALL-UNNAMED --add-opens=java.base/java.lang=ALL-UNNAMED --add-opens=java.base/sun.nio.fs=ALL-UNNAMED -Declipse.application=org.eclipse.jdt.ls.core.id1 -Dosgi.bundles.defaultStartLevel=4 -Declipse.product=org.eclipse.jdt.ls.core.product -Djava.import.generatesMetadataFilesAtProjectRoot=false -DDetectVMInstallationsJob.disabled=true -Dfile.encoding=utf8 -XX:+UseParallelGC -XX:GCTimeRatio=4 -XX:AdaptiveSizePolicyWeight=90 -Dsun.zip.disableMemoryMapping=true -Xmx1G -Xms100m -Xlog:disable -javaagent:c:\Users\tanma\.vscode\extensions\redhat.java-1.42.0-win32-x64\lombok\lombok-1.18.36.jar -XX:+HeapDumpOnOutOfMemoryError -XX:HeapDumpPath=c:\Users\tanma\AppData\Roaming\Code\User\workspaceStorage\89240fbca4adb2b40d9c8e8d66c81886\redhat.java -Daether.dependencyCollector.impl=bf c:\Users\tanma\.vscode\extensions\redhat.java-1.42.0-win32-x64\server\plugins\org.eclipse.equinox.launcher_1.7.0.v20250424-1814.jar -configuration c:\Users\tanma\AppData\Roaming\Code\User\globalStorage\redhat.java\1.42.0\config_win -data c:\Users\tanma\AppData\Roaming\Code\User\workspaceStorage\89240fbca4adb2b40d9c8e8d66c81886\redhat.java\jdt_ws --pipe=\\.\pipe\lsp-fde7ae1a2fad086a7138538e29a33a57-sock

Host: AMD Ryzen 7 5800H with Radeon Graphics         , 16 cores, 5G,  Windows 11 , 64 bit Build 22621 (10.0.22621.5262)
Time: Fri May 23 18:46:55 2025 India Standard Time elapsed time: 21.245274 seconds (0d 0h 0m 21s)

---------------  T H R E A D  ---------------

Current thread (0x000001aa1fa0de20):  JavaThread "C2 CompilerThread0" daemon [_thread_in_native, id=14700, stack(0x0000007dbf600000,0x0000007dbf700000) (1024K)]


Current CompileTask:
C2:21245 2979 %     4       sun.nio.fs.WindowsPathParser::normalize @ 18 (233 bytes)

Stack: [0x0000007dbf600000,0x0000007dbf700000]
Native frames: (J=compiled Java code, j=interpreted, Vv=VM code, C=native code)
V  [jvm.dll+0x6ce119]
V  [jvm.dll+0x8a84a1]
V  [jvm.dll+0x8aa9ce]
V  [jvm.dll+0x8ab0b3]
V  [jvm.dll+0x27f8a6]
V  [jvm.dll+0xc507d]
V  [jvm.dll+0xc55b3]
V  [jvm.dll+0x3b68f2]
V  [jvm.dll+0x1dfcaa]
V  [jvm.dll+0x247c42]
V  [jvm.dll+0x2470cf]
V  [jvm.dll+0x1c760e]
V  [jvm.dll+0x25695a]
V  [jvm.dll+0x254efa]
V  [jvm.dll+0x3f03f6]
V  [jvm.dll+0x851f6b]
V  [jvm.dll+0x6cc7dd]
C  [ucrtbase.dll+0x29333]
C  [KERNEL32.DLL+0x1259d]
C  [ntdll.dll+0x5af58]


---------------  P R O C E S S  ---------------

Threads class SMR info:
_java_thread_list=0x000001aa68076600, length=21, elements={
0x000001aa092371e0, 0x000001aa0b6de4f0, 0x000001aa1f9fa770, 0x000001aa1f9ff670,
0x000001aa1fa02550, 0x000001aa1fa051f0, 0x000001aa61d80d20, 0x000001aa1fa0de20,
0x000001aa61d75f80, 0x000001aa0b6b49a0, 0x000001aa6803ec40, 0x000001aa6890d860,
0x000001aa68483e10, 0x000001aa680375a0, 0x000001aa68482f60, 0x000001aa61f790f0,
0x000001aa68481770, 0x000001aa689537d0, 0x000001aa68023350, 0x000001aa68aeca00,
0x000001aa687ea420
}

Java Threads: ( => current thread )
  0x000001aa092371e0 JavaThread "main"                              [_thread_blocked, id=4324, stack(0x0000007dbec00000,0x0000007dbed00000) (1024K)]
  0x000001aa0b6de4f0 JavaThread "Reference Handler"          daemon [_thread_blocked, id=18388, stack(0x0000007dbf000000,0x0000007dbf100000) (1024K)]
  0x000001aa1f9fa770 JavaThread "Finalizer"                  daemon [_thread_blocked, id=18500, stack(0x0000007dbf100000,0x0000007dbf200000) (1024K)]
  0x000001aa1f9ff670 JavaThread "Signal Dispatcher"          daemon [_thread_blocked, id=11896, stack(0x0000007dbf200000,0x0000007dbf300000) (1024K)]
  0x000001aa1fa02550 JavaThread "Attach Listener"            daemon [_thread_blocked, id=17404, stack(0x0000007dbf300000,0x0000007dbf400000) (1024K)]
  0x000001aa1fa051f0 JavaThread "Service Thread"             daemon [_thread_blocked, id=25636, stack(0x0000007dbf400000,0x0000007dbf500000) (1024K)]
  0x000001aa61d80d20 JavaThread "Monitor Deflation Thread"   daemon [_thread_blocked, id=2828, stack(0x0000007dbf500000,0x0000007dbf600000) (1024K)]
=>0x000001aa1fa0de20 JavaThread "C2 CompilerThread0"         daemon [_thread_in_native, id=14700, stack(0x0000007dbf600000,0x0000007dbf700000) (1024K)]
  0x000001aa61d75f80 JavaThread "C1 CompilerThread0"         daemon [_thread_blocked, id=25220, stack(0x0000007dbf700000,0x0000007dbf800000) (1024K)]
  0x000001aa0b6b49a0 JavaThread "Common-Cleaner"             daemon [_thread_blocked, id=9600, stack(0x0000007dbf800000,0x0000007dbf900000) (1024K)]
  0x000001aa6803ec40 JavaThread "Notification Thread"        daemon [_thread_blocked, id=25212, stack(0x0000007dbfa00000,0x0000007dbfb00000) (1024K)]
  0x000001aa6890d860 JavaThread "Active Thread: Equinox Container: ba6b9d07-5cf1-437d-9b74-582054492d0e"        [_thread_blocked, id=14292, stack(0x0000007dc0100000,0x0000007dc0200000) (1024K)]
  0x000001aa68483e10 JavaThread "Refresh Thread: Equinox Container: ba6b9d07-5cf1-437d-9b74-582054492d0e" daemon [_thread_blocked, id=25408, stack(0x0000007dc0300000,0x0000007dc0400000) (1024K)]
  0x000001aa680375a0 JavaThread "Framework Event Dispatcher: Equinox Container: ba6b9d07-5cf1-437d-9b74-582054492d0e" daemon [_thread_blocked, id=4760, stack(0x0000007dc0400000,0x0000007dc0500000) (1024K)]
  0x000001aa68482f60 JavaThread "Start Level: Equinox Container: ba6b9d07-5cf1-437d-9b74-582054492d0e" daemon [_thread_in_vm, id=17604, stack(0x0000007dc0500000,0x0000007dc0600000) (1024K)]
  0x000001aa61f790f0 JavaThread "Bundle File Closer"         daemon [_thread_blocked, id=4992, stack(0x0000007dc0800000,0x0000007dc0900000) (1024K)]
  0x000001aa68481770 JavaThread "SCR Component Actor"        daemon [_thread_blocked, id=440, stack(0x0000007dc0900000,0x0000007dc0a00000) (1024K)]
  0x000001aa689537d0 JavaThread "SCR Component Registry"     daemon [_thread_blocked, id=22744, stack(0x0000007dc0a00000,0x0000007dc0b00000) (1024K)]
  0x000001aa68023350 JavaThread "C1 CompilerThread1"         daemon [_thread_blocked, id=23260, stack(0x0000007dc0b00000,0x0000007dc0c00000) (1024K)]
  0x000001aa68aeca00 JavaThread "C2 CompilerThread1"         daemon [_thread_in_native, id=23672, stack(0x0000007dc0c00000,0x0000007dc0d00000) (1024K)]
  0x000001aa687ea420 JavaThread "C1 CompilerThread2"         daemon [_thread_blocked, id=17952, stack(0x0000007dc0e00000,0x0000007dc0f00000) (1024K)]
Total: 21

Other Threads:
  0x000001aa0b6c9060 VMThread "VM Thread"                           [id=12248, stack(0x0000007dbef00000,0x0000007dbf000000) (1024K)]
  0x000001aa1f8ecb20 WatcherThread "VM Periodic Task Thread"        [id=25584, stack(0x0000007dbee00000,0x0000007dbef00000) (1024K)]
  0x000001aa0b668180 WorkerThread "GC Thread#0"                     [id=22988, stack(0x0000007dbed00000,0x0000007dbee00000) (1024K)]
  0x000001aa683b8bc0 WorkerThread "GC Thread#1"                     [id=3836, stack(0x0000007dbfb00000,0x0000007dbfc00000) (1024K)]
  0x000001aa683b8f60 WorkerThread "GC Thread#2"                     [id=7236, stack(0x0000007dbfc00000,0x0000007dbfd00000) (1024K)]
  0x000001aa683b9300 WorkerThread "GC Thread#3"                     [id=24272, stack(0x0000007dbfd00000,0x0000007dbfe00000) (1024K)]
  0x000001aa683b96a0 WorkerThread "GC Thread#4"                     [id=22704, stack(0x0000007dbfe00000,0x0000007dbff00000) (1024K)]
  0x000001aa6839e2c0 WorkerThread "GC Thread#5"                     [id=25280, stack(0x0000007dbff00000,0x0000007dc0000000) (1024K)]
  0x000001aa6839e660 WorkerThread "GC Thread#6"                     [id=4416, stack(0x0000007dc0000000,0x0000007dc0100000) (1024K)]
  0x000001aa686e9eb0 WorkerThread "GC Thread#7"                     [id=25208, stack(0x0000007dc0200000,0x0000007dc0300000) (1024K)]
  0x000001aa68a91e40 WorkerThread "GC Thread#8"                     [id=24564, stack(0x0000007dbf900000,0x0000007dbfa00000) (1024K)]
  0x000001aa6845baf0 WorkerThread "GC Thread#9"                     [id=26540, stack(0x0000007dc0600000,0x0000007dc0700000) (1024K)]
  0x000001aa6845b010 WorkerThread "GC Thread#10"                    [id=25596, stack(0x0000007dc0700000,0x0000007dc0800000) (1024K)]
  0x000001aa6845c230 WorkerThread "GC Thread#11"                    [id=25040, stack(0x0000007dc0d00000,0x0000007dc0e00000) (1024K)]
Total: 14

Threads with active compile tasks:
C2 CompilerThread0  21271 2979 %     4       sun.nio.fs.WindowsPathParser::normalize @ 18 (233 bytes)
C2 CompilerThread1  21271 2987 %     4       java.util.zip.ZipFile$Source::initCEN @ 261 (612 bytes)
Total: 2

VM state: not at safepoint (normal execution)

VM Mutex/Monitor currently owned by a thread:  ([mutex/lock_event])
[0x00007ff8e027c308] Metaspace_lock - owner thread: 0x000001aa68482f60

Heap address: 0x00000000c0000000, size: 1024 MB, Compressed Oops mode: 32-bit

CDS archive(s) mapped at: [0x000001aa20000000-0x000001aa20ba0000-0x000001aa20ba0000), size 12189696, SharedBaseAddress: 0x000001aa20000000, ArchiveRelocationMode: 1.
Compressed class space mapped at: 0x000001aa21000000-0x000001aa61000000, reserved size: 1073741824
Narrow klass base: 0x000001aa20000000, Narrow klass shift: 0, Narrow klass range: 0x100000000

GC Precious Log:
 CardTable entry size: 512
 CPUs: 16 total, 16 available
 Memory: 5996M
 Large Page Support: Disabled
 NUMA Support: Disabled
 Compressed Oops: Enabled (32-bit)
 Alignments: Space 512K, Generation 512K, Heap 2M
 Heap Min Capacity: 100M
 Heap Initial Capacity: 100M
 Heap Max Capacity: 1G
 Pre-touch: Disabled
 Parallel Workers: 13

Heap:
 PSYoungGen      total 29696K, used 12561K [0x00000000eab00000, 0x00000000ecc00000, 0x0000000100000000)
  eden space 25600K, 33% used [0x00000000eab00000,0x00000000eb34bee0,0x00000000ec400000)
  from space 4096K, 99% used [0x00000000ec800000,0x00000000ecbf8530,0x00000000ecc00000)
  to   space 4096K, 0% used [0x00000000ec400000,0x00000000ec400000,0x00000000ec800000)
 ParOldGen       total 68608K, used 6344K [0x00000000c0000000, 0x00000000c4300000, 0x00000000eab00000)
  object space 68608K, 9% used [0x00000000c0000000,0x00000000c0632060,0x00000000c4300000)
 Metaspace       used 12748K, committed 13184K, reserved 1114112K
  class space    used 1276K, committed 1472K, reserved 1048576K

Card table byte_map: [0x000001aa0afc0000,0x000001aa0b1d0000] _byte_map_base: 0x000001aa0a9c0000

Marking Bits: (ParMarkBitMap*) 0x00007ff8e02831f0
 Begin Bits: [0x000001aa1d810000, 0x000001aa1e810000)
 End Bits:   [0x000001aa1e810000, 0x000001aa1f810000)

Polling page: 0x000001aa09470000

Metaspace:

Usage:
  Non-class:     11.20 MB used.
      Class:      1.25 MB used.
       Both:     12.45 MB used.

Virtual space:
  Non-class space:       64.00 MB reserved,      11.44 MB ( 18%) committed,  1 nodes.
      Class space:        1.00 GB reserved,       1.44 MB ( <1%) committed,  1 nodes.
             Both:        1.06 GB reserved,      12.88 MB (  1%) committed. 

Chunk freelists:
   Non-Class:  4.23 MB
       Class:  14.59 MB
        Both:  18.82 MB

MaxMetaspaceSize: unlimited
CompressedClassSpaceSize: 1.00 GB
Initial GC threshold: 21.00 MB
Current GC threshold: 21.00 MB
CDS: on
 - commit_granule_bytes: 65536.
 - commit_granule_words: 8192.
 - virtual_space_node_default_size: 8388608.
 - enlarge_chunks_in_place: 1.
 - use_allocation_guard: 0.


Internal statistics:

num_allocs_failed_limit: 0.
num_arena_births: 306.
num_arena_deaths: 0.
num_vsnodes_births: 2.
num_vsnodes_deaths: 0.
num_space_committed: 206.
num_space_uncommitted: 0.
num_chunks_returned_to_freelist: 0.
num_chunks_taken_from_freelist: 648.
num_chunk_merges: 0.
num_chunk_splits: 441.
num_chunks_enlarged: 305.
num_inconsistent_stats: 0.

CodeHeap 'non-profiled nmethods': size=119168Kb used=1182Kb max_used=1182Kb free=117985Kb
 bounds [0x000001aa163b0000, 0x000001aa16620000, 0x000001aa1d810000]
CodeHeap 'profiled nmethods': size=119104Kb used=6304Kb max_used=6304Kb free=112799Kb
 bounds [0x000001aa0e810000, 0x000001aa0ee40000, 0x000001aa15c60000]
CodeHeap 'non-nmethods': size=7488Kb used=2368Kb max_used=2389Kb free=5119Kb
 bounds [0x000001aa15c60000, 0x000001aa15ed0000, 0x000001aa163b0000]
 total_blobs=3514 nmethods=3004 adapters=414
 compilation: enabled
              stopped_count=0, restarted_count=0
 full_count=0

Compilation events (20 events):
Event: 21.231 Thread 0x000001aa687ea420 2985       3       com.sun.org.apache.xerces.internal.impl.XMLEntityScanner::skipSpaces (362 bytes)
Event: 21.232 Thread 0x000001aa61d75f80 nmethod 2984 0x000001aa0ee2b990 code [0x000001aa0ee2bb60, 0x000001aa0ee2bde0]
Event: 21.233 Thread 0x000001aa687ea420 nmethod 2985 0x000001aa0ee2bf10 code [0x000001aa0ee2c1a0, 0x000001aa0ee2cc88]
Event: 21.233 Thread 0x000001aa68aeca00 nmethod 2981 0x000001aa164d7010 code [0x000001aa164d71c0, 0x000001aa164d7420]
Event: 21.233 Thread 0x000001aa687ea420 2986       3       java.util.Collections$1::next (25 bytes)
Event: 21.233 Thread 0x000001aa68aeca00 2987 %     4       java.util.zip.ZipFile$Source::initCEN @ 261 (612 bytes)
Event: 21.233 Thread 0x000001aa687ea420 nmethod 2986 0x000001aa0ee2d110 code [0x000001aa0ee2d2c0, 0x000001aa0ee2d4e0]
Event: 21.238 Thread 0x000001aa687ea420 2988       3       java.util.concurrent.atomic.AtomicInteger::incrementAndGet (14 bytes)
Event: 21.238 Thread 0x000001aa687ea420 nmethod 2988 0x000001aa0ee2d610 code [0x000001aa0ee2d7a0, 0x000001aa0ee2d8c0]
Event: 21.238 Thread 0x000001aa687ea420 2989       3       java.lang.Thread::isAlive (5 bytes)
Event: 21.238 Thread 0x000001aa68023350 2990       3       java.lang.Thread::alive (15 bytes)
Event: 21.238 Thread 0x000001aa68023350 nmethod 2990 0x000001aa0ee2d990 code [0x000001aa0ee2db20, 0x000001aa0ee2dc88]
Event: 21.238 Thread 0x000001aa687ea420 nmethod 2989 0x000001aa0ee2dd10 code [0x000001aa0ee2dec0, 0x000001aa0ee2e108]
Event: 21.239 Thread 0x000001aa687ea420 2991       3       org.eclipse.osgi.util.ManifestElement::<init> (15 bytes)
Event: 21.239 Thread 0x000001aa61d75f80 2992       3       org.eclipse.osgi.util.ManifestElement::getTableValue (56 bytes)
Event: 21.239 Thread 0x000001aa687ea420 nmethod 2991 0x000001aa0ee2e210 code [0x000001aa0ee2e3c0, 0x000001aa0ee2e558]
Event: 21.239 Thread 0x000001aa61d75f80 nmethod 2992 0x000001aa0ee2e610 code [0x000001aa0ee2e820, 0x000001aa0ee2f090]
Event: 21.241 Thread 0x000001aa61d75f80 2993       3       java.util.concurrent.atomic.AtomicInteger::decrementAndGet (14 bytes)
Event: 21.241 Thread 0x000001aa61d75f80 nmethod 2993 0x000001aa0ee2f210 code [0x000001aa0ee2f3a0, 0x000001aa0ee2f4c0]
Event: 21.241 Thread 0x000001aa61d75f80 2994       3       org.eclipse.osgi.util.ManifestElement::getAttribute (10 bytes)

GC Heap History (8 events):
Event: 0.911 GC heap before
{Heap before GC invocations=1 (full 0):
 PSYoungGen      total 29696K, used 25600K [0x00000000eab00000, 0x00000000ecc00000, 0x0000000100000000)
  eden space 25600K, 100% used [0x00000000eab00000,0x00000000ec400000,0x00000000ec400000)
  from space 4096K, 0% used [0x00000000ec800000,0x00000000ec800000,0x00000000ecc00000)
  to   space 4096K, 0% used [0x00000000ec400000,0x00000000ec400000,0x00000000ec800000)
 ParOldGen       total 68608K, used 0K [0x00000000c0000000, 0x00000000c4300000, 0x00000000eab00000)
  object space 68608K, 0% used [0x00000000c0000000,0x00000000c0000000,0x00000000c4300000)
 Metaspace       used 4273K, committed 4480K, reserved 1114112K
  class space    used 453K, committed 576K, reserved 1048576K
}
Event: 0.924 GC heap after
{Heap after GC invocations=1 (full 0):
 PSYoungGen      total 29696K, used 3246K [0x00000000eab00000, 0x00000000ecc00000, 0x0000000100000000)
  eden space 25600K, 0% used [0x00000000eab00000,0x00000000eab00000,0x00000000ec400000)
  from space 4096K, 79% used [0x00000000ec400000,0x00000000ec72bb20,0x00000000ec800000)
  to   space 4096K, 0% used [0x00000000ec800000,0x00000000ec800000,0x00000000ecc00000)
 ParOldGen       total 68608K, used 16K [0x00000000c0000000, 0x00000000c4300000, 0x00000000eab00000)
  object space 68608K, 0% used [0x00000000c0000000,0x00000000c0004000,0x00000000c4300000)
 Metaspace       used 4273K, committed 4480K, reserved 1114112K
  class space    used 453K, committed 576K, reserved 1048576K
}
Event: 2.889 GC heap before
{Heap before GC invocations=2 (full 0):
 PSYoungGen      total 29696K, used 28846K [0x00000000eab00000, 0x00000000ecc00000, 0x0000000100000000)
  eden space 25600K, 100% used [0x00000000eab00000,0x00000000ec400000,0x00000000ec400000)
  from space 4096K, 79% used [0x00000000ec400000,0x00000000ec72bb20,0x00000000ec800000)
  to   space 4096K, 0% used [0x00000000ec800000,0x00000000ec800000,0x00000000ecc00000)
 ParOldGen       total 68608K, used 16K [0x00000000c0000000, 0x00000000c4300000, 0x00000000eab00000)
  object space 68608K, 0% used [0x00000000c0000000,0x00000000c0004000,0x00000000c4300000)
 Metaspace       used 8056K, committed 8384K, reserved 1114112K
  class space    used 805K, committed 960K, reserved 1048576K
}
Event: 2.896 GC heap after
{Heap after GC invocations=2 (full 0):
 PSYoungGen      total 29696K, used 4084K [0x00000000eab00000, 0x00000000ecc00000, 0x0000000100000000)
  eden space 25600K, 0% used [0x00000000eab00000,0x00000000eab00000,0x00000000ec400000)
  from space 4096K, 99% used [0x00000000ec800000,0x00000000ecbfd1e8,0x00000000ecc00000)
  to   space 4096K, 0% used [0x00000000ec400000,0x00000000ec400000,0x00000000ec800000)
 ParOldGen       total 68608K, used 1705K [0x00000000c0000000, 0x00000000c4300000, 0x00000000eab00000)
  object space 68608K, 2% used [0x00000000c0000000,0x00000000c01aa6a8,0x00000000c4300000)
 Metaspace       used 8056K, committed 8384K, reserved 1114112K
  class space    used 805K, committed 960K, reserved 1048576K
}
Event: 10.463 GC heap before
{Heap before GC invocations=3 (full 0):
 PSYoungGen      total 29696K, used 29608K [0x00000000eab00000, 0x00000000ecc00000, 0x0000000100000000)
  eden space 25600K, 99% used [0x00000000eab00000,0x00000000ec3ece40,0x00000000ec400000)
  from space 4096K, 99% used [0x00000000ec800000,0x00000000ecbfd1e8,0x00000000ecc00000)
  to   space 4096K, 0% used [0x00000000ec400000,0x00000000ec400000,0x00000000ec800000)
 ParOldGen       total 68608K, used 1705K [0x00000000c0000000, 0x00000000c4300000, 0x00000000eab00000)
  object space 68608K, 2% used [0x00000000c0000000,0x00000000c01aa6a8,0x00000000c4300000)
 Metaspace       used 9442K, committed 9792K, reserved 1114112K
  class space    used 967K, committed 1152K, reserved 1048576K
}
Event: 10.471 GC heap after
{Heap after GC invocations=3 (full 0):
 PSYoungGen      total 29696K, used 4079K [0x00000000eab00000, 0x00000000ecc00000, 0x0000000100000000)
  eden space 25600K, 0% used [0x00000000eab00000,0x00000000eab00000,0x00000000ec400000)
  from space 4096K, 99% used [0x00000000ec400000,0x00000000ec7fbd60,0x00000000ec800000)
  to   space 4096K, 0% used [0x00000000ec800000,0x00000000ec800000,0x00000000ecc00000)
 ParOldGen       total 68608K, used 4470K [0x00000000c0000000, 0x00000000c4300000, 0x00000000eab00000)
  object space 68608K, 6% used [0x00000000c0000000,0x00000000c045d850,0x00000000c4300000)
 Metaspace       used 9442K, committed 9792K, reserved 1114112K
  class space    used 967K, committed 1152K, reserved 1048576K
}
Event: 21.058 GC heap before
{Heap before GC invocations=4 (full 0):
 PSYoungGen      total 29696K, used 29679K [0x00000000eab00000, 0x00000000ecc00000, 0x0000000100000000)
  eden space 25600K, 100% used [0x00000000eab00000,0x00000000ec400000,0x00000000ec400000)
  from space 4096K, 99% used [0x00000000ec400000,0x00000000ec7fbd60,0x00000000ec800000)
  to   space 4096K, 0% used [0x00000000ec800000,0x00000000ec800000,0x00000000ecc00000)
 ParOldGen       total 68608K, used 4470K [0x00000000c0000000, 0x00000000c4300000, 0x00000000eab00000)
  object space 68608K, 6% used [0x00000000c0000000,0x00000000c045d850,0x00000000c4300000)
 Metaspace       used 12228K, committed 12672K, reserved 1114112K
  class space    used 1249K, committed 1472K, reserved 1048576K
}
Event: 21.066 GC heap after
{Heap after GC invocations=4 (full 0):
 PSYoungGen      total 29696K, used 4065K [0x00000000eab00000, 0x00000000ecc00000, 0x0000000100000000)
  eden space 25600K, 0% used [0x00000000eab00000,0x00000000eab00000,0x00000000ec400000)
  from space 4096K, 99% used [0x00000000ec800000,0x00000000ecbf8530,0x00000000ecc00000)
  to   space 4096K, 0% used [0x00000000ec400000,0x00000000ec400000,0x00000000ec800000)
 ParOldGen       total 68608K, used 6344K [0x00000000c0000000, 0x00000000c4300000, 0x00000000eab00000)
  object space 68608K, 9% used [0x00000000c0000000,0x00000000c0632060,0x00000000c4300000)
 Metaspace       used 12228K, committed 12672K, reserved 1114112K
  class space    used 1249K, committed 1472K, reserved 1048576K
}

Dll operation events (9 events):
Event: 0.016 Loaded shared library c:\Users\tanma\.vscode\extensions\redhat.java-1.42.0-win32-x64\jre\21.0.7-win32-x86_64\bin\java.dll
Event: 0.094 Loaded shared library c:\Users\tanma\.vscode\extensions\redhat.java-1.42.0-win32-x64\jre\21.0.7-win32-x86_64\bin\zip.dll
Event: 0.115 Loaded shared library C:\Users\tanma\.vscode\extensions\redhat.java-1.42.0-win32-x64\jre\21.0.7-win32-x86_64\bin\instrument.dll
Event: 0.120 Loaded shared library C:\Users\tanma\.vscode\extensions\redhat.java-1.42.0-win32-x64\jre\21.0.7-win32-x86_64\bin\net.dll
Event: 0.123 Loaded shared library C:\Users\tanma\.vscode\extensions\redhat.java-1.42.0-win32-x64\jre\21.0.7-win32-x86_64\bin\nio.dll
Event: 0.126 Loaded shared library C:\Users\tanma\.vscode\extensions\redhat.java-1.42.0-win32-x64\jre\21.0.7-win32-x86_64\bin\zip.dll
Event: 0.145 Loaded shared library C:\Users\tanma\.vscode\extensions\redhat.java-1.42.0-win32-x64\jre\21.0.7-win32-x86_64\bin\jimage.dll
Event: 0.219 Loaded shared library c:\Users\tanma\.vscode\extensions\redhat.java-1.42.0-win32-x64\jre\21.0.7-win32-x86_64\bin\verify.dll
Event: 6.468 Loaded shared library C:\Users\tanma\AppData\Roaming\Code\User\globalStorage\redhat.java\1.42.0\config_win\org.eclipse.equinox.launcher\org.eclipse.equinox.launcher.win32.win32.x86_64_1.2.1300.v20250331-1702\eclipse_11911.dll

Deoptimization events (20 events):
Event: 21.185 Thread 0x000001aa68482f60 DEOPT PACKING pc=0x000001aa0edafc28 sp=0x0000007dc05f88b0
Event: 21.185 Thread 0x000001aa68482f60 DEOPT UNPACKING pc=0x000001aa15cb4242 sp=0x0000007dc05f7d70 mode 0
Event: 21.190 Thread 0x000001aa68482f60 DEOPT PACKING pc=0x000001aa0edafc28 sp=0x0000007dc05f88b0
Event: 21.190 Thread 0x000001aa68482f60 DEOPT UNPACKING pc=0x000001aa15cb4242 sp=0x0000007dc05f7d70 mode 0
Event: 21.191 Thread 0x000001aa68482f60 Uncommon trap: trap_request=0xffffff45 fr.pc=0x000001aa164ca828 relative=0x0000000000000088
Event: 21.191 Thread 0x000001aa68482f60 Uncommon trap: reason=unstable_if action=reinterpret pc=0x000001aa164ca828 method=com.sun.org.apache.xerces.internal.impl.XMLEntityScanner.checkBeforeLoad(Lcom/sun/xml/internal/stream/Entity$ScannedEntity;II)I @ 18 c2
Event: 21.191 Thread 0x000001aa68482f60 DEOPT PACKING pc=0x000001aa164ca828 sp=0x0000007dc05f8820
Event: 21.191 Thread 0x000001aa68482f60 DEOPT UNPACKING pc=0x000001aa15cb3aa2 sp=0x0000007dc05f8790 mode 2
Event: 21.191 Thread 0x000001aa68482f60 DEOPT PACKING pc=0x000001aa0edafc28 sp=0x0000007dc05f86d0
Event: 21.191 Thread 0x000001aa68482f60 DEOPT UNPACKING pc=0x000001aa15cb4242 sp=0x0000007dc05f7b90 mode 0
Event: 21.195 Thread 0x000001aa68482f60 DEOPT PACKING pc=0x000001aa0edafc28 sp=0x0000007dc05f88b0
Event: 21.195 Thread 0x000001aa68482f60 DEOPT UNPACKING pc=0x000001aa15cb4242 sp=0x0000007dc05f7d70 mode 0
Event: 21.231 Thread 0x000001aa68482f60 Uncommon trap: trap_request=0xffffff45 fr.pc=0x000001aa164d451c relative=0x000000000000037c
Event: 21.231 Thread 0x000001aa68482f60 Uncommon trap: reason=unstable_if action=reinterpret pc=0x000001aa164d451c method=com.sun.org.apache.xerces.internal.impl.XMLEntityScanner.skipSpaces()Z @ 88 c2
Event: 21.231 Thread 0x000001aa68482f60 DEOPT PACKING pc=0x000001aa164d451c sp=0x0000007dc05f8a80
Event: 21.231 Thread 0x000001aa68482f60 DEOPT UNPACKING pc=0x000001aa15cb3aa2 sp=0x0000007dc05f8a18 mode 2
Event: 21.231 Thread 0x000001aa68482f60 Uncommon trap: trap_request=0xffffff45 fr.pc=0x000001aa164d2efc relative=0x00000000000000dc
Event: 21.231 Thread 0x000001aa68482f60 Uncommon trap: reason=unstable_if action=reinterpret pc=0x000001aa164d2efc method=com.sun.org.apache.xerces.internal.impl.XMLEntityScanner.peekChar()I @ 51 c2
Event: 21.231 Thread 0x000001aa68482f60 DEOPT PACKING pc=0x000001aa164d2efc sp=0x0000007dc05f89d0
Event: 21.231 Thread 0x000001aa68482f60 DEOPT UNPACKING pc=0x000001aa15cb3aa2 sp=0x0000007dc05f8958 mode 2

Classes loaded (20 events):
Event: 20.907 Loading class java/io/CharConversionException done
Event: 20.907 Loading class com/sun/org/apache/xerces/internal/impl/io/MalformedByteSequenceException done
Event: 20.915 Loading class java/util/concurrent/CompletionStage
Event: 20.915 Loading class java/util/concurrent/CompletionStage done
Event: 20.916 Loading class java/util/Timer
Event: 20.917 Loading class java/util/Timer done
Event: 20.917 Loading class java/util/TaskQueue
Event: 20.917 Loading class java/util/TaskQueue done
Event: 20.917 Loading class java/util/TimerThread
Event: 20.917 Loading class java/util/TimerThread done
Event: 20.917 Loading class java/util/Timer$ThreadReaper
Event: 20.917 Loading class java/util/Timer$ThreadReaper done
Event: 20.926 Loading class java/util/concurrent/locks/ReentrantLock$FairSync
Event: 20.926 Loading class java/util/concurrent/locks/ReentrantLock$FairSync done
Event: 21.045 Loading class java/lang/IllegalCallerException
Event: 21.046 Loading class java/lang/IllegalCallerException done
Event: 21.049 Loading class java/lang/invoke/DirectMethodHandle$1
Event: 21.050 Loading class java/lang/invoke/DirectMethodHandle$1 done
Event: 21.052 Loading class org/xml/sax/SAXParseException
Event: 21.052 Loading class org/xml/sax/SAXParseException done

Classes unloaded (0 events):
No events

Classes redefined (0 events):
No events

Internal exceptions (20 events):
Event: 0.971 Thread 0x000001aa092371e0 Exception <a 'java/lang/NoSuchMethodError'{0x00000000ead565e8}: 'void java.lang.invoke.DirectMethodHandle$Holder.invokeStatic(java.lang.Object, java.lang.Object, java.lang.Object, java.lang.Object)'> (0x00000000ead565e8) 
thrown [s\src\hotspot\share\interpreter\linkResolver.cpp, line 773]
Event: 0.973 Thread 0x000001aa092371e0 Implicit null exception at 0x000001aa1640e2bd to 0x000001aa1640e341
Event: 1.013 Thread 0x000001aa092371e0 Exception <a 'java/lang/NoSuchMethodError'{0x00000000eaf51df8}: 'long java.lang.invoke.DirectMethodHandle$Holder.invokeStatic(java.lang.Object, java.lang.Object, int)'> (0x00000000eaf51df8) 
thrown [s\src\hotspot\share\interpreter\linkResolver.cpp, line 773]
Event: 1.013 Thread 0x000001aa092371e0 Exception <a 'java/lang/NoSuchMethodError'{0x00000000eaf597e8}: 'java.lang.Object java.lang.invoke.DirectMethodHandle$Holder.invokeSpecial(java.lang.Object, java.lang.Object, java.lang.Object, java.lang.Object, long)'> (0x00000000eaf597e8) 
thrown [s\src\hotspot\share\interpreter\linkResolver.cpp, line 773]
Event: 1.015 Thread 0x000001aa092371e0 Exception <a 'java/lang/NoSuchMethodError'{0x00000000eaf671e0}: 'java.lang.Object java.lang.invoke.DirectMethodHandle$Holder.invokeSpecial(java.lang.Object, java.lang.Object, java.lang.Object, int, java.lang.Object)'> (0x00000000eaf671e0) 
thrown [s\src\hotspot\share\interpreter\linkResolver.cpp, line 773]
Event: 1.019 Thread 0x000001aa092371e0 Exception <a 'java/lang/NoSuchMethodError'{0x00000000eaf90e18}: 'int java.lang.invoke.DirectMethodHandle$Holder.invokeStaticInit(java.lang.Object, java.lang.Object, java.lang.Object, java.lang.Object)'> (0x00000000eaf90e18) 
thrown [s\src\hotspot\share\interpreter\linkResolver.cpp, line 773]
Event: 1.020 Thread 0x000001aa092371e0 Exception <a 'java/lang/IncompatibleClassChangeError'{0x00000000eaf99318}: Found class java.lang.Object, but interface was expected> (0x00000000eaf99318) 
thrown [s\src\hotspot\share\interpreter\linkResolver.cpp, line 840]
Event: 1.021 Thread 0x000001aa092371e0 Exception <a 'java/lang/NoSuchMethodError'{0x00000000eaf9d4b8}: 'void java.lang.invoke.DirectMethodHandle$Holder.invokeStaticInit(java.lang.Object, java.lang.Object)'> (0x00000000eaf9d4b8) 
thrown [s\src\hotspot\share\interpreter\linkResolver.cpp, line 773]
Event: 1.021 Thread 0x000001aa092371e0 Exception <a 'java/lang/NoSuchMethodError'{0x00000000eafa4370}: 'int java.lang.invoke.DirectMethodHandle$Holder.invokeStaticInit(java.lang.Object, java.lang.Object)'> (0x00000000eafa4370) 
thrown [s\src\hotspot\share\interpreter\linkResolver.cpp, line 773]
Event: 1.120 Thread 0x000001aa092371e0 Exception <a 'java/lang/NoSuchMethodError'{0x00000000eb1063a0}: 'void java.lang.invoke.DirectMethodHandle$Holder.invokeSpecial(java.lang.Object, java.lang.Object, java.lang.Object)'> (0x00000000eb1063a0) 
thrown [s\src\hotspot\share\interpreter\linkResolver.cpp, line 773]
Event: 1.328 Thread 0x000001aa092371e0 Exception <a 'java/lang/NoSuchMethodError'{0x00000000ebb15510}: 'int java.lang.invoke.DirectMethodHandle$Holder.invokeVirtual(java.lang.Object, java.lang.Object)'> (0x00000000ebb15510) 
thrown [s\src\hotspot\share\interpreter\linkResolver.cpp, line 773]
Event: 1.418 Thread 0x000001aa092371e0 Exception <a 'java/lang/NoSuchMethodError'{0x00000000ebecc0c8}: 'java.lang.Object java.lang.invoke.DirectMethodHandle$Holder.newInvokeSpecial(java.lang.Object, int, java.lang.Object)'> (0x00000000ebecc0c8) 
thrown [s\src\hotspot\share\interpreter\linkResolver.cpp, line 773]
Event: 1.453 Thread 0x000001aa092371e0 Exception <a 'java/lang/NoSuchMethodError'{0x00000000ec0681f8}: 'java.lang.Object java.lang.invoke.DirectMethodHandle$Holder.newInvokeSpecial(java.lang.Object, java.lang.Object, java.lang.Object, java.lang.Object, int, java.lang.Object)'> (0x00000000ec0681f8) 
thrown [s\src\hotspot\share\interpreter\linkResolver.cpp, line 773]
Event: 6.461 Thread 0x000001aa092371e0 Exception <a 'java/lang/UnsatisfiedLinkError'{0x00000000eac75aa8}: 'void org.eclipse.equinox.launcher.JNIBridge._update_splash()'> (0x00000000eac75aa8) 
thrown [s\src\hotspot\share\prims\nativeLookup.cpp, line 415]
Event: 6.581 Thread 0x000001aa68482f60 Exception <a 'java/lang/NoSuchMethodError'{0x00000000eb216fe8}: 'java.lang.Object java.lang.invoke.DirectMethodHandle$Holder.newInvokeSpecial(java.lang.Object, java.lang.Object, int, java.lang.Object)'> (0x00000000eb216fe8) 
thrown [s\src\hotspot\share\interpreter\linkResolver.cpp, line 773]
Event: 6.595 Thread 0x000001aa68482f60 Exception <a 'java/lang/NoClassDefFoundError'{0x00000000eb2e0ad0}: jakarta/servlet/ServletContainerInitializer> (0x00000000eb2e0ad0) 
thrown [s\src\hotspot\share\classfile\systemDictionary.cpp, line 301]
Event: 6.647 Thread 0x000001aa68482f60 Exception <a 'java/lang/ClassNotFoundException'{0x00000000eb4327a0}: sun/util/logging/resources/spi/loggingProvider> (0x00000000eb4327a0) 
thrown [s\src\hotspot\share\classfile\systemDictionary.cpp, line 312]
Event: 20.835 Thread 0x000001aa68482f60 Exception <a 'java/lang/NullPointerException'{0x00000000eb97aa08}> (0x00000000eb97aa08) 
thrown [s\src\hotspot\share\interpreter\linkResolver.cpp, line 1372]
Event: 20.835 Thread 0x000001aa68482f60 Exception <a 'java/lang/NullPointerException'{0x00000000eb97ace8}> (0x00000000eb97ace8) 
thrown [s\src\hotspot\share\interpreter\linkResolver.cpp, line 1372]
Event: 21.042 Thread 0x000001aa68482f60 Exception <a 'java/lang/NoSuchMethodError'{0x00000000ec33c280}: 'void java.lang.invoke.Invokers$Holder.invokeExact_MT(java.lang.Object, java.lang.Object, java.lang.Object)'> (0x00000000ec33c280) 
thrown [s\src\hotspot\share\interpreter\linkResolver.cpp, line 773]

ZGC Phase Switch (0 events):
No events

VM Operations (20 events):
Event: 11.484 Executing VM operation: Cleanup
Event: 11.484 Executing VM operation: Cleanup done
Event: 14.512 Executing VM operation: Cleanup
Event: 14.512 Executing VM operation: Cleanup done
Event: 16.537 Executing VM operation: Cleanup
Event: 16.537 Executing VM operation: Cleanup done
Event: 17.550 Executing VM operation: Cleanup
Event: 17.550 Executing VM operation: Cleanup done
Event: 18.560 Executing VM operation: Cleanup
Event: 18.560 Executing VM operation: Cleanup done
Event: 19.571 Executing VM operation: Cleanup
Event: 19.571 Executing VM operation: Cleanup done
Event: 20.585 Executing VM operation: Cleanup
Event: 20.585 Executing VM operation: Cleanup done
Event: 20.829 Executing VM operation: HandshakeAllThreads (Deoptimize)
Event: 20.829 Executing VM operation: HandshakeAllThreads (Deoptimize) done
Event: 20.926 Executing VM operation: HandshakeAllThreads (Deoptimize)
Event: 20.926 Executing VM operation: HandshakeAllThreads (Deoptimize) done
Event: 21.058 Executing VM operation: ParallelGCFailedAllocation (Allocation Failure)
Event: 21.066 Executing VM operation: ParallelGCFailedAllocation (Allocation Failure) done

Memory protections (0 events):
No events

Nmethod flushes (0 events):
No events

Events (20 events):
Event: 0.056 Thread 0x000001aa092371e0 Thread added: 0x000001aa1f9ff670
Event: 0.056 Thread 0x000001aa092371e0 Thread added: 0x000001aa1fa02550
Event: 0.056 Thread 0x000001aa092371e0 Thread added: 0x000001aa1fa051f0
Event: 0.056 Thread 0x000001aa092371e0 Thread added: 0x000001aa61d80d20
Event: 0.056 Thread 0x000001aa092371e0 Thread added: 0x000001aa1fa0de20
Event: 0.057 Thread 0x000001aa092371e0 Thread added: 0x000001aa61d75f80
Event: 0.080 Thread 0x000001aa092371e0 Thread added: 0x000001aa0b6b49a0
Event: 0.092 Thread 0x000001aa61d75f80 Thread added: 0x000001aa61e70000
Event: 0.312 Thread 0x000001aa092371e0 Thread added: 0x000001aa6803ec40
Event: 1.381 Thread 0x000001aa092371e0 Thread added: 0x000001aa6890d860
Event: 6.460 Thread 0x000001aa092371e0 Thread added: 0x000001aa68483e10
Event: 6.493 Thread 0x000001aa68483e10 Thread added: 0x000001aa680375a0
Event: 6.498 Thread 0x000001aa092371e0 Thread added: 0x000001aa68482f60
Event: 9.390 Thread 0x000001aa61e70000 Thread exited: 0x000001aa61e70000
Event: 10.631 Thread 0x000001aa68482f60 Thread added: 0x000001aa61f790f0
Event: 20.791 Thread 0x000001aa68482f60 Thread added: 0x000001aa68481770
Event: 20.917 Thread 0x000001aa68482f60 Thread added: 0x000001aa689537d0
Event: 21.044 Thread 0x000001aa61d75f80 Thread added: 0x000001aa68023350
Event: 21.049 Thread 0x000001aa68023350 Thread added: 0x000001aa68aeca00
Event: 21.141 Thread 0x000001aa61d75f80 Thread added: 0x000001aa687ea420


Dynamic libraries:
0x00007ff7b2360000 - 0x00007ff7b236e000 	c:\Users\tanma\.vscode\extensions\redhat.java-1.42.0-win32-x64\jre\21.0.7-win32-x86_64\bin\java.exe
0x00007ff93a490000 - 0x00007ff93a6a7000 	C:\WINDOWS\SYSTEM32\ntdll.dll
0x00007ff9397e0000 - 0x00007ff9398a4000 	C:\WINDOWS\System32\KERNEL32.DLL
0x00007ff937ad0000 - 0x00007ff937ea3000 	C:\WINDOWS\System32\KERNELBASE.dll
0x0000000051f70000 - 0x00000000522a2000 	C:\Program Files\Norton Security\NortonData\22.22.4.13\Definitions\IPSDefs\20231213.064\IPSEng64.dll
0x00007ff939b40000 - 0x00007ff939bf1000 	C:\WINDOWS\System32\ADVAPI32.dll
0x00007ff939470000 - 0x00007ff939517000 	C:\WINDOWS\System32\msvcrt.dll
0x00007ff9398b0000 - 0x00007ff939957000 	C:\WINDOWS\System32\sechost.dll
0x00007ff937580000 - 0x00007ff9375a8000 	C:\WINDOWS\System32\bcrypt.dll
0x00007ff93a170000 - 0x00007ff93a284000 	C:\WINDOWS\System32\RPCRT4.dll
0x00007ff938c10000 - 0x00007ff938c18000 	C:\WINDOWS\System32\PSAPI.DLL
0x00007ff937900000 - 0x00007ff937a11000 	C:\WINDOWS\System32\ucrtbase.dll
0x00007ff8fd170000 - 0x00007ff8fd188000 	c:\Users\tanma\.vscode\extensions\redhat.java-1.42.0-win32-x64\jre\21.0.7-win32-x86_64\bin\jli.dll
0x00007ff8fd1f0000 - 0x00007ff8fd20e000 	c:\Users\tanma\.vscode\extensions\redhat.java-1.42.0-win32-x64\jre\21.0.7-win32-x86_64\bin\VCRUNTIME140.dll
0x00007ff93a290000 - 0x00007ff93a441000 	C:\WINDOWS\System32\USER32.dll
0x00007ff927540000 - 0x00007ff9277db000 	C:\WINDOWS\WinSxS\amd64_microsoft.windows.common-controls_6595b64144ccf1df_6.0.22621.5262_none_2712bde373830908\COMCTL32.dll
0x00007ff937aa0000 - 0x00007ff937ac6000 	C:\WINDOWS\System32\win32u.dll
0x00007ff939520000 - 0x00007ff939549000 	C:\WINDOWS\System32\GDI32.dll
0x00007ff937ff0000 - 0x00007ff938112000 	C:\WINDOWS\System32\gdi32full.dll
0x00007ff937720000 - 0x00007ff9377ba000 	C:\WINDOWS\System32\msvcp_win.dll
0x00007ff938210000 - 0x00007ff938241000 	C:\WINDOWS\System32\IMM32.DLL
0x00007ff90c980000 - 0x00007ff90c98c000 	c:\Users\tanma\.vscode\extensions\redhat.java-1.42.0-win32-x64\jre\21.0.7-win32-x86_64\bin\vcruntime140_1.dll
0x00007ff8e5b80000 - 0x00007ff8e5c0d000 	c:\Users\tanma\.vscode\extensions\redhat.java-1.42.0-win32-x64\jre\21.0.7-win32-x86_64\bin\msvcp140.dll
0x00007ff8df5d0000 - 0x00007ff8e0360000 	c:\Users\tanma\.vscode\extensions\redhat.java-1.42.0-win32-x64\jre\21.0.7-win32-x86_64\bin\server\jvm.dll
0x00007ff938190000 - 0x00007ff938201000 	C:\WINDOWS\System32\WS2_32.dll
0x00007ff937450000 - 0x00007ff93749d000 	C:\WINDOWS\SYSTEM32\POWRPROF.dll
0x00007ff9306b0000 - 0x00007ff9306ba000 	C:\WINDOWS\SYSTEM32\VERSION.dll
0x00007ff9325f0000 - 0x00007ff932624000 	C:\WINDOWS\SYSTEM32\WINMM.dll
0x00007ff937430000 - 0x00007ff937443000 	C:\WINDOWS\SYSTEM32\UMPDC.dll
0x00007ff936520000 - 0x00007ff936538000 	C:\WINDOWS\SYSTEM32\kernel.appcore.dll
0x00007ff904b10000 - 0x00007ff904b1a000 	c:\Users\tanma\.vscode\extensions\redhat.java-1.42.0-win32-x64\jre\21.0.7-win32-x86_64\bin\jimage.dll
0x00007ff9350a0000 - 0x00007ff9352d2000 	C:\WINDOWS\SYSTEM32\DBGHELP.DLL
0x00007ff938e10000 - 0x00007ff9391a3000 	C:\WINDOWS\System32\combase.dll
0x00007ff938d30000 - 0x00007ff938e07000 	C:\WINDOWS\System32\OLEAUT32.dll
0x00007ff929040000 - 0x00007ff929072000 	C:\WINDOWS\SYSTEM32\dbgcore.DLL
0x00007ff937880000 - 0x00007ff9378fb000 	C:\WINDOWS\System32\bcryptPrimitives.dll
0x00007ff917c20000 - 0x00007ff917c2f000 	c:\Users\tanma\.vscode\extensions\redhat.java-1.42.0-win32-x64\jre\21.0.7-win32-x86_64\bin\instrument.dll
0x00007ff8fe2f0000 - 0x00007ff8fe30f000 	c:\Users\tanma\.vscode\extensions\redhat.java-1.42.0-win32-x64\jre\21.0.7-win32-x86_64\bin\java.dll
0x00007ff938250000 - 0x00007ff938aed000 	C:\WINDOWS\System32\SHELL32.dll
0x00007ff937eb0000 - 0x00007ff937fef000 	C:\WINDOWS\System32\wintypes.dll
0x00007ff935470000 - 0x00007ff935d8d000 	C:\WINDOWS\SYSTEM32\windows.storage.dll
0x00007ff938c20000 - 0x00007ff938d2b000 	C:\WINDOWS\System32\SHCORE.dll
0x00007ff938120000 - 0x00007ff938186000 	C:\WINDOWS\System32\shlwapi.dll
0x00007ff9374b0000 - 0x00007ff9374db000 	C:\WINDOWS\SYSTEM32\profapi.dll
0x00007ff8fd060000 - 0x00007ff8fd078000 	c:\Users\tanma\.vscode\extensions\redhat.java-1.42.0-win32-x64\jre\21.0.7-win32-x86_64\bin\zip.dll
0x00007ff8fd050000 - 0x00007ff8fd060000 	C:\Users\tanma\.vscode\extensions\redhat.java-1.42.0-win32-x64\jre\21.0.7-win32-x86_64\bin\net.dll
0x00007ff931330000 - 0x00007ff93145c000 	C:\WINDOWS\SYSTEM32\WINHTTP.dll
0x00007ff9369f0000 - 0x00007ff936a5a000 	C:\WINDOWS\system32\mswsock.dll
0x00007ff8fd000000 - 0x00007ff8fd016000 	C:\Users\tanma\.vscode\extensions\redhat.java-1.42.0-win32-x64\jre\21.0.7-win32-x86_64\bin\nio.dll
0x00007ff8fcf70000 - 0x00007ff8fcf80000 	c:\Users\tanma\.vscode\extensions\redhat.java-1.42.0-win32-x64\jre\21.0.7-win32-x86_64\bin\verify.dll
0x00007ff8f5ff0000 - 0x00007ff8f6035000 	C:\Users\tanma\AppData\Roaming\Code\User\globalStorage\redhat.java\1.42.0\config_win\org.eclipse.equinox.launcher\org.eclipse.equinox.launcher.win32.win32.x86_64_1.2.1300.v20250331-1702\eclipse_11911.dll
0x00007ff9392c0000 - 0x00007ff939461000 	C:\WINDOWS\System32\ole32.dll

dbghelp: loaded successfully - version: 4.0.5 - missing functions: none
symbol engine: initialized successfully - sym options: 0x614 - pdb path: .;c:\Users\tanma\.vscode\extensions\redhat.java-1.42.0-win32-x64\jre\21.0.7-win32-x86_64\bin;C:\WINDOWS\SYSTEM32;C:\Program Files\Norton Security\NortonData\22.22.4.13\Definitions\IPSDefs\20231213.064;C:\WINDOWS\WinSxS\amd64_microsoft.windows.common-controls_6595b64144ccf1df_6.0.22621.5262_none_2712bde373830908;c:\Users\tanma\.vscode\extensions\redhat.java-1.42.0-win32-x64\jre\21.0.7-win32-x86_64\bin\server;C:\Users\tanma\AppData\Roaming\Code\User\globalStorage\redhat.java\1.42.0\config_win\org.eclipse.equinox.launcher\org.eclipse.equinox.launcher.win32.win32.x86_64_1.2.1300.v20250331-1702

VM Arguments:
jvm_args: --add-modules=ALL-SYSTEM --add-opens=java.base/java.util=ALL-UNNAMED --add-opens=java.base/java.lang=ALL-UNNAMED --add-opens=java.base/sun.nio.fs=ALL-UNNAMED -Declipse.application=org.eclipse.jdt.ls.core.id1 -Dosgi.bundles.defaultStartLevel=4 -Declipse.product=org.eclipse.jdt.ls.core.product -Djava.import.generatesMetadataFilesAtProjectRoot=false -DDetectVMInstallationsJob.disabled=true -Dfile.encoding=utf8 -XX:+UseParallelGC -XX:GCTimeRatio=4 -XX:AdaptiveSizePolicyWeight=90 -Dsun.zip.disableMemoryMapping=true -Xmx1G -Xms100m -Xlog:disable -javaagent:c:\Users\tanma\.vscode\extensions\redhat.java-1.42.0-win32-x64\lombok\lombok-1.18.36.jar -XX:+HeapDumpOnOutOfMemoryError -XX:HeapDumpPath=c:\Users\tanma\AppData\Roaming\Code\User\workspaceStorage\89240fbca4adb2b40d9c8e8d66c81886\redhat.java -Daether.dependencyCollector.impl=bf 
java_command: c:\Users\tanma\.vscode\extensions\redhat.java-1.42.0-win32-x64\server\plugins\org.eclipse.equinox.launcher_1.7.0.v20250424-1814.jar -configuration c:\Users\tanma\AppData\Roaming\Code\User\globalStorage\redhat.java\1.42.0\config_win -data c:\Users\tanma\AppData\Roaming\Code\User\workspaceStorage\89240fbca4adb2b40d9c8e8d66c81886\redhat.java\jdt_ws --pipe=\\.\pipe\lsp-fde7ae1a2fad086a7138538e29a33a57-sock
java_class_path (initial): c:\Users\tanma\.vscode\extensions\redhat.java-1.42.0-win32-x64\server\plugins\org.eclipse.equinox.launcher_1.7.0.v20250424-1814.jar
Launcher Type: SUN_STANDARD

[Global flags]
    uintx AdaptiveSizePolicyWeight                 = 90                                        {product} {command line}
     intx CICompilerCount                          = 12                                        {product} {ergonomic}
    uintx GCTimeRatio                              = 4                                         {product} {command line}
     bool HeapDumpOnOutOfMemoryError               = true                                   {manageable} {command line}
    ccstr HeapDumpPath                             = c:\Users\tanma\AppData\Roaming\Code\User\workspaceStorage\89240fbca4adb2b40d9c8e8d66c81886\redhat.java         {manageable} {command line}
   size_t InitialHeapSize                          = 104857600                                 {product} {command line}
   size_t MaxHeapSize                              = 1073741824                                {product} {command line}
   size_t MaxNewSize                               = 357564416                                 {product} {ergonomic}
   size_t MinHeapDeltaBytes                        = 524288                                    {product} {ergonomic}
   size_t MinHeapSize                              = 104857600                                 {product} {command line}
   size_t NewSize                                  = 34603008                                  {product} {ergonomic}
    uintx NonNMethodCodeHeapSize                   = 7602480                                {pd product} {ergonomic}
    uintx NonProfiledCodeHeapSize                  = 122027880                              {pd product} {ergonomic}
   size_t OldSize                                  = 70254592                                  {product} {ergonomic}
    uintx ProfiledCodeHeapSize                     = 122027880                              {pd product} {ergonomic}
    uintx ReservedCodeCacheSize                    = 251658240                              {pd product} {ergonomic}
     bool SegmentedCodeCache                       = true                                      {product} {ergonomic}
   size_t SoftMaxHeapSize                          = 1073741824                             {manageable} {ergonomic}
     bool UseCompressedOops                        = true                           {product lp64_product} {ergonomic}
     bool UseLargePagesIndividualAllocation        = false                                  {pd product} {ergonomic}
     bool UseParallelGC                            = true                                      {product} {command line}

Logging:
Log output configuration:
 #0: stdout all=off uptime,level,tags foldmultilines=false
 #1: stderr all=off uptime,level,tags foldmultilines=false

Environment Variables:
JAVA_HOME=C:\Program Files\Microsoft\jdk-17.0.12.7-hotspot
PATH=C:\app\tanma\product\21c\dbhomeXE\bin;C:\Windows\system32;C:\Windows;C:\Windows\System32\Wbem;C:\Windows\System32\WindowsPowerShell\v1.0\;C:\Windows\System32\OpenSSH\;C:\Program Files (x86)\NVIDIA Corporation\PhysX\Common;C:\Program Files\NVIDIA Corporation\NVIDIA NvDLISR;C:\Windows\System32\cmd.exe;C:\MinGW\bin;C:\WINDOWS\system32;C:\WINDOWS;C:\WINDOWS\System32\Wbem;C:\WINDOWS\System32\WindowsPowerShell\v1.0\;C:\WINDOWS\System32\OpenSSH\;C:\Program Files\Git\cmd;C:\Program Files\Git\mingw64\bin;C:\Program Files\Git\usr\bin;C:\Program Files\MongoDB\Tools\100\bin;C:\Program Files\Docker\Docker\resources\bin;C:\Users\tanma\AppData\Local\Android\Sdk;C:\ProgramData\chocolatey\bin;C:\Program Files\nodejs\;C:\Users\tanma\AppData\Local\Android\Sdk\platform-tools;C:\Program Files\Microsoft\jdk-17.0.12.7-hotspot\bin;C:\Program Files\apache-maven-3.9.9-bin\apache-maven-3.9.9\bin;C:\Program Files\MySQL\MySQL Shell 8.0\bin\;C:\Users\tanma\.console-ninja\.bin;C:\Users\tanma\AppData\Local\Programs\Python\Python311\Scripts\;C:\Users\tanma\AppData\Local\Programs\Python\Python311\;C:\Users\tanma\AppData\Local\Programs\Python\Python312\Scripts\;C:\Users\tanma\AppData\Local\Programs\Python\Python312\;C:\Users\tanma\AppData\Local\Programs\Python\Launcher\;C:\Users\tanma\AppData\Local\Microsoft\WindowsApps;C:\Users\tanma\AppData\Local\GitHubDesktop\bin;C:\Program Files\JetBrains\IntelliJ IDEA Community Edition 2022.3\bin;C:\Users\tanma\AppData\Local\Programs\Microsoft VS Code\bin;C:\Users\tanma\AppData\Local\Programs\mongosh\;C:\Users\tanma\AppData\Local\Programs\oh-my-posh\bin;C:\Users\tanma\AppData\Local\Android\Sdk;C:\Users\tanma\AppData\Roaming\npm;C:\Program Files\Microsoft\jdk-17.0.12.7-hotspot\bin;C:\Program Files\apache-maven-3.9.9-bin\apache-maven-3.9.9\bin;C:\Program Files (x86)\MongoDB Atlas CLI\
USERNAME=tanma
OS=Windows_NT
PROCESSOR_IDENTIFIER=AMD64 Family 25 Model 80 Stepping 0, AuthenticAMD
TMP=C:\Users\tanma\AppData\Local\Temp
TEMP=C:\Users\tanma\AppData\Local\Temp




Periodic native trim disabled

---------------  S Y S T E M  ---------------

OS:
 Windows 11 , 64 bit Build 22621 (10.0.22621.5262)
OS uptime: 0 days 2:00 hours
Hyper-V role detected

CPU: total 16 (initial active 16) (16 cores per cpu, 2 threads per core) family 25 model 80 stepping 0 microcode 0x0, cx8, cmov, fxsr, ht, mmx, 3dnowpref, sse, sse2, sse3, ssse3, sse4a, sse4.1, sse4.2, popcnt, lzcnt, tsc, tscinvbit, avx, avx2, aes, erms, clmul, bmi1, bmi2, adx, sha, fma, vzeroupper, clflush, clflushopt, hv, rdtscp, rdpid, fsrm, f16c, cet_ss
Processor Information for processor 0
  Max Mhz: 3201, Current Mhz: 3201, Mhz Limit: 3201
Processor Information for processor 1
  Max Mhz: 3201, Current Mhz: 3201, Mhz Limit: 3201
Processor Information for processor 2
  Max Mhz: 3201, Current Mhz: 3201, Mhz Limit: 3201
Processor Information for processor 3
  Max Mhz: 3201, Current Mhz: 1802, Mhz Limit: 3201
Processor Information for processor 4
  Max Mhz: 3201, Current Mhz: 3201, Mhz Limit: 3201
Processor Information for processor 5
  Max Mhz: 3201, Current Mhz: 1802, Mhz Limit: 3201
Processor Information for processor 6
  Max Mhz: 3201, Current Mhz: 3201, Mhz Limit: 3201
Processor Information for processor 7
  Max Mhz: 3201, Current Mhz: 1802, Mhz Limit: 3201
Processor Information for processor 8
  Max Mhz: 3201, Current Mhz: 3201, Mhz Limit: 3201
Processor Information for processor 9
  Max Mhz: 3201, Current Mhz: 3201, Mhz Limit: 3201
Processor Information for processor 10
  Max Mhz: 3201, Current Mhz: 3201, Mhz Limit: 3201
Processor Information for processor 11
  Max Mhz: 3201, Current Mhz: 3201, Mhz Limit: 3201
Processor Information for processor 12
  Max Mhz: 3201, Current Mhz: 3201, Mhz Limit: 3201
Processor Information for processor 13
  Max Mhz: 3201, Current Mhz: 3201, Mhz Limit: 3201
Processor Information for processor 14
  Max Mhz: 3201, Current Mhz: 3201, Mhz Limit: 3201
Processor Information for processor 15
  Max Mhz: 3201, Current Mhz: 3201, Mhz Limit: 3201

Memory: 4k page, system-wide physical 5996M (781M free)
TotalPageFile size 24428M (AvailPageFile size 0M)
current process WorkingSet (physical memory assigned to process): 88M, peak: 106M
current process commit charge ("private bytes"): 235M, peak: 236M

vm_info: OpenJDK 64-Bit Server VM (21.0.7+6-LTS) for windows-amd64 JRE (21.0.7+6-LTS), built on 2025-04-15T00:00:00Z by "admin" with MS VC++ 17.7 (VS2022)

END.
