#
# There is insufficient memory for the Java Runtime Environment to continue.
# Native memory allocation (malloc) failed to allocate 1018096 bytes. Error detail: Chunk::new
# Possible reasons:
#   The system is out of physical RAM or swap space
#   This process is running with CompressedOops enabled, and the Java Heap may be blocking the growth of the native heap
# Possible solutions:
#   Reduce memory load on the system
#   Increase physical memory or swap space
#   Check if swap backing store is full
#   Decrease Java heap size (-Xmx/-Xms)
#   Decrease number of Java threads
#   Decrease Java thread stack sizes (-Xss)
#   Set larger code cache with -XX:ReservedCodeCacheSize=
#   JVM is running with Unscaled Compressed Oops mode in which the Java heap is
#     placed in the first 4GB address space. The Java Heap base address is the
#     maximum limit for the native heap growth. Please use -XX:HeapBaseMinAddress
#     to set the Java Heap base and to place the Java Heap above 4GB virtual address.
# This output file may be truncated or incomplete.
#
#  Out of Memory Error (arena.cpp:168), pid=23288, tid=4524
#
# JRE version: OpenJDK Runtime Environment Temurin-21.0.7+6 (21.0.7+6) (build 21.0.7+6-LTS)
# Java VM: OpenJDK 64-Bit Server VM Temurin-21.0.7+6 (21.0.7+6-LTS, mixed mode, sharing, tiered, compressed oops, compressed class ptrs, parallel gc, windows-amd64)
# No core dump will be written. Minidumps are not enabled by default on client versions of Windows
#

---------------  S U M M A R Y ------------

Command Line: --add-modules=ALL-SYSTEM --add-opens=java.base/java.util=ALL-UNNAMED --add-opens=java.base/java.lang=ALL-UNNAMED --add-opens=java.base/sun.nio.fs=ALL-UNNAMED -Declipse.application=org.eclipse.jdt.ls.core.id1 -Dosgi.bundles.defaultStartLevel=4 -Declipse.product=org.eclipse.jdt.ls.core.product -Djava.import.generatesMetadataFilesAtProjectRoot=false -DDetectVMInstallationsJob.disabled=true -Dfile.encoding=utf8 -XX:+UseParallelGC -XX:GCTimeRatio=4 -XX:AdaptiveSizePolicyWeight=90 -Dsun.zip.disableMemoryMapping=true -Xmx1G -Xms100m -Xlog:disable -javaagent:c:\Users\tanma\.vscode\extensions\redhat.java-1.42.0-win32-x64\lombok\lombok-1.18.36.jar -XX:+HeapDumpOnOutOfMemoryError -XX:HeapDumpPath=c:\Users\tanma\AppData\Roaming\Code\User\workspaceStorage\89240fbca4adb2b40d9c8e8d66c81886\redhat.java -Daether.dependencyCollector.impl=bf c:\Users\tanma\.vscode\extensions\redhat.java-1.42.0-win32-x64\server\plugins\org.eclipse.equinox.launcher_1.7.0.v20250424-1814.jar -configuration c:\Users\tanma\AppData\Roaming\Code\User\globalStorage\redhat.java\1.42.0\config_win -data c:\Users\tanma\AppData\Roaming\Code\User\workspaceStorage\89240fbca4adb2b40d9c8e8d66c81886\redhat.java\jdt_ws --pipe=\\.\pipe\lsp-81f84c0b74272fc882fd6ee3462a230e-sock

Host: AMD Ryzen 7 5800H with Radeon Graphics         , 16 cores, 5G,  Windows 11 , 64 bit Build 22621 (10.0.22621.5262)
Time: Sat May 24 18:14:19 2025 India Standard Time elapsed time: 61.558831 seconds (0d 0h 1m 1s)

---------------  T H R E A D  ---------------

Current thread (0x000001fa0aad2ec0):  JavaThread "C2 CompilerThread1" daemon [_thread_in_native, id=4524, stack(0x0000008b1db00000,0x0000008b1dc00000) (1024K)]


Current CompileTask:
C2:61558 15261   !   4       org.eclipse.jdt.internal.compiler.classfmt.ClassFileReader::<init> (2135 bytes)

Stack: [0x0000008b1db00000,0x0000008b1dc00000]
Native frames: (J=compiled Java code, j=interpreted, Vv=VM code, C=native code)
V  [jvm.dll+0x6ce119]
V  [jvm.dll+0x8a84a1]
V  [jvm.dll+0x8aa9ce]
V  [jvm.dll+0x8ab0b3]
V  [jvm.dll+0x27f8a6]
V  [jvm.dll+0xc507d]
V  [jvm.dll+0xc55b3]
V  [jvm.dll+0x3b68f2]
V  [jvm.dll+0x1dfcaa]
V  [jvm.dll+0x247c42]
V  [jvm.dll+0x2470cf]
V  [jvm.dll+0x1c760e]
V  [jvm.dll+0x25695a]
V  [jvm.dll+0x254efa]
V  [jvm.dll+0x3f03f6]
V  [jvm.dll+0x851f6b]
V  [jvm.dll+0x6cc7dd]
C  [ucrtbase.dll+0x29333]
C  [KERNEL32.DLL+0x1259d]
C  [ntdll.dll+0x5af58]


---------------  P R O C E S S  ---------------

Threads class SMR info:
_java_thread_list=0x000001fa12a0d980, length=81, elements={
0x000001fa276c6d70, 0x000001fa29a9ccd0, 0x000001fa29a9e050, 0x000001fa3ddb9330,
0x000001fa3ddba240, 0x000001fa3ddbe0c0, 0x000001fa3ddc2600, 0x000001fa3ddce670,
0x000001fa000b5ff0, 0x000001fa001a1e30, 0x000001fa001a2b50, 0x000001fa001a31e0,
0x000001fa001a4590, 0x000001fa001a3f00, 0x000001fa001a4c20, 0x000001fa001a24c0,
0x000001fa001a3870, 0x000001fa07171f10, 0x000001fa07171880, 0x000001fa07174670,
0x000001fa071725a0, 0x000001fa07172c30, 0x000001fa07173fe0, 0x000001fa0716e400,
0x000001fa071711f0, 0x000001fa0716f120, 0x000001fa071732c0, 0x000001fa0716f7b0,
0x000001fa07173950, 0x000001fa07174d00, 0x000001fa07175390, 0x000001fa0716ea90,
0x000001fa07175a20, 0x000001fa0716fe40, 0x000001fa071704d0, 0x000001fa07170b60,
0x000001fa0a354320, 0x000001fa0a353600, 0x000001fa0a3549b0, 0x000001fa0a350180,
0x000001fa0a351530, 0x000001fa0a353c90, 0x000001fa0a3556d0, 0x000001fa0a355d60,
0x000001fa0a355040, 0x000001fa0a350ea0, 0x000001fa0a34edd0, 0x000001fa0a3563f0,
0x000001fa0a352f70, 0x000001fa0a34faf0, 0x000001fa0a351bc0, 0x000001fa0a352250,
0x000001fa1293ccd0, 0x000001fa12943c60, 0x000001fa129407e0, 0x000001fa12941500,
0x000001fa129435d0, 0x000001fa12942f40, 0x000001fa129428b0, 0x000001fa12940e70,
0x000001fa129442f0, 0x000001fa1293d360, 0x000001fa1293fac0, 0x000001fa096892a0,
0x000001fa09685e20, 0x000001fa096836c0, 0x000001fa09689930, 0x000001fa09687ef0,
0x000001fa09684a70, 0x000001fa096864b0, 0x000001fa09683d50, 0x000001fa09688580,
0x000001fa09685100, 0x000001fa09685790, 0x000001fa09686b40, 0x000001fa09688c10,
0x000001fa09689fc0, 0x000001fa080a2db0, 0x000001fa080a1270, 0x000001fa0968a650,
0x000001fa0aad2ec0
}

Java Threads: ( => current thread )
  0x000001fa276c6d70 JavaThread "main"                              [_thread_blocked, id=6576, stack(0x0000008b1df00000,0x0000008b1e000000) (1024K)]
  0x000001fa29a9ccd0 JavaThread "Reference Handler"          daemon [_thread_blocked, id=24716, stack(0x0000008b1e300000,0x0000008b1e400000) (1024K)]
  0x000001fa29a9e050 JavaThread "Finalizer"                  daemon [_thread_blocked, id=26508, stack(0x0000008b1e400000,0x0000008b1e500000) (1024K)]
  0x000001fa3ddb9330 JavaThread "Signal Dispatcher"          daemon [_thread_blocked, id=25848, stack(0x0000008b1e500000,0x0000008b1e600000) (1024K)]
  0x000001fa3ddba240 JavaThread "Attach Listener"            daemon [_thread_blocked, id=21544, stack(0x0000008b1e600000,0x0000008b1e700000) (1024K)]
  0x000001fa3ddbe0c0 JavaThread "Service Thread"             daemon [_thread_blocked, id=3400, stack(0x0000008b1e700000,0x0000008b1e800000) (1024K)]
  0x000001fa3ddc2600 JavaThread "Monitor Deflation Thread"   daemon [_thread_blocked, id=14212, stack(0x0000008b1e800000,0x0000008b1e900000) (1024K)]
  0x000001fa3ddce670 JavaThread "C2 CompilerThread0"         daemon [_thread_in_native, id=24756, stack(0x0000008b1e900000,0x0000008b1ea00000) (1024K)]
  0x000001fa000b5ff0 JavaThread "C1 CompilerThread0"         daemon [_thread_blocked, id=22644, stack(0x0000008b1ea00000,0x0000008b1eb00000) (1024K)]
  0x000001fa001a1e30 JavaThread "Common-Cleaner"             daemon [_thread_blocked, id=22016, stack(0x0000008b1eb00000,0x0000008b1ec00000) (1024K)]
  0x000001fa001a2b50 JavaThread "Notification Thread"        daemon [_thread_blocked, id=26028, stack(0x0000008b1f000000,0x0000008b1f100000) (1024K)]
  0x000001fa001a31e0 JavaThread "Active Thread: Equinox Container: a8682b9d-18db-47cc-9e1b-312b2c5afc93"        [_thread_blocked, id=1312, stack(0x0000008b1f800000,0x0000008b1f900000) (1024K)]
  0x000001fa001a4590 JavaThread "Refresh Thread: Equinox Container: a8682b9d-18db-47cc-9e1b-312b2c5afc93" daemon [_thread_blocked, id=24076, stack(0x0000008b1fa00000,0x0000008b1fb00000) (1024K)]
  0x000001fa001a3f00 JavaThread "Framework Event Dispatcher: Equinox Container: a8682b9d-18db-47cc-9e1b-312b2c5afc93" daemon [_thread_blocked, id=22196, stack(0x0000008b1fb00000,0x0000008b1fc00000) (1024K)]
  0x000001fa001a4c20 JavaThread "Start Level: Equinox Container: a8682b9d-18db-47cc-9e1b-312b2c5afc93" daemon [_thread_blocked, id=13032, stack(0x0000008b1fc00000,0x0000008b1fd00000) (1024K)]
  0x000001fa001a24c0 JavaThread "Bundle File Closer"         daemon [_thread_blocked, id=23044, stack(0x0000008b20000000,0x0000008b20100000) (1024K)]
  0x000001fa001a3870 JavaThread "SCR Component Actor"        daemon [_thread_blocked, id=22640, stack(0x0000008b20100000,0x0000008b20200000) (1024K)]
  0x000001fa07171f10 JavaThread "Worker-JM"                         [_thread_blocked, id=20348, stack(0x0000008b20400000,0x0000008b20500000) (1024K)]
  0x000001fa07171880 JavaThread "JNA Cleaner"                daemon [_thread_blocked, id=1116, stack(0x0000008b20600000,0x0000008b20700000) (1024K)]
  0x000001fa07174670 JavaThread "Worker-0: Updating project configurations"        [_thread_blocked, id=26488, stack(0x0000008b20700000,0x0000008b20800000) (1024K)]
  0x000001fa071725a0 JavaThread "Worker-1"                          [_thread_blocked, id=7528, stack(0x0000008b20800000,0x0000008b20900000) (1024K)]
  0x000001fa07172c30 JavaThread "Java indexing"              daemon [_thread_blocked, id=26212, stack(0x0000008b20900000,0x0000008b20a00000) (1024K)]
  0x000001fa07173fe0 JavaThread "Worker-2"                          [_thread_blocked, id=24904, stack(0x0000008b20a00000,0x0000008b20b00000) (1024K)]
  0x000001fa0716e400 JavaThread "Worker-3"                          [_thread_blocked, id=22384, stack(0x0000008b20b00000,0x0000008b20c00000) (1024K)]
  0x000001fa071711f0 JavaThread "Thread-2"                   daemon [_thread_in_native, id=22484, stack(0x0000008b20c00000,0x0000008b20d00000) (1024K)]
  0x000001fa0716f120 JavaThread "Thread-3"                   daemon [_thread_in_native, id=24560, stack(0x0000008b20d00000,0x0000008b20e00000) (1024K)]
  0x000001fa071732c0 JavaThread "Thread-4"                   daemon [_thread_in_native, id=21732, stack(0x0000008b20e00000,0x0000008b20f00000) (1024K)]
  0x000001fa0716f7b0 JavaThread "Thread-5"                   daemon [_thread_in_native, id=5092, stack(0x0000008b20f00000,0x0000008b21000000) (1024K)]
  0x000001fa07173950 JavaThread "Thread-6"                   daemon [_thread_in_native, id=11132, stack(0x0000008b21000000,0x0000008b21100000) (1024K)]
  0x000001fa07174d00 JavaThread "Thread-7"                   daemon [_thread_in_native, id=20920, stack(0x0000008b21100000,0x0000008b21200000) (1024K)]
  0x000001fa07175390 JavaThread "Thread-8"                   daemon [_thread_in_native, id=24272, stack(0x0000008b21200000,0x0000008b21300000) (1024K)]
  0x000001fa0716ea90 JavaThread "Thread-9"                   daemon [_thread_in_native, id=24128, stack(0x0000008b21300000,0x0000008b21400000) (1024K)]
  0x000001fa07175a20 JavaThread "Thread-10"                  daemon [_thread_in_native, id=12684, stack(0x0000008b21400000,0x0000008b21500000) (1024K)]
  0x000001fa0716fe40 JavaThread "Thread-11"                  daemon [_thread_in_native, id=14164, stack(0x0000008b21500000,0x0000008b21600000) (1024K)]
  0x000001fa071704d0 JavaThread "Thread-12"                  daemon [_thread_in_native, id=23864, stack(0x0000008b21600000,0x0000008b21700000) (1024K)]
  0x000001fa07170b60 JavaThread "Thread-13"                  daemon [_thread_in_native, id=22788, stack(0x0000008b21700000,0x0000008b21800000) (1024K)]
  0x000001fa0a354320 JavaThread "Thread-14"                  daemon [_thread_in_native, id=15124, stack(0x0000008b21800000,0x0000008b21900000) (1024K)]
  0x000001fa0a353600 JavaThread "Thread-15"                  daemon [_thread_in_native, id=9624, stack(0x0000008b21900000,0x0000008b21a00000) (1024K)]
  0x000001fa0a3549b0 JavaThread "Thread-16"                  daemon [_thread_in_native, id=13768, stack(0x0000008b21a00000,0x0000008b21b00000) (1024K)]
  0x000001fa0a350180 JavaThread "Thread-17"                  daemon [_thread_in_native, id=23536, stack(0x0000008b21b00000,0x0000008b21c00000) (1024K)]
  0x000001fa0a351530 JavaThread "Thread-18"                  daemon [_thread_in_native, id=24052, stack(0x0000008b21c00000,0x0000008b21d00000) (1024K)]
  0x000001fa0a353c90 JavaThread "pool-2-thread-1"                   [_thread_blocked, id=22968, stack(0x0000008b21d00000,0x0000008b21e00000) (1024K)]
  0x000001fa0a3556d0 JavaThread "WorkspaceEventsHandler"            [_thread_blocked, id=7904, stack(0x0000008b21e00000,0x0000008b21f00000) (1024K)]
  0x000001fa0a355d60 JavaThread "pool-1-thread-1"                   [_thread_blocked, id=22204, stack(0x0000008b21f00000,0x0000008b22000000) (1024K)]
  0x000001fa0a355040 JavaThread "Worker-4"                          [_thread_blocked, id=14156, stack(0x0000008b22000000,0x0000008b22100000) (1024K)]
  0x000001fa0a350ea0 JavaThread "Worker-5"                          [_thread_blocked, id=26064, stack(0x0000008b22100000,0x0000008b22200000) (1024K)]
  0x000001fa0a34edd0 JavaThread "LocalFile Deleter"          daemon [_thread_blocked, id=21704, stack(0x0000008b22200000,0x0000008b22300000) (1024K)]
  0x000001fa0a3563f0 JavaThread "LocalFile Deleter"          daemon [_thread_blocked, id=18628, stack(0x0000008b22300000,0x0000008b22400000) (1024K)]
  0x000001fa0a352f70 JavaThread "LocalFile Deleter"          daemon [_thread_blocked, id=2484, stack(0x0000008b22400000,0x0000008b22500000) (1024K)]
  0x000001fa0a34faf0 JavaThread "LocalFile Deleter"          daemon [_thread_blocked, id=10412, stack(0x0000008b22500000,0x0000008b22600000) (1024K)]
  0x000001fa0a351bc0 JavaThread "LocalFile Deleter"          daemon [_thread_blocked, id=26532, stack(0x0000008b22600000,0x0000008b22700000) (1024K)]
  0x000001fa0a352250 JavaThread "LocalFile Deleter"          daemon [_thread_blocked, id=22328, stack(0x0000008b22700000,0x0000008b22800000) (1024K)]
  0x000001fa1293ccd0 JavaThread "LocalFile Deleter"          daemon [_thread_blocked, id=23832, stack(0x0000008b22800000,0x0000008b22900000) (1024K)]
  0x000001fa12943c60 JavaThread "LocalFile Deleter"          daemon [_thread_blocked, id=2444, stack(0x0000008b22900000,0x0000008b22a00000) (1024K)]
  0x000001fa129407e0 JavaThread "LocalFile Deleter"          daemon [_thread_blocked, id=22580, stack(0x0000008b22a00000,0x0000008b22b00000) (1024K)]
  0x000001fa12941500 JavaThread "Compiler Source File Reader" daemon [_thread_blocked, id=19048, stack(0x0000008b22b00000,0x0000008b22c00000) (1024K)]
  0x000001fa129435d0 JavaThread "Compiler Source File Reader" daemon [_thread_blocked, id=10164, stack(0x0000008b22c00000,0x0000008b22d00000) (1024K)]
  0x000001fa12942f40 JavaThread "Compiler Processing Task"   daemon [_thread_blocked, id=20428, stack(0x0000008b22d00000,0x0000008b22e00000) (1024K)]
  0x000001fa129428b0 JavaThread "Compiler Class File Writer" daemon [_thread_blocked, id=14572, stack(0x0000008b20200000,0x0000008b20300000) (1024K)]
  0x000001fa12940e70 JavaThread "Compiler Class File Writer" daemon [_thread_blocked, id=20680, stack(0x0000008b22e00000,0x0000008b22f00000) (1024K)]
  0x000001fa129442f0 JavaThread "Compiler Source File Reader" daemon [_thread_blocked, id=15108, stack(0x0000008b22f00000,0x0000008b23000000) (1024K)]
  0x000001fa1293d360 JavaThread "Compiler Class File Writer" daemon [_thread_blocked, id=21236, stack(0x0000008b23000000,0x0000008b23100000) (1024K)]
  0x000001fa1293fac0 JavaThread "ForkJoinPool.commonPool-worker-1" daemon [_thread_blocked, id=20756, stack(0x0000008b1ec00000,0x0000008b1ed00000) (1024K)]
  0x000001fa096892a0 JavaThread "ForkJoinPool.commonPool-worker-2" daemon [_thread_in_native, id=22864, stack(0x0000008b1ee00000,0x0000008b1ef00000) (1024K)]
  0x000001fa09685e20 JavaThread "ForkJoinPool.commonPool-worker-3" daemon [_thread_blocked, id=20932, stack(0x0000008b1ef00000,0x0000008b1f000000) (1024K)]
  0x000001fa096836c0 JavaThread "ForkJoinPool.commonPool-worker-4" daemon [_thread_blocked, id=23544, stack(0x0000008b1f100000,0x0000008b1f200000) (1024K)]
  0x000001fa09689930 JavaThread "ForkJoinPool.commonPool-worker-5" daemon [_thread_blocked, id=16284, stack(0x0000008b23400000,0x0000008b23500000) (1024K)]
  0x000001fa09687ef0 JavaThread "ForkJoinPool.commonPool-worker-6" daemon [_thread_blocked, id=21532, stack(0x0000008b23500000,0x0000008b23600000) (1024K)]
  0x000001fa09684a70 JavaThread "ForkJoinPool.commonPool-worker-7" daemon [_thread_blocked, id=5884, stack(0x0000008b23600000,0x0000008b23700000) (1024K)]
  0x000001fa096864b0 JavaThread "ForkJoinPool.commonPool-worker-8" daemon [_thread_blocked, id=24016, stack(0x0000008b23700000,0x0000008b23800000) (1024K)]
  0x000001fa09683d50 JavaThread "ForkJoinPool.commonPool-worker-9" daemon [_thread_blocked, id=23820, stack(0x0000008b23800000,0x0000008b23900000) (1024K)]
  0x000001fa09688580 JavaThread "ForkJoinPool.commonPool-worker-10" daemon [_thread_blocked, id=21744, stack(0x0000008b23900000,0x0000008b23a00000) (1024K)]
  0x000001fa09685100 JavaThread "ForkJoinPool.commonPool-worker-11" daemon [_thread_blocked, id=18680, stack(0x0000008b23a00000,0x0000008b23b00000) (1024K)]
  0x000001fa09685790 JavaThread "ForkJoinPool.commonPool-worker-12" daemon [_thread_blocked, id=21392, stack(0x0000008b23b00000,0x0000008b23c00000) (1024K)]
  0x000001fa09686b40 JavaThread "ForkJoinPool.commonPool-worker-13" daemon [_thread_blocked, id=21404, stack(0x0000008b23c00000,0x0000008b23d00000) (1024K)]
  0x000001fa09688c10 JavaThread "ForkJoinPool.commonPool-worker-14" daemon [_thread_blocked, id=5712, stack(0x0000008b23d00000,0x0000008b23e00000) (1024K)]
  0x000001fa09689fc0 JavaThread "ForkJoinPool.commonPool-worker-15" daemon [_thread_blocked, id=10332, stack(0x0000008b23e00000,0x0000008b23f00000) (1024K)]
  0x000001fa080a2db0 JavaThread "C1 CompilerThread1"         daemon [_thread_blocked, id=21068, stack(0x0000008b1ed00000,0x0000008b1ee00000) (1024K)]
  0x000001fa080a1270 JavaThread "C1 CompilerThread2"         daemon [_thread_blocked, id=25892, stack(0x0000008b23100000,0x0000008b23200000) (1024K)]
  0x000001fa0968a650 JavaThread "Worker-6"                          [_thread_blocked, id=22692, stack(0x0000008b24100000,0x0000008b24200000) (1024K)]
=>0x000001fa0aad2ec0 JavaThread "C2 CompilerThread1"         daemon [_thread_in_native, id=4524, stack(0x0000008b1db00000,0x0000008b1dc00000) (1024K)]
Total: 81

Other Threads:
  0x000001fa000a5820 VMThread "VM Thread"                           [id=17852, stack(0x0000008b1e200000,0x0000008b1e300000) (1024K)]
  0x000001fa3dcacb20 WatcherThread "VM Periodic Task Thread"        [id=25984, stack(0x0000008b1e100000,0x0000008b1e200000) (1024K)]
  0x000001fa29a252b0 WorkerThread "GC Thread#0"                     [id=12360, stack(0x0000008b1e000000,0x0000008b1e100000) (1024K)]
  0x000001fa061e9d10 WorkerThread "GC Thread#1"                     [id=23148, stack(0x0000008b1f200000,0x0000008b1f300000) (1024K)]
  0x000001fa061e5160 WorkerThread "GC Thread#2"                     [id=11340, stack(0x0000008b1f300000,0x0000008b1f400000) (1024K)]
  0x000001fa061e5500 WorkerThread "GC Thread#3"                     [id=3352, stack(0x0000008b1f400000,0x0000008b1f500000) (1024K)]
  0x000001fa061e58a0 WorkerThread "GC Thread#4"                     [id=21984, stack(0x0000008b1f500000,0x0000008b1f600000) (1024K)]
  0x000001fa06a169d0 WorkerThread "GC Thread#5"                     [id=18136, stack(0x0000008b1f600000,0x0000008b1f700000) (1024K)]
  0x000001fa065322c0 WorkerThread "GC Thread#6"                     [id=17984, stack(0x0000008b1f700000,0x0000008b1f800000) (1024K)]
  0x000001fa06d4fd70 WorkerThread "GC Thread#7"                     [id=19428, stack(0x0000008b1f900000,0x0000008b1fa00000) (1024K)]
  0x000001fa061014f0 WorkerThread "GC Thread#8"                     [id=19316, stack(0x0000008b1fd00000,0x0000008b1fe00000) (1024K)]
  0x000001fa06101890 WorkerThread "GC Thread#9"                     [id=22840, stack(0x0000008b1fe00000,0x0000008b1ff00000) (1024K)]
  0x000001fa06102710 WorkerThread "GC Thread#10"                    [id=23140, stack(0x0000008b1ff00000,0x0000008b20000000) (1024K)]
  0x000001fa06102370 WorkerThread "GC Thread#11"                    [id=12284, stack(0x0000008b20300000,0x0000008b20400000) (1024K)]
  0x000001fa06f691b0 WorkerThread "GC Thread#12"                    [id=24528, stack(0x0000008b20500000,0x0000008b20600000) (1024K)]
Total: 15

Threads with active compile tasks:
C2 CompilerThread0  61611 15320       4       java.util.jar.JarFile::getEntry (35 bytes)
C2 CompilerThread1  61611 15261   !   4       org.eclipse.jdt.internal.compiler.classfmt.ClassFileReader::<init> (2135 bytes)
Total: 2

VM state: not at safepoint (normal execution)

VM Mutex/Monitor currently owned by a thread: None

Heap address: 0x00000000c0000000, size: 1024 MB, Compressed Oops mode: 32-bit

CDS archive(s) mapped at: [0x000001fa3e000000-0x000001fa3eba0000-0x000001fa3eba0000), size 12189696, SharedBaseAddress: 0x000001fa3e000000, ArchiveRelocationMode: 1.
Compressed class space mapped at: 0x000001fa3f000000-0x000001fa7f000000, reserved size: 1073741824
Narrow klass base: 0x000001fa3e000000, Narrow klass shift: 0, Narrow klass range: 0x100000000

GC Precious Log:
 CardTable entry size: 512
 CPUs: 16 total, 16 available
 Memory: 5996M
 Large Page Support: Disabled
 NUMA Support: Disabled
 Compressed Oops: Enabled (32-bit)
 Alignments: Space 512K, Generation 512K, Heap 2M
 Heap Min Capacity: 100M
 Heap Initial Capacity: 100M
 Heap Max Capacity: 1G
 Pre-touch: Disabled
 Parallel Workers: 13

Heap:
 PSYoungGen      total 23552K, used 6677K [0x00000000eab00000, 0x00000000ec380000, 0x0000000100000000)
  eden space 22528K, 25% used [0x00000000eab00000,0x00000000eb09d540,0x00000000ec100000)
  from space 1024K, 90% used [0x00000000ec280000,0x00000000ec368000,0x00000000ec380000)
  to   space 1024K, 0% used [0x00000000ec100000,0x00000000ec100000,0x00000000ec200000)
 ParOldGen       total 314368K, used 314322K [0x00000000c0000000, 0x00000000d3300000, 0x00000000eab00000)
  object space 314368K, 99% used [0x00000000c0000000,0x00000000d32f48c8,0x00000000d3300000)
 Metaspace       used 67292K, committed 68864K, reserved 1114112K
  class space    used 6860K, committed 7488K, reserved 1048576K

Card table byte_map: [0x000001fa293b0000,0x000001fa295c0000] _byte_map_base: 0x000001fa28db0000

Marking Bits: (ParMarkBitMap*) 0x00007ffb787331f0
 Begin Bits: [0x000001fa3bbd0000, 0x000001fa3cbd0000)
 End Bits:   [0x000001fa3cbd0000, 0x000001fa3dbd0000)

Polling page: 0x000001fa291a0000

Metaspace:

Usage:
  Non-class:     59.02 MB used.
      Class:      6.70 MB used.
       Both:     65.72 MB used.

Virtual space:
  Non-class space:       64.00 MB reserved,      59.94 MB ( 94%) committed,  1 nodes.
      Class space:        1.00 GB reserved,       7.31 MB ( <1%) committed,  1 nodes.
             Both:        1.06 GB reserved,      67.25 MB (  6%) committed. 

Chunk freelists:
   Non-Class:  3.47 MB
       Class:  8.72 MB
        Both:  12.19 MB

MaxMetaspaceSize: unlimited
CompressedClassSpaceSize: 1.00 GB
Initial GC threshold: 21.00 MB
Current GC threshold: 104.19 MB
CDS: on
 - commit_granule_bytes: 65536.
 - commit_granule_words: 8192.
 - virtual_space_node_default_size: 8388608.
 - enlarge_chunks_in_place: 1.
 - use_allocation_guard: 0.


Internal statistics:

num_allocs_failed_limit: 9.
num_arena_births: 1306.
num_arena_deaths: 22.
num_vsnodes_births: 2.
num_vsnodes_deaths: 0.
num_space_committed: 1076.
num_space_uncommitted: 0.
num_chunks_returned_to_freelist: 35.
num_chunks_taken_from_freelist: 4535.
num_chunk_merges: 15.
num_chunk_splits: 2754.
num_chunks_enlarged: 1524.
num_inconsistent_stats: 0.

CodeHeap 'non-profiled nmethods': size=119168Kb used=11054Kb max_used=11054Kb free=108113Kb
 bounds [0x000001fa34770000, 0x000001fa35240000, 0x000001fa3bbd0000]
CodeHeap 'profiled nmethods': size=119104Kb used=29674Kb max_used=29674Kb free=89429Kb
 bounds [0x000001fa2cbd0000, 0x000001fa2e8d0000, 0x000001fa34020000]
CodeHeap 'non-nmethods': size=7488Kb used=2566Kb max_used=3196Kb free=4921Kb
 bounds [0x000001fa34020000, 0x000001fa34350000, 0x000001fa34770000]
 total_blobs=14102 nmethods=13348 adapters=656
 compilation: enabled
              stopped_count=0, restarted_count=0
 full_count=0

Compilation events (20 events):
Event: 61.388 Thread 0x000001fa3ddce670 nmethod 15276 0x000001fa35233410 code [0x000001fa35233860, 0x000001fa35234c98]
Event: 61.388 Thread 0x000001fa3ddce670 15280   !   4       org.eclipse.osgi.storage.BundleInfo$Generation::getRevision (17 bytes)
Event: 61.389 Thread 0x000001fa3ddce670 nmethod 15280 0x000001fa35235e10 code [0x000001fa35235fa0, 0x000001fa352361a0]
Event: 61.389 Thread 0x000001fa3ddce670 15302       4       com.google.gson.stream.JsonWriter::beforeName (49 bytes)
Event: 61.403 Thread 0x000001fa3ddce670 nmethod 15302 0x000001fa35236290 code [0x000001fa352364c0, 0x000001fa352370b0]
Event: 61.464 Thread 0x000001fa000b5ff0 15313       1       org.eclipse.m2e.core.internal.project.registry.MavenProjectFacade$MavenProjectConfiguration::getMultiModuleProjectDirectory (5 bytes)
Event: 61.465 Thread 0x000001fa000b5ff0 nmethod 15313 0x000001fa35237790 code [0x000001fa35237920, 0x000001fa352379e8]
Event: 61.465 Thread 0x000001fa3ddce670 15314       4       org.eclipse.aether.artifact.DefaultArtifactType::<init> (140 bytes)
Event: 61.466 Thread 0x000001fa080a2db0 15315       1       org.eclipse.jdt.launching.LibraryLocation::getSystemLibraryPath (5 bytes)
Event: 61.466 Thread 0x000001fa080a2db0 nmethod 15315 0x000001fa35237a90 code [0x000001fa35237c20, 0x000001fa35237ce8]
Event: 61.466 Thread 0x000001fa080a1270 15316       3       org.eclipse.core.internal.resources.Project::isAccessible (5 bytes)
Event: 61.467 Thread 0x000001fa080a1270 nmethod 15316 0x000001fa2e8cc010 code [0x000001fa2e8cc200, 0x000001fa2e8cc880]
Event: 61.472 Thread 0x000001fa080a1270 15317       3       org.eclipse.m2e.core.internal.MavenPluginActivator$$Lambda/0x000001fa3f285750::<init> (10 bytes)
Event: 61.473 Thread 0x000001fa080a1270 nmethod 15317 0x000001fa2e8cca90 code [0x000001fa2e8ccc40, 0x000001fa2e8ccdc8]
Event: 61.515 Thread 0x000001fa080a1270 15318       3       java.util.jar.Attributes::read (10 bytes)
Event: 61.516 Thread 0x000001fa080a1270 nmethod 15318 0x000001fa2e8cce90 code [0x000001fa2e8cd040, 0x000001fa2e8cd190]
Event: 61.526 Thread 0x000001fa3ddce670 nmethod 15314 0x000001fa35237d90 code [0x000001fa35238160, 0x000001fa35239bc8]
Event: 61.526 Thread 0x000001fa3ddce670 15319       4       java.util.WeakHashMap::<init> (124 bytes)
Event: 61.532 Thread 0x000001fa3ddce670 nmethod 15319 0x000001fa3523b010 code [0x000001fa3523b1e0, 0x000001fa3523b718]
Event: 61.532 Thread 0x000001fa3ddce670 15320       4       java.util.jar.JarFile::getEntry (35 bytes)

GC Heap History (20 events):
Event: 60.944 GC heap before
{Heap before GC invocations=1113 (full 4):
 PSYoungGen      total 25600K, used 25547K [0x00000000eab00000, 0x00000000ec900000, 0x0000000100000000)
  eden space 23552K, 99% used [0x00000000eab00000,0x00000000ec1f9108,0x00000000ec200000)
  from space 2048K, 98% used [0x00000000ec500000,0x00000000ec6f9c30,0x00000000ec700000)
  to   space 3072K, 0% used [0x00000000ec200000,0x00000000ec200000,0x00000000ec500000)
 ParOldGen       total 312832K, used 312400K [0x00000000c0000000, 0x00000000d3180000, 0x00000000eab00000)
  object space 312832K, 99% used [0x00000000c0000000,0x00000000d31140d0,0x00000000d3180000)
 Metaspace       used 67257K, committed 68800K, reserved 1114112K
  class space    used 6859K, committed 7488K, reserved 1048576K
}
Event: 60.945 GC heap after
{Heap after GC invocations=1113 (full 4):
 PSYoungGen      total 24064K, used 384K [0x00000000eab00000, 0x00000000ec580000, 0x0000000100000000)
  eden space 23552K, 0% used [0x00000000eab00000,0x00000000eab00000,0x00000000ec200000)
  from space 512K, 75% used [0x00000000ec200000,0x00000000ec260000,0x00000000ec280000)
  to   space 1536K, 0% used [0x00000000ec400000,0x00000000ec400000,0x00000000ec580000)
 ParOldGen       total 313344K, used 312848K [0x00000000c0000000, 0x00000000d3200000, 0x00000000eab00000)
  object space 313344K, 99% used [0x00000000c0000000,0x00000000d31840d0,0x00000000d3200000)
 Metaspace       used 67257K, committed 68800K, reserved 1114112K
  class space    used 6859K, committed 7488K, reserved 1048576K
}
Event: 61.008 GC heap before
{Heap before GC invocations=1114 (full 4):
 PSYoungGen      total 24064K, used 23936K [0x00000000eab00000, 0x00000000ec580000, 0x0000000100000000)
  eden space 23552K, 100% used [0x00000000eab00000,0x00000000ec200000,0x00000000ec200000)
  from space 512K, 75% used [0x00000000ec200000,0x00000000ec260000,0x00000000ec280000)
  to   space 1536K, 0% used [0x00000000ec400000,0x00000000ec400000,0x00000000ec580000)
 ParOldGen       total 313344K, used 312848K [0x00000000c0000000, 0x00000000d3200000, 0x00000000eab00000)
  object space 313344K, 99% used [0x00000000c0000000,0x00000000d31840d0,0x00000000d3200000)
 Metaspace       used 67257K, committed 68800K, reserved 1114112K
  class space    used 6859K, committed 7488K, reserved 1048576K
}
Event: 61.010 GC heap after
{Heap after GC invocations=1114 (full 4):
 PSYoungGen      total 24576K, used 579K [0x00000000eab00000, 0x00000000ec500000, 0x0000000100000000)
  eden space 23552K, 0% used [0x00000000eab00000,0x00000000eab00000,0x00000000ec200000)
  from space 1024K, 56% used [0x00000000ec400000,0x00000000ec490d68,0x00000000ec500000)
  to   space 1024K, 0% used [0x00000000ec300000,0x00000000ec300000,0x00000000ec400000)
 ParOldGen       total 313344K, used 312848K [0x00000000c0000000, 0x00000000d3200000, 0x00000000eab00000)
  object space 313344K, 99% used [0x00000000c0000000,0x00000000d31840d0,0x00000000d3200000)
 Metaspace       used 67257K, committed 68800K, reserved 1114112K
  class space    used 6859K, committed 7488K, reserved 1048576K
}
Event: 61.043 GC heap before
{Heap before GC invocations=1115 (full 4):
 PSYoungGen      total 24576K, used 24131K [0x00000000eab00000, 0x00000000ec500000, 0x0000000100000000)
  eden space 23552K, 100% used [0x00000000eab00000,0x00000000ec200000,0x00000000ec200000)
  from space 1024K, 56% used [0x00000000ec400000,0x00000000ec490d68,0x00000000ec500000)
  to   space 1024K, 0% used [0x00000000ec300000,0x00000000ec300000,0x00000000ec400000)
 ParOldGen       total 313344K, used 312848K [0x00000000c0000000, 0x00000000d3200000, 0x00000000eab00000)
  object space 313344K, 99% used [0x00000000c0000000,0x00000000d31840d0,0x00000000d3200000)
 Metaspace       used 67257K, committed 68800K, reserved 1114112K
  class space    used 6859K, committed 7488K, reserved 1048576K
}
Event: 61.044 GC heap after
{Heap after GC invocations=1115 (full 4):
 PSYoungGen      total 24064K, used 464K [0x00000000eab00000, 0x00000000ec480000, 0x0000000100000000)
  eden space 23552K, 0% used [0x00000000eab00000,0x00000000eab00000,0x00000000ec200000)
  from space 512K, 90% used [0x00000000ec300000,0x00000000ec374298,0x00000000ec380000)
  to   space 1024K, 0% used [0x00000000ec380000,0x00000000ec380000,0x00000000ec480000)
 ParOldGen       total 313344K, used 312848K [0x00000000c0000000, 0x00000000d3200000, 0x00000000eab00000)
  object space 313344K, 99% used [0x00000000c0000000,0x00000000d31840d0,0x00000000d3200000)
 Metaspace       used 67257K, committed 68800K, reserved 1114112K
  class space    used 6859K, committed 7488K, reserved 1048576K
}
Event: 61.076 GC heap before
{Heap before GC invocations=1116 (full 4):
 PSYoungGen      total 24064K, used 24016K [0x00000000eab00000, 0x00000000ec480000, 0x0000000100000000)
  eden space 23552K, 100% used [0x00000000eab00000,0x00000000ec200000,0x00000000ec200000)
  from space 512K, 90% used [0x00000000ec300000,0x00000000ec374298,0x00000000ec380000)
  to   space 1024K, 0% used [0x00000000ec380000,0x00000000ec380000,0x00000000ec480000)
 ParOldGen       total 313344K, used 312848K [0x00000000c0000000, 0x00000000d3200000, 0x00000000eab00000)
  object space 313344K, 99% used [0x00000000c0000000,0x00000000d31840d0,0x00000000d3200000)
 Metaspace       used 67257K, committed 68800K, reserved 1114112K
  class space    used 6859K, committed 7488K, reserved 1048576K
}
Event: 61.077 GC heap after
{Heap after GC invocations=1116 (full 4):
 PSYoungGen      total 24064K, used 455K [0x00000000eab00000, 0x00000000ec400000, 0x0000000100000000)
  eden space 23552K, 0% used [0x00000000eab00000,0x00000000eab00000,0x00000000ec200000)
  from space 512K, 88% used [0x00000000ec380000,0x00000000ec3f1c00,0x00000000ec400000)
  to   space 512K, 0% used [0x00000000ec300000,0x00000000ec300000,0x00000000ec380000)
 ParOldGen       total 313344K, used 312848K [0x00000000c0000000, 0x00000000d3200000, 0x00000000eab00000)
  object space 313344K, 99% used [0x00000000c0000000,0x00000000d31840d0,0x00000000d3200000)
 Metaspace       used 67257K, committed 68800K, reserved 1114112K
  class space    used 6859K, committed 7488K, reserved 1048576K
}
Event: 61.115 GC heap before
{Heap before GC invocations=1117 (full 4):
 PSYoungGen      total 24064K, used 24007K [0x00000000eab00000, 0x00000000ec400000, 0x0000000100000000)
  eden space 23552K, 100% used [0x00000000eab00000,0x00000000ec200000,0x00000000ec200000)
  from space 512K, 88% used [0x00000000ec380000,0x00000000ec3f1c00,0x00000000ec400000)
  to   space 512K, 0% used [0x00000000ec300000,0x00000000ec300000,0x00000000ec380000)
 ParOldGen       total 313344K, used 312848K [0x00000000c0000000, 0x00000000d3200000, 0x00000000eab00000)
  object space 313344K, 99% used [0x00000000c0000000,0x00000000d31840d0,0x00000000d3200000)
 Metaspace       used 67257K, committed 68800K, reserved 1114112K
  class space    used 6859K, committed 7488K, reserved 1048576K
}
Event: 61.116 GC heap after
{Heap after GC invocations=1117 (full 4):
 PSYoungGen      total 24064K, used 450K [0x00000000eab00000, 0x00000000ec400000, 0x0000000100000000)
  eden space 23552K, 0% used [0x00000000eab00000,0x00000000eab00000,0x00000000ec200000)
  from space 512K, 87% used [0x00000000ec300000,0x00000000ec370940,0x00000000ec380000)
  to   space 512K, 0% used [0x00000000ec380000,0x00000000ec380000,0x00000000ec400000)
 ParOldGen       total 313344K, used 312848K [0x00000000c0000000, 0x00000000d3200000, 0x00000000eab00000)
  object space 313344K, 99% used [0x00000000c0000000,0x00000000d31840d0,0x00000000d3200000)
 Metaspace       used 67257K, committed 68800K, reserved 1114112K
  class space    used 6859K, committed 7488K, reserved 1048576K
}
Event: 61.163 GC heap before
{Heap before GC invocations=1118 (full 4):
 PSYoungGen      total 24064K, used 24002K [0x00000000eab00000, 0x00000000ec400000, 0x0000000100000000)
  eden space 23552K, 100% used [0x00000000eab00000,0x00000000ec200000,0x00000000ec200000)
  from space 512K, 87% used [0x00000000ec300000,0x00000000ec370940,0x00000000ec380000)
  to   space 512K, 0% used [0x00000000ec380000,0x00000000ec380000,0x00000000ec400000)
 ParOldGen       total 313344K, used 312848K [0x00000000c0000000, 0x00000000d3200000, 0x00000000eab00000)
  object space 313344K, 99% used [0x00000000c0000000,0x00000000d31840d0,0x00000000d3200000)
 Metaspace       used 67257K, committed 68800K, reserved 1114112K
  class space    used 6859K, committed 7488K, reserved 1048576K
}
Event: 61.165 GC heap after
{Heap after GC invocations=1118 (full 4):
 PSYoungGen      total 24064K, used 482K [0x00000000eab00000, 0x00000000ec400000, 0x0000000100000000)
  eden space 23552K, 0% used [0x00000000eab00000,0x00000000eab00000,0x00000000ec200000)
  from space 512K, 94% used [0x00000000ec380000,0x00000000ec3f8900,0x00000000ec400000)
  to   space 1024K, 0% used [0x00000000ec200000,0x00000000ec200000,0x00000000ec300000)
 ParOldGen       total 313344K, used 312872K [0x00000000c0000000, 0x00000000d3200000, 0x00000000eab00000)
  object space 313344K, 99% used [0x00000000c0000000,0x00000000d318a0d0,0x00000000d3200000)
 Metaspace       used 67257K, committed 68800K, reserved 1114112K
  class space    used 6859K, committed 7488K, reserved 1048576K
}
Event: 61.212 GC heap before
{Heap before GC invocations=1119 (full 4):
 PSYoungGen      total 24064K, used 24034K [0x00000000eab00000, 0x00000000ec400000, 0x0000000100000000)
  eden space 23552K, 100% used [0x00000000eab00000,0x00000000ec200000,0x00000000ec200000)
  from space 512K, 94% used [0x00000000ec380000,0x00000000ec3f8900,0x00000000ec400000)
  to   space 1024K, 0% used [0x00000000ec200000,0x00000000ec200000,0x00000000ec300000)
 ParOldGen       total 313344K, used 312872K [0x00000000c0000000, 0x00000000d3200000, 0x00000000eab00000)
  object space 313344K, 99% used [0x00000000c0000000,0x00000000d318a0d0,0x00000000d3200000)
 Metaspace       used 67257K, committed 68800K, reserved 1114112K
  class space    used 6859K, committed 7488K, reserved 1048576K
}
Event: 61.218 GC heap after
{Heap after GC invocations=1119 (full 4):
 PSYoungGen      total 24576K, used 793K [0x00000000eab00000, 0x00000000ec400000, 0x0000000100000000)
  eden space 23552K, 0% used [0x00000000eab00000,0x00000000eab00000,0x00000000ec200000)
  from space 1024K, 77% used [0x00000000ec200000,0x00000000ec2c6628,0x00000000ec300000)
  to   space 1024K, 0% used [0x00000000ec300000,0x00000000ec300000,0x00000000ec400000)
 ParOldGen       total 314368K, used 313714K [0x00000000c0000000, 0x00000000d3300000, 0x00000000eab00000)
  object space 314368K, 99% used [0x00000000c0000000,0x00000000d325c8c8,0x00000000d3300000)
 Metaspace       used 67257K, committed 68800K, reserved 1114112K
  class space    used 6859K, committed 7488K, reserved 1048576K
}
Event: 61.247 GC heap before
{Heap before GC invocations=1120 (full 4):
 PSYoungGen      total 24576K, used 24345K [0x00000000eab00000, 0x00000000ec400000, 0x0000000100000000)
  eden space 23552K, 100% used [0x00000000eab00000,0x00000000ec200000,0x00000000ec200000)
  from space 1024K, 77% used [0x00000000ec200000,0x00000000ec2c6628,0x00000000ec300000)
  to   space 1024K, 0% used [0x00000000ec300000,0x00000000ec300000,0x00000000ec400000)
 ParOldGen       total 314368K, used 313714K [0x00000000c0000000, 0x00000000d3300000, 0x00000000eab00000)
  object space 314368K, 99% used [0x00000000c0000000,0x00000000d325c8c8,0x00000000d3300000)
 Metaspace       used 67257K, committed 68800K, reserved 1114112K
  class space    used 6859K, committed 7488K, reserved 1048576K
}
Event: 61.249 GC heap after
{Heap after GC invocations=1120 (full 4):
 PSYoungGen      total 23552K, used 1023K [0x00000000eab00000, 0x00000000ec600000, 0x0000000100000000)
  eden space 22528K, 0% used [0x00000000eab00000,0x00000000eab00000,0x00000000ec100000)
  from space 1024K, 99% used [0x00000000ec300000,0x00000000ec3ffd28,0x00000000ec400000)
  to   space 2048K, 0% used [0x00000000ec100000,0x00000000ec100000,0x00000000ec300000)
 ParOldGen       total 314368K, used 314234K [0x00000000c0000000, 0x00000000d3300000, 0x00000000eab00000)
  object space 314368K, 99% used [0x00000000c0000000,0x00000000d32de8c8,0x00000000d3300000)
 Metaspace       used 67257K, committed 68800K, reserved 1114112K
  class space    used 6859K, committed 7488K, reserved 1048576K
}
Event: 61.297 GC heap before
{Heap before GC invocations=1121 (full 4):
 PSYoungGen      total 23552K, used 23551K [0x00000000eab00000, 0x00000000ec600000, 0x0000000100000000)
  eden space 22528K, 100% used [0x00000000eab00000,0x00000000ec100000,0x00000000ec100000)
  from space 1024K, 99% used [0x00000000ec300000,0x00000000ec3ffd28,0x00000000ec400000)
  to   space 2048K, 0% used [0x00000000ec100000,0x00000000ec100000,0x00000000ec300000)
 ParOldGen       total 314368K, used 314234K [0x00000000c0000000, 0x00000000d3300000, 0x00000000eab00000)
  object space 314368K, 99% used [0x00000000c0000000,0x00000000d32de8c8,0x00000000d3300000)
 Metaspace       used 67257K, committed 68800K, reserved 1114112K
  class space    used 6859K, committed 7488K, reserved 1048576K
}
Event: 61.299 GC heap after
{Heap after GC invocations=1121 (full 4):
 PSYoungGen      total 23552K, used 710K [0x00000000eab00000, 0x00000000ec380000, 0x0000000100000000)
  eden space 22528K, 0% used [0x00000000eab00000,0x00000000eab00000,0x00000000ec100000)
  from space 1024K, 69% used [0x00000000ec100000,0x00000000ec1b1970,0x00000000ec200000)
  to   space 1024K, 0% used [0x00000000ec280000,0x00000000ec280000,0x00000000ec380000)
 ParOldGen       total 314368K, used 314314K [0x00000000c0000000, 0x00000000d3300000, 0x00000000eab00000)
  object space 314368K, 99% used [0x00000000c0000000,0x00000000d32f28c8,0x00000000d3300000)
 Metaspace       used 67257K, committed 68800K, reserved 1114112K
  class space    used 6859K, committed 7488K, reserved 1048576K
}
Event: 61.524 GC heap before
{Heap before GC invocations=1122 (full 4):
 PSYoungGen      total 23552K, used 23200K [0x00000000eab00000, 0x00000000ec380000, 0x0000000100000000)
  eden space 22528K, 99% used [0x00000000eab00000,0x00000000ec0f6780,0x00000000ec100000)
  from space 1024K, 69% used [0x00000000ec100000,0x00000000ec1b1970,0x00000000ec200000)
  to   space 1024K, 0% used [0x00000000ec280000,0x00000000ec280000,0x00000000ec380000)
 ParOldGen       total 314368K, used 314314K [0x00000000c0000000, 0x00000000d3300000, 0x00000000eab00000)
  object space 314368K, 99% used [0x00000000c0000000,0x00000000d32f28c8,0x00000000d3300000)
 Metaspace       used 67292K, committed 68864K, reserved 1114112K
  class space    used 6860K, committed 7488K, reserved 1048576K
}
Event: 61.526 GC heap after
{Heap after GC invocations=1122 (full 4):
 PSYoungGen      total 23552K, used 928K [0x00000000eab00000, 0x00000000ec380000, 0x0000000100000000)
  eden space 22528K, 0% used [0x00000000eab00000,0x00000000eab00000,0x00000000ec100000)
  from space 1024K, 90% used [0x00000000ec280000,0x00000000ec368000,0x00000000ec380000)
  to   space 1024K, 0% used [0x00000000ec100000,0x00000000ec100000,0x00000000ec200000)
 ParOldGen       total 314368K, used 314322K [0x00000000c0000000, 0x00000000d3300000, 0x00000000eab00000)
  object space 314368K, 99% used [0x00000000c0000000,0x00000000d32f48c8,0x00000000d3300000)
 Metaspace       used 67292K, committed 68864K, reserved 1114112K
  class space    used 6860K, committed 7488K, reserved 1048576K
}

Dll operation events (10 events):
Event: 0.013 Loaded shared library c:\Users\tanma\.vscode\extensions\redhat.java-1.42.0-win32-x64\jre\21.0.7-win32-x86_64\bin\java.dll
Event: 0.099 Loaded shared library c:\Users\tanma\.vscode\extensions\redhat.java-1.42.0-win32-x64\jre\21.0.7-win32-x86_64\bin\zip.dll
Event: 0.120 Loaded shared library C:\Users\tanma\.vscode\extensions\redhat.java-1.42.0-win32-x64\jre\21.0.7-win32-x86_64\bin\instrument.dll
Event: 0.124 Loaded shared library C:\Users\tanma\.vscode\extensions\redhat.java-1.42.0-win32-x64\jre\21.0.7-win32-x86_64\bin\net.dll
Event: 0.126 Loaded shared library C:\Users\tanma\.vscode\extensions\redhat.java-1.42.0-win32-x64\jre\21.0.7-win32-x86_64\bin\nio.dll
Event: 0.129 Loaded shared library C:\Users\tanma\.vscode\extensions\redhat.java-1.42.0-win32-x64\jre\21.0.7-win32-x86_64\bin\zip.dll
Event: 0.154 Loaded shared library C:\Users\tanma\.vscode\extensions\redhat.java-1.42.0-win32-x64\jre\21.0.7-win32-x86_64\bin\jimage.dll
Event: 0.235 Loaded shared library c:\Users\tanma\.vscode\extensions\redhat.java-1.42.0-win32-x64\jre\21.0.7-win32-x86_64\bin\verify.dll
Event: 1.412 Loaded shared library C:\Users\tanma\AppData\Roaming\Code\User\globalStorage\redhat.java\1.42.0\config_win\org.eclipse.equinox.launcher\org.eclipse.equinox.launcher.win32.win32.x86_64_1.2.1300.v20250331-1702\eclipse_11911.dll
Event: 3.062 Loaded shared library C:\Users\tanma\AppData\Local\Temp\jna-110127349\jna2052918176969106165.dll

Deoptimization events (20 events):
Event: 60.932 Thread 0x000001fa07174670 Uncommon trap: trap_request=0xffffffd6 fr.pc=0x000001fa3521c164 relative=0x0000000000000724
Event: 60.932 Thread 0x000001fa07174670 Uncommon trap: reason=array_check action=maybe_recompile pc=0x000001fa3521c164 method=java.util.ImmutableCollections$List12.toArray([Ljava/lang/Object;)[Ljava/lang/Object; @ 48 c2
Event: 60.932 Thread 0x000001fa07174670 DEOPT PACKING pc=0x000001fa3521c164 sp=0x0000008b207fd450
Event: 60.932 Thread 0x000001fa07174670 DEOPT UNPACKING pc=0x000001fa34073aa2 sp=0x0000008b207fd2d0 mode 2
Event: 60.941 Thread 0x000001fa07174670 Uncommon trap: trap_request=0xffffffd6 fr.pc=0x000001fa3521c164 relative=0x0000000000000724
Event: 60.941 Thread 0x000001fa07174670 Uncommon trap: reason=array_check action=maybe_recompile pc=0x000001fa3521c164 method=java.util.ImmutableCollections$List12.toArray([Ljava/lang/Object;)[Ljava/lang/Object; @ 48 c2
Event: 60.941 Thread 0x000001fa07174670 DEOPT PACKING pc=0x000001fa3521c164 sp=0x0000008b207fd450
Event: 60.941 Thread 0x000001fa07174670 DEOPT UNPACKING pc=0x000001fa34073aa2 sp=0x0000008b207fd2d0 mode 2
Event: 61.070 Thread 0x000001fa07174670 DEOPT PACKING pc=0x000001fa2e7d5baa sp=0x0000008b207fd550
Event: 61.070 Thread 0x000001fa07174670 DEOPT UNPACKING pc=0x000001fa34074242 sp=0x0000008b207fcad8 mode 0
Event: 61.336 Thread 0x000001fa07174670 Uncommon trap: trap_request=0xffffffc6 fr.pc=0x000001fa348fe188 relative=0x00000000000001e8
Event: 61.336 Thread 0x000001fa07174670 Uncommon trap: reason=bimorphic_or_optimized_type_check action=maybe_recompile pc=0x000001fa348fe188 method=java.util.Collections.eq(Ljava/lang/Object;Ljava/lang/Object;)Z @ 18 c2
Event: 61.336 Thread 0x000001fa07174670 DEOPT PACKING pc=0x000001fa348fe188 sp=0x0000008b207fd9e0
Event: 61.336 Thread 0x000001fa07174670 DEOPT UNPACKING pc=0x000001fa34073aa2 sp=0x0000008b207fd920 mode 2
Event: 61.336 Thread 0x000001fa07174670 Uncommon trap: trap_request=0xffffffc6 fr.pc=0x000001fa348fe188 relative=0x00000000000001e8
Event: 61.336 Thread 0x000001fa07174670 Uncommon trap: reason=bimorphic_or_optimized_type_check action=maybe_recompile pc=0x000001fa348fe188 method=java.util.Collections.eq(Ljava/lang/Object;Ljava/lang/Object;)Z @ 18 c2
Event: 61.336 Thread 0x000001fa07174670 DEOPT PACKING pc=0x000001fa348fe188 sp=0x0000008b207fdb40
Event: 61.336 Thread 0x000001fa07174670 DEOPT UNPACKING pc=0x000001fa34073aa2 sp=0x0000008b207fda80 mode 2
Event: 61.514 Thread 0x000001fa096892a0 DEOPT PACKING pc=0x000001fa2e7d5baa sp=0x0000008b1eefd670
Event: 61.514 Thread 0x000001fa096892a0 DEOPT UNPACKING pc=0x000001fa34074242 sp=0x0000008b1eefcbf8 mode 0

Classes loaded (20 events):
Event: 57.513 Loading class java/io/ObjectOutputStream$ReplaceTable
Event: 57.514 Loading class java/io/ObjectOutputStream$ReplaceTable done
Event: 57.517 Loading class java/nio/charset/CharacterCodingException
Event: 57.517 Loading class java/nio/charset/CharacterCodingException done
Event: 58.180 Loading class java/io/BufferedReader$1
Event: 58.180 Loading class java/io/BufferedReader$1 done
Event: 58.269 Loading class java/util/ArrayDeque$DeqSpliterator
Event: 58.270 Loading class java/util/ArrayDeque$DeqSpliterator done
Event: 59.299 Loading class java/io/SequenceInputStream
Event: 59.300 Loading class java/io/SequenceInputStream done
Event: 59.326 Loading class org/xml/sax/SAXNotRecognizedException
Event: 59.326 Loading class org/xml/sax/SAXNotRecognizedException done
Event: 59.326 Loading class org/xml/sax/SAXNotSupportedException
Event: 59.326 Loading class org/xml/sax/SAXNotSupportedException done
Event: 59.329 Loading class com/sun/org/apache/xerces/internal/util/URI
Event: 59.332 Loading class com/sun/org/apache/xerces/internal/util/URI done
Event: 59.336 Loading class com/sun/org/apache/xerces/internal/xni/XNIException
Event: 59.337 Loading class com/sun/org/apache/xerces/internal/xni/XNIException done
Event: 59.342 Loading class com/sun/org/apache/xerces/internal/xni/parser/XMLParseException
Event: 59.342 Loading class com/sun/org/apache/xerces/internal/xni/parser/XMLParseException done

Classes unloaded (11 events):
Event: 3.721 Thread 0x000001fa000a5820 Unloading class 0x000001fa3f1acc00 'java/lang/invoke/LambdaForm$MH+0x000001fa3f1acc00'
Event: 3.721 Thread 0x000001fa000a5820 Unloading class 0x000001fa3f1ac800 'java/lang/invoke/LambdaForm$MH+0x000001fa3f1ac800'
Event: 3.721 Thread 0x000001fa000a5820 Unloading class 0x000001fa3f1ac400 'java/lang/invoke/LambdaForm$MH+0x000001fa3f1ac400'
Event: 3.721 Thread 0x000001fa000a5820 Unloading class 0x000001fa3f1ac000 'java/lang/invoke/LambdaForm$MH+0x000001fa3f1ac000'
Event: 3.721 Thread 0x000001fa000a5820 Unloading class 0x000001fa3f1abc00 'java/lang/invoke/LambdaForm$BMH+0x000001fa3f1abc00'
Event: 3.721 Thread 0x000001fa000a5820 Unloading class 0x000001fa3f1ab800 'java/lang/invoke/LambdaForm$DMH+0x000001fa3f1ab800'
Event: 3.721 Thread 0x000001fa000a5820 Unloading class 0x000001fa3f1aa400 'java/lang/invoke/LambdaForm$DMH+0x000001fa3f1aa400'
Event: 27.928 Thread 0x000001fa000a5820 Unloading class 0x000001fa3f689000 'java/lang/invoke/LambdaForm$DMH+0x000001fa3f689000'
Event: 27.928 Thread 0x000001fa000a5820 Unloading class 0x000001fa3f689400 'java/lang/invoke/LambdaForm$DMH+0x000001fa3f689400'
Event: 27.928 Thread 0x000001fa000a5820 Unloading class 0x000001fa3f688800 'java/lang/invoke/LambdaForm$DMH+0x000001fa3f688800'
Event: 27.928 Thread 0x000001fa000a5820 Unloading class 0x000001fa3f688c00 'java/lang/invoke/LambdaForm$DMH+0x000001fa3f688c00'

Classes redefined (0 events):
No events

Internal exceptions (20 events):
Event: 61.326 Thread 0x000001fa0a355040 Exception <a 'sun/nio/fs/WindowsException'{0x00000000eb447948}> (0x00000000eb447948) 
thrown [s\src\hotspot\share\prims\jni.cpp, line 520]
Event: 61.326 Thread 0x000001fa0a355040 Exception <a 'sun/nio/fs/WindowsException'{0x00000000eb448008}> (0x00000000eb448008) 
thrown [s\src\hotspot\share\prims\jni.cpp, line 520]
Event: 61.327 Thread 0x000001fa0716e400 Exception <a 'sun/nio/fs/WindowsException'{0x00000000eb488f70}> (0x00000000eb488f70) 
thrown [s\src\hotspot\share\prims\jni.cpp, line 520]
Event: 61.327 Thread 0x000001fa0716e400 Exception <a 'sun/nio/fs/WindowsException'{0x00000000eb4898b8}> (0x00000000eb4898b8) 
thrown [s\src\hotspot\share\prims\jni.cpp, line 520]
Event: 61.343 Thread 0x000001fa0a355040 Exception <a 'sun/nio/fs/WindowsException'{0x00000000eb5609d8}> (0x00000000eb5609d8) 
thrown [s\src\hotspot\share\prims\jni.cpp, line 520]
Event: 61.343 Thread 0x000001fa0a355040 Exception <a 'sun/nio/fs/WindowsException'{0x00000000eb561098}> (0x00000000eb561098) 
thrown [s\src\hotspot\share\prims\jni.cpp, line 520]
Event: 61.343 Thread 0x000001fa07174670 Exception <a 'sun/nio/fs/WindowsException'{0x00000000eb4fb8a0}> (0x00000000eb4fb8a0) 
thrown [s\src\hotspot\share\prims\jni.cpp, line 520]
Event: 61.344 Thread 0x000001fa07174670 Exception <a 'sun/nio/fs/WindowsException'{0x00000000eb4fc210}> (0x00000000eb4fc210) 
thrown [s\src\hotspot\share\prims\jni.cpp, line 520]
Event: 61.351 Thread 0x000001fa0716e400 Exception <a 'sun/nio/fs/WindowsException'{0x00000000eb5a77d8}> (0x00000000eb5a77d8) 
thrown [s\src\hotspot\share\prims\jni.cpp, line 520]
Event: 61.351 Thread 0x000001fa0716e400 Exception <a 'sun/nio/fs/WindowsException'{0x00000000eb5a80e8}> (0x00000000eb5a80e8) 
thrown [s\src\hotspot\share\prims\jni.cpp, line 520]
Event: 61.353 Thread 0x000001fa07174670 Exception <a 'sun/nio/fs/WindowsException'{0x00000000eb555b08}> (0x00000000eb555b08) 
thrown [s\src\hotspot\share\prims\jni.cpp, line 520]
Event: 61.353 Thread 0x000001fa07174670 Exception <a 'sun/nio/fs/WindowsException'{0x00000000eb556478}> (0x00000000eb556478) 
thrown [s\src\hotspot\share\prims\jni.cpp, line 520]
Event: 61.462 Thread 0x000001fa096892a0 Exception <a 'sun/nio/fs/WindowsException'{0x00000000eb7460c8}> (0x00000000eb7460c8) 
thrown [s\src\hotspot\share\prims\jni.cpp, line 520]
Event: 61.462 Thread 0x000001fa096892a0 Exception <a 'sun/nio/fs/WindowsException'{0x00000000eb746a38}> (0x00000000eb746a38) 
thrown [s\src\hotspot\share\prims\jni.cpp, line 520]
Event: 61.462 Thread 0x000001fa096892a0 Exception <a 'sun/nio/fs/WindowsException'{0x00000000eb747978}> (0x00000000eb747978) 
thrown [s\src\hotspot\share\prims\jni.cpp, line 520]
Event: 61.463 Thread 0x000001fa096892a0 Exception <a 'sun/nio/fs/WindowsException'{0x00000000eb7482e8}> (0x00000000eb7482e8) 
thrown [s\src\hotspot\share\prims\jni.cpp, line 520]
Event: 61.463 Thread 0x000001fa096892a0 Exception <a 'sun/nio/fs/WindowsException'{0x00000000eb749c98}> (0x00000000eb749c98) 
thrown [s\src\hotspot\share\prims\jni.cpp, line 520]
Event: 61.463 Thread 0x000001fa096892a0 Exception <a 'sun/nio/fs/WindowsException'{0x00000000eb74a608}> (0x00000000eb74a608) 
thrown [s\src\hotspot\share\prims\jni.cpp, line 520]
Event: 61.466 Thread 0x000001fa096892a0 Exception <a 'sun/nio/fs/WindowsException'{0x00000000eb764870}> (0x00000000eb764870) 
thrown [s\src\hotspot\share\prims\jni.cpp, line 520]
Event: 61.466 Thread 0x000001fa096892a0 Exception <a 'sun/nio/fs/WindowsException'{0x00000000eb7651e0}> (0x00000000eb7651e0) 
thrown [s\src\hotspot\share\prims\jni.cpp, line 520]

ZGC Phase Switch (0 events):
No events

VM Operations (20 events):
Event: 60.944 Executing VM operation: ParallelGCFailedAllocation (Allocation Failure)
Event: 60.945 Executing VM operation: ParallelGCFailedAllocation (Allocation Failure) done
Event: 61.008 Executing VM operation: ParallelGCFailedAllocation (Allocation Failure)
Event: 61.010 Executing VM operation: ParallelGCFailedAllocation (Allocation Failure) done
Event: 61.043 Executing VM operation: ParallelGCFailedAllocation (Allocation Failure)
Event: 61.044 Executing VM operation: ParallelGCFailedAllocation (Allocation Failure) done
Event: 61.076 Executing VM operation: ParallelGCFailedAllocation (Allocation Failure)
Event: 61.077 Executing VM operation: ParallelGCFailedAllocation (Allocation Failure) done
Event: 61.115 Executing VM operation: ParallelGCFailedAllocation (Allocation Failure)
Event: 61.116 Executing VM operation: ParallelGCFailedAllocation (Allocation Failure) done
Event: 61.163 Executing VM operation: ParallelGCFailedAllocation (Allocation Failure)
Event: 61.165 Executing VM operation: ParallelGCFailedAllocation (Allocation Failure) done
Event: 61.212 Executing VM operation: ParallelGCFailedAllocation (Allocation Failure)
Event: 61.218 Executing VM operation: ParallelGCFailedAllocation (Allocation Failure) done
Event: 61.247 Executing VM operation: ParallelGCFailedAllocation (Allocation Failure)
Event: 61.249 Executing VM operation: ParallelGCFailedAllocation (Allocation Failure) done
Event: 61.297 Executing VM operation: ParallelGCFailedAllocation (Allocation Failure)
Event: 61.299 Executing VM operation: ParallelGCFailedAllocation (Allocation Failure) done
Event: 61.524 Executing VM operation: ParallelGCFailedAllocation (Allocation Failure)
Event: 61.526 Executing VM operation: ParallelGCFailedAllocation (Allocation Failure) done

Memory protections (0 events):
No events

Nmethod flushes (20 events):
Event: 28.199 Thread 0x000001fa000a5820 flushing  nmethod 0x000001fa2dd9c790
Event: 28.199 Thread 0x000001fa000a5820 flushing  nmethod 0x000001fa2dd9cc90
Event: 28.199 Thread 0x000001fa000a5820 flushing  nmethod 0x000001fa2dd9e790
Event: 28.199 Thread 0x000001fa000a5820 flushing osr nmethod 0x000001fa2ddb7b90
Event: 28.199 Thread 0x000001fa000a5820 flushing  nmethod 0x000001fa2ddc3b10
Event: 28.200 Thread 0x000001fa000a5820 flushing  nmethod 0x000001fa2ddd9510
Event: 28.200 Thread 0x000001fa000a5820 flushing  nmethod 0x000001fa2de22510
Event: 28.200 Thread 0x000001fa000a5820 flushing  nmethod 0x000001fa2de23510
Event: 28.200 Thread 0x000001fa000a5820 flushing  nmethod 0x000001fa2ded2090
Event: 28.200 Thread 0x000001fa000a5820 flushing  nmethod 0x000001fa2ded2410
Event: 28.200 Thread 0x000001fa000a5820 flushing  nmethod 0x000001fa2ded4990
Event: 28.200 Thread 0x000001fa000a5820 flushing  nmethod 0x000001fa2deda510
Event: 28.200 Thread 0x000001fa000a5820 flushing  nmethod 0x000001fa2dedb510
Event: 28.200 Thread 0x000001fa000a5820 flushing  nmethod 0x000001fa2dedc590
Event: 28.200 Thread 0x000001fa000a5820 flushing  nmethod 0x000001fa2dede490
Event: 28.200 Thread 0x000001fa000a5820 flushing  nmethod 0x000001fa2dee6210
Event: 28.200 Thread 0x000001fa000a5820 flushing  nmethod 0x000001fa2deed910
Event: 28.200 Thread 0x000001fa000a5820 flushing  nmethod 0x000001fa2deedd10
Event: 28.200 Thread 0x000001fa000a5820 flushing  nmethod 0x000001fa2def5090
Event: 28.200 Thread 0x000001fa000a5820 flushing  nmethod 0x000001fa2df05390

Events (20 events):
Event: 57.629 Thread 0x000001fa07174670 Thread added: 0x000001fa0968a650
Event: 57.629 Thread 0x000001fa07174670 Thread added: 0x000001fa096843e0
Event: 57.629 Thread 0x000001fa07174670 Thread added: 0x000001fa096871d0
Event: 57.629 Thread 0x000001fa07174670 Thread added: 0x000001fa12942220
Event: 57.630 Thread 0x000001fa07174670 Thread added: 0x000001fa003b2b80
Event: 57.654 Thread 0x000001fa096871d0 Thread exited: 0x000001fa096871d0
Event: 57.654 Thread 0x000001fa0968a650 Thread exited: 0x000001fa0968a650
Event: 57.654 Thread 0x000001fa12942220 Thread exited: 0x000001fa12942220
Event: 57.654 Thread 0x000001fa003b2b80 Thread exited: 0x000001fa003b2b80
Event: 57.654 Thread 0x000001fa096843e0 Thread exited: 0x000001fa096843e0
Event: 58.110 Thread 0x000001fa080a0ba0 Thread exited: 0x000001fa080a0ba0
Event: 58.124 Thread 0x000001fa080a1270 Thread added: 0x000001fa0a3e0b40
Event: 58.124 Thread 0x000001fa080a1270 Thread added: 0x000001fa080a0ba0
Event: 59.246 Thread 0x000001fa07173fe0 Thread added: 0x000001fa0968a650
Event: 60.033 Thread 0x000001fa080a0ba0 Thread exited: 0x000001fa080a0ba0
Event: 60.060 Thread 0x000001fa0a3e0b40 Thread exited: 0x000001fa0a3e0b40
Event: 60.643 Thread 0x000001fa0809f730 Thread added: 0x000001fa0aad2ec0
Event: 60.649 Thread 0x000001fa080a2db0 Thread added: 0x000001fa0aad79b0
Event: 60.987 Thread 0x000001fa0aad79b0 Thread exited: 0x000001fa0aad79b0
Event: 61.284 Thread 0x000001fa0809f730 Thread exited: 0x000001fa0809f730


Dynamic libraries:
0x00007ff7dea90000 - 0x00007ff7dea9e000 	c:\Users\tanma\.vscode\extensions\redhat.java-1.42.0-win32-x64\jre\21.0.7-win32-x86_64\bin\java.exe
0x00007ffbe9910000 - 0x00007ffbe9b27000 	C:\WINDOWS\SYSTEM32\ntdll.dll
0x00007ffbe83d0000 - 0x00007ffbe8494000 	C:\WINDOWS\System32\KERNEL32.DLL
0x00007ffbe6ba0000 - 0x00007ffbe6f73000 	C:\WINDOWS\System32\KERNELBASE.dll
0x000000005eee0000 - 0x000000005f212000 	C:\Program Files\Norton Security\NortonData\22.22.4.13\Definitions\IPSDefs\20231213.064\IPSEng64.dll
0x00007ffbe8300000 - 0x00007ffbe83b1000 	C:\WINDOWS\System32\ADVAPI32.dll
0x00007ffbe7e60000 - 0x00007ffbe7f07000 	C:\WINDOWS\System32\msvcrt.dll
0x00007ffbe7960000 - 0x00007ffbe7a07000 	C:\WINDOWS\System32\sechost.dll
0x00007ffbe74b0000 - 0x00007ffbe74d8000 	C:\WINDOWS\System32\bcrypt.dll
0x00007ffbe7840000 - 0x00007ffbe7954000 	C:\WINDOWS\System32\RPCRT4.dll
0x00007ffbe7c90000 - 0x00007ffbe7c98000 	C:\WINDOWS\System32\PSAPI.DLL
0x00007ffbe6f80000 - 0x00007ffbe7091000 	C:\WINDOWS\System32\ucrtbase.dll
0x00007ffba51a0000 - 0x00007ffba51be000 	c:\Users\tanma\.vscode\extensions\redhat.java-1.42.0-win32-x64\jre\21.0.7-win32-x86_64\bin\VCRUNTIME140.dll
0x00007ffba5760000 - 0x00007ffba5778000 	c:\Users\tanma\.vscode\extensions\redhat.java-1.42.0-win32-x64\jre\21.0.7-win32-x86_64\bin\jli.dll
0x00007ffbe7610000 - 0x00007ffbe77c1000 	C:\WINDOWS\System32\USER32.dll
0x00007ffbe7480000 - 0x00007ffbe74a6000 	C:\WINDOWS\System32\win32u.dll
0x00007ffbd6440000 - 0x00007ffbd66db000 	C:\WINDOWS\WinSxS\amd64_microsoft.windows.common-controls_6595b64144ccf1df_6.0.22621.5262_none_2712bde373830908\COMCTL32.dll
0x00007ffbe7bd0000 - 0x00007ffbe7bf9000 	C:\WINDOWS\System32\GDI32.dll
0x00007ffbe7210000 - 0x00007ffbe7332000 	C:\WINDOWS\System32\gdi32full.dll
0x00007ffbe6b00000 - 0x00007ffbe6b9a000 	C:\WINDOWS\System32\msvcp_win.dll
0x00007ffbe7ca0000 - 0x00007ffbe7cd1000 	C:\WINDOWS\System32\IMM32.DLL
0x00007ffbb41e0000 - 0x00007ffbb41ec000 	c:\Users\tanma\.vscode\extensions\redhat.java-1.42.0-win32-x64\jre\21.0.7-win32-x86_64\bin\vcruntime140_1.dll
0x00007ffb954c0000 - 0x00007ffb9554d000 	c:\Users\tanma\.vscode\extensions\redhat.java-1.42.0-win32-x64\jre\21.0.7-win32-x86_64\bin\msvcp140.dll
0x00007ffb77a80000 - 0x00007ffb78810000 	c:\Users\tanma\.vscode\extensions\redhat.java-1.42.0-win32-x64\jre\21.0.7-win32-x86_64\bin\server\jvm.dll
0x00007ffbe80b0000 - 0x00007ffbe8121000 	C:\WINDOWS\System32\WS2_32.dll
0x00007ffbe68d0000 - 0x00007ffbe691d000 	C:\WINDOWS\SYSTEM32\POWRPROF.dll
0x00007ffbdfce0000 - 0x00007ffbdfcea000 	C:\WINDOWS\SYSTEM32\VERSION.dll
0x00007ffbe2620000 - 0x00007ffbe2654000 	C:\WINDOWS\SYSTEM32\WINMM.dll
0x00007ffbe68b0000 - 0x00007ffbe68c3000 	C:\WINDOWS\SYSTEM32\UMPDC.dll
0x00007ffbe5a00000 - 0x00007ffbe5a18000 	C:\WINDOWS\SYSTEM32\kernel.appcore.dll
0x00007ffbacf50000 - 0x00007ffbacf5a000 	c:\Users\tanma\.vscode\extensions\redhat.java-1.42.0-win32-x64\jre\21.0.7-win32-x86_64\bin\jimage.dll
0x00007ffbe4690000 - 0x00007ffbe48c2000 	C:\WINDOWS\SYSTEM32\DBGHELP.DLL
0x00007ffbe9420000 - 0x00007ffbe97b3000 	C:\WINDOWS\System32\combase.dll
0x00007ffbe8d40000 - 0x00007ffbe8e17000 	C:\WINDOWS\System32\OLEAUT32.dll
0x00007ffbd85f0000 - 0x00007ffbd8622000 	C:\WINDOWS\SYSTEM32\dbgcore.DLL
0x00007ffbe6a00000 - 0x00007ffbe6a7b000 	C:\WINDOWS\System32\bcryptPrimitives.dll
0x00007ffbac400000 - 0x00007ffbac40f000 	c:\Users\tanma\.vscode\extensions\redhat.java-1.42.0-win32-x64\jre\21.0.7-win32-x86_64\bin\instrument.dll
0x00007ffb955d0000 - 0x00007ffb955ef000 	c:\Users\tanma\.vscode\extensions\redhat.java-1.42.0-win32-x64\jre\21.0.7-win32-x86_64\bin\java.dll
0x00007ffbe84a0000 - 0x00007ffbe8d3d000 	C:\WINDOWS\System32\SHELL32.dll
0x00007ffbe7340000 - 0x00007ffbe747f000 	C:\WINDOWS\System32\wintypes.dll
0x00007ffbe48f0000 - 0x00007ffbe520d000 	C:\WINDOWS\SYSTEM32\windows.storage.dll
0x00007ffbe7f10000 - 0x00007ffbe801b000 	C:\WINDOWS\System32\SHCORE.dll
0x00007ffbe7ce0000 - 0x00007ffbe7d46000 	C:\WINDOWS\System32\shlwapi.dll
0x00007ffbe6930000 - 0x00007ffbe695b000 	C:\WINDOWS\SYSTEM32\profapi.dll
0x00007ffb95570000 - 0x00007ffb95588000 	c:\Users\tanma\.vscode\extensions\redhat.java-1.42.0-win32-x64\jre\21.0.7-win32-x86_64\bin\zip.dll
0x00007ffba8c80000 - 0x00007ffba8c90000 	C:\Users\tanma\.vscode\extensions\redhat.java-1.42.0-win32-x64\jre\21.0.7-win32-x86_64\bin\net.dll
0x00007ffbe2420000 - 0x00007ffbe254c000 	C:\WINDOWS\SYSTEM32\WINHTTP.dll
0x00007ffbe5e70000 - 0x00007ffbe5eda000 	C:\WINDOWS\system32\mswsock.dll
0x00007ffb954a0000 - 0x00007ffb954b6000 	C:\Users\tanma\.vscode\extensions\redhat.java-1.42.0-win32-x64\jre\21.0.7-win32-x86_64\bin\nio.dll
0x00007ffba5d50000 - 0x00007ffba5d60000 	c:\Users\tanma\.vscode\extensions\redhat.java-1.42.0-win32-x64\jre\21.0.7-win32-x86_64\bin\verify.dll
0x00007ffb89a60000 - 0x00007ffb89aa5000 	C:\Users\tanma\AppData\Roaming\Code\User\globalStorage\redhat.java\1.42.0\config_win\org.eclipse.equinox.launcher\org.eclipse.equinox.launcher.win32.win32.x86_64_1.2.1300.v20250331-1702\eclipse_11911.dll
0x00007ffbe7a20000 - 0x00007ffbe7bc1000 	C:\WINDOWS\System32\ole32.dll
0x00007ffbe6110000 - 0x00007ffbe612b000 	C:\WINDOWS\SYSTEM32\CRYPTSP.dll
0x00007ffbe5960000 - 0x00007ffbe5997000 	C:\WINDOWS\system32\rsaenh.dll
0x00007ffbe5f10000 - 0x00007ffbe5f38000 	C:\WINDOWS\SYSTEM32\USERENV.dll
0x00007ffbe6070000 - 0x00007ffbe607c000 	C:\WINDOWS\SYSTEM32\CRYPTBASE.dll
0x00007ffbe5470000 - 0x00007ffbe549d000 	C:\WINDOWS\SYSTEM32\IPHLPAPI.DLL
0x00007ffbe7c80000 - 0x00007ffbe7c89000 	C:\WINDOWS\System32\NSI.dll
0x00007ffb842c0000 - 0x00007ffb84309000 	C:\Users\tanma\AppData\Local\Temp\jna-110127349\jna2052918176969106165.dll
0x00007ffbe21b0000 - 0x00007ffbe21c9000 	C:\WINDOWS\SYSTEM32\dhcpcsvc6.DLL
0x00007ffbe2190000 - 0x00007ffbe21af000 	C:\WINDOWS\SYSTEM32\dhcpcsvc.DLL
0x00007ffbe5b10000 - 0x00007ffbe5b44000 	C:\WINDOWS\SYSTEM32\ntmarta.dll

dbghelp: loaded successfully - version: 4.0.5 - missing functions: none
symbol engine: initialized successfully - sym options: 0x614 - pdb path: .;c:\Users\tanma\.vscode\extensions\redhat.java-1.42.0-win32-x64\jre\21.0.7-win32-x86_64\bin;C:\WINDOWS\SYSTEM32;C:\Program Files\Norton Security\NortonData\22.22.4.13\Definitions\IPSDefs\20231213.064;C:\WINDOWS\WinSxS\amd64_microsoft.windows.common-controls_6595b64144ccf1df_6.0.22621.5262_none_2712bde373830908;c:\Users\tanma\.vscode\extensions\redhat.java-1.42.0-win32-x64\jre\21.0.7-win32-x86_64\bin\server;C:\Users\tanma\AppData\Roaming\Code\User\globalStorage\redhat.java\1.42.0\config_win\org.eclipse.equinox.launcher\org.eclipse.equinox.launcher.win32.win32.x86_64_1.2.1300.v20250331-1702;C:\Users\tanma\AppData\Local\Temp\jna-110127349

VM Arguments:
jvm_args: --add-modules=ALL-SYSTEM --add-opens=java.base/java.util=ALL-UNNAMED --add-opens=java.base/java.lang=ALL-UNNAMED --add-opens=java.base/sun.nio.fs=ALL-UNNAMED -Declipse.application=org.eclipse.jdt.ls.core.id1 -Dosgi.bundles.defaultStartLevel=4 -Declipse.product=org.eclipse.jdt.ls.core.product -Djava.import.generatesMetadataFilesAtProjectRoot=false -DDetectVMInstallationsJob.disabled=true -Dfile.encoding=utf8 -XX:+UseParallelGC -XX:GCTimeRatio=4 -XX:AdaptiveSizePolicyWeight=90 -Dsun.zip.disableMemoryMapping=true -Xmx1G -Xms100m -Xlog:disable -javaagent:c:\Users\tanma\.vscode\extensions\redhat.java-1.42.0-win32-x64\lombok\lombok-1.18.36.jar -XX:+HeapDumpOnOutOfMemoryError -XX:HeapDumpPath=c:\Users\tanma\AppData\Roaming\Code\User\workspaceStorage\89240fbca4adb2b40d9c8e8d66c81886\redhat.java -Daether.dependencyCollector.impl=bf 
java_command: c:\Users\tanma\.vscode\extensions\redhat.java-1.42.0-win32-x64\server\plugins\org.eclipse.equinox.launcher_1.7.0.v20250424-1814.jar -configuration c:\Users\tanma\AppData\Roaming\Code\User\globalStorage\redhat.java\1.42.0\config_win -data c:\Users\tanma\AppData\Roaming\Code\User\workspaceStorage\89240fbca4adb2b40d9c8e8d66c81886\redhat.java\jdt_ws --pipe=\\.\pipe\lsp-81f84c0b74272fc882fd6ee3462a230e-sock
java_class_path (initial): c:\Users\tanma\.vscode\extensions\redhat.java-1.42.0-win32-x64\server\plugins\org.eclipse.equinox.launcher_1.7.0.v20250424-1814.jar
Launcher Type: SUN_STANDARD

[Global flags]
    uintx AdaptiveSizePolicyWeight                 = 90                                        {product} {command line}
     intx CICompilerCount                          = 12                                        {product} {ergonomic}
    uintx GCTimeRatio                              = 4                                         {product} {command line}
     bool HeapDumpOnOutOfMemoryError               = true                                   {manageable} {command line}
    ccstr HeapDumpPath                             = c:\Users\tanma\AppData\Roaming\Code\User\workspaceStorage\89240fbca4adb2b40d9c8e8d66c81886\redhat.java         {manageable} {command line}
   size_t InitialHeapSize                          = 104857600                                 {product} {command line}
   size_t MaxHeapSize                              = 1073741824                                {product} {command line}
   size_t MaxNewSize                               = 357564416                                 {product} {ergonomic}
   size_t MinHeapDeltaBytes                        = 524288                                    {product} {ergonomic}
   size_t MinHeapSize                              = 104857600                                 {product} {command line}
   size_t NewSize                                  = 34603008                                  {product} {ergonomic}
    uintx NonNMethodCodeHeapSize                   = 7602480                                {pd product} {ergonomic}
    uintx NonProfiledCodeHeapSize                  = 122027880                              {pd product} {ergonomic}
   size_t OldSize                                  = 70254592                                  {product} {ergonomic}
    uintx ProfiledCodeHeapSize                     = 122027880                              {pd product} {ergonomic}
    uintx ReservedCodeCacheSize                    = 251658240                              {pd product} {ergonomic}
     bool SegmentedCodeCache                       = true                                      {product} {ergonomic}
   size_t SoftMaxHeapSize                          = 1073741824                             {manageable} {ergonomic}
     bool UseCompressedOops                        = true                           {product lp64_product} {ergonomic}
     bool UseLargePagesIndividualAllocation        = false                                  {pd product} {ergonomic}
     bool UseParallelGC                            = true                                      {product} {command line}

Logging:
Log output configuration:
 #0: stdout all=off uptime,level,tags foldmultilines=false
 #1: stderr all=off uptime,level,tags foldmultilines=false

Environment Variables:
JAVA_HOME=C:\Program Files\Microsoft\jdk-17.0.12.7-hotspot
PATH=C:\app\tanma\product\21c\dbhomeXE\bin;C:\Windows\system32;C:\Windows;C:\Windows\System32\Wbem;C:\Windows\System32\WindowsPowerShell\v1.0\;C:\Windows\System32\OpenSSH\;C:\Program Files (x86)\NVIDIA Corporation\PhysX\Common;C:\Program Files\NVIDIA Corporation\NVIDIA NvDLISR;C:\Windows\System32\cmd.exe;C:\MinGW\bin;C:\WINDOWS\system32;C:\WINDOWS;C:\WINDOWS\System32\Wbem;C:\WINDOWS\System32\WindowsPowerShell\v1.0\;C:\WINDOWS\System32\OpenSSH\;C:\Program Files\Git\cmd;C:\Program Files\Git\mingw64\bin;C:\Program Files\Git\usr\bin;C:\Program Files\MongoDB\Tools\100\bin;C:\Program Files\Docker\Docker\resources\bin;C:\Users\tanma\AppData\Local\Android\Sdk;C:\ProgramData\chocolatey\bin;C:\Program Files\nodejs\;C:\Users\tanma\AppData\Local\Android\Sdk\platform-tools;C:\Program Files\Microsoft\jdk-17.0.12.7-hotspot\bin;C:\Program Files\apache-maven-3.9.9-bin\apache-maven-3.9.9\bin;C:\Program Files\MySQL\MySQL Shell 8.0\bin\;C:\Users\tanma\.console-ninja\.bin;C:\Users\tanma\AppData\Local\Programs\Python\Python311\Scripts\;C:\Users\tanma\AppData\Local\Programs\Python\Python311\;C:\Users\tanma\AppData\Local\Programs\Python\Python312\Scripts\;C:\Users\tanma\AppData\Local\Programs\Python\Python312\;C:\Users\tanma\AppData\Local\Programs\Python\Launcher\;C:\Users\tanma\AppData\Local\Microsoft\WindowsApps;C:\Users\tanma\AppData\Local\GitHubDesktop\bin;C:\Program Files\JetBrains\IntelliJ IDEA Community Edition 2022.3\bin;C:\Users\tanma\AppData\Local\Programs\Microsoft VS Code\bin;C:\Users\tanma\AppData\Local\Programs\mongosh\;C:\Users\tanma\AppData\Local\Programs\oh-my-posh\bin;C:\Users\tanma\AppData\Local\Android\Sdk;C:\Users\tanma\AppData\Roaming\npm;C:\Program Files\Microsoft\jdk-17.0.12.7-hotspot\bin;C:\Program Files\apache-maven-3.9.9-bin\apache-maven-3.9.9\bin;C:\Program Files (x86)\MongoDB Atlas CLI\
USERNAME=tanma
OS=Windows_NT
PROCESSOR_IDENTIFIER=AMD64 Family 25 Model 80 Stepping 0, AuthenticAMD
TMP=C:\Users\tanma\AppData\Local\Temp
TEMP=C:\Users\tanma\AppData\Local\Temp




Periodic native trim disabled

---------------  S Y S T E M  ---------------

OS:
 Windows 11 , 64 bit Build 22621 (10.0.22621.5262)
OS uptime: 0 days 1:22 hours
Hyper-V role detected

CPU: total 16 (initial active 16) (16 cores per cpu, 2 threads per core) family 25 model 80 stepping 0 microcode 0x0, cx8, cmov, fxsr, ht, mmx, 3dnowpref, sse, sse2, sse3, ssse3, sse4a, sse4.1, sse4.2, popcnt, lzcnt, tsc, tscinvbit, avx, avx2, aes, erms, clmul, bmi1, bmi2, adx, sha, fma, vzeroupper, clflush, clflushopt, hv, rdtscp, rdpid, fsrm, f16c, cet_ss
Processor Information for the first 16 processors :
  Max Mhz: 3201, Current Mhz: 3201, Mhz Limit: 3201

Memory: 4k page, system-wide physical 5996M (623M free)
TotalPageFile size 24428M (AvailPageFile size 0M)
current process WorkingSet (physical memory assigned to process): 346M, peak: 576M
current process commit charge ("private bytes"): 635M, peak: 944M

vm_info: OpenJDK 64-Bit Server VM (21.0.7+6-LTS) for windows-amd64 JRE (21.0.7+6-LTS), built on 2025-04-15T00:00:00Z by "admin" with MS VC++ 17.7 (VS2022)

END.
