#
# There is insufficient memory for the Java Runtime Environment to continue.
# Native memory allocation (malloc) failed to allocate 2416144 bytes. Error detail: Chunk::new
# Possible reasons:
#   The system is out of physical RAM or swap space
#   This process is running with CompressedOops enabled, and the Java Heap may be blocking the growth of the native heap
# Possible solutions:
#   Reduce memory load on the system
#   Increase physical memory or swap space
#   Check if swap backing store is full
#   Decrease Java heap size (-Xmx/-Xms)
#   Decrease number of Java threads
#   Decrease Java thread stack sizes (-Xss)
#   Set larger code cache with -XX:ReservedCodeCacheSize=
#   JVM is running with Unscaled Compressed Oops mode in which the Java heap is
#     placed in the first 4GB address space. The Java Heap base address is the
#     maximum limit for the native heap growth. Please use -XX:HeapBaseMinAddress
#     to set the Java Heap base and to place the Java Heap above 4GB virtual address.
# This output file may be truncated or incomplete.
#
#  Out of Memory Error (arena.cpp:168), pid=10304, tid=19420
#
# JRE version: OpenJDK Runtime Environment Temurin-21.0.7+6 (21.0.7+6) (build 21.0.7+6-LTS)
# Java VM: OpenJDK 64-Bit Server VM Temurin-21.0.7+6 (21.0.7+6-LTS, mixed mode, sharing, tiered, compressed oops, compressed class ptrs, parallel gc, windows-amd64)
# No core dump will be written. Minidumps are not enabled by default on client versions of Windows
#

---------------  S U M M A R Y ------------

Command Line: --add-modules=ALL-SYSTEM --add-opens=java.base/java.util=ALL-UNNAMED --add-opens=java.base/java.lang=ALL-UNNAMED --add-opens=java.base/sun.nio.fs=ALL-UNNAMED -Declipse.application=org.eclipse.jdt.ls.core.id1 -Dosgi.bundles.defaultStartLevel=4 -Declipse.product=org.eclipse.jdt.ls.core.product -Djava.import.generatesMetadataFilesAtProjectRoot=false -DDetectVMInstallationsJob.disabled=true -Dfile.encoding=utf8 -XX:+UseParallelGC -XX:GCTimeRatio=4 -XX:AdaptiveSizePolicyWeight=90 -Dsun.zip.disableMemoryMapping=true -Xmx1G -Xms100m -Xlog:disable -javaagent:c:\Users\tanma\.vscode\extensions\redhat.java-1.42.0-win32-x64\lombok\lombok-1.18.36.jar -XX:+HeapDumpOnOutOfMemoryError -XX:HeapDumpPath=c:\Users\tanma\AppData\Roaming\Code\User\workspaceStorage\89240fbca4adb2b40d9c8e8d66c81886\redhat.java -Daether.dependencyCollector.impl=bf c:\Users\tanma\.vscode\extensions\redhat.java-1.42.0-win32-x64\server\plugins\org.eclipse.equinox.launcher_1.7.0.v20250424-1814.jar -configuration c:\Users\tanma\AppData\Roaming\Code\User\globalStorage\redhat.java\1.42.0\config_win -data c:\Users\tanma\AppData\Roaming\Code\User\workspaceStorage\89240fbca4adb2b40d9c8e8d66c81886\redhat.java\jdt_ws --pipe=\\.\pipe\lsp-70cb3dc77d5a1a43a4257205a0c363a8-sock

Host: AMD Ryzen 7 5800H with Radeon Graphics         , 16 cores, 5G,  Windows 11 , 64 bit Build 22621 (10.0.22621.5262)
Time: Fri May 16 18:04:55 2025 India Standard Time elapsed time: 4.812515 seconds (0d 0h 0m 4s)

---------------  T H R E A D  ---------------

Current thread (0x0000020173b82260):  JavaThread "C2 CompilerThread0" daemon [_thread_in_native, id=19420, stack(0x0000004ef2800000,0x0000004ef2900000) (1024K)]


Current CompileTask:
C2:4812 4681       4       org.lombokweb.asm.ClassReader::readMethod (1070 bytes)

Stack: [0x0000004ef2800000,0x0000004ef2900000]
Native frames: (J=compiled Java code, j=interpreted, Vv=VM code, C=native code)
V  [jvm.dll+0x6ce119]
V  [jvm.dll+0x8a84a1]
V  [jvm.dll+0x8aa9ce]
V  [jvm.dll+0x8ab0b3]
V  [jvm.dll+0x27f8a6]
V  [jvm.dll+0xc507d]
V  [jvm.dll+0xc55b3]
V  [jvm.dll+0x3b692c]
V  [jvm.dll+0x1e0029]
V  [jvm.dll+0x247c42]
V  [jvm.dll+0x2470cf]
V  [jvm.dll+0x1c760e]
V  [jvm.dll+0x25695a]
V  [jvm.dll+0x254efa]
V  [jvm.dll+0x3f03f6]
V  [jvm.dll+0x851f6b]
V  [jvm.dll+0x6cc7dd]
C  [ucrtbase.dll+0x29333]
C  [KERNEL32.DLL+0x1259d]
C  [ntdll.dll+0x5af58]


---------------  P R O C E S S  ---------------

Threads class SMR info:
_java_thread_list=0x000002017a177d40, length=51, elements={
0x000002015e504210, 0x00000201728a4b10, 0x00000201728a6bc0, 0x00000201728a9f60,
0x00000201728aae70, 0x0000020173b76ef0, 0x0000020173b80660, 0x0000020173b82260,
0x0000020173b836f0, 0x0000020173c7b440, 0x0000020173c83c10, 0x0000020173c89850,
0x0000020175679890, 0x0000020175d3d670, 0x000002017a0ca070, 0x000002017a19a1c0,
0x000002017a19fab0, 0x000002017a1d2e80, 0x000002017a20c7f0, 0x000002017a887f00,
0x000002017a666320, 0x000002017a047f30, 0x000002017a863630, 0x000002017a047210,
0x000002017a046b80, 0x000002017a0478a0, 0x000002017a049970, 0x000002017a0485c0,
0x000002017a048c50, 0x000002017a0492e0, 0x000002017a04a000, 0x000002017bfa9eb0,
0x000002017bfac610, 0x000002017bfae6e0, 0x000002017bfacca0, 0x000002017bfab8f0,
0x000002017bfad9c0, 0x000002017bfae050, 0x000002017bfab260, 0x000002017bfabf80,
0x000002017bfaa540, 0x000002017bfad330, 0x000002017bfaabd0, 0x000002017bfaed70,
0x000002017bfaf400, 0x000002017bfafa90, 0x000002017bfb0120, 0x000002017bfa9190,
0x000002017bfb07b0, 0x000002017bfa9820, 0x000002017bf72890
}

Java Threads: ( => current thread )
  0x000002015e504210 JavaThread "main"                              [_thread_blocked, id=19980, stack(0x0000004ef1e00000,0x0000004ef1f00000) (1024K)]
  0x00000201728a4b10 JavaThread "Reference Handler"          daemon [_thread_blocked, id=21552, stack(0x0000004ef2200000,0x0000004ef2300000) (1024K)]
  0x00000201728a6bc0 JavaThread "Finalizer"                  daemon [_thread_blocked, id=25428, stack(0x0000004ef2300000,0x0000004ef2400000) (1024K)]
  0x00000201728a9f60 JavaThread "Signal Dispatcher"          daemon [_thread_blocked, id=22880, stack(0x0000004ef2400000,0x0000004ef2500000) (1024K)]
  0x00000201728aae70 JavaThread "Attach Listener"            daemon [_thread_blocked, id=22052, stack(0x0000004ef2500000,0x0000004ef2600000) (1024K)]
  0x0000020173b76ef0 JavaThread "Service Thread"             daemon [_thread_blocked, id=12132, stack(0x0000004ef2600000,0x0000004ef2700000) (1024K)]
  0x0000020173b80660 JavaThread "Monitor Deflation Thread"   daemon [_thread_blocked, id=10252, stack(0x0000004ef2700000,0x0000004ef2800000) (1024K)]
=>0x0000020173b82260 JavaThread "C2 CompilerThread0"         daemon [_thread_in_native, id=19420, stack(0x0000004ef2800000,0x0000004ef2900000) (1024K)]
  0x0000020173b836f0 JavaThread "C1 CompilerThread0"         daemon [_thread_blocked, id=29268, stack(0x0000004ef2900000,0x0000004ef2a00000) (1024K)]
  0x0000020173c7b440 JavaThread "Common-Cleaner"             daemon [_thread_blocked, id=27804, stack(0x0000004ef2a00000,0x0000004ef2b00000) (1024K)]
  0x0000020173c83c10 JavaThread "C1 CompilerThread1"         daemon [_thread_in_native, id=26208, stack(0x0000004ef2b00000,0x0000004ef2c00000) (1024K)]
  0x0000020173c89850 JavaThread "C1 CompilerThread2"         daemon [_thread_blocked, id=21420, stack(0x0000004ef2c00000,0x0000004ef2d00000) (1024K)]
  0x0000020175679890 JavaThread "Notification Thread"        daemon [_thread_blocked, id=10360, stack(0x0000004ef2d00000,0x0000004ef2e00000) (1024K)]
  0x0000020175d3d670 JavaThread "Active Thread: Equinox Container: d40b986f-5079-467d-9ae6-dd5df99d3655"        [_thread_blocked, id=28200, stack(0x0000004ef2e00000,0x0000004ef2f00000) (1024K)]
  0x000002017a0ca070 JavaThread "Refresh Thread: Equinox Container: d40b986f-5079-467d-9ae6-dd5df99d3655" daemon [_thread_blocked, id=25492, stack(0x0000004ef3600000,0x0000004ef3700000) (1024K)]
  0x000002017a19a1c0 JavaThread "Framework Event Dispatcher: Equinox Container: d40b986f-5079-467d-9ae6-dd5df99d3655" daemon [_thread_blocked, id=19620, stack(0x0000004ef3700000,0x0000004ef3800000) (1024K)]
  0x000002017a19fab0 JavaThread "Start Level: Equinox Container: d40b986f-5079-467d-9ae6-dd5df99d3655" daemon [_thread_blocked, id=26780, stack(0x0000004ef3800000,0x0000004ef3900000) (1024K)]
  0x000002017a1d2e80 JavaThread "C2 CompilerThread1"         daemon [_thread_in_native, id=8512, stack(0x0000004ef3900000,0x0000004ef3a00000) (1024K)]
  0x000002017a20c7f0 JavaThread "Bundle File Closer"         daemon [_thread_blocked, id=10412, stack(0x0000004ef3d00000,0x0000004ef3e00000) (1024K)]
  0x000002017a887f00 JavaThread "SCR Component Actor"        daemon [_thread_blocked, id=25772, stack(0x0000004ef3e00000,0x0000004ef3f00000) (1024K)]
  0x000002017a666320 JavaThread "SCR Component Registry"     daemon [_thread_blocked, id=16032, stack(0x0000004ef3f00000,0x0000004ef4000000) (1024K)]
  0x000002017a047f30 JavaThread "Worker-JM"                         [_thread_blocked, id=27116, stack(0x0000004ef4100000,0x0000004ef4200000) (1024K)]
  0x000002017a863630 JavaThread "C1 CompilerThread3"         daemon [_thread_in_native, id=17660, stack(0x0000004ef4300000,0x0000004ef4400000) (1024K)]
  0x000002017a047210 JavaThread "JNA Cleaner"                daemon [_thread_blocked, id=2432, stack(0x0000004ef4400000,0x0000004ef4500000) (1024K)]
  0x000002017a046b80 JavaThread "Worker-0: Processing Java changes since last activation"        [_thread_blocked, id=25648, stack(0x0000004ef4500000,0x0000004ef4600000) (1024K)]
  0x000002017a0478a0 JavaThread "Worker-1: Building"                [_thread_in_Java, id=4424, stack(0x0000004ef4600000,0x0000004ef4700000) (1024K)]
  0x000002017a049970 JavaThread "Worker-2: Initialize After Load"        [_thread_blocked, id=3988, stack(0x0000004ef4700000,0x0000004ef4800000) (1024K)]
  0x000002017a0485c0 JavaThread "Java indexing"              daemon [_thread_blocked, id=20156, stack(0x0000004ef4800000,0x0000004ef4900000) (1024K)]
  0x000002017a048c50 JavaThread "Worker-3"                          [_thread_blocked, id=26136, stack(0x0000004ef4900000,0x0000004ef4a00000) (1024K)]
  0x000002017a0492e0 JavaThread "Worker-4: Repository registry initialization"        [_thread_in_Java, id=21432, stack(0x0000004ef4a00000,0x0000004ef4b00000) (1024K)]
  0x000002017a04a000 JavaThread "Worker-5"                          [_thread_blocked, id=2948, stack(0x0000004ef4b00000,0x0000004ef4c00000) (1024K)]
  0x000002017bfa9eb0 JavaThread "Thread-2"                   daemon [_thread_in_native, id=28764, stack(0x0000004ef4c00000,0x0000004ef4d00000) (1024K)]
  0x000002017bfac610 JavaThread "Thread-3"                   daemon [_thread_in_native, id=25972, stack(0x0000004ef4d00000,0x0000004ef4e00000) (1024K)]
  0x000002017bfae6e0 JavaThread "Thread-4"                   daemon [_thread_in_native, id=24512, stack(0x0000004ef4e00000,0x0000004ef4f00000) (1024K)]
  0x000002017bfacca0 JavaThread "Thread-5"                   daemon [_thread_in_native, id=17248, stack(0x0000004ef4f00000,0x0000004ef5000000) (1024K)]
  0x000002017bfab8f0 JavaThread "Thread-6"                   daemon [_thread_in_native, id=13668, stack(0x0000004ef5000000,0x0000004ef5100000) (1024K)]
  0x000002017bfad9c0 JavaThread "Thread-7"                   daemon [_thread_in_native, id=20176, stack(0x0000004ef5100000,0x0000004ef5200000) (1024K)]
  0x000002017bfae050 JavaThread "Thread-8"                   daemon [_thread_in_native, id=24552, stack(0x0000004ef5200000,0x0000004ef5300000) (1024K)]
  0x000002017bfab260 JavaThread "Thread-9"                   daemon [_thread_in_native, id=9140, stack(0x0000004ef5300000,0x0000004ef5400000) (1024K)]
  0x000002017bfabf80 JavaThread "Thread-10"                  daemon [_thread_in_native, id=19664, stack(0x0000004ef5400000,0x0000004ef5500000) (1024K)]
  0x000002017bfaa540 JavaThread "Thread-11"                  daemon [_thread_in_native, id=28612, stack(0x0000004ef5500000,0x0000004ef5600000) (1024K)]
  0x000002017bfad330 JavaThread "Thread-12"                  daemon [_thread_in_native, id=8964, stack(0x0000004ef5600000,0x0000004ef5700000) (1024K)]
  0x000002017bfaabd0 JavaThread "Thread-13"                  daemon [_thread_in_native, id=8828, stack(0x0000004ef5700000,0x0000004ef5800000) (1024K)]
  0x000002017bfaed70 JavaThread "Thread-14"                  daemon [_thread_in_native, id=22396, stack(0x0000004ef5800000,0x0000004ef5900000) (1024K)]
  0x000002017bfaf400 JavaThread "Thread-15"                  daemon [_thread_in_native, id=22976, stack(0x0000004ef5900000,0x0000004ef5a00000) (1024K)]
  0x000002017bfafa90 JavaThread "Thread-16"                  daemon [_thread_in_native, id=25196, stack(0x0000004ef5a00000,0x0000004ef5b00000) (1024K)]
  0x000002017bfb0120 JavaThread "Thread-17"                  daemon [_thread_in_native, id=27364, stack(0x0000004ef5b00000,0x0000004ef5c00000) (1024K)]
  0x000002017bfa9190 JavaThread "Thread-18"                  daemon [_thread_in_native, id=1812, stack(0x0000004ef5c00000,0x0000004ef5d00000) (1024K)]
  0x000002017bfb07b0 JavaThread "pool-2-thread-1"                   [_thread_blocked, id=12136, stack(0x0000004ef5d00000,0x0000004ef5e00000) (1024K)]
  0x000002017bfa9820 JavaThread "WorkspaceEventsHandler"            [_thread_blocked, id=20096, stack(0x0000004ef5e00000,0x0000004ef5f00000) (1024K)]
  0x000002017bf72890 JavaThread "pool-1-thread-1"                   [_thread_blocked, id=19036, stack(0x0000004ef5f00000,0x0000004ef6000000) (1024K)]
Total: 51

Other Threads:
  0x000002015bffdf60 VMThread "VM Thread"                           [id=28496, stack(0x0000004ef2100000,0x0000004ef2200000) (1024K)]
  0x000002017278ca00 WatcherThread "VM Periodic Task Thread"        [id=16620, stack(0x0000004ef2000000,0x0000004ef2100000) (1024K)]
  0x000002015bffdbc0 WorkerThread "GC Thread#0"                     [id=23776, stack(0x0000004ef1f00000,0x0000004ef2000000) (1024K)]
  0x000002015bffea40 WorkerThread "GC Thread#1"                     [id=20396, stack(0x0000004ef2f00000,0x0000004ef3000000) (1024K)]
  0x000002015bffe6a0 WorkerThread "GC Thread#2"                     [id=14964, stack(0x0000004ef3000000,0x0000004ef3100000) (1024K)]
  0x00000201756aeeb0 WorkerThread "GC Thread#3"                     [id=18160, stack(0x0000004ef3100000,0x0000004ef3200000) (1024K)]
  0x00000201756ad1b0 WorkerThread "GC Thread#4"                     [id=17792, stack(0x0000004ef3200000,0x0000004ef3300000) (1024K)]
  0x00000201756ae3d0 WorkerThread "GC Thread#5"                     [id=176, stack(0x0000004ef3300000,0x0000004ef3400000) (1024K)]
  0x00000201756ad8f0 WorkerThread "GC Thread#6"                     [id=8564, stack(0x0000004ef3400000,0x0000004ef3500000) (1024K)]
  0x00000201756af990 WorkerThread "GC Thread#7"                     [id=26832, stack(0x0000004ef3500000,0x0000004ef3600000) (1024K)]
  0x00000201756af250 WorkerThread "GC Thread#8"                     [id=28416, stack(0x0000004ef3a00000,0x0000004ef3b00000) (1024K)]
  0x00000201756aca70 WorkerThread "GC Thread#9"                     [id=10640, stack(0x0000004ef3b00000,0x0000004ef3c00000) (1024K)]
  0x00000201756af5f0 WorkerThread "GC Thread#10"                    [id=26080, stack(0x0000004ef3c00000,0x0000004ef3d00000) (1024K)]
  0x00000201756ace10 WorkerThread "GC Thread#11"                    [id=20960, stack(0x0000004ef4000000,0x0000004ef4100000) (1024K)]
  0x00000201756ac6d0 WorkerThread "GC Thread#12"                    [id=26888, stack(0x0000004ef4200000,0x0000004ef4300000) (1024K)]
Total: 15

Threads with active compile tasks:
C2 CompilerThread0  4847 4681       4       org.lombokweb.asm.ClassReader::readMethod (1070 bytes)
C2 CompilerThread1  4847 5990       4       java.util.HashMap::remove (26 bytes)
Total: 2

VM state: not at safepoint (normal execution)

VM Mutex/Monitor currently owned by a thread: None

Heap address: 0x00000000c0000000, size: 1024 MB, Compressed Oops mode: 32-bit

CDS archive(s) mapped at: [0x0000020100000000-0x0000020100ba0000-0x0000020100ba0000), size 12189696, SharedBaseAddress: 0x0000020100000000, ArchiveRelocationMode: 1.
Compressed class space mapped at: 0x0000020101000000-0x0000020141000000, reserved size: 1073741824
Narrow klass base: 0x0000020100000000, Narrow klass shift: 0, Narrow klass range: 0x100000000

GC Precious Log:
 CardTable entry size: 512
 CPUs: 16 total, 16 available
 Memory: 5996M
 Large Page Support: Disabled
 NUMA Support: Disabled
 Compressed Oops: Enabled (32-bit)
 Alignments: Space 512K, Generation 512K, Heap 2M
 Heap Min Capacity: 100M
 Heap Initial Capacity: 100M
 Heap Max Capacity: 1G
 Pre-touch: Disabled
 Parallel Workers: 13

Heap:
 PSYoungGen      total 24576K, used 8989K [0x00000000eab00000, 0x00000000ec680000, 0x0000000100000000)
  eden space 22016K, 31% used [0x00000000eab00000,0x00000000eb1cc918,0x00000000ec080000)
  from space 2560K, 81% used [0x00000000ec400000,0x00000000ec609000,0x00000000ec680000)
  to   space 2560K, 0% used [0x00000000ec100000,0x00000000ec100000,0x00000000ec380000)
 ParOldGen       total 68608K, used 28100K [0x00000000c0000000, 0x00000000c4300000, 0x00000000eab00000)
  object space 68608K, 40% used [0x00000000c0000000,0x00000000c1b711a8,0x00000000c4300000)
 Metaspace       used 39069K, committed 40320K, reserved 1114112K
  class space    used 3962K, committed 4480K, reserved 1048576K

Card table byte_map: [0x000002015de60000,0x000002015e070000] _byte_map_base: 0x000002015d860000

Marking Bits: (ParMarkBitMap*) 0x00007ffa271d31f0
 Begin Bits: [0x00000201706b0000, 0x00000201716b0000)
 End Bits:   [0x00000201716b0000, 0x00000201726b0000)

Polling page: 0x000002015c390000

Metaspace:

Usage:
  Non-class:     34.29 MB used.
      Class:      3.87 MB used.
       Both:     38.16 MB used.

Virtual space:
  Non-class space:       64.00 MB reserved,      35.00 MB ( 55%) committed,  1 nodes.
      Class space:        1.00 GB reserved,       4.38 MB ( <1%) committed,  1 nodes.
             Both:        1.06 GB reserved,      39.38 MB (  4%) committed. 

Chunk freelists:
   Non-Class:  12.47 MB
       Class:  11.57 MB
        Both:  24.04 MB

MaxMetaspaceSize: unlimited
CompressedClassSpaceSize: 1.00 GB
Initial GC threshold: 21.00 MB
Current GC threshold: 58.38 MB
CDS: on
 - commit_granule_bytes: 65536.
 - commit_granule_words: 8192.
 - virtual_space_node_default_size: 8388608.
 - enlarge_chunks_in_place: 1.
 - use_allocation_guard: 0.


Internal statistics:

num_allocs_failed_limit: 6.
num_arena_births: 934.
num_arena_deaths: 14.
num_vsnodes_births: 2.
num_vsnodes_deaths: 0.
num_space_committed: 630.
num_space_uncommitted: 0.
num_chunks_returned_to_freelist: 20.
num_chunks_taken_from_freelist: 2644.
num_chunk_merges: 9.
num_chunk_splits: 1655.
num_chunks_enlarged: 930.
num_inconsistent_stats: 0.

CodeHeap 'non-profiled nmethods': size=119168Kb used=2042Kb max_used=2211Kb free=117125Kb
 bounds [0x0000020169250000, 0x00000201694c0000, 0x00000201706b0000]
CodeHeap 'profiled nmethods': size=119104Kb used=11717Kb max_used=12080Kb free=107386Kb
 bounds [0x00000201616b0000, 0x0000020162280000, 0x0000020168b00000]
CodeHeap 'non-nmethods': size=7488Kb used=3053Kb max_used=3075Kb free=4434Kb
 bounds [0x0000020168b00000, 0x0000020168e10000, 0x0000020169250000]
 total_blobs=6132 nmethods=5471 adapters=564
 compilation: enabled
              stopped_count=0, restarted_count=0
 full_count=0

Compilation events (20 events):
Event: 4.795 Thread 0x000002017a1d2e80 nmethod 5614 0x0000020169291d90 code [0x0000020169291f40, 0x0000020169292128]
Event: 4.796 Thread 0x000002017a1d2e80 6121       4       org.eclipse.jdt.internal.core.util.WeakHashSet::addValue (99 bytes)
Event: 4.798 Thread 0x0000020173c89850 6122 %     3       java.util.ImmutableCollections::listFromArray @ 8 (39 bytes)
Event: 4.798 Thread 0x0000020173b836f0 6123 % !   3       org.eclipse.jdt.internal.core.util.DeduplicationUtil::intern @ 86 (149 bytes)
Event: 4.799 Thread 0x0000020173c89850 nmethod 6122% 0x0000020161c4b210 code [0x0000020161c4b420, 0x0000020161c4bc20]
Event: 4.799 Thread 0x000002017a863630 6124       3       java.util.Arrays::compare (109 bytes)
Event: 4.799 Thread 0x000002017a863630 nmethod 6124 0x0000020161c4a790 code [0x0000020161c4a9a0, 0x0000020161c4b010]
Event: 4.800 Thread 0x0000020173b836f0 nmethod 6123% 0x00000201619fc590 code [0x00000201619fc8e0, 0x00000201619fdf58]
Event: 4.801 Thread 0x000002017a863630 6125       2       org.eclipse.jdt.internal.core.util.MementoTokenizer::escape (195 bytes)
Event: 4.801 Thread 0x000002017a1d2e80 nmethod 6121 0x00000201692a0210 code [0x00000201692a03e0, 0x00000201692a07c0]
Event: 4.801 Thread 0x000002017a1d2e80 5058       4       java.lang.AbstractStringBuilder::appendChars (130 bytes)
Event: 4.801 Thread 0x000002017a863630 nmethod 6125 0x0000020161c49e90 code [0x0000020161c4a060, 0x0000020161c4a420]
Event: 4.806 Thread 0x000002017a863630 6130       2       jdk.internal.org.objectweb.asm.MethodWriter::putAbstractTypes (31 bytes)
Event: 4.806 Thread 0x0000020173c89850 6131       2       jdk.internal.org.objectweb.asm.Frame::putAbstractType (379 bytes)
Event: 4.806 Thread 0x0000020173c83c10 6132       2       jdk.internal.org.objectweb.asm.SymbolTable::getType (7 bytes)
Event: 4.806 Thread 0x0000020173c83c10 nmethod 6132 0x0000020161c49b10 code [0x0000020161c49ca0, 0x0000020161c49dd0]
Event: 4.806 Thread 0x000002017a863630 nmethod 6130 0x0000020161c49610 code [0x0000020161c497c0, 0x0000020161c49998]
Event: 4.806 Thread 0x000002017a1d2e80 nmethod 5058 0x00000201692b6c10 code [0x00000201692b6dc0, 0x00000201692b7128]
Event: 4.806 Thread 0x000002017a1d2e80 6129       4       java.util.stream.StreamSpliterators$AbstractWrappingSpliterator::fillBuffer (64 bytes)
Event: 4.808 Thread 0x0000020173c89850 nmethod 6131 0x00000201619faf90 code [0x00000201619fb300, 0x00000201619fbd88]

GC Heap History (20 events):
Event: 3.738 GC heap before
{Heap before GC invocations=10 (full 1):
 PSYoungGen      total 27648K, used 27247K [0x00000000eab00000, 0x00000000ecc00000, 0x0000000100000000)
  eden space 24064K, 98% used [0x00000000eab00000,0x00000000ec23bf88,0x00000000ec280000)
  from space 3584K, 96% used [0x00000000ec880000,0x00000000ecbdfe50,0x00000000ecc00000)
  to   space 4096K, 0% used [0x00000000ec400000,0x00000000ec400000,0x00000000ec800000)
 ParOldGen       total 68608K, used 12560K [0x00000000c0000000, 0x00000000c4300000, 0x00000000eab00000)
  object space 68608K, 18% used [0x00000000c0000000,0x00000000c0c44298,0x00000000c4300000)
 Metaspace       used 25957K, committed 26944K, reserved 1114112K
  class space    used 2529K, committed 2944K, reserved 1048576K
}
Event: 3.741 GC heap after
{Heap after GC invocations=10 (full 1):
 PSYoungGen      total 27648K, used 4067K [0x00000000eab00000, 0x00000000ecb00000, 0x0000000100000000)
  eden space 23552K, 0% used [0x00000000eab00000,0x00000000eab00000,0x00000000ec200000)
  from space 4096K, 99% used [0x00000000ec400000,0x00000000ec7f8ee8,0x00000000ec800000)
  to   space 3072K, 0% used [0x00000000ec800000,0x00000000ec800000,0x00000000ecb00000)
 ParOldGen       total 68608K, used 12608K [0x00000000c0000000, 0x00000000c4300000, 0x00000000eab00000)
  object space 68608K, 18% used [0x00000000c0000000,0x00000000c0c50298,0x00000000c4300000)
 Metaspace       used 25957K, committed 26944K, reserved 1114112K
  class space    used 2529K, committed 2944K, reserved 1048576K
}
Event: 3.909 GC heap before
{Heap before GC invocations=11 (full 1):
 PSYoungGen      total 27648K, used 27619K [0x00000000eab00000, 0x00000000ecb00000, 0x0000000100000000)
  eden space 23552K, 100% used [0x00000000eab00000,0x00000000ec200000,0x00000000ec200000)
  from space 4096K, 99% used [0x00000000ec400000,0x00000000ec7f8ee8,0x00000000ec800000)
  to   space 3072K, 0% used [0x00000000ec800000,0x00000000ec800000,0x00000000ecb00000)
 ParOldGen       total 68608K, used 12608K [0x00000000c0000000, 0x00000000c4300000, 0x00000000eab00000)
  object space 68608K, 18% used [0x00000000c0000000,0x00000000c0c50298,0x00000000c4300000)
 Metaspace       used 27884K, committed 28864K, reserved 1114112K
  class space    used 2643K, committed 3072K, reserved 1048576K
}
Event: 3.914 GC heap after
{Heap after GC invocations=11 (full 1):
 PSYoungGen      total 26112K, used 3069K [0x00000000eab00000, 0x00000000ecb80000, 0x0000000100000000)
  eden space 23040K, 0% used [0x00000000eab00000,0x00000000eab00000,0x00000000ec180000)
  from space 3072K, 99% used [0x00000000ec800000,0x00000000ecaff620,0x00000000ecb00000)
  to   space 5120K, 0% used [0x00000000ec180000,0x00000000ec180000,0x00000000ec680000)
 ParOldGen       total 68608K, used 14382K [0x00000000c0000000, 0x00000000c4300000, 0x00000000eab00000)
  object space 68608K, 20% used [0x00000000c0000000,0x00000000c0e0baf8,0x00000000c4300000)
 Metaspace       used 27884K, committed 28864K, reserved 1114112K
  class space    used 2643K, committed 3072K, reserved 1048576K
}
Event: 4.142 GC heap before
{Heap before GC invocations=12 (full 1):
 PSYoungGen      total 26112K, used 26109K [0x00000000eab00000, 0x00000000ecb80000, 0x0000000100000000)
  eden space 23040K, 100% used [0x00000000eab00000,0x00000000ec180000,0x00000000ec180000)
  from space 3072K, 99% used [0x00000000ec800000,0x00000000ecaff620,0x00000000ecb00000)
  to   space 5120K, 0% used [0x00000000ec180000,0x00000000ec180000,0x00000000ec680000)
 ParOldGen       total 68608K, used 14382K [0x00000000c0000000, 0x00000000c4300000, 0x00000000eab00000)
  object space 68608K, 20% used [0x00000000c0000000,0x00000000c0e0baf8,0x00000000c4300000)
 Metaspace       used 31262K, committed 32320K, reserved 1114112K
  class space    used 3021K, committed 3520K, reserved 1048576K
}
Event: 4.147 GC heap after
{Heap after GC invocations=12 (full 1):
 PSYoungGen      total 24576K, used 1972K [0x00000000eab00000, 0x00000000ec880000, 0x0000000100000000)
  eden space 22528K, 0% used [0x00000000eab00000,0x00000000eab00000,0x00000000ec100000)
  from space 2048K, 96% used [0x00000000ec180000,0x00000000ec36d2c8,0x00000000ec380000)
  to   space 3072K, 0% used [0x00000000ec580000,0x00000000ec580000,0x00000000ec880000)
 ParOldGen       total 68608K, used 17695K [0x00000000c0000000, 0x00000000c4300000, 0x00000000eab00000)
  object space 68608K, 25% used [0x00000000c0000000,0x00000000c1147fa0,0x00000000c4300000)
 Metaspace       used 31262K, committed 32320K, reserved 1114112K
  class space    used 3021K, committed 3520K, reserved 1048576K
}
Event: 4.283 GC heap before
{Heap before GC invocations=13 (full 1):
 PSYoungGen      total 24576K, used 24500K [0x00000000eab00000, 0x00000000ec880000, 0x0000000100000000)
  eden space 22528K, 100% used [0x00000000eab00000,0x00000000ec100000,0x00000000ec100000)
  from space 2048K, 96% used [0x00000000ec180000,0x00000000ec36d2c8,0x00000000ec380000)
  to   space 3072K, 0% used [0x00000000ec580000,0x00000000ec580000,0x00000000ec880000)
 ParOldGen       total 68608K, used 17695K [0x00000000c0000000, 0x00000000c4300000, 0x00000000eab00000)
  object space 68608K, 25% used [0x00000000c0000000,0x00000000c1147fa0,0x00000000c4300000)
 Metaspace       used 33504K, committed 34624K, reserved 1114112K
  class space    used 3264K, committed 3776K, reserved 1048576K
}
Event: 4.286 GC heap after
{Heap after GC invocations=13 (full 1):
 PSYoungGen      total 24064K, used 1559K [0x00000000eab00000, 0x00000000ec780000, 0x0000000100000000)
  eden space 22016K, 0% used [0x00000000eab00000,0x00000000eab00000,0x00000000ec080000)
  from space 2048K, 76% used [0x00000000ec580000,0x00000000ec705e58,0x00000000ec780000)
  to   space 2048K, 0% used [0x00000000ec380000,0x00000000ec380000,0x00000000ec580000)
 ParOldGen       total 68608K, used 19469K [0x00000000c0000000, 0x00000000c4300000, 0x00000000eab00000)
  object space 68608K, 28% used [0x00000000c0000000,0x00000000c13035a8,0x00000000c4300000)
 Metaspace       used 33504K, committed 34624K, reserved 1114112K
  class space    used 3264K, committed 3776K, reserved 1048576K
}
Event: 4.383 GC heap before
{Heap before GC invocations=14 (full 1):
 PSYoungGen      total 24064K, used 13528K [0x00000000eab00000, 0x00000000ec780000, 0x0000000100000000)
  eden space 22016K, 54% used [0x00000000eab00000,0x00000000eb6b04b0,0x00000000ec080000)
  from space 2048K, 76% used [0x00000000ec580000,0x00000000ec705e58,0x00000000ec780000)
  to   space 2048K, 0% used [0x00000000ec380000,0x00000000ec380000,0x00000000ec580000)
 ParOldGen       total 68608K, used 19469K [0x00000000c0000000, 0x00000000c4300000, 0x00000000eab00000)
  object space 68608K, 28% used [0x00000000c0000000,0x00000000c13035a8,0x00000000c4300000)
 Metaspace       used 34717K, committed 35840K, reserved 1114112K
  class space    used 3405K, committed 3904K, reserved 1048576K
}
Event: 4.386 GC heap after
{Heap after GC invocations=14 (full 1):
 PSYoungGen      total 24064K, used 1792K [0x00000000eab00000, 0x00000000ec600000, 0x0000000100000000)
  eden space 22016K, 0% used [0x00000000eab00000,0x00000000eab00000,0x00000000ec080000)
  from space 2048K, 87% used [0x00000000ec380000,0x00000000ec540000,0x00000000ec580000)
  to   space 512K, 0% used [0x00000000ec580000,0x00000000ec580000,0x00000000ec600000)
 ParOldGen       total 68608K, used 20623K [0x00000000c0000000, 0x00000000c4300000, 0x00000000eab00000)
  object space 68608K, 30% used [0x00000000c0000000,0x00000000c1423da0,0x00000000c4300000)
 Metaspace       used 34717K, committed 35840K, reserved 1114112K
  class space    used 3405K, committed 3904K, reserved 1048576K
}
Event: 4.386 GC heap before
{Heap before GC invocations=15 (full 2):
 PSYoungGen      total 24064K, used 1792K [0x00000000eab00000, 0x00000000ec600000, 0x0000000100000000)
  eden space 22016K, 0% used [0x00000000eab00000,0x00000000eab00000,0x00000000ec080000)
  from space 2048K, 87% used [0x00000000ec380000,0x00000000ec540000,0x00000000ec580000)
  to   space 512K, 0% used [0x00000000ec580000,0x00000000ec580000,0x00000000ec600000)
 ParOldGen       total 68608K, used 20623K [0x00000000c0000000, 0x00000000c4300000, 0x00000000eab00000)
  object space 68608K, 30% used [0x00000000c0000000,0x00000000c1423da0,0x00000000c4300000)
 Metaspace       used 34717K, committed 35840K, reserved 1114112K
  class space    used 3405K, committed 3904K, reserved 1048576K
}
Event: 4.437 GC heap after
{Heap after GC invocations=15 (full 2):
 PSYoungGen      total 24064K, used 0K [0x00000000eab00000, 0x00000000ec600000, 0x0000000100000000)
  eden space 22016K, 0% used [0x00000000eab00000,0x00000000eab00000,0x00000000ec080000)
  from space 2048K, 0% used [0x00000000ec380000,0x00000000ec380000,0x00000000ec580000)
  to   space 512K, 0% used [0x00000000ec580000,0x00000000ec580000,0x00000000ec600000)
 ParOldGen       total 68608K, used 19592K [0x00000000c0000000, 0x00000000c4300000, 0x00000000eab00000)
  object space 68608K, 28% used [0x00000000c0000000,0x00000000c1322030,0x00000000c4300000)
 Metaspace       used 34717K, committed 35840K, reserved 1114112K
  class space    used 3405K, committed 3904K, reserved 1048576K
}
Event: 4.522 GC heap before
{Heap before GC invocations=16 (full 2):
 PSYoungGen      total 24064K, used 22016K [0x00000000eab00000, 0x00000000ec600000, 0x0000000100000000)
  eden space 22016K, 100% used [0x00000000eab00000,0x00000000ec080000,0x00000000ec080000)
  from space 2048K, 0% used [0x00000000ec380000,0x00000000ec380000,0x00000000ec580000)
  to   space 512K, 0% used [0x00000000ec580000,0x00000000ec580000,0x00000000ec600000)
 ParOldGen       total 68608K, used 19592K [0x00000000c0000000, 0x00000000c4300000, 0x00000000eab00000)
  object space 68608K, 28% used [0x00000000c0000000,0x00000000c1322030,0x00000000c4300000)
 Metaspace       used 35593K, committed 36736K, reserved 1114112K
  class space    used 3511K, committed 4032K, reserved 1048576K
}
Event: 4.524 GC heap after
{Heap after GC invocations=16 (full 2):
 PSYoungGen      total 22528K, used 480K [0x00000000eab00000, 0x00000000ec600000, 0x0000000100000000)
  eden space 22016K, 0% used [0x00000000eab00000,0x00000000eab00000,0x00000000ec080000)
  from space 512K, 93% used [0x00000000ec580000,0x00000000ec5f8010,0x00000000ec600000)
  to   space 2560K, 0% used [0x00000000ec100000,0x00000000ec100000,0x00000000ec380000)
 ParOldGen       total 68608K, used 21184K [0x00000000c0000000, 0x00000000c4300000, 0x00000000eab00000)
  object space 68608K, 30% used [0x00000000c0000000,0x00000000c14b0060,0x00000000c4300000)
 Metaspace       used 35593K, committed 36736K, reserved 1114112K
  class space    used 3511K, committed 4032K, reserved 1048576K
}
Event: 4.611 GC heap before
{Heap before GC invocations=17 (full 2):
 PSYoungGen      total 22528K, used 22496K [0x00000000eab00000, 0x00000000ec600000, 0x0000000100000000)
  eden space 22016K, 100% used [0x00000000eab00000,0x00000000ec080000,0x00000000ec080000)
  from space 512K, 93% used [0x00000000ec580000,0x00000000ec5f8010,0x00000000ec600000)
  to   space 2560K, 0% used [0x00000000ec100000,0x00000000ec100000,0x00000000ec380000)
 ParOldGen       total 68608K, used 21184K [0x00000000c0000000, 0x00000000c4300000, 0x00000000eab00000)
  object space 68608K, 30% used [0x00000000c0000000,0x00000000c14b0060,0x00000000c4300000)
 Metaspace       used 37360K, committed 38592K, reserved 1114112K
  class space    used 3757K, committed 4352K, reserved 1048576K
}
Event: 4.614 GC heap after
{Heap after GC invocations=17 (full 2):
 PSYoungGen      total 24576K, used 2001K [0x00000000eab00000, 0x00000000ec600000, 0x0000000100000000)
  eden space 22016K, 0% used [0x00000000eab00000,0x00000000eab00000,0x00000000ec080000)
  from space 2560K, 78% used [0x00000000ec100000,0x00000000ec2f4410,0x00000000ec380000)
  to   space 2048K, 0% used [0x00000000ec400000,0x00000000ec400000,0x00000000ec600000)
 ParOldGen       total 68608K, used 21696K [0x00000000c0000000, 0x00000000c4300000, 0x00000000eab00000)
  object space 68608K, 31% used [0x00000000c0000000,0x00000000c1530070,0x00000000c4300000)
 Metaspace       used 37360K, committed 38592K, reserved 1114112K
  class space    used 3757K, committed 4352K, reserved 1048576K
}
Event: 4.674 GC heap before
{Heap before GC invocations=18 (full 2):
 PSYoungGen      total 24576K, used 24017K [0x00000000eab00000, 0x00000000ec600000, 0x0000000100000000)
  eden space 22016K, 100% used [0x00000000eab00000,0x00000000ec080000,0x00000000ec080000)
  from space 2560K, 78% used [0x00000000ec100000,0x00000000ec2f4410,0x00000000ec380000)
  to   space 2048K, 0% used [0x00000000ec400000,0x00000000ec400000,0x00000000ec600000)
 ParOldGen       total 68608K, used 21696K [0x00000000c0000000, 0x00000000c4300000, 0x00000000eab00000)
  object space 68608K, 31% used [0x00000000c0000000,0x00000000c1530070,0x00000000c4300000)
 Metaspace       used 37970K, committed 39168K, reserved 1114112K
  class space    used 3804K, committed 4352K, reserved 1048576K
}
Event: 4.680 GC heap after
{Heap after GC invocations=18 (full 2):
 PSYoungGen      total 24064K, used 2016K [0x00000000eab00000, 0x00000000ec600000, 0x0000000100000000)
  eden space 22016K, 0% used [0x00000000eab00000,0x00000000eab00000,0x00000000ec080000)
  from space 2048K, 98% used [0x00000000ec400000,0x00000000ec5f8010,0x00000000ec600000)
  to   space 2560K, 0% used [0x00000000ec100000,0x00000000ec100000,0x00000000ec380000)
 ParOldGen       total 68608K, used 23856K [0x00000000c0000000, 0x00000000c4300000, 0x00000000eab00000)
  object space 68608K, 34% used [0x00000000c0000000,0x00000000c174c3c8,0x00000000c4300000)
 Metaspace       used 37970K, committed 39168K, reserved 1114112K
  class space    used 3804K, committed 4352K, reserved 1048576K
}
Event: 4.744 GC heap before
{Heap before GC invocations=19 (full 2):
 PSYoungGen      total 24064K, used 24032K [0x00000000eab00000, 0x00000000ec600000, 0x0000000100000000)
  eden space 22016K, 100% used [0x00000000eab00000,0x00000000ec080000,0x00000000ec080000)
  from space 2048K, 98% used [0x00000000ec400000,0x00000000ec5f8010,0x00000000ec600000)
  to   space 2560K, 0% used [0x00000000ec100000,0x00000000ec100000,0x00000000ec380000)
 ParOldGen       total 68608K, used 23856K [0x00000000c0000000, 0x00000000c4300000, 0x00000000eab00000)
  object space 68608K, 34% used [0x00000000c0000000,0x00000000c174c3c8,0x00000000c4300000)
 Metaspace       used 38433K, committed 39680K, reserved 1114112K
  class space    used 3859K, committed 4416K, reserved 1048576K
}
Event: 4.749 GC heap after
{Heap after GC invocations=19 (full 2):
 PSYoungGen      total 24576K, used 2530K [0x00000000eab00000, 0x00000000ec780000, 0x0000000100000000)
  eden space 22016K, 0% used [0x00000000eab00000,0x00000000eab00000,0x00000000ec080000)
  from space 2560K, 98% used [0x00000000ec100000,0x00000000ec378800,0x00000000ec380000)
  to   space 3584K, 0% used [0x00000000ec400000,0x00000000ec400000,0x00000000ec780000)
 ParOldGen       total 68608K, used 25821K [0x00000000c0000000, 0x00000000c4300000, 0x00000000eab00000)
  object space 68608K, 37% used [0x00000000c0000000,0x00000000c1937650,0x00000000c4300000)
 Metaspace       used 38433K, committed 39680K, reserved 1114112K
  class space    used 3859K, committed 4416K, reserved 1048576K
}

Dll operation events (10 events):
Event: 0.012 Loaded shared library c:\Users\tanma\.vscode\extensions\redhat.java-1.42.0-win32-x64\jre\21.0.7-win32-x86_64\bin\java.dll
Event: 0.089 Loaded shared library c:\Users\tanma\.vscode\extensions\redhat.java-1.42.0-win32-x64\jre\21.0.7-win32-x86_64\bin\zip.dll
Event: 0.107 Loaded shared library C:\Users\tanma\.vscode\extensions\redhat.java-1.42.0-win32-x64\jre\21.0.7-win32-x86_64\bin\instrument.dll
Event: 0.111 Loaded shared library C:\Users\tanma\.vscode\extensions\redhat.java-1.42.0-win32-x64\jre\21.0.7-win32-x86_64\bin\net.dll
Event: 0.113 Loaded shared library C:\Users\tanma\.vscode\extensions\redhat.java-1.42.0-win32-x64\jre\21.0.7-win32-x86_64\bin\nio.dll
Event: 0.116 Loaded shared library C:\Users\tanma\.vscode\extensions\redhat.java-1.42.0-win32-x64\jre\21.0.7-win32-x86_64\bin\zip.dll
Event: 0.131 Loaded shared library C:\Users\tanma\.vscode\extensions\redhat.java-1.42.0-win32-x64\jre\21.0.7-win32-x86_64\bin\jimage.dll
Event: 0.196 Loaded shared library c:\Users\tanma\.vscode\extensions\redhat.java-1.42.0-win32-x64\jre\21.0.7-win32-x86_64\bin\verify.dll
Event: 1.380 Loaded shared library C:\Users\tanma\AppData\Roaming\Code\User\globalStorage\redhat.java\1.42.0\config_win\org.eclipse.equinox.launcher\org.eclipse.equinox.launcher.win32.win32.x86_64_1.2.1300.v20250331-1702\eclipse_11911.dll
Event: 2.941 Loaded shared library C:\Users\tanma\AppData\Local\Temp\jna-110127349\jna1670889412062178057.dll

Deoptimization events (20 events):
Event: 4.575 Thread 0x000002017a0478a0 DEOPT PACKING pc=0x00000201693564f0 sp=0x0000004ef46fdab0
Event: 4.575 Thread 0x000002017a0478a0 DEOPT UNPACKING pc=0x0000020168b53aa2 sp=0x0000004ef46fd9f0 mode 2
Event: 4.619 Thread 0x000002017a0478a0 DEOPT PACKING pc=0x00000201616bef1f sp=0x0000004ef46fdb30
Event: 4.619 Thread 0x000002017a0478a0 DEOPT UNPACKING pc=0x0000020168b54242 sp=0x0000004ef46fd008 mode 0
Event: 4.641 Thread 0x000002017bf72890 Uncommon trap: trap_request=0xffffff45 fr.pc=0x0000020169386254 relative=0x00000000000013f4
Event: 4.641 Thread 0x000002017bf72890 Uncommon trap: reason=unstable_if action=reinterpret pc=0x0000020169386254 method=com.google.gson.stream.JsonReader.nextQuotedValue(C)Ljava/lang/String; @ 120 c2
Event: 4.641 Thread 0x000002017bf72890 DEOPT PACKING pc=0x0000020169386254 sp=0x0000004ef5ffe810
Event: 4.641 Thread 0x000002017bf72890 DEOPT UNPACKING pc=0x0000020168b53aa2 sp=0x0000004ef5ffe808 mode 2
Event: 4.742 Thread 0x000002015e504210 Uncommon trap: trap_request=0xffffff45 fr.pc=0x00000201693cc148 relative=0x0000000000000128
Event: 4.742 Thread 0x000002015e504210 Uncommon trap: reason=unstable_if action=reinterpret pc=0x00000201693cc148 method=java.lang.StringConcatHelper.prepend(J[BLjava/lang/String;)J @ 13 c2
Event: 4.742 Thread 0x000002015e504210 DEOPT PACKING pc=0x00000201693cc148 sp=0x0000004ef1efe380
Event: 4.742 Thread 0x000002015e504210 DEOPT UNPACKING pc=0x0000020168b53aa2 sp=0x0000004ef1efe330 mode 2
Event: 4.742 Thread 0x000002015e504210 Uncommon trap: trap_request=0xffffff45 fr.pc=0x00000201693f02e0 relative=0x00000000000000c0
Event: 4.742 Thread 0x000002015e504210 Uncommon trap: reason=unstable_if action=reinterpret pc=0x00000201693f02e0 method=java.lang.StringConcatHelper.newString([BJ)Ljava/lang/String; @ 3 c2
Event: 4.742 Thread 0x000002015e504210 DEOPT PACKING pc=0x00000201693f02e0 sp=0x0000004ef1efe4c0
Event: 4.742 Thread 0x000002015e504210 DEOPT UNPACKING pc=0x0000020168b53aa2 sp=0x0000004ef1efe448 mode 2
Event: 4.790 Thread 0x000002017a0478a0 Uncommon trap: trap_request=0xffffff45 fr.pc=0x000002016925fe48 relative=0x0000000000000608
Event: 4.790 Thread 0x000002017a0478a0 Uncommon trap: reason=unstable_if action=reinterpret pc=0x000002016925fe48 method=java.util.ArrayList.equalsRange(Ljava/util/List;II)Z @ 41 c2
Event: 4.790 Thread 0x000002017a0478a0 DEOPT PACKING pc=0x000002016925fe48 sp=0x0000004ef46fd770
Event: 4.790 Thread 0x000002017a0478a0 DEOPT UNPACKING pc=0x0000020168b53aa2 sp=0x0000004ef46fd710 mode 2

Classes loaded (20 events):
Event: 4.622 Loading class java/time/format/DateTimeParseContext
Event: 4.622 Loading class java/time/format/DateTimeParseContext done
Event: 4.622 Loading class java/time/format/Parsed
Event: 4.622 Loading class java/time/format/Parsed done
Event: 4.723 Loading class sun/reflect/annotation/TypeAnnotationParser
Event: 4.723 Loading class sun/reflect/annotation/TypeAnnotationParser done
Event: 4.723 Loading class sun/reflect/annotation/TypeAnnotation
Event: 4.723 Loading class sun/reflect/annotation/TypeAnnotation done
Event: 4.724 Loading class sun/reflect/annotation/TypeAnnotation$TypeAnnotationTarget
Event: 4.724 Loading class sun/reflect/annotation/TypeAnnotation$TypeAnnotationTarget done
Event: 4.724 Loading class sun/reflect/annotation/TypeAnnotation$LocationInfo
Event: 4.724 Loading class sun/reflect/annotation/TypeAnnotation$LocationInfo done
Event: 4.724 Loading class sun/reflect/annotation/TypeAnnotation$LocationInfo$Location
Event: 4.724 Loading class sun/reflect/annotation/TypeAnnotation$LocationInfo$Location done
Event: 4.724 Loading class sun/reflect/annotation/AnnotatedTypeFactory
Event: 4.726 Loading class sun/reflect/annotation/AnnotatedTypeFactory done
Event: 4.726 Loading class sun/reflect/annotation/AnnotatedTypeFactory$AnnotatedTypeBaseImpl
Event: 4.726 Loading class sun/reflect/annotation/AnnotatedTypeFactory$AnnotatedTypeBaseImpl done
Event: 4.754 Loading class sun/nio/ch/WindowsAsynchronousFileChannelImpl$WriteTask
Event: 4.754 Loading class sun/nio/ch/WindowsAsynchronousFileChannelImpl$WriteTask done

Classes unloaded (7 events):
Event: 3.336 Thread 0x000002015bffdf60 Unloading class 0x00000201011a4400 'java/lang/invoke/LambdaForm$MH+0x00000201011a4400'
Event: 3.336 Thread 0x000002015bffdf60 Unloading class 0x00000201011a4000 'java/lang/invoke/LambdaForm$MH+0x00000201011a4000'
Event: 3.336 Thread 0x000002015bffdf60 Unloading class 0x00000201011a3c00 'java/lang/invoke/LambdaForm$MH+0x00000201011a3c00'
Event: 3.336 Thread 0x000002015bffdf60 Unloading class 0x00000201011a3800 'java/lang/invoke/LambdaForm$MH+0x00000201011a3800'
Event: 3.336 Thread 0x000002015bffdf60 Unloading class 0x00000201011a3400 'java/lang/invoke/LambdaForm$BMH+0x00000201011a3400'
Event: 3.336 Thread 0x000002015bffdf60 Unloading class 0x00000201011a3000 'java/lang/invoke/LambdaForm$DMH+0x00000201011a3000'
Event: 3.336 Thread 0x000002015bffdf60 Unloading class 0x00000201011a1c00 'java/lang/invoke/LambdaForm$DMH+0x00000201011a1c00'

Classes redefined (0 events):
No events

Internal exceptions (20 events):
Event: 4.234 Thread 0x000002017a0478a0 Exception <a 'sun/nio/fs/WindowsException'{0x00000000eb62b678}> (0x00000000eb62b678) 
thrown [s\src\hotspot\share\prims\jni.cpp, line 520]
Event: 4.235 Thread 0x000002017a0478a0 Exception <a 'sun/nio/fs/WindowsException'{0x00000000eb62bd50}> (0x00000000eb62bd50) 
thrown [s\src\hotspot\share\prims\jni.cpp, line 520]
Event: 4.251 Thread 0x000002017a0478a0 Exception <a 'sun/nio/fs/WindowsException'{0x00000000eb8ed178}> (0x00000000eb8ed178) 
thrown [s\src\hotspot\share\prims\jni.cpp, line 520]
Event: 4.251 Thread 0x000002017a0478a0 Exception <a 'sun/nio/fs/WindowsException'{0x00000000eb8edb00}> (0x00000000eb8edb00) 
thrown [s\src\hotspot\share\prims\jni.cpp, line 520]
Event: 4.259 Thread 0x000002017a048c50 Exception <a 'java/lang/NoSuchMethodError'{0x00000000ebbd8e20}: 'void java.lang.invoke.DirectMethodHandle$Holder.invokeStaticInit(java.lang.Object, java.lang.Object, java.lang.Object, java.lang.Object)'> (0x00000000ebbd8e20) 
thrown [s\src\hotspot\share\interpreter\linkResolver.cpp, line 773]
Event: 4.271 Thread 0x000002015e504210 Exception <a 'java/lang/NoSuchMethodError'{0x00000000ebe5bf70}: 'java.lang.Object java.lang.invoke.DirectMethodHandle$Holder.invokeStatic(java.lang.Object, long, java.lang.Object)'> (0x00000000ebe5bf70) 
thrown [s\src\hotspot\share\interpreter\linkResolver.cpp, line 773]
Event: 4.271 Thread 0x000002015e504210 Exception <a 'java/lang/NoSuchMethodError'{0x00000000ebe87be0}: 'java.lang.Object java.lang.invoke.DirectMethodHandle$Holder.invokeStaticInit(java.lang.Object, long, java.lang.Object)'> (0x00000000ebe87be0) 
thrown [s\src\hotspot\share\interpreter\linkResolver.cpp, line 773]
Event: 4.272 Thread 0x000002015e504210 Exception <a 'java/lang/NoSuchMethodError'{0x00000000ebeae520}: 'java.lang.Object java.lang.invoke.DirectMethodHandle$Holder.newInvokeSpecial(java.lang.Object, long)'> (0x00000000ebeae520) 
thrown [s\src\hotspot\share\interpreter\linkResolver.cpp, line 773]
Event: 4.299 Thread 0x000002017a0478a0 Implicit null exception at 0x000002016940f5f7 to 0x000002016940f868
Event: 4.299 Thread 0x000002017a0478a0 Exception <a 'java/lang/NoSuchMethodError'{0x00000000ead3af58}: 'java.lang.Object java.lang.invoke.DelegatingMethodHandle$Holder.reinvoke_L(java.lang.Object, int, long, java.lang.Object, java.lang.Object, int, java.lang.Object)'> (0x00000000ead3af58) 
thrown [s\src\hotspot\share\interpreter\linkResolver.cpp, line 773]
Event: 4.525 Thread 0x000002015e504210 Exception <a 'java/lang/NoSuchMethodError'{0x00000000eab049d8}: 'void java.lang.invoke.DirectMethodHandle$Holder.invokeSpecial(java.lang.Object, java.lang.Object, java.lang.Object, java.lang.Object, java.lang.Object, java.lang.Object)'> (0x00000000eab049d8) 
thrown [s\src\hotspot\share\interpreter\linkResolver.cpp, line 773]
Event: 4.527 Thread 0x000002015e504210 Exception <a 'java/lang/IncompatibleClassChangeError'{0x00000000eab0ccb8}: Found class java.lang.Object, but interface was expected> (0x00000000eab0ccb8) 
thrown [s\src\hotspot\share\interpreter\linkResolver.cpp, line 840]
Event: 4.527 Thread 0x000002015e504210 Exception <a 'java/lang/IncompatibleClassChangeError'{0x00000000eab0ebb8}: Found class java.lang.Object, but interface was expected> (0x00000000eab0ebb8) 
thrown [s\src\hotspot\share\interpreter\linkResolver.cpp, line 840]
Event: 4.561 Thread 0x000002017a0492e0 Exception <a 'java/lang/NoSuchMethodError'{0x00000000eb7627a8}: 'java.lang.Object java.lang.invoke.DirectMethodHandle$Holder.invokeSpecialIFC(java.lang.Object, java.lang.Object, java.lang.Object, java.lang.Object)'> (0x00000000eb7627a8) 
thrown [s\src\hotspot\share\interpreter\linkResolver.cpp, line 773]
Event: 4.583 Thread 0x000002017a0478a0 Exception <a 'java/io/FileNotFoundException'{0x00000000ebb2db48}> (0x00000000ebb2db48) 
thrown [s\src\hotspot\share\prims\jni.cpp, line 520]
Event: 4.583 Thread 0x000002017a0478a0 Exception <a 'java/io/FileNotFoundException'{0x00000000ebb2f068}> (0x00000000ebb2f068) 
thrown [s\src\hotspot\share\prims\jni.cpp, line 520]
Event: 4.585 Thread 0x000002017a0478a0 Exception <a 'java/lang/NoSuchMethodError'{0x00000000ebb3d330}: 'java.lang.Object java.lang.invoke.DirectMethodHandle$Holder.newInvokeSpecial(java.lang.Object, java.lang.Object, java.lang.Object, int)'> (0x00000000ebb3d330) 
thrown [s\src\hotspot\share\interpreter\linkResolver.cpp, line 773]
Event: 4.586 Thread 0x000002017a0478a0 Exception <a 'java/lang/NoSuchMethodError'{0x00000000ebb41298}: 'java.lang.Object java.lang.invoke.DirectMethodHandle$Holder.invokeSpecial(java.lang.Object, java.lang.Object, java.lang.Object, java.lang.Object, int)'> (0x00000000ebb41298) 
thrown [s\src\hotspot\share\interpreter\linkResolver.cpp, line 773]
Event: 4.586 Thread 0x000002017a0478a0 Exception <a 'java/lang/NoSuchMethodError'{0x00000000ebb449f0}: 'java.lang.Object java.lang.invoke.Invokers$Holder.linkToTargetMethod(java.lang.Object, java.lang.Object, int, java.lang.Object)'> (0x00000000ebb449f0) 
thrown [s\src\hotspot\share\interpreter\linkResolver.cpp, line 773]
Event: 4.588 Thread 0x000002017a0478a0 Exception <a 'java/lang/NoSuchMethodError'{0x00000000ebc1a4f0}: 'void java.lang.invoke.DirectMethodHandle$Holder.invokeStaticInit(java.lang.Object, java.lang.Object, java.lang.Object)'> (0x00000000ebc1a4f0) 
thrown [s\src\hotspot\share\interpreter\linkResolver.cpp, line 773]

ZGC Phase Switch (0 events):
No events

VM Operations (20 events):
Event: 4.283 Executing VM operation: ParallelGCFailedAllocation (Allocation Failure)
Event: 4.286 Executing VM operation: ParallelGCFailedAllocation (Allocation Failure) done
Event: 4.321 Executing VM operation: HandshakeAllThreads (Deoptimize)
Event: 4.321 Executing VM operation: HandshakeAllThreads (Deoptimize) done
Event: 4.323 Executing VM operation: HandshakeAllThreads (Deoptimize)
Event: 4.323 Executing VM operation: HandshakeAllThreads (Deoptimize) done
Event: 4.362 Executing VM operation: HandshakeAllThreads (Deoptimize)
Event: 4.362 Executing VM operation: HandshakeAllThreads (Deoptimize) done
Event: 4.383 Executing VM operation: CollectForMetadataAllocation (Metadata GC Threshold)
Event: 4.438 Executing VM operation: CollectForMetadataAllocation (Metadata GC Threshold) done
Event: 4.522 Executing VM operation: ParallelGCFailedAllocation (Allocation Failure)
Event: 4.524 Executing VM operation: ParallelGCFailedAllocation (Allocation Failure) done
Event: 4.536 Executing VM operation: HandshakeAllThreads (Deoptimize)
Event: 4.537 Executing VM operation: HandshakeAllThreads (Deoptimize) done
Event: 4.611 Executing VM operation: ParallelGCFailedAllocation (Allocation Failure)
Event: 4.614 Executing VM operation: ParallelGCFailedAllocation (Allocation Failure) done
Event: 4.674 Executing VM operation: ParallelGCFailedAllocation (Allocation Failure)
Event: 4.680 Executing VM operation: ParallelGCFailedAllocation (Allocation Failure) done
Event: 4.744 Executing VM operation: ParallelGCFailedAllocation (Allocation Failure)
Event: 4.749 Executing VM operation: ParallelGCFailedAllocation (Allocation Failure) done

Memory protections (0 events):
No events

Nmethod flushes (20 events):
Event: 4.414 Thread 0x000002015bffdf60 flushing  nmethod 0x0000020161dd2a90
Event: 4.414 Thread 0x000002015bffdf60 flushing  nmethod 0x0000020161dd5d90
Event: 4.414 Thread 0x000002015bffdf60 flushing  nmethod 0x0000020161e10710
Event: 4.414 Thread 0x000002015bffdf60 flushing  nmethod 0x0000020161e10b10
Event: 4.414 Thread 0x000002015bffdf60 flushing  nmethod 0x0000020161e11810
Event: 4.414 Thread 0x000002015bffdf60 flushing  nmethod 0x0000020161e12e10
Event: 4.414 Thread 0x000002015bffdf60 flushing  nmethod 0x0000020161e13590
Event: 4.414 Thread 0x000002015bffdf60 flushing  nmethod 0x0000020161e14b10
Event: 4.415 Thread 0x000002015bffdf60 flushing  nmethod 0x0000020161e15010
Event: 4.415 Thread 0x000002015bffdf60 flushing  nmethod 0x0000020161e15d10
Event: 4.415 Thread 0x000002015bffdf60 flushing  nmethod 0x0000020161e16d10
Event: 4.415 Thread 0x000002015bffdf60 flushing  nmethod 0x0000020161e18790
Event: 4.415 Thread 0x000002015bffdf60 flushing  nmethod 0x0000020161e1a210
Event: 4.415 Thread 0x000002015bffdf60 flushing  nmethod 0x0000020161e59510
Event: 4.415 Thread 0x000002015bffdf60 flushing  nmethod 0x0000020161e5a010
Event: 4.415 Thread 0x000002015bffdf60 flushing  nmethod 0x0000020161e64610
Event: 4.415 Thread 0x000002015bffdf60 flushing  nmethod 0x0000020161e84f10
Event: 4.415 Thread 0x000002015bffdf60 flushing  nmethod 0x0000020161f0ae90
Event: 4.415 Thread 0x000002015bffdf60 flushing  nmethod 0x0000020161f31d90
Event: 4.415 Thread 0x000002015bffdf60 flushing  nmethod 0x0000020161f32210

Events (20 events):
Event: 4.280 Thread 0x000002015e504210 Thread added: 0x000002017bfa9eb0
Event: 4.280 Thread 0x000002015e504210 Thread added: 0x000002017bfac610
Event: 4.280 Thread 0x000002015e504210 Thread added: 0x000002017bfae6e0
Event: 4.280 Thread 0x000002015e504210 Thread added: 0x000002017bfacca0
Event: 4.280 Thread 0x000002015e504210 Thread added: 0x000002017bfab8f0
Event: 4.280 Thread 0x000002015e504210 Thread added: 0x000002017bfad9c0
Event: 4.280 Thread 0x000002015e504210 Thread added: 0x000002017bfae050
Event: 4.281 Thread 0x000002015e504210 Thread added: 0x000002017bfab260
Event: 4.281 Thread 0x000002015e504210 Thread added: 0x000002017bfabf80
Event: 4.281 Thread 0x000002015e504210 Thread added: 0x000002017bfaa540
Event: 4.281 Thread 0x000002015e504210 Thread added: 0x000002017bfad330
Event: 4.281 Thread 0x000002015e504210 Thread added: 0x000002017bfaabd0
Event: 4.281 Thread 0x000002015e504210 Thread added: 0x000002017bfaed70
Event: 4.281 Thread 0x000002015e504210 Thread added: 0x000002017bfaf400
Event: 4.281 Thread 0x000002015e504210 Thread added: 0x000002017bfafa90
Event: 4.281 Thread 0x000002015e504210 Thread added: 0x000002017bfb0120
Event: 4.281 Thread 0x000002015e504210 Thread added: 0x000002017bfa9190
Event: 4.334 Thread 0x000002015e504210 Thread added: 0x000002017bfb07b0
Event: 4.552 Thread 0x000002015e504210 Thread added: 0x000002017bfa9820
Event: 4.552 Thread 0x000002015e504210 Thread added: 0x000002017bf72890


Dynamic libraries:
0x00007ff7b7b60000 - 0x00007ff7b7b6e000 	c:\Users\tanma\.vscode\extensions\redhat.java-1.42.0-win32-x64\jre\21.0.7-win32-x86_64\bin\java.exe
0x00007ffaf5350000 - 0x00007ffaf5567000 	C:\WINDOWS\SYSTEM32\ntdll.dll
0x00007ffaf3ad0000 - 0x00007ffaf3b94000 	C:\WINDOWS\System32\KERNEL32.DLL
0x00007ffaf2450000 - 0x00007ffaf2823000 	C:\WINDOWS\System32\KERNELBASE.dll
0x00007ffaec390000 - 0x00007ffaec427000 	C:\WINDOWS\SYSTEM32\apphelp.dll
0x000000006e300000 - 0x000000006e632000 	C:\Program Files\Norton Security\NortonData\22.22.4.13\Definitions\IPSDefs\20231213.064\IPSEng64.dll
0x00007ffaf2ff0000 - 0x00007ffaf30a1000 	C:\WINDOWS\System32\ADVAPI32.dll
0x00007ffaf3f20000 - 0x00007ffaf3fc7000 	C:\WINDOWS\System32\msvcrt.dll
0x00007ffaf4040000 - 0x00007ffaf40e7000 	C:\WINDOWS\System32\sechost.dll
0x00007ffaf2e70000 - 0x00007ffaf2e98000 	C:\WINDOWS\System32\bcrypt.dll
0x00007ffaf30c0000 - 0x00007ffaf31d4000 	C:\WINDOWS\System32\RPCRT4.dll
0x00007ffaf30b0000 - 0x00007ffaf30b8000 	C:\WINDOWS\System32\PSAPI.DLL
0x00007ffaf2830000 - 0x00007ffaf2941000 	C:\WINDOWS\System32\ucrtbase.dll
0x00007ffa753c0000 - 0x00007ffa753d8000 	c:\Users\tanma\.vscode\extensions\redhat.java-1.42.0-win32-x64\jre\21.0.7-win32-x86_64\bin\jli.dll
0x00007ffa74ce0000 - 0x00007ffa74cfe000 	c:\Users\tanma\.vscode\extensions\redhat.java-1.42.0-win32-x64\jre\21.0.7-win32-x86_64\bin\VCRUNTIME140.dll
0x00007ffaf3ba0000 - 0x00007ffaf3d51000 	C:\WINDOWS\System32\USER32.dll
0x00007ffae10f0000 - 0x00007ffae138b000 	C:\WINDOWS\WinSxS\amd64_microsoft.windows.common-controls_6595b64144ccf1df_6.0.22621.5262_none_2712bde373830908\COMCTL32.dll
0x00007ffaf2f40000 - 0x00007ffaf2f66000 	C:\WINDOWS\System32\win32u.dll
0x00007ffaf3e70000 - 0x00007ffaf3e99000 	C:\WINDOWS\System32\GDI32.dll
0x00007ffaf2ac0000 - 0x00007ffaf2be2000 	C:\WINDOWS\System32\gdi32full.dll
0x00007ffaf2ea0000 - 0x00007ffaf2f3a000 	C:\WINDOWS\System32\msvcp_win.dll
0x00007ffaf41a0000 - 0x00007ffaf41d1000 	C:\WINDOWS\System32\IMM32.DLL
0x00007ffabd2b0000 - 0x00007ffabd2bc000 	c:\Users\tanma\.vscode\extensions\redhat.java-1.42.0-win32-x64\jre\21.0.7-win32-x86_64\bin\vcruntime140_1.dll
0x00007ffa59bc0000 - 0x00007ffa59c4d000 	c:\Users\tanma\.vscode\extensions\redhat.java-1.42.0-win32-x64\jre\21.0.7-win32-x86_64\bin\msvcp140.dll
0x00007ffa26520000 - 0x00007ffa272b0000 	c:\Users\tanma\.vscode\extensions\redhat.java-1.42.0-win32-x64\jre\21.0.7-win32-x86_64\bin\server\jvm.dll
0x00007ffaf49f0000 - 0x00007ffaf4a61000 	C:\WINDOWS\System32\WS2_32.dll
0x00007ffaf2320000 - 0x00007ffaf236d000 	C:\WINDOWS\SYSTEM32\POWRPROF.dll
0x00007ffaea340000 - 0x00007ffaea34a000 	C:\WINDOWS\SYSTEM32\VERSION.dll
0x00007ffaecc00000 - 0x00007ffaecc34000 	C:\WINDOWS\SYSTEM32\WINMM.dll
0x00007ffaf2300000 - 0x00007ffaf2313000 	C:\WINDOWS\SYSTEM32\UMPDC.dll
0x00007ffaf1450000 - 0x00007ffaf1468000 	C:\WINDOWS\SYSTEM32\kernel.appcore.dll
0x00007ffab9ed0000 - 0x00007ffab9eda000 	c:\Users\tanma\.vscode\extensions\redhat.java-1.42.0-win32-x64\jre\21.0.7-win32-x86_64\bin\jimage.dll
0x00007ffaf00e0000 - 0x00007ffaf0312000 	C:\WINDOWS\SYSTEM32\DBGHELP.DLL
0x00007ffaf44f0000 - 0x00007ffaf4883000 	C:\WINDOWS\System32\combase.dll
0x00007ffaf4310000 - 0x00007ffaf43e7000 	C:\WINDOWS\System32\OLEAUT32.dll
0x00007ffae2c50000 - 0x00007ffae2c82000 	C:\WINDOWS\SYSTEM32\dbgcore.DLL
0x00007ffaf2df0000 - 0x00007ffaf2e6b000 	C:\WINDOWS\System32\bcryptPrimitives.dll
0x00007ffaec0f0000 - 0x00007ffaec0ff000 	c:\Users\tanma\.vscode\extensions\redhat.java-1.42.0-win32-x64\jre\21.0.7-win32-x86_64\bin\instrument.dll
0x00007ffa74cc0000 - 0x00007ffa74cdf000 	c:\Users\tanma\.vscode\extensions\redhat.java-1.42.0-win32-x64\jre\21.0.7-win32-x86_64\bin\java.dll
0x00007ffaf4a70000 - 0x00007ffaf530d000 	C:\WINDOWS\System32\SHELL32.dll
0x00007ffaf2bf0000 - 0x00007ffaf2d2f000 	C:\WINDOWS\System32\wintypes.dll
0x00007ffaf0340000 - 0x00007ffaf0c5d000 	C:\WINDOWS\SYSTEM32\windows.storage.dll
0x00007ffaf3d60000 - 0x00007ffaf3e6b000 	C:\WINDOWS\System32\SHCORE.dll
0x00007ffaf3ea0000 - 0x00007ffaf3f06000 	C:\WINDOWS\System32\shlwapi.dll
0x00007ffaf2380000 - 0x00007ffaf23ab000 	C:\WINDOWS\SYSTEM32\profapi.dll
0x00007ffa74ca0000 - 0x00007ffa74cb8000 	c:\Users\tanma\.vscode\extensions\redhat.java-1.42.0-win32-x64\jre\21.0.7-win32-x86_64\bin\zip.dll
0x00007ffab45b0000 - 0x00007ffab45c0000 	C:\Users\tanma\.vscode\extensions\redhat.java-1.42.0-win32-x64\jre\21.0.7-win32-x86_64\bin\net.dll
0x00007ffaed440000 - 0x00007ffaed56c000 	C:\WINDOWS\SYSTEM32\WINHTTP.dll
0x00007ffaf18c0000 - 0x00007ffaf192a000 	C:\WINDOWS\system32\mswsock.dll
0x00007ffa73e40000 - 0x00007ffa73e56000 	C:\Users\tanma\.vscode\extensions\redhat.java-1.42.0-win32-x64\jre\21.0.7-win32-x86_64\bin\nio.dll
0x00007ffab42f0000 - 0x00007ffab4300000 	c:\Users\tanma\.vscode\extensions\redhat.java-1.42.0-win32-x64\jre\21.0.7-win32-x86_64\bin\verify.dll
0x00007ffaa1370000 - 0x00007ffaa13b5000 	C:\Users\tanma\AppData\Roaming\Code\User\globalStorage\redhat.java\1.42.0\config_win\org.eclipse.equinox.launcher\org.eclipse.equinox.launcher.win32.win32.x86_64_1.2.1300.v20250331-1702\eclipse_11911.dll
0x00007ffaf3920000 - 0x00007ffaf3ac1000 	C:\WINDOWS\System32\ole32.dll
0x00007ffaf1b60000 - 0x00007ffaf1b7b000 	C:\WINDOWS\SYSTEM32\CRYPTSP.dll
0x00007ffaf13b0000 - 0x00007ffaf13e7000 	C:\WINDOWS\system32\rsaenh.dll
0x00007ffaf1960000 - 0x00007ffaf1988000 	C:\WINDOWS\SYSTEM32\USERENV.dll
0x00007ffaf1ac0000 - 0x00007ffaf1acc000 	C:\WINDOWS\SYSTEM32\CRYPTBASE.dll
0x00007ffaf0f00000 - 0x00007ffaf0f2d000 	C:\WINDOWS\SYSTEM32\IPHLPAPI.DLL
0x00007ffaf40f0000 - 0x00007ffaf40f9000 	C:\WINDOWS\System32\NSI.dll
0x00007ffa9ebf0000 - 0x00007ffa9ec39000 	C:\Users\tanma\AppData\Local\Temp\jna-110127349\jna1670889412062178057.dll
0x00007ffaed140000 - 0x00007ffaed159000 	C:\WINDOWS\SYSTEM32\dhcpcsvc6.DLL
0x00007ffaecee0000 - 0x00007ffaeceff000 	C:\WINDOWS\SYSTEM32\dhcpcsvc.DLL

dbghelp: loaded successfully - version: 4.0.5 - missing functions: none
symbol engine: initialized successfully - sym options: 0x614 - pdb path: .;c:\Users\tanma\.vscode\extensions\redhat.java-1.42.0-win32-x64\jre\21.0.7-win32-x86_64\bin;C:\WINDOWS\SYSTEM32;C:\Program Files\Norton Security\NortonData\22.22.4.13\Definitions\IPSDefs\20231213.064;C:\WINDOWS\WinSxS\amd64_microsoft.windows.common-controls_6595b64144ccf1df_6.0.22621.5262_none_2712bde373830908;c:\Users\tanma\.vscode\extensions\redhat.java-1.42.0-win32-x64\jre\21.0.7-win32-x86_64\bin\server;C:\Users\tanma\AppData\Roaming\Code\User\globalStorage\redhat.java\1.42.0\config_win\org.eclipse.equinox.launcher\org.eclipse.equinox.launcher.win32.win32.x86_64_1.2.1300.v20250331-1702;C:\Users\tanma\AppData\Local\Temp\jna-110127349

VM Arguments:
jvm_args: --add-modules=ALL-SYSTEM --add-opens=java.base/java.util=ALL-UNNAMED --add-opens=java.base/java.lang=ALL-UNNAMED --add-opens=java.base/sun.nio.fs=ALL-UNNAMED -Declipse.application=org.eclipse.jdt.ls.core.id1 -Dosgi.bundles.defaultStartLevel=4 -Declipse.product=org.eclipse.jdt.ls.core.product -Djava.import.generatesMetadataFilesAtProjectRoot=false -DDetectVMInstallationsJob.disabled=true -Dfile.encoding=utf8 -XX:+UseParallelGC -XX:GCTimeRatio=4 -XX:AdaptiveSizePolicyWeight=90 -Dsun.zip.disableMemoryMapping=true -Xmx1G -Xms100m -Xlog:disable -javaagent:c:\Users\tanma\.vscode\extensions\redhat.java-1.42.0-win32-x64\lombok\lombok-1.18.36.jar -XX:+HeapDumpOnOutOfMemoryError -XX:HeapDumpPath=c:\Users\tanma\AppData\Roaming\Code\User\workspaceStorage\89240fbca4adb2b40d9c8e8d66c81886\redhat.java -Daether.dependencyCollector.impl=bf 
java_command: c:\Users\tanma\.vscode\extensions\redhat.java-1.42.0-win32-x64\server\plugins\org.eclipse.equinox.launcher_1.7.0.v20250424-1814.jar -configuration c:\Users\tanma\AppData\Roaming\Code\User\globalStorage\redhat.java\1.42.0\config_win -data c:\Users\tanma\AppData\Roaming\Code\User\workspaceStorage\89240fbca4adb2b40d9c8e8d66c81886\redhat.java\jdt_ws --pipe=\\.\pipe\lsp-70cb3dc77d5a1a43a4257205a0c363a8-sock
java_class_path (initial): c:\Users\tanma\.vscode\extensions\redhat.java-1.42.0-win32-x64\server\plugins\org.eclipse.equinox.launcher_1.7.0.v20250424-1814.jar
Launcher Type: SUN_STANDARD

[Global flags]
    uintx AdaptiveSizePolicyWeight                 = 90                                        {product} {command line}
     intx CICompilerCount                          = 12                                        {product} {ergonomic}
    uintx GCTimeRatio                              = 4                                         {product} {command line}
     bool HeapDumpOnOutOfMemoryError               = true                                   {manageable} {command line}
    ccstr HeapDumpPath                             = c:\Users\tanma\AppData\Roaming\Code\User\workspaceStorage\89240fbca4adb2b40d9c8e8d66c81886\redhat.java         {manageable} {command line}
   size_t InitialHeapSize                          = 104857600                                 {product} {command line}
   size_t MaxHeapSize                              = 1073741824                                {product} {command line}
   size_t MaxNewSize                               = 357564416                                 {product} {ergonomic}
   size_t MinHeapDeltaBytes                        = 524288                                    {product} {ergonomic}
   size_t MinHeapSize                              = 104857600                                 {product} {command line}
   size_t NewSize                                  = 34603008                                  {product} {ergonomic}
    uintx NonNMethodCodeHeapSize                   = 7602480                                {pd product} {ergonomic}
    uintx NonProfiledCodeHeapSize                  = 122027880                              {pd product} {ergonomic}
   size_t OldSize                                  = 70254592                                  {product} {ergonomic}
    uintx ProfiledCodeHeapSize                     = 122027880                              {pd product} {ergonomic}
    uintx ReservedCodeCacheSize                    = 251658240                              {pd product} {ergonomic}
     bool SegmentedCodeCache                       = true                                      {product} {ergonomic}
   size_t SoftMaxHeapSize                          = 1073741824                             {manageable} {ergonomic}
     bool UseCompressedOops                        = true                           {product lp64_product} {ergonomic}
     bool UseLargePagesIndividualAllocation        = false                                  {pd product} {ergonomic}
     bool UseParallelGC                            = true                                      {product} {command line}

Logging:
Log output configuration:
 #0: stdout all=off uptime,level,tags foldmultilines=false
 #1: stderr all=off uptime,level,tags foldmultilines=false

Environment Variables:
JAVA_HOME=C:\Program Files\Microsoft\jdk-17.0.12.7-hotspot
PATH=C:\app\tanma\product\21c\dbhomeXE\bin;C:\Windows\system32;C:\Windows;C:\Windows\System32\Wbem;C:\Windows\System32\WindowsPowerShell\v1.0\;C:\Windows\System32\OpenSSH\;C:\Program Files (x86)\NVIDIA Corporation\PhysX\Common;C:\Program Files\NVIDIA Corporation\NVIDIA NvDLISR;C:\Windows\System32\cmd.exe;C:\MinGW\bin;C:\WINDOWS\system32;C:\WINDOWS;C:\WINDOWS\System32\Wbem;C:\WINDOWS\System32\WindowsPowerShell\v1.0\;C:\WINDOWS\System32\OpenSSH\;C:\Program Files\Git\cmd;C:\Program Files\Git\mingw64\bin;C:\Program Files\Git\usr\bin;C:\Program Files\MongoDB\Tools\100\bin;C:\Program Files\Docker\Docker\resources\bin;C:\Users\tanma\AppData\Local\Android\Sdk;C:\ProgramData\chocolatey\bin;C:\Program Files\nodejs\;C:\Users\tanma\AppData\Local\Android\Sdk\platform-tools;C:\Program Files\Microsoft\jdk-17.0.12.7-hotspot\bin;C:\Program Files\apache-maven-3.9.9-bin\apache-maven-3.9.9\bin;C:\Program Files\MySQL\MySQL Shell 8.0\bin\;C:\Users\tanma\.console-ninja\.bin;C:\Users\tanma\AppData\Local\Programs\Python\Python311\Scripts\;C:\Users\tanma\AppData\Local\Programs\Python\Python311\;C:\Users\tanma\AppData\Local\Programs\Python\Python312\Scripts\;C:\Users\tanma\AppData\Local\Programs\Python\Python312\;C:\Users\tanma\AppData\Local\Programs\Python\Launcher\;C:\Users\tanma\AppData\Local\Microsoft\WindowsApps;C:\Users\tanma\AppData\Local\GitHubDesktop\bin;C:\Program Files\JetBrains\IntelliJ IDEA Community Edition 2022.3\bin;C:\Users\tanma\AppData\Local\Programs\Microsoft VS Code\bin;C:\Users\tanma\AppData\Local\Programs\mongosh\;C:\Users\tanma\AppData\Local\Programs\oh-my-posh\bin;C:\Users\tanma\AppData\Local\Android\Sdk;C:\Users\tanma\AppData\Roaming\npm;C:\Program Files\Microsoft\jdk-17.0.12.7-hotspot\bin;C:\Program Files\apache-maven-3.9.9-bin\apache-maven-3.9.9\bin;
USERNAME=tanma
OS=Windows_NT
PROCESSOR_IDENTIFIER=AMD64 Family 25 Model 80 Stepping 0, AuthenticAMD
TMP=C:\Users\tanma\AppData\Local\Temp
TEMP=C:\Users\tanma\AppData\Local\Temp




Periodic native trim disabled

---------------  S Y S T E M  ---------------

OS:
 Windows 11 , 64 bit Build 22621 (10.0.22621.5262)
OS uptime: 0 days 0:57 hours
Hyper-V role detected

CPU: total 16 (initial active 16) (16 cores per cpu, 2 threads per core) family 25 model 80 stepping 0 microcode 0x0, cx8, cmov, fxsr, ht, mmx, 3dnowpref, sse, sse2, sse3, ssse3, sse4a, sse4.1, sse4.2, popcnt, lzcnt, tsc, tscinvbit, avx, avx2, aes, erms, clmul, bmi1, bmi2, adx, sha, fma, vzeroupper, clflush, clflushopt, hv, rdtscp, rdpid, fsrm, f16c, cet_ss
Processor Information for the first 16 processors :
  Max Mhz: 3201, Current Mhz: 3201, Mhz Limit: 3201

Memory: 4k page, system-wide physical 5996M (330M free)
TotalPageFile size 24428M (AvailPageFile size 7M)
current process WorkingSet (physical memory assigned to process): 210M, peak: 211M
current process commit charge ("private bytes"): 306M, peak: 309M

vm_info: OpenJDK 64-Bit Server VM (21.0.7+6-LTS) for windows-amd64 JRE (21.0.7+6-LTS), built on 2025-04-15T00:00:00Z by "admin" with MS VC++ 17.7 (VS2022)

END.
