#
# There is insufficient memory for the Java Runtime Environment to continue.
# Native memory allocation (malloc) failed to allocate 65552 bytes. Error detail: Chunk::new
# Possible reasons:
#   The system is out of physical RAM or swap space
#   This process is running with CompressedOops enabled, and the Java Heap may be blocking the growth of the native heap
# Possible solutions:
#   Reduce memory load on the system
#   Increase physical memory or swap space
#   Check if swap backing store is full
#   Decrease Java heap size (-Xmx/-Xms)
#   Decrease number of Java threads
#   Decrease Java thread stack sizes (-Xss)
#   Set larger code cache with -XX:ReservedCodeCacheSize=
#   JVM is running with Unscaled Compressed Oops mode in which the Java heap is
#     placed in the first 4GB address space. The Java Heap base address is the
#     maximum limit for the native heap growth. Please use -XX:HeapBaseMinAddress
#     to set the Java Heap base and to place the Java Heap above 4GB virtual address.
# This output file may be truncated or incomplete.
#
#  Out of Memory Error (arena.cpp:168), pid=23236, tid=16408
#
# JRE version: OpenJDK Runtime Environment Temurin-21.0.7+6 (21.0.7+6) (build 21.0.7+6-LTS)
# Java VM: OpenJDK 64-Bit Server VM Temurin-21.0.7+6 (21.0.7+6-LTS, mixed mode, sharing, tiered, compressed oops, compressed class ptrs, parallel gc, windows-amd64)
# No core dump will be written. Minidumps are not enabled by default on client versions of Windows
#

---------------  S U M M A R Y ------------

Command Line: --add-modules=ALL-SYSTEM --add-opens=java.base/java.util=ALL-UNNAMED --add-opens=java.base/java.lang=ALL-UNNAMED --add-opens=java.base/sun.nio.fs=ALL-UNNAMED -Declipse.application=org.eclipse.jdt.ls.core.id1 -Dosgi.bundles.defaultStartLevel=4 -Declipse.product=org.eclipse.jdt.ls.core.product -Djava.import.generatesMetadataFilesAtProjectRoot=false -DDetectVMInstallationsJob.disabled=true -Dfile.encoding=utf8 -XX:+UseParallelGC -XX:GCTimeRatio=4 -XX:AdaptiveSizePolicyWeight=90 -Dsun.zip.disableMemoryMapping=true -Xmx1G -Xms100m -Xlog:disable -javaagent:c:\Users\tanma\.vscode\extensions\redhat.java-1.42.0-win32-x64\lombok\lombok-1.18.36.jar c:\Users\tanma\.vscode\extensions\redhat.java-1.42.0-win32-x64\server\plugins\org.eclipse.equinox.launcher_1.7.0.v20250424-1814.jar -configuration c:\Users\tanma\AppData\Roaming\Code\User\globalStorage\redhat.java\1.42.0\config_ss_win -data c:\Users\tanma\AppData\Roaming\Code\User\workspaceStorage\89240fbca4adb2b40d9c8e8d66c81886\redhat.java\ss_ws --pipe=\\.\pipe\lsp-a7bf82582d0f6d695ea90f30a11ce5d3-sock

Host: AMD Ryzen 7 5800H with Radeon Graphics         , 16 cores, 5G,  Windows 11 , 64 bit Build 22621 (10.0.22621.5262)
Time: Fri May 23 18:47:47 2025 India Standard Time elapsed time: 45.287525 seconds (0d 0h 0m 45s)

---------------  T H R E A D  ---------------

Current thread (0x000001cef1fa8af0):  JavaThread "C2 CompilerThread0" daemon [_thread_in_native, id=16408, stack(0x0000008726300000,0x0000008726400000) (1024K)]


Current CompileTask:
C2:45287 7058   !   4       org.eclipse.osgi.internal.loader.classpath.ClasspathManager::defineClass (636 bytes)

Stack: [0x0000008726300000,0x0000008726400000]
Native frames: (J=compiled Java code, j=interpreted, Vv=VM code, C=native code)
V  [jvm.dll+0x6ce119]
V  [jvm.dll+0x8a84a1]
V  [jvm.dll+0x8aa9ce]
V  [jvm.dll+0x8ab0b3]
V  [jvm.dll+0x27f8a6]
V  [jvm.dll+0xc507d]
V  [jvm.dll+0xc55b3]
V  [jvm.dll+0xc51a5]
V  [jvm.dll+0x72402c]
V  [jvm.dll+0x60174f]
V  [jvm.dll+0x608f41]
V  [jvm.dll+0x6052ab]
V  [jvm.dll+0x5ed76b]
V  [jvm.dll+0x5edf0c]
V  [jvm.dll+0x5f05a5]
V  [jvm.dll+0x5f003d]
V  [jvm.dll+0x5eff20]
V  [jvm.dll+0x5f73a4]
V  [jvm.dll+0x250cb2]
V  [jvm.dll+0x25106f]
V  [jvm.dll+0x249934]
V  [jvm.dll+0x246fc4]
V  [jvm.dll+0x1c760e]
V  [jvm.dll+0x25695a]
V  [jvm.dll+0x254efa]
V  [jvm.dll+0x3f03f6]
V  [jvm.dll+0x851f6b]
V  [jvm.dll+0x6cc7dd]
C  [ucrtbase.dll+0x29333]
C  [KERNEL32.DLL+0x1259d]
C  [ntdll.dll+0x5af58]


---------------  P R O C E S S  ---------------

Threads class SMR info:
_java_thread_list=0x000001cefa507590, length=89, elements={
0x000001ce995e8f60, 0x000001ce9b94e5a0, 0x000001ceafc69bf0, 0x000001ceafc709d0,
0x000001ceafc712f0, 0x000001ceafc752b0, 0x000001ceafc7a9b0, 0x000001cef1fa8af0,
0x000001cef1faa4a0, 0x000001ce9b925f90, 0x000001cef8045580, 0x000001cef85688a0,
0x000001cef8ae7800, 0x000001cef8587650, 0x000001cef822e2b0, 0x000001cef8ac8900,
0x000001cef9037100, 0x000001cef90384b0, 0x000001cef9037790, 0x000001cefa0a5050,
0x000001cefa0a28f0, 0x000001cefa0a2f80, 0x000001cefa0a3610, 0x000001cefa0a1bd0,
0x000001cefa0a3ca0, 0x000001cefa0a4330, 0x000001cefa0a84d0, 0x000001cefa0a49c0,
0x000001cefa0a5d70, 0x000001cefa0a56e0, 0x000001cefa0a6400, 0x000001cefa0a6a90,
0x000001cefa0a7120, 0x000001cefa0a7e40, 0x000001cefa0a91f0, 0x000001cefa0a8b60,
0x000001cefa0a2260, 0x000001cefad02f60, 0x000001cefad035f0, 0x000001cefad03c80,
0x000001cefad04310, 0x000001cefacfedc0, 0x000001cefad049a0, 0x000001cefad00170,
0x000001cefad00e90, 0x000001cefacffae0, 0x000001cefad00800, 0x000001cefad05030,
0x000001cefacff450, 0x000001cefad063e0, 0x000001cefad056c0, 0x000001cefad01bb0,
0x000001cefad05d50, 0x000001cefad01520, 0x000001cefad02240, 0x000001cefad028d0,
0x000001cef95c5e40, 0x000001cef95c64d0, 0x000001cef95c3d70, 0x000001cef95c4400,
0x000001cef95c3050, 0x000001cef95c57b0, 0x000001cef95c36e0, 0x000001cef95c4a90,
0x000001cef95c5120, 0x000001cef8625870, 0x000001cef8623110, 0x000001cef86237a0,
0x000001cef8623e30, 0x000001cef8624b50, 0x000001cef86244c0, 0x000001cef8625f00,
0x000001cef8626590, 0x000001cefba0ab90, 0x000001cefba0e6a0, 0x000001cefba0ed30,
0x000001cefba0c5d0, 0x000001cefba0bf40, 0x000001cefba0f3c0, 0x000001cefba0e010,
0x000001cefba0fa50, 0x000001cefba100e0, 0x000001cefba0d980, 0x000001cefba0cc60,
0x000001cefba10770, 0x000001cef9f6f020, 0x000001cef842cdf0, 0x000001cefba0d2f0,
0x000001cefba10e00
}

Java Threads: ( => current thread )
  0x000001ce995e8f60 JavaThread "main"                              [_thread_blocked, id=23364, stack(0x0000008725900000,0x0000008725a00000) (1024K)]
  0x000001ce9b94e5a0 JavaThread "Reference Handler"          daemon [_thread_blocked, id=25500, stack(0x0000008725d00000,0x0000008725e00000) (1024K)]
  0x000001ceafc69bf0 JavaThread "Finalizer"                  daemon [_thread_blocked, id=15264, stack(0x0000008725e00000,0x0000008725f00000) (1024K)]
  0x000001ceafc709d0 JavaThread "Signal Dispatcher"          daemon [_thread_blocked, id=19556, stack(0x0000008725f00000,0x0000008726000000) (1024K)]
  0x000001ceafc712f0 JavaThread "Attach Listener"            daemon [_thread_blocked, id=18316, stack(0x0000008726000000,0x0000008726100000) (1024K)]
  0x000001ceafc752b0 JavaThread "Service Thread"             daemon [_thread_blocked, id=21036, stack(0x0000008726100000,0x0000008726200000) (1024K)]
  0x000001ceafc7a9b0 JavaThread "Monitor Deflation Thread"   daemon [_thread_blocked, id=10212, stack(0x0000008726200000,0x0000008726300000) (1024K)]
=>0x000001cef1fa8af0 JavaThread "C2 CompilerThread0"         daemon [_thread_in_native, id=16408, stack(0x0000008726300000,0x0000008726400000) (1024K)]
  0x000001cef1faa4a0 JavaThread "C1 CompilerThread0"         daemon [_thread_in_vm, id=22756, stack(0x0000008726400000,0x0000008726500000) (1024K)]
  0x000001ce9b925f90 JavaThread "Common-Cleaner"             daemon [_thread_blocked, id=16992, stack(0x0000008726500000,0x0000008726600000) (1024K)]
  0x000001cef8045580 JavaThread "Notification Thread"        daemon [_thread_blocked, id=6152, stack(0x0000008726a00000,0x0000008726b00000) (1024K)]
  0x000001cef85688a0 JavaThread "Active Thread: Equinox Container: d52f0ceb-ae9f-4aad-8a08-77ffd1320fdc"        [_thread_blocked, id=26572, stack(0x0000008727400000,0x0000008727500000) (1024K)]
  0x000001cef8ae7800 JavaThread "Framework Event Dispatcher: Equinox Container: d52f0ceb-ae9f-4aad-8a08-77ffd1320fdc" daemon [_thread_blocked, id=22572, stack(0x0000008727500000,0x0000008727600000) (1024K)]
  0x000001cef8587650 JavaThread "Start Level: Equinox Container: d52f0ceb-ae9f-4aad-8a08-77ffd1320fdc" daemon [_thread_blocked, id=23856, stack(0x0000008727700000,0x0000008727800000) (1024K)]
  0x000001cef822e2b0 JavaThread "SCR Component Actor"        daemon [_thread_blocked, id=14996, stack(0x0000008727800000,0x0000008727900000) (1024K)]
  0x000001cef8ac8900 JavaThread "JNA Cleaner"                daemon [_thread_blocked, id=8228, stack(0x0000008726900000,0x0000008726a00000) (1024K)]
  0x000001cef9037100 JavaThread "Thread-2"                   daemon [_thread_in_native, id=15836, stack(0x0000008728000000,0x0000008728100000) (1024K)]
  0x000001cef90384b0 JavaThread "Thread-3"                   daemon [_thread_in_native, id=6628, stack(0x0000008728200000,0x0000008728300000) (1024K)]
  0x000001cef9037790 JavaThread "Thread-4"                   daemon [_thread_in_native, id=23776, stack(0x0000008728300000,0x0000008728400000) (1024K)]
  0x000001cefa0a5050 JavaThread "Thread-5"                   daemon [_thread_in_native, id=26152, stack(0x0000008728400000,0x0000008728500000) (1024K)]
  0x000001cefa0a28f0 JavaThread "Thread-6"                   daemon [_thread_in_native, id=26408, stack(0x0000008728500000,0x0000008728600000) (1024K)]
  0x000001cefa0a2f80 JavaThread "Thread-7"                   daemon [_thread_in_native, id=25448, stack(0x0000008728600000,0x0000008728700000) (1024K)]
  0x000001cefa0a3610 JavaThread "Thread-8"                   daemon [_thread_in_native, id=25280, stack(0x0000008728700000,0x0000008728800000) (1024K)]
  0x000001cefa0a1bd0 JavaThread "Thread-9"                   daemon [_thread_in_native, id=15420, stack(0x0000008728800000,0x0000008728900000) (1024K)]
  0x000001cefa0a3ca0 JavaThread "Thread-10"                  daemon [_thread_in_native, id=17720, stack(0x0000008728900000,0x0000008728a00000) (1024K)]
  0x000001cefa0a4330 JavaThread "Thread-11"                  daemon [_thread_in_native, id=23820, stack(0x0000008728a00000,0x0000008728b00000) (1024K)]
  0x000001cefa0a84d0 JavaThread "Thread-12"                  daemon [_thread_in_native, id=7472, stack(0x0000008728b00000,0x0000008728c00000) (1024K)]
  0x000001cefa0a49c0 JavaThread "Thread-13"                  daemon [_thread_in_native, id=22968, stack(0x0000008728c00000,0x0000008728d00000) (1024K)]
  0x000001cefa0a5d70 JavaThread "Thread-14"                  daemon [_thread_in_native, id=23008, stack(0x0000008728d00000,0x0000008728e00000) (1024K)]
  0x000001cefa0a56e0 JavaThread "Thread-15"                  daemon [_thread_in_native, id=14700, stack(0x0000008728e00000,0x0000008728f00000) (1024K)]
  0x000001cefa0a6400 JavaThread "Thread-16"                  daemon [_thread_in_native, id=15188, stack(0x0000008728f00000,0x0000008729000000) (1024K)]
  0x000001cefa0a6a90 JavaThread "Thread-17"                  daemon [_thread_in_native, id=25864, stack(0x0000008729000000,0x0000008729100000) (1024K)]
  0x000001cefa0a7120 JavaThread "Thread-18"                  daemon [_thread_in_native, id=10216, stack(0x0000008729100000,0x0000008729200000) (1024K)]
  0x000001cefa0a7e40 JavaThread "pool-2-thread-1"                   [_thread_blocked, id=22012, stack(0x0000008729300000,0x0000008729400000) (1024K)]
  0x000001cefa0a91f0 JavaThread "WorkspaceEventsHandler"            [_thread_blocked, id=25124, stack(0x0000008729400000,0x0000008729500000) (1024K)]
  0x000001cefa0a8b60 JavaThread "pool-1-thread-1"                   [_thread_blocked, id=2108, stack(0x0000008729500000,0x0000008729600000) (1024K)]
  0x000001cefa0a2260 JavaThread "ForkJoinPool.commonPool-worker-1" daemon [_thread_blocked, id=21100, stack(0x0000008729600000,0x0000008729700000) (1024K)]
  0x000001cefad02f60 JavaThread "ForkJoinPool.commonPool-worker-2" daemon [_thread_blocked, id=24716, stack(0x0000008729700000,0x0000008729800000) (1024K)]
  0x000001cefad035f0 JavaThread "LocalFile Deleter"          daemon [_thread_blocked, id=16852, stack(0x0000008729800000,0x0000008729900000) (1024K)]
  0x000001cefad03c80 JavaThread "LocalFile Deleter"          daemon [_thread_blocked, id=25700, stack(0x0000008729900000,0x0000008729a00000) (1024K)]
  0x000001cefad04310 JavaThread "LocalFile Deleter"          daemon [_thread_blocked, id=2804, stack(0x0000008729a00000,0x0000008729b00000) (1024K)]
  0x000001cefacfedc0 JavaThread "LocalFile Deleter"          daemon [_thread_blocked, id=21932, stack(0x0000008729b00000,0x0000008729c00000) (1024K)]
  0x000001cefad049a0 JavaThread "LocalFile Deleter"          daemon [_thread_blocked, id=8472, stack(0x0000008729c00000,0x0000008729d00000) (1024K)]
  0x000001cefad00170 JavaThread "LocalFile Deleter"          daemon [_thread_blocked, id=2312, stack(0x0000008729d00000,0x0000008729e00000) (1024K)]
  0x000001cefad00e90 JavaThread "LocalFile Deleter"          daemon [_thread_blocked, id=16332, stack(0x0000008729e00000,0x0000008729f00000) (1024K)]
  0x000001cefacffae0 JavaThread "LocalFile Deleter"          daemon [_thread_blocked, id=15920, stack(0x0000008729f00000,0x000000872a000000) (1024K)]
  0x000001cefad00800 JavaThread "LocalFile Deleter"          daemon [_thread_blocked, id=26332, stack(0x000000872a000000,0x000000872a100000) (1024K)]
  0x000001cefad05030 JavaThread "LocalFile Deleter"          daemon [_thread_blocked, id=23712, stack(0x000000872a100000,0x000000872a200000) (1024K)]
  0x000001cefacff450 JavaThread "LocalFile Deleter"          daemon [_thread_blocked, id=25444, stack(0x000000872a200000,0x000000872a300000) (1024K)]
  0x000001cefad063e0 JavaThread "LocalFile Deleter"          daemon [_thread_blocked, id=3804, stack(0x000000872a300000,0x000000872a400000) (1024K)]
  0x000001cefad056c0 JavaThread "LocalFile Deleter"          daemon [_thread_blocked, id=26380, stack(0x000000872a400000,0x000000872a500000) (1024K)]
  0x000001cefad01bb0 JavaThread "LocalFile Deleter"          daemon [_thread_blocked, id=6408, stack(0x000000872a500000,0x000000872a600000) (1024K)]
  0x000001cefad05d50 JavaThread "LocalFile Deleter"          daemon [_thread_blocked, id=25560, stack(0x000000872a600000,0x000000872a700000) (1024K)]
  0x000001cefad01520 JavaThread "LocalFile Deleter"          daemon [_thread_blocked, id=10048, stack(0x000000872a700000,0x000000872a800000) (1024K)]
  0x000001cefad02240 JavaThread "Compiler Source File Reader" daemon [_thread_blocked, id=6568, stack(0x000000872a800000,0x000000872a900000) (1024K)]
  0x000001cefad028d0 JavaThread "Compiler Source File Reader" daemon [_thread_blocked, id=12840, stack(0x000000872a900000,0x000000872aa00000) (1024K)]
  0x000001cef95c5e40 JavaThread "Compiler Source File Reader" daemon [_thread_blocked, id=10844, stack(0x000000872aa00000,0x000000872ab00000) (1024K)]
  0x000001cef95c64d0 JavaThread "Compiler Source File Reader" daemon [_thread_blocked, id=11844, stack(0x000000872ab00000,0x000000872ac00000) (1024K)]
  0x000001cef95c3d70 JavaThread "Compiler Source File Reader" daemon [_thread_blocked, id=20948, stack(0x000000872ac00000,0x000000872ad00000) (1024K)]
  0x000001cef95c4400 JavaThread "Compiler Source File Reader" daemon [_thread_blocked, id=416, stack(0x000000872ad00000,0x000000872ae00000) (1024K)]
  0x000001cef95c3050 JavaThread "Compiler Source File Reader" daemon [_thread_blocked, id=23560, stack(0x000000872ae00000,0x000000872af00000) (1024K)]
  0x000001cef95c57b0 JavaThread "Compiler Source File Reader" daemon [_thread_blocked, id=19676, stack(0x000000872af00000,0x000000872b000000) (1024K)]
  0x000001cef95c36e0 JavaThread "Compiler Source File Reader" daemon [_thread_blocked, id=2016, stack(0x000000872b000000,0x000000872b100000) (1024K)]
  0x000001cef95c4a90 JavaThread "Compiler Source File Reader" daemon [_thread_blocked, id=13196, stack(0x000000872b100000,0x000000872b200000) (1024K)]
  0x000001cef95c5120 JavaThread "Compiler Source File Reader" daemon [_thread_blocked, id=5812, stack(0x000000872b200000,0x000000872b300000) (1024K)]
  0x000001cef8625870 JavaThread "Compiler Source File Reader" daemon [_thread_blocked, id=26484, stack(0x000000872b300000,0x000000872b400000) (1024K)]
  0x000001cef8623110 JavaThread "Compiler Source File Reader" daemon [_thread_blocked, id=6476, stack(0x000000872b400000,0x000000872b500000) (1024K)]
  0x000001cef86237a0 JavaThread "Compiler Source File Reader" daemon [_thread_blocked, id=24252, stack(0x000000872b500000,0x000000872b600000) (1024K)]
  0x000001cef8623e30 JavaThread "ForkJoinPool.commonPool-worker-3" daemon [_thread_blocked, id=26232, stack(0x0000008727300000,0x0000008727400000) (1024K)]
  0x000001cef8624b50 JavaThread "Compiler Processing Task"   daemon [_thread_blocked, id=11736, stack(0x0000008727f00000,0x0000008728000000) (1024K)]
  0x000001cef86244c0 JavaThread "Compiler Class File Writer" daemon [_thread_blocked, id=25064, stack(0x000000872b600000,0x000000872b700000) (1024K)]
  0x000001cef8625f00 JavaThread "Compiler Class File Writer" daemon [_thread_blocked, id=26356, stack(0x000000872b700000,0x000000872b800000) (1024K)]
  0x000001cef8626590 JavaThread "Compiler Class File Writer" daemon [_thread_blocked, id=17952, stack(0x000000872b800000,0x000000872b900000) (1024K)]
  0x000001cefba0ab90 JavaThread "Compiler Class File Writer" daemon [_thread_blocked, id=25964, stack(0x000000872b900000,0x000000872ba00000) (1024K)]
  0x000001cefba0e6a0 JavaThread "Compiler Class File Writer" daemon [_thread_blocked, id=22376, stack(0x000000872ba00000,0x000000872bb00000) (1024K)]
  0x000001cefba0ed30 JavaThread "Compiler Class File Writer" daemon [_thread_blocked, id=11700, stack(0x000000872bb00000,0x000000872bc00000) (1024K)]
  0x000001cefba0c5d0 JavaThread "Compiler Class File Writer" daemon [_thread_blocked, id=22632, stack(0x000000872bc00000,0x000000872bd00000) (1024K)]
  0x000001cefba0bf40 JavaThread "Compiler Class File Writer" daemon [_thread_blocked, id=17996, stack(0x000000872bd00000,0x000000872be00000) (1024K)]
  0x000001cefba0f3c0 JavaThread "Compiler Class File Writer" daemon [_thread_blocked, id=8756, stack(0x000000872be00000,0x000000872bf00000) (1024K)]
  0x000001cefba0e010 JavaThread "Compiler Class File Writer" daemon [_thread_blocked, id=3548, stack(0x000000872bf00000,0x000000872c000000) (1024K)]
  0x000001cefba0fa50 JavaThread "Compiler Class File Writer" daemon [_thread_blocked, id=24888, stack(0x000000872c000000,0x000000872c100000) (1024K)]
  0x000001cefba100e0 JavaThread "Compiler Class File Writer" daemon [_thread_blocked, id=25204, stack(0x000000872c100000,0x000000872c200000) (1024K)]
  0x000001cefba0d980 JavaThread "Compiler Class File Writer" daemon [_thread_blocked, id=23616, stack(0x000000872c200000,0x000000872c300000) (1024K)]
  0x000001cefba0cc60 JavaThread "Compiler Class File Writer" daemon [_thread_blocked, id=25896, stack(0x000000872c300000,0x000000872c400000) (1024K)]
  0x000001cefba10770 JavaThread "pool-3-thread-1"                   [_thread_blocked, id=27156, stack(0x0000008726800000,0x0000008726900000) (1024K)]
  0x000001cef9f6f020 JavaThread "C1 CompilerThread1"         daemon [_thread_blocked, id=27336, stack(0x000000872c500000,0x000000872c600000) (1024K)]
  0x000001cef842cdf0 JavaThread "C2 CompilerThread1"         daemon [_thread_blocked, id=27404, stack(0x000000872c700000,0x000000872c800000) (1024K)]
  0x000001cefba0d2f0 JavaThread "Framework stop - Equinox Container: d52f0ceb-ae9f-4aad-8a08-77ffd1320fdc"        [_thread_in_vm, id=27300, stack(0x0000008728100000,0x0000008728200000) (1024K)]
  0x000001cefba10e00 JavaThread "SCR Component Registry"     daemon [_thread_blocked, id=27372, stack(0x000000872c400000,0x000000872c500000) (1024K)]
Total: 89

Other Threads:
  0x000001ceafc64890 VMThread "VM Thread"                           [id=24820, stack(0x0000008725c00000,0x0000008725d00000) (1024K)]
  0x000001ceafb5bb20 WatcherThread "VM Periodic Task Thread"        [id=8404, stack(0x0000008725b00000,0x0000008725c00000) (1024K)]
  0x000001ce9b8d8620 WorkerThread "GC Thread#0"                     [id=22240, stack(0x0000008725a00000,0x0000008725b00000) (1024K)]
  0x000001cef8848f90 WorkerThread "GC Thread#1"                     [id=21972, stack(0x0000008726c00000,0x0000008726d00000) (1024K)]
  0x000001cef88cae80 WorkerThread "GC Thread#2"                     [id=25084, stack(0x0000008726d00000,0x0000008726e00000) (1024K)]
  0x000001cef88cb220 WorkerThread "GC Thread#3"                     [id=23044, stack(0x0000008726e00000,0x0000008726f00000) (1024K)]
  0x000001cef88c6000 WorkerThread "GC Thread#4"                     [id=24672, stack(0x0000008726f00000,0x0000008727000000) (1024K)]
  0x000001cef88c63a0 WorkerThread "GC Thread#5"                     [id=7448, stack(0x0000008727000000,0x0000008727100000) (1024K)]
  0x000001cef88c6740 WorkerThread "GC Thread#6"                     [id=6480, stack(0x0000008727100000,0x0000008727200000) (1024K)]
  0x000001cef8b06170 WorkerThread "GC Thread#7"                     [id=22620, stack(0x0000008727600000,0x0000008727700000) (1024K)]
  0x000001cef8e7fcd0 WorkerThread "GC Thread#8"                     [id=21508, stack(0x0000008727900000,0x0000008727a00000) (1024K)]
  0x000001cef8e81630 WorkerThread "GC Thread#9"                     [id=404, stack(0x0000008727a00000,0x0000008727b00000) (1024K)]
  0x000001cef8e80070 WorkerThread "GC Thread#10"                    [id=4876, stack(0x0000008727b00000,0x0000008727c00000) (1024K)]
  0x000001cef8e80410 WorkerThread "GC Thread#11"                    [id=15460, stack(0x0000008727d00000,0x0000008727e00000) (1024K)]
  0x000001cef8e807b0 WorkerThread "GC Thread#12"                    [id=26164, stack(0x0000008727e00000,0x0000008727f00000) (1024K)]
Total: 15

Threads with active compile tasks:
C2 CompilerThread0  45339 7058   !   4       org.eclipse.osgi.internal.loader.classpath.ClasspathManager::defineClass (636 bytes)
C1 CompilerThread0  45339 7124       3       org.apache.felix.scr.impl.Activator::debug (78 bytes)
Total: 2

VM state: not at safepoint (normal execution)

VM Mutex/Monitor currently owned by a thread:  ([mutex/lock_event])
[0x00007ff8e027c308] Metaspace_lock - owner thread: 0x000001cef1faa4a0

Heap address: 0x00000000c0000000, size: 1024 MB, Compressed Oops mode: 32-bit

CDS archive(s) mapped at: [0x000001ceb0000000-0x000001ceb0ba0000-0x000001ceb0ba0000), size 12189696, SharedBaseAddress: 0x000001ceb0000000, ArchiveRelocationMode: 1.
Compressed class space mapped at: 0x000001ceb1000000-0x000001cef1000000, reserved size: 1073741824
Narrow klass base: 0x000001ceb0000000, Narrow klass shift: 0, Narrow klass range: 0x100000000

GC Precious Log:
 CardTable entry size: 512
 CPUs: 16 total, 16 available
 Memory: 5996M
 Large Page Support: Disabled
 NUMA Support: Disabled
 Compressed Oops: Enabled (32-bit)
 Alignments: Space 512K, Generation 512K, Heap 2M
 Heap Min Capacity: 100M
 Heap Initial Capacity: 100M
 Heap Max Capacity: 1G
 Pre-touch: Disabled
 Parallel Workers: 13

Heap:
 PSYoungGen      total 21504K, used 3790K [0x00000000eab00000, 0x00000000ec280000, 0x0000000100000000)
  eden space 18944K, 8% used [0x00000000eab00000,0x00000000eac86080,0x00000000ebd80000)
  from space 2560K, 87% used [0x00000000ebd80000,0x00000000ebfad9e0,0x00000000ec000000)
  to   space 2560K, 0% used [0x00000000ec000000,0x00000000ec000000,0x00000000ec280000)
 ParOldGen       total 68608K, used 33228K [0x00000000c0000000, 0x00000000c4300000, 0x00000000eab00000)
  object space 68608K, 48% used [0x00000000c0000000,0x00000000c20731c0,0x00000000c4300000)
 Metaspace       used 43775K, committed 44800K, reserved 1114112K
  class space    used 4239K, committed 4672K, reserved 1048576K

Card table byte_map: [0x000001ce9b260000,0x000001ce9b470000] _byte_map_base: 0x000001ce9ac60000

Marking Bits: (ParMarkBitMap*) 0x00007ff8e02831f0
 Begin Bits: [0x000001ceada80000, 0x000001ceaea80000)
 End Bits:   [0x000001ceaea80000, 0x000001ceafa80000)

Polling page: 0x000001ce9b050000

Metaspace:

Usage:
  Non-class:     38.61 MB used.
      Class:      4.14 MB used.
       Both:     42.75 MB used.

Virtual space:
  Non-class space:       64.00 MB reserved,      39.19 MB ( 61%) committed,  1 nodes.
      Class space:        1.00 GB reserved,       4.56 MB ( <1%) committed,  1 nodes.
             Both:        1.06 GB reserved,      43.75 MB (  4%) committed. 

Chunk freelists:
   Non-Class:  7.92 MB
       Class:  11.38 MB
        Both:  19.30 MB

MaxMetaspaceSize: unlimited
CompressedClassSpaceSize: 1.00 GB
Initial GC threshold: 21.00 MB
Current GC threshold: 58.38 MB
CDS: on
 - commit_granule_bytes: 65536.
 - commit_granule_words: 8192.
 - virtual_space_node_default_size: 8388608.
 - enlarge_chunks_in_place: 1.
 - use_allocation_guard: 0.


Internal statistics:

num_allocs_failed_limit: 6.
num_arena_births: 930.
num_arena_deaths: 68.
num_vsnodes_births: 2.
num_vsnodes_deaths: 0.
num_space_committed: 700.
num_space_uncommitted: 0.
num_chunks_returned_to_freelist: 94.
num_chunks_taken_from_freelist: 2909.
num_chunk_merges: 14.
num_chunk_splits: 1769.
num_chunks_enlarged: 1029.
num_inconsistent_stats: 0.

CodeHeap 'non-profiled nmethods': size=119168Kb used=3331Kb max_used=3331Kb free=115837Kb
 bounds [0x000001cea6620000, 0x000001cea6970000, 0x000001ceada80000]
CodeHeap 'profiled nmethods': size=119104Kb used=14839Kb max_used=14839Kb free=104264Kb
 bounds [0x000001ce9ea80000, 0x000001ce9f900000, 0x000001cea5ed0000]
CodeHeap 'non-nmethods': size=7488Kb used=1971Kb max_used=3187Kb free=5517Kb
 bounds [0x000001cea5ed0000, 0x000001cea6250000, 0x000001cea6620000]
 total_blobs=7431 nmethods=6715 adapters=620
 compilation: enabled
              stopped_count=0, restarted_count=0
 full_count=0

Compilation events (20 events):
Event: 45.256 Thread 0x000001cef9f6f020 nmethod 7111% 0x000001ce9f8f5790 code [0x000001ce9f8f5ba0, 0x000001ce9f8f7f08]
Event: 45.259 Thread 0x000001cef842cdf0 nmethod 7105 0x000001cea695e490 code [0x000001cea695e6a0, 0x000001cea695ef80]
Event: 45.264 Thread 0x000001cef1faa4a0 7113       3       org.eclipse.osgi.framework.eventmgr.CopyOnWriteIdentityMap::empty (4 bytes)
Event: 45.264 Thread 0x000001cef9f6f020 7114       3       org.eclipse.osgi.framework.eventmgr.CopyOnWriteIdentityMap::<init> (12 bytes)
Event: 45.264 Thread 0x000001cef1faa4a0 nmethod 7113 0x000001ce9f8f8c90 code [0x000001ce9f8f8e20, 0x000001ce9f8f8f18]
Event: 45.264 Thread 0x000001cef9f6f020 nmethod 7114 0x000001ce9f8f8f90 code [0x000001ce9f8f9140, 0x000001ce9f8f9330]
Event: 45.264 Thread 0x000001cef842cdf0 7115       4       org.eclipse.osgi.framework.eventmgr.CopyOnWriteIdentityMap$Snapshot$EntryIterator::next (5 bytes)
Event: 45.265 Thread 0x000001cef842cdf0 nmethod 7115 0x000001cea695f990 code [0x000001cea695fb20, 0x000001cea695fc50]
Event: 45.266 Thread 0x000001cef842cdf0 7117       4       java.util.ArrayList::indexOf (11 bytes)
Event: 45.266 Thread 0x000001cef9f6f020 7118       1       org.eclipse.osgi.internal.serviceregistry.ServiceUse::getLock (5 bytes)
Event: 45.266 Thread 0x000001cef9f6f020 nmethod 7118 0x000001ce9f8f9410 code [0x000001ce9f8f95a0, 0x000001ce9f8f9668]
Event: 45.267 Thread 0x000001cef842cdf0 nmethod 7117 0x000001cea695fd90 code [0x000001cea695ff20, 0x000001cea6960090]
Event: 45.273 Thread 0x000001cef1faa4a0 7119       3       org.eclipse.osgi.framework.eventmgr.ListenerQueue::<init> (38 bytes)
Event: 45.273 Thread 0x000001cef9f6f020 7120       3       org.eclipse.osgi.storage.BundleInfo$Generation::getDomain (6 bytes)
Event: 45.274 Thread 0x000001cef9f6f020 nmethod 7120 0x000001ce9f8f9710 code [0x000001ce9f8f98c0, 0x000001ce9f8f9a00]
Event: 45.274 Thread 0x000001cef9f6f020 7121   !   3       org.eclipse.osgi.storage.BundleInfo$Generation::getDomain (90 bytes)
Event: 45.274 Thread 0x000001cef1faa4a0 nmethod 7119 0x000001ce9f8f9a90 code [0x000001ce9f8f9c60, 0x000001ce9f8fa080]
Event: 45.274 Thread 0x000001cef1faa4a0 7122   !   3       org.eclipse.osgi.internal.framework.EquinoxEventPublisher::newListenerQueue (24 bytes)
Event: 45.274 Thread 0x000001cef9f6f020 nmethod 7121 0x000001ce9f8fa210 code [0x000001ce9f8fa3c0, 0x000001ce9f8fa610]
Event: 45.274 Thread 0x000001cef1faa4a0 nmethod 7122 0x000001ce9f8fa710 code [0x000001ce9f8fa8c0, 0x000001ce9f8fab60]

GC Heap History (20 events):
Event: 6.175 GC heap before
{Heap before GC invocations=16 (full 1):
 PSYoungGen      total 23552K, used 23492K [0x00000000eab00000, 0x00000000ec580000, 0x0000000100000000)
  eden space 20992K, 100% used [0x00000000eab00000,0x00000000ebf80000,0x00000000ebf80000)
  from space 2560K, 97% used [0x00000000ec300000,0x00000000ec571000,0x00000000ec580000)
  to   space 3072K, 0% used [0x00000000ebf80000,0x00000000ebf80000,0x00000000ec280000)
 ParOldGen       total 68608K, used 23081K [0x00000000c0000000, 0x00000000c4300000, 0x00000000eab00000)
  object space 68608K, 33% used [0x00000000c0000000,0x00000000c168a7a0,0x00000000c4300000)
 Metaspace       used 34139K, committed 35200K, reserved 1114112K
  class space    used 3369K, committed 3840K, reserved 1048576K
}
Event: 6.182 GC heap after
{Heap after GC invocations=16 (full 1):
 PSYoungGen      total 24064K, used 2560K [0x00000000eab00000, 0x00000000ec580000, 0x0000000100000000)
  eden space 20992K, 0% used [0x00000000eab00000,0x00000000eab00000,0x00000000ebf80000)
  from space 3072K, 83% used [0x00000000ebf80000,0x00000000ec200010,0x00000000ec280000)
  to   space 3072K, 0% used [0x00000000ec280000,0x00000000ec280000,0x00000000ec580000)
 ParOldGen       total 68608K, used 25367K [0x00000000c0000000, 0x00000000c4300000, 0x00000000eab00000)
  object space 68608K, 36% used [0x00000000c0000000,0x00000000c18c5dc8,0x00000000c4300000)
 Metaspace       used 34139K, committed 35200K, reserved 1114112K
  class space    used 3369K, committed 3840K, reserved 1048576K
}
Event: 6.290 GC heap before
{Heap before GC invocations=17 (full 1):
 PSYoungGen      total 24064K, used 23552K [0x00000000eab00000, 0x00000000ec580000, 0x0000000100000000)
  eden space 20992K, 100% used [0x00000000eab00000,0x00000000ebf80000,0x00000000ebf80000)
  from space 3072K, 83% used [0x00000000ebf80000,0x00000000ec200010,0x00000000ec280000)
  to   space 3072K, 0% used [0x00000000ec280000,0x00000000ec280000,0x00000000ec580000)
 ParOldGen       total 68608K, used 25367K [0x00000000c0000000, 0x00000000c4300000, 0x00000000eab00000)
  object space 68608K, 36% used [0x00000000c0000000,0x00000000c18c5dc8,0x00000000c4300000)
 Metaspace       used 34259K, committed 35264K, reserved 1114112K
  class space    used 3370K, committed 3840K, reserved 1048576K
}
Event: 6.296 GC heap after
{Heap after GC invocations=17 (full 1):
 PSYoungGen      total 23552K, used 2168K [0x00000000eab00000, 0x00000000ec500000, 0x0000000100000000)
  eden space 20992K, 0% used [0x00000000eab00000,0x00000000eab00000,0x00000000ebf80000)
  from space 2560K, 84% used [0x00000000ec280000,0x00000000ec49e200,0x00000000ec500000)
  to   space 2560K, 0% used [0x00000000ec000000,0x00000000ec000000,0x00000000ec280000)
 ParOldGen       total 68608K, used 27751K [0x00000000c0000000, 0x00000000c4300000, 0x00000000eab00000)
  object space 68608K, 40% used [0x00000000c0000000,0x00000000c1b19dd8,0x00000000c4300000)
 Metaspace       used 34259K, committed 35264K, reserved 1114112K
  class space    used 3370K, committed 3840K, reserved 1048576K
}
Event: 6.359 GC heap before
{Heap before GC invocations=18 (full 1):
 PSYoungGen      total 23552K, used 7919K [0x00000000eab00000, 0x00000000ec500000, 0x0000000100000000)
  eden space 20992K, 27% used [0x00000000eab00000,0x00000000eb09dcf8,0x00000000ebf80000)
  from space 2560K, 84% used [0x00000000ec280000,0x00000000ec49e200,0x00000000ec500000)
  to   space 2560K, 0% used [0x00000000ec000000,0x00000000ec000000,0x00000000ec280000)
 ParOldGen       total 68608K, used 27751K [0x00000000c0000000, 0x00000000c4300000, 0x00000000eab00000)
  object space 68608K, 40% used [0x00000000c0000000,0x00000000c1b19dd8,0x00000000c4300000)
 Metaspace       used 34849K, committed 35840K, reserved 1114112K
  class space    used 3431K, committed 3904K, reserved 1048576K
}
Event: 6.363 GC heap after
{Heap after GC invocations=18 (full 1):
 PSYoungGen      total 22016K, used 585K [0x00000000eab00000, 0x00000000ec300000, 0x0000000100000000)
  eden space 20992K, 0% used [0x00000000eab00000,0x00000000eab00000,0x00000000ebf80000)
  from space 1024K, 57% used [0x00000000ec000000,0x00000000ec092400,0x00000000ec100000)
  to   space 1536K, 0% used [0x00000000ec180000,0x00000000ec180000,0x00000000ec300000)
 ParOldGen       total 68608K, used 29751K [0x00000000c0000000, 0x00000000c4300000, 0x00000000eab00000)
  object space 68608K, 43% used [0x00000000c0000000,0x00000000c1d0dfd8,0x00000000c4300000)
 Metaspace       used 34849K, committed 35840K, reserved 1114112K
  class space    used 3431K, committed 3904K, reserved 1048576K
}
Event: 6.363 GC heap before
{Heap before GC invocations=19 (full 2):
 PSYoungGen      total 22016K, used 585K [0x00000000eab00000, 0x00000000ec300000, 0x0000000100000000)
  eden space 20992K, 0% used [0x00000000eab00000,0x00000000eab00000,0x00000000ebf80000)
  from space 1024K, 57% used [0x00000000ec000000,0x00000000ec092400,0x00000000ec100000)
  to   space 1536K, 0% used [0x00000000ec180000,0x00000000ec180000,0x00000000ec300000)
 ParOldGen       total 68608K, used 29751K [0x00000000c0000000, 0x00000000c4300000, 0x00000000eab00000)
  object space 68608K, 43% used [0x00000000c0000000,0x00000000c1d0dfd8,0x00000000c4300000)
 Metaspace       used 34849K, committed 35840K, reserved 1114112K
  class space    used 3431K, committed 3904K, reserved 1048576K
}
Event: 6.436 GC heap after
{Heap after GC invocations=19 (full 2):
 PSYoungGen      total 22016K, used 0K [0x00000000eab00000, 0x00000000ec300000, 0x0000000100000000)
  eden space 20992K, 0% used [0x00000000eab00000,0x00000000eab00000,0x00000000ebf80000)
  from space 1024K, 0% used [0x00000000ec000000,0x00000000ec000000,0x00000000ec100000)
  to   space 1536K, 0% used [0x00000000ec180000,0x00000000ec180000,0x00000000ec300000)
 ParOldGen       total 68608K, used 28073K [0x00000000c0000000, 0x00000000c4300000, 0x00000000eab00000)
  object space 68608K, 40% used [0x00000000c0000000,0x00000000c1b6a7a0,0x00000000c4300000)
 Metaspace       used 34802K, committed 35840K, reserved 1114112K
  class space    used 3417K, committed 3904K, reserved 1048576K
}
Event: 7.029 GC heap before
{Heap before GC invocations=20 (full 2):
 PSYoungGen      total 22016K, used 20938K [0x00000000eab00000, 0x00000000ec300000, 0x0000000100000000)
  eden space 20992K, 99% used [0x00000000eab00000,0x00000000ebf72af0,0x00000000ebf80000)
  from space 1024K, 0% used [0x00000000ec000000,0x00000000ec000000,0x00000000ec100000)
  to   space 1536K, 0% used [0x00000000ec180000,0x00000000ec180000,0x00000000ec300000)
 ParOldGen       total 68608K, used 28073K [0x00000000c0000000, 0x00000000c4300000, 0x00000000eab00000)
  object space 68608K, 40% used [0x00000000c0000000,0x00000000c1b6a7a0,0x00000000c4300000)
 Metaspace       used 36526K, committed 37568K, reserved 1114112K
  class space    used 3579K, committed 4032K, reserved 1048576K
}
Event: 7.033 GC heap after
{Heap after GC invocations=20 (full 2):
 PSYoungGen      total 22016K, used 656K [0x00000000eab00000, 0x00000000ec280000, 0x0000000100000000)
  eden space 20992K, 0% used [0x00000000eab00000,0x00000000eab00000,0x00000000ebf80000)
  from space 1024K, 64% used [0x00000000ec180000,0x00000000ec224010,0x00000000ec280000)
  to   space 1024K, 0% used [0x00000000ec000000,0x00000000ec000000,0x00000000ec100000)
 ParOldGen       total 68608K, used 28081K [0x00000000c0000000, 0x00000000c4300000, 0x00000000eab00000)
  object space 68608K, 40% used [0x00000000c0000000,0x00000000c1b6c7a0,0x00000000c4300000)
 Metaspace       used 36526K, committed 37568K, reserved 1114112K
  class space    used 3579K, committed 4032K, reserved 1048576K
}
Event: 7.578 GC heap before
{Heap before GC invocations=21 (full 2):
 PSYoungGen      total 22016K, used 21648K [0x00000000eab00000, 0x00000000ec280000, 0x0000000100000000)
  eden space 20992K, 100% used [0x00000000eab00000,0x00000000ebf80000,0x00000000ebf80000)
  from space 1024K, 64% used [0x00000000ec180000,0x00000000ec224010,0x00000000ec280000)
  to   space 1024K, 0% used [0x00000000ec000000,0x00000000ec000000,0x00000000ec100000)
 ParOldGen       total 68608K, used 28081K [0x00000000c0000000, 0x00000000c4300000, 0x00000000eab00000)
  object space 68608K, 40% used [0x00000000c0000000,0x00000000c1b6c7a0,0x00000000c4300000)
 Metaspace       used 37943K, committed 38912K, reserved 1114112K
  class space    used 3703K, committed 4160K, reserved 1048576K
}
Event: 7.580 GC heap after
{Heap after GC invocations=21 (full 2):
 PSYoungGen      total 22016K, used 1014K [0x00000000eab00000, 0x00000000ec380000, 0x0000000100000000)
  eden space 20992K, 0% used [0x00000000eab00000,0x00000000eab00000,0x00000000ebf80000)
  from space 1024K, 99% used [0x00000000ec000000,0x00000000ec0fdb48,0x00000000ec100000)
  to   space 2048K, 0% used [0x00000000ec180000,0x00000000ec180000,0x00000000ec380000)
 ParOldGen       total 68608K, used 28836K [0x00000000c0000000, 0x00000000c4300000, 0x00000000eab00000)
  object space 68608K, 42% used [0x00000000c0000000,0x00000000c1c292c0,0x00000000c4300000)
 Metaspace       used 37943K, committed 38912K, reserved 1114112K
  class space    used 3703K, committed 4160K, reserved 1048576K
}
Event: 7.724 GC heap before
{Heap before GC invocations=22 (full 2):
 PSYoungGen      total 22016K, used 22006K [0x00000000eab00000, 0x00000000ec380000, 0x0000000100000000)
  eden space 20992K, 100% used [0x00000000eab00000,0x00000000ebf80000,0x00000000ebf80000)
  from space 1024K, 99% used [0x00000000ec000000,0x00000000ec0fdb48,0x00000000ec100000)
  to   space 2048K, 0% used [0x00000000ec180000,0x00000000ec180000,0x00000000ec380000)
 ParOldGen       total 68608K, used 28836K [0x00000000c0000000, 0x00000000c4300000, 0x00000000eab00000)
  object space 68608K, 42% used [0x00000000c0000000,0x00000000c1c292c0,0x00000000c4300000)
 Metaspace       used 37970K, committed 38976K, reserved 1114112K
  class space    used 3703K, committed 4160K, reserved 1048576K
}
Event: 7.726 GC heap after
{Heap after GC invocations=22 (full 2):
 PSYoungGen      total 22016K, used 745K [0x00000000eab00000, 0x00000000ec280000, 0x0000000100000000)
  eden space 20992K, 0% used [0x00000000eab00000,0x00000000eab00000,0x00000000ebf80000)
  from space 1024K, 72% used [0x00000000ec180000,0x00000000ec23a508,0x00000000ec280000)
  to   space 1536K, 0% used [0x00000000ebf80000,0x00000000ebf80000,0x00000000ec100000)
 ParOldGen       total 68608K, used 30014K [0x00000000c0000000, 0x00000000c4300000, 0x00000000eab00000)
  object space 68608K, 43% used [0x00000000c0000000,0x00000000c1d4f940,0x00000000c4300000)
 Metaspace       used 37970K, committed 38976K, reserved 1114112K
  class space    used 3703K, committed 4160K, reserved 1048576K
}
Event: 7.952 GC heap before
{Heap before GC invocations=23 (full 2):
 PSYoungGen      total 22016K, used 21737K [0x00000000eab00000, 0x00000000ec280000, 0x0000000100000000)
  eden space 20992K, 100% used [0x00000000eab00000,0x00000000ebf80000,0x00000000ebf80000)
  from space 1024K, 72% used [0x00000000ec180000,0x00000000ec23a508,0x00000000ec280000)
  to   space 1536K, 0% used [0x00000000ebf80000,0x00000000ebf80000,0x00000000ec100000)
 ParOldGen       total 68608K, used 30025K [0x00000000c0000000, 0x00000000c4300000, 0x00000000eab00000)
  object space 68608K, 43% used [0x00000000c0000000,0x00000000c1d52530,0x00000000c4300000)
 Metaspace       used 39583K, committed 40640K, reserved 1114112K
  class space    used 3859K, committed 4352K, reserved 1048576K
}
Event: 7.955 GC heap after
{Heap after GC invocations=23 (full 2):
 PSYoungGen      total 22528K, used 816K [0x00000000eab00000, 0x00000000ec200000, 0x0000000100000000)
  eden space 20992K, 0% used [0x00000000eab00000,0x00000000eab00000,0x00000000ebf80000)
  from space 1536K, 53% used [0x00000000ebf80000,0x00000000ec04c010,0x00000000ec100000)
  to   space 1024K, 0% used [0x00000000ec100000,0x00000000ec100000,0x00000000ec200000)
 ParOldGen       total 68608K, used 30257K [0x00000000c0000000, 0x00000000c4300000, 0x00000000eab00000)
  object space 68608K, 44% used [0x00000000c0000000,0x00000000c1d8c530,0x00000000c4300000)
 Metaspace       used 39583K, committed 40640K, reserved 1114112K
  class space    used 3859K, committed 4352K, reserved 1048576K
}
Event: 8.753 GC heap before
{Heap before GC invocations=24 (full 2):
 PSYoungGen      total 22528K, used 21808K [0x00000000eab00000, 0x00000000ec200000, 0x0000000100000000)
  eden space 20992K, 100% used [0x00000000eab00000,0x00000000ebf80000,0x00000000ebf80000)
  from space 1536K, 53% used [0x00000000ebf80000,0x00000000ec04c010,0x00000000ec100000)
  to   space 1024K, 0% used [0x00000000ec100000,0x00000000ec100000,0x00000000ec200000)
 ParOldGen       total 68608K, used 30260K [0x00000000c0000000, 0x00000000c4300000, 0x00000000eab00000)
  object space 68608K, 44% used [0x00000000c0000000,0x00000000c1d8d038,0x00000000c4300000)
 Metaspace       used 41940K, committed 43072K, reserved 1114112K
  class space    used 4100K, committed 4608K, reserved 1048576K
}
Event: 8.759 GC heap after
{Heap after GC invocations=24 (full 2):
 PSYoungGen      total 19968K, used 1013K [0x00000000eab00000, 0x00000000ec680000, 0x0000000100000000)
  eden space 18944K, 0% used [0x00000000eab00000,0x00000000eab00000,0x00000000ebd80000)
  from space 1024K, 99% used [0x00000000ec100000,0x00000000ec1fd7e8,0x00000000ec200000)
  to   space 3584K, 0% used [0x00000000ebd80000,0x00000000ebd80000,0x00000000ec100000)
 ParOldGen       total 68608K, used 32228K [0x00000000c0000000, 0x00000000c4300000, 0x00000000eab00000)
  object space 68608K, 46% used [0x00000000c0000000,0x00000000c1f79378,0x00000000c4300000)
 Metaspace       used 41940K, committed 43072K, reserved 1114112K
  class space    used 4100K, committed 4608K, reserved 1048576K
}
Event: 45.130 GC heap before
{Heap before GC invocations=25 (full 2):
 PSYoungGen      total 19968K, used 19952K [0x00000000eab00000, 0x00000000ec680000, 0x0000000100000000)
  eden space 18944K, 99% used [0x00000000eab00000,0x00000000ebd7ebf0,0x00000000ebd80000)
  from space 1024K, 99% used [0x00000000ec100000,0x00000000ec1fd7e8,0x00000000ec200000)
  to   space 3584K, 0% used [0x00000000ebd80000,0x00000000ebd80000,0x00000000ec100000)
 ParOldGen       total 68608K, used 32228K [0x00000000c0000000, 0x00000000c4300000, 0x00000000eab00000)
  object space 68608K, 46% used [0x00000000c0000000,0x00000000c1f79378,0x00000000c4300000)
 Metaspace       used 43599K, committed 44608K, reserved 1114112K
  class space    used 4219K, committed 4672K, reserved 1048576K
}
Event: 45.151 GC heap after
{Heap after GC invocations=25 (full 2):
 PSYoungGen      total 21504K, used 2230K [0x00000000eab00000, 0x00000000ec280000, 0x0000000100000000)
  eden space 18944K, 0% used [0x00000000eab00000,0x00000000eab00000,0x00000000ebd80000)
  from space 2560K, 87% used [0x00000000ebd80000,0x00000000ebfad9e0,0x00000000ec000000)
  to   space 2560K, 0% used [0x00000000ec000000,0x00000000ec000000,0x00000000ec280000)
 ParOldGen       total 68608K, used 33228K [0x00000000c0000000, 0x00000000c4300000, 0x00000000eab00000)
  object space 68608K, 48% used [0x00000000c0000000,0x00000000c20731c0,0x00000000c4300000)
 Metaspace       used 43599K, committed 44608K, reserved 1114112K
  class space    used 4219K, committed 4672K, reserved 1048576K
}

Dll operation events (10 events):
Event: 0.010 Loaded shared library c:\Users\tanma\.vscode\extensions\redhat.java-1.42.0-win32-x64\jre\21.0.7-win32-x86_64\bin\java.dll
Event: 0.077 Loaded shared library c:\Users\tanma\.vscode\extensions\redhat.java-1.42.0-win32-x64\jre\21.0.7-win32-x86_64\bin\zip.dll
Event: 0.101 Loaded shared library C:\Users\tanma\.vscode\extensions\redhat.java-1.42.0-win32-x64\jre\21.0.7-win32-x86_64\bin\instrument.dll
Event: 0.107 Loaded shared library C:\Users\tanma\.vscode\extensions\redhat.java-1.42.0-win32-x64\jre\21.0.7-win32-x86_64\bin\net.dll
Event: 0.110 Loaded shared library C:\Users\tanma\.vscode\extensions\redhat.java-1.42.0-win32-x64\jre\21.0.7-win32-x86_64\bin\nio.dll
Event: 0.114 Loaded shared library C:\Users\tanma\.vscode\extensions\redhat.java-1.42.0-win32-x64\jre\21.0.7-win32-x86_64\bin\zip.dll
Event: 0.133 Loaded shared library C:\Users\tanma\.vscode\extensions\redhat.java-1.42.0-win32-x64\jre\21.0.7-win32-x86_64\bin\jimage.dll
Event: 0.205 Loaded shared library c:\Users\tanma\.vscode\extensions\redhat.java-1.42.0-win32-x64\jre\21.0.7-win32-x86_64\bin\verify.dll
Event: 1.387 Loaded shared library C:\Users\tanma\AppData\Roaming\Code\User\globalStorage\redhat.java\1.42.0\config_ss_win\org.eclipse.equinox.launcher\org.eclipse.equinox.launcher.win32.win32.x86_64_1.2.1300.v20250331-1702\eclipse_11911.dll
Event: 3.057 Loaded shared library C:\Users\tanma\AppData\Local\Temp\jna-110127349\jna9709944454191405675.dll

Deoptimization events (20 events):
Event: 45.227 Thread 0x000001cefba0d2f0 Uncommon trap: trap_request=0xffffff3d fr.pc=0x000001cea68efc50 relative=0x00000000000000b0
Event: 45.227 Thread 0x000001cefba0d2f0 Uncommon trap: reason=unstable_fused_if action=reinterpret pc=0x000001cea68efc50 method=org.eclipse.core.internal.jobs.InternalJob.getState()I @ 10 c2
Event: 45.227 Thread 0x000001cefba0d2f0 DEOPT PACKING pc=0x000001cea68efc50 sp=0x00000087281fe280
Event: 45.227 Thread 0x000001cefba0d2f0 DEOPT UNPACKING pc=0x000001cea5f23aa2 sp=0x00000087281fe210 mode 2
Event: 45.253 Thread 0x000001cefba0d2f0 Uncommon trap: trap_request=0xffffffde fr.pc=0x000001cea6957ea0 relative=0x0000000000000be0
Event: 45.253 Thread 0x000001cefba0d2f0 Uncommon trap: reason=class_check action=maybe_recompile pc=0x000001cea6957ea0 method=java.io.DataOutputStream.write([BII)V @ 7 c2
Event: 45.253 Thread 0x000001cefba0d2f0 DEOPT PACKING pc=0x000001cea6957ea0 sp=0x00000087281fe1f0
Event: 45.254 Thread 0x000001cefba0d2f0 DEOPT UNPACKING pc=0x000001cea5f23aa2 sp=0x00000087281fe120 mode 2
Event: 45.254 Thread 0x000001cefba0d2f0 Uncommon trap: trap_request=0xffffff45 fr.pc=0x000001cea6957ff4 relative=0x0000000000000d34
Event: 45.254 Thread 0x000001cefba0d2f0 Uncommon trap: reason=unstable_if action=reinterpret pc=0x000001cea6957ff4 method=java.io.DataOutputStream.writeUTF(Ljava/lang/String;Ljava/io/DataOutput;)I @ 113 c2
Event: 45.254 Thread 0x000001cefba0d2f0 DEOPT PACKING pc=0x000001cea6957ff4 sp=0x00000087281fe1e0
Event: 45.254 Thread 0x000001cefba0d2f0 DEOPT UNPACKING pc=0x000001cea5f23aa2 sp=0x00000087281fe1a8 mode 2
Event: 45.269 Thread 0x000001cefba0d2f0 Uncommon trap: trap_request=0xffffff3d fr.pc=0x000001cea671fda8 relative=0x00000000000002c8
Event: 45.269 Thread 0x000001cefba0d2f0 Uncommon trap: reason=unstable_fused_if action=reinterpret pc=0x000001cea671fda8 method=java.lang.CharacterDataLatin1.equalsIgnoreCase(BB)Z @ 16 c2
Event: 45.269 Thread 0x000001cefba0d2f0 DEOPT PACKING pc=0x000001cea671fda8 sp=0x00000087281fe880
Event: 45.269 Thread 0x000001cefba0d2f0 DEOPT UNPACKING pc=0x000001cea5f23aa2 sp=0x00000087281fe6d8 mode 2
Event: 45.277 Thread 0x000001cefba0d2f0 Uncommon trap: trap_request=0xffffff3d fr.pc=0x000001cea66e6b88 relative=0x00000000000001e8
Event: 45.277 Thread 0x000001cefba0d2f0 Uncommon trap: reason=unstable_fused_if action=reinterpret pc=0x000001cea66e6b88 method=java.lang.CharacterDataLatin1.equalsIgnoreCase(BB)Z @ 16 c2
Event: 45.277 Thread 0x000001cefba0d2f0 DEOPT PACKING pc=0x000001cea66e6b88 sp=0x00000087281fe6e0
Event: 45.277 Thread 0x000001cefba0d2f0 DEOPT UNPACKING pc=0x000001cea5f23aa2 sp=0x00000087281fe610 mode 2

Classes loaded (20 events):
Event: 44.922 Loading class java/util/stream/Nodes$CollectorTask done
Event: 44.922 Loading class java/util/stream/Nodes$CollectorTask$OfRef done
Event: 44.923 Loading class java/util/function/LongFunction
Event: 44.924 Loading class java/util/function/LongFunction done
Event: 44.928 Loading class java/util/stream/Nodes$ConcNode
Event: 44.929 Loading class java/util/stream/Nodes$AbstractConcNode
Event: 44.932 Loading class java/util/stream/Nodes$AbstractConcNode done
Event: 44.932 Loading class java/util/stream/Nodes$ConcNode done
Event: 44.941 Loading class java/util/zip/Deflater
Event: 44.944 Loading class java/util/zip/Deflater done
Event: 44.948 Loading class java/util/zip/Deflater$DeflaterZStreamRef
Event: 44.949 Loading class java/util/zip/Deflater$DeflaterZStreamRef done
Event: 44.978 Loading class java/util/stream/Nodes$ToArrayTask$OfRef
Event: 44.979 Loading class java/util/stream/Nodes$ToArrayTask
Event: 44.980 Loading class java/util/stream/Nodes$ToArrayTask done
Event: 44.980 Loading class java/util/stream/Nodes$ToArrayTask$OfRef done
Event: 45.220 Loading class java/util/Hashtable$KeySet
Event: 45.220 Loading class java/util/Hashtable$KeySet done
Event: 45.261 Loading class javax/security/auth/login/Configuration
Event: 45.262 Loading class javax/security/auth/login/Configuration done

Classes unloaded (20 events):
Event: 6.371 Thread 0x000001ceafc64890 Unloading class 0x000001ceb13b2800 'java/lang/invoke/LambdaForm$MH+0x000001ceb13b2800'
Event: 6.371 Thread 0x000001ceafc64890 Unloading class 0x000001ceb13b2000 'java/lang/invoke/LambdaForm$MH+0x000001ceb13b2000'
Event: 6.371 Thread 0x000001ceafc64890 Unloading class 0x000001ceb13b1c00 'java/lang/invoke/LambdaForm$DMH+0x000001ceb13b1c00'
Event: 6.371 Thread 0x000001ceafc64890 Unloading class 0x000001ceb13b1000 'java/lang/invoke/LambdaForm$MH+0x000001ceb13b1000'
Event: 6.371 Thread 0x000001ceafc64890 Unloading class 0x000001ceb13b0800 'java/lang/invoke/LambdaForm$MH+0x000001ceb13b0800'
Event: 6.371 Thread 0x000001ceafc64890 Unloading class 0x000001ceb139ec00 'java/lang/invoke/LambdaForm$MH+0x000001ceb139ec00'
Event: 6.371 Thread 0x000001ceafc64890 Unloading class 0x000001ceb139e400 'java/lang/invoke/LambdaForm$MH+0x000001ceb139e400'
Event: 6.371 Thread 0x000001ceafc64890 Unloading class 0x000001ceb139d800 'java/lang/invoke/LambdaForm$MH+0x000001ceb139d800'
Event: 6.371 Thread 0x000001ceafc64890 Unloading class 0x000001ceb139d000 'java/lang/invoke/LambdaForm$MH+0x000001ceb139d000'
Event: 6.371 Thread 0x000001ceafc64890 Unloading class 0x000001ceb139c800 'java/lang/invoke/LambdaForm$DMH+0x000001ceb139c800'
Event: 6.371 Thread 0x000001ceafc64890 Unloading class 0x000001ceb139c000 'java/lang/invoke/LambdaForm$MH+0x000001ceb139c000'
Event: 6.372 Thread 0x000001ceafc64890 Unloading class 0x000001ceb1398800 'java/lang/invoke/LambdaForm$MH+0x000001ceb1398800'
Event: 6.372 Thread 0x000001ceafc64890 Unloading class 0x000001ceb1398000 'java/lang/invoke/LambdaForm$MH+0x000001ceb1398000'
Event: 6.372 Thread 0x000001ceafc64890 Unloading class 0x000001ceb1397800 'java/lang/invoke/LambdaForm$MH+0x000001ceb1397800'
Event: 6.372 Thread 0x000001ceafc64890 Unloading class 0x000001ceb1397000 'java/lang/invoke/LambdaForm$MH+0x000001ceb1397000'
Event: 6.372 Thread 0x000001ceafc64890 Unloading class 0x000001ceb1396800 'java/lang/invoke/LambdaForm$MH+0x000001ceb1396800'
Event: 6.372 Thread 0x000001ceafc64890 Unloading class 0x000001ceb1396000 'java/lang/invoke/LambdaForm$MH+0x000001ceb1396000'
Event: 6.372 Thread 0x000001ceafc64890 Unloading class 0x000001ceb1395800 'java/lang/invoke/LambdaForm$MH+0x000001ceb1395800'
Event: 6.372 Thread 0x000001ceafc64890 Unloading class 0x000001ceb1395400 'java/lang/invoke/LambdaForm$MH+0x000001ceb1395400'
Event: 6.372 Thread 0x000001ceafc64890 Unloading class 0x000001ceb1394c00 'java/lang/invoke/LambdaForm$DMH+0x000001ceb1394c00'

Classes redefined (0 events):
No events

Internal exceptions (20 events):
Event: 7.975 Thread 0x000001cefa0a2260 Exception <a 'java/lang/LinkageError'{0x00000000eabfa620}: loader lombok.launch.ShadowClassLoader @50ec9aef attempted duplicate class definition for lombok.launch.PatchFixesHider$FieldInitializer. (lombok.launch.PatchFixesHider$FieldInitializer is in unnamed module of loader lombok.launch.ShadowClassLoader @50ec9aef, parent loader org.eclipse.osgi.internal.loader.EquinoxClassLoader @3bd72aca)> (0x00000000eabfa620) 
thrown [s\src\hotspot\share\classfile\systemDictionary.cpp, line 1682]
Event: 8.040 Thread 0x000001cefa0a2260 Exception <a 'java/lang/NoSuchMethodError'{0x00000000ead326b0}: 'java.lang.Object java.lang.invoke.DirectMethodHandle$Holder.invokeSpecial(java.lang.Object, java.lang.Object, java.lang.Object, java.lang.Object, int, java.lang.Object, java.lang.Object)'> (0x00000000ead326b0) 
thrown [s\src\hotspot\share\interpreter\linkResolver.cpp, line 773]
Event: 8.040 Thread 0x000001cefad02f60 Exception <a 'java/lang/NoSuchMethodError'{0x00000000eacc23c8}: 'java.lang.Object java.lang.invoke.DirectMethodHandle$Holder.invokeSpecial(java.lang.Object, java.lang.Object, java.lang.Object, java.lang.Object, int, java.lang.Object, java.lang.Object)'> (0x00000000eacc23c8) 
thrown [s\src\hotspot\share\interpreter\linkResolver.cpp, line 773]
Event: 8.149 Thread 0x000001cef8ac9a10 Exception <a 'java/lang/NoSuchMethodError'{0x00000000eb0fd070}: 'int java.lang.invoke.DirectMethodHandle$Holder.invokeSpecialIFC(java.lang.Object, java.lang.Object, java.lang.Object)'> (0x00000000eb0fd070) 
thrown [s\src\hotspot\share\interpreter\linkResolver.cpp, line 773]
Event: 8.290 Thread 0x000001cefa0a8b60 Exception <a 'java/lang/IncompatibleClassChangeError'{0x00000000eb4bdb08}: Found class java.lang.Object, but interface was expected> (0x00000000eb4bdb08) 
thrown [s\src\hotspot\share\interpreter\linkResolver.cpp, line 840]
Event: 8.675 Thread 0x000001cefa0a77b0 Exception <a 'java/lang/NoSuchMethodError'{0x00000000ebd5c208}: 'java.lang.Object java.lang.invoke.DirectMethodHandle$Holder.invokeSpecial(java.lang.Object, java.lang.Object, int, long)'> (0x00000000ebd5c208) 
thrown [s\src\hotspot\share\interpreter\linkResolver.cpp, line 773]
Event: 8.714 Thread 0x000001cef8623e30 Exception <a 'java/lang/ArrayIndexOutOfBoundsException'{0x00000000ebe85338}> (0x00000000ebe85338) 
thrown [s\src\hotspot\share\runtime\sharedRuntime.cpp, line 625]
Event: 8.729 Thread 0x000001cef8ac9a10 Exception <a 'java/lang/NoSuchMethodError'{0x00000000ebefe218}: 'java.lang.Object java.lang.invoke.DirectMethodHandle$Holder.newInvokeSpecial(java.lang.Object, java.lang.Object, int, int, java.lang.Object)'> (0x00000000ebefe218) 
thrown [s\src\hotspot\share\interpreter\linkResolver.cpp, line 773]
Event: 8.777 Thread 0x000001cef8624b50 Exception <a 'java/lang/NoSuchMethodError'{0x00000000eab3d228}: 'void java.lang.invoke.DirectMethodHandle$Holder.invokeVirtual(java.lang.Object, java.lang.Object, java.lang.Object, java.lang.Object, java.lang.Object)'> (0x00000000eab3d228) 
thrown [s\src\hotspot\share\interpreter\linkResolver.cpp, line 773]
Event: 9.124 Thread 0x000001cef8ac9a10 Exception <a 'sun/nio/fs/WindowsException'{0x00000000eb156278}> (0x00000000eb156278) 
thrown [s\src\hotspot\share\prims\jni.cpp, line 520]
Event: 9.124 Thread 0x000001cef8ac9a10 Exception <a 'sun/nio/fs/WindowsException'{0x00000000eb156950}> (0x00000000eb156950) 
thrown [s\src\hotspot\share\prims\jni.cpp, line 520]
Event: 23.777 Thread 0x000001cefa0a8b60 Exception <a 'java/lang/ClassNotFoundException'{0x00000000ebb6b570}: sun/util/logging/resources/spi/loggingProvider> (0x00000000ebb6b570) 
thrown [s\src\hotspot\share\classfile\systemDictionary.cpp, line 312]
Event: 45.029 Thread 0x000001cefa0a77b0 Exception <a 'java/lang/NoSuchMethodError'{0x00000000ebcd18f0}: 'java.lang.Object java.lang.invoke.DirectMethodHandle$Holder.newInvokeSpecial(java.lang.Object, java.lang.Object, java.lang.Object, java.lang.Object, java.lang.Object, java.lang.Object, java.lang.Object, java.lang.Object, java.lang.Object, java.lang.Object)'> (0x00000000ebcd18f0) 
thrown [s\src\hotspot\share\interpreter\linkResolver.cpp, line 773]
Event: 45.096 Thread 0x000001cefa0a77b0 Exception <a 'sun/nio/fs/WindowsException'{0x00000000ebd5aa68}> (0x00000000ebd5aa68) 
thrown [s\src\hotspot\share\prims\jni.cpp, line 520]
Event: 45.204 Thread 0x000001cefba0d2f0 Exception <a 'sun/nio/fs/WindowsException'{0x00000000eab80b60}> (0x00000000eab80b60) 
thrown [s\src\hotspot\share\prims\jni.cpp, line 520]
Event: 45.204 Thread 0x000001cefba0d2f0 Exception <a 'sun/nio/fs/WindowsException'{0x00000000eab811b0}> (0x00000000eab811b0) 
thrown [s\src\hotspot\share\prims\jni.cpp, line 520]
Event: 45.205 Thread 0x000001cefba0d2f0 Exception <a 'sun/nio/fs/WindowsException'{0x00000000eab81ba8}> (0x00000000eab81ba8) 
thrown [s\src\hotspot\share\prims\jni.cpp, line 520]
Event: 45.205 Thread 0x000001cefba0d2f0 Exception <a 'sun/nio/fs/WindowsException'{0x00000000eab821f8}> (0x00000000eab821f8) 
thrown [s\src\hotspot\share\prims\jni.cpp, line 520]
Event: 45.205 Thread 0x000001cefba0d2f0 Exception <a 'sun/nio/fs/WindowsException'{0x00000000eab82d20}> (0x00000000eab82d20) 
thrown [s\src\hotspot\share\prims\jni.cpp, line 520]
Event: 45.205 Thread 0x000001cefba0d2f0 Exception <a 'sun/nio/fs/WindowsException'{0x00000000eab833f8}> (0x00000000eab833f8) 
thrown [s\src\hotspot\share\prims\jni.cpp, line 520]

ZGC Phase Switch (0 events):
No events

VM Operations (20 events):
Event: 8.753 Executing VM operation: ParallelGCFailedAllocation (Allocation Failure)
Event: 8.759 Executing VM operation: ParallelGCFailedAllocation (Allocation Failure) done
Event: 9.123 Executing VM operation: ICBufferFull
Event: 9.123 Executing VM operation: ICBufferFull done
Event: 9.302 Executing VM operation: HandshakeAllThreads (Deoptimize)
Event: 9.302 Executing VM operation: HandshakeAllThreads (Deoptimize) done
Event: 9.326 Executing VM operation: HandshakeAllThreads (Deoptimize)
Event: 9.326 Executing VM operation: HandshakeAllThreads (Deoptimize) done
Event: 9.362 Executing VM operation: HandshakeAllThreads (Deoptimize)
Event: 9.362 Executing VM operation: HandshakeAllThreads (Deoptimize) done
Event: 9.417 Executing VM operation: ICBufferFull
Event: 9.417 Executing VM operation: ICBufferFull done
Event: 10.431 Executing VM operation: Cleanup
Event: 10.431 Executing VM operation: Cleanup done
Event: 24.569 Executing VM operation: Cleanup
Event: 24.571 Executing VM operation: Cleanup done
Event: 44.739 Executing VM operation: Cleanup
Event: 44.739 Executing VM operation: Cleanup done
Event: 45.129 Executing VM operation: ParallelGCFailedAllocation (Allocation Failure)
Event: 45.151 Executing VM operation: ParallelGCFailedAllocation (Allocation Failure) done

Memory protections (0 events):
No events

Nmethod flushes (20 events):
Event: 6.391 Thread 0x000001ceafc64890 flushing  nmethod 0x000001ce9eddea90
Event: 6.391 Thread 0x000001ceafc64890 flushing  nmethod 0x000001ce9ede1290
Event: 6.391 Thread 0x000001ceafc64890 flushing  nmethod 0x000001ce9ee0f210
Event: 6.391 Thread 0x000001ceafc64890 flushing  nmethod 0x000001ce9ee10b90
Event: 6.391 Thread 0x000001ceafc64890 flushing  nmethod 0x000001ce9ee10e90
Event: 6.391 Thread 0x000001ceafc64890 flushing  nmethod 0x000001ce9ee16e10
Event: 6.391 Thread 0x000001ceafc64890 flushing  nmethod 0x000001ce9ee27b10
Event: 6.391 Thread 0x000001ceafc64890 flushing  nmethod 0x000001ce9ee6dc10
Event: 6.391 Thread 0x000001ceafc64890 flushing  nmethod 0x000001ce9eeafc90
Event: 6.391 Thread 0x000001ceafc64890 flushing  nmethod 0x000001ce9ef06390
Event: 6.391 Thread 0x000001ceafc64890 flushing  nmethod 0x000001ce9ef06890
Event: 6.391 Thread 0x000001ceafc64890 flushing  nmethod 0x000001ce9ef07190
Event: 6.391 Thread 0x000001ceafc64890 flushing  nmethod 0x000001ce9ef30810
Event: 6.391 Thread 0x000001ceafc64890 flushing  nmethod 0x000001ce9ef31210
Event: 6.391 Thread 0x000001ceafc64890 flushing  nmethod 0x000001ce9ef36c10
Event: 6.391 Thread 0x000001ceafc64890 flushing  nmethod 0x000001ce9ef6b210
Event: 6.391 Thread 0x000001ceafc64890 flushing  nmethod 0x000001ce9ef85610
Event: 6.391 Thread 0x000001ceafc64890 flushing  nmethod 0x000001ce9ef85910
Event: 6.391 Thread 0x000001ceafc64890 flushing  nmethod 0x000001ce9efc1a90
Event: 6.391 Thread 0x000001ceafc64890 flushing  nmethod 0x000001ce9efdec90

Events (20 events):
Event: 9.042 Thread 0x000001cef8ac9a10 Thread added: 0x000001cefba0cc60
Event: 14.621 Thread 0x000001cef20ecbd0 Thread exited: 0x000001cef20ecbd0
Event: 14.621 Thread 0x000001cefa45a450 Thread exited: 0x000001cefa45a450
Event: 19.632 Thread 0x000001cef224b6c0 Thread exited: 0x000001cef224b6c0
Event: 23.660 Thread 0x000001cef20a69c0 Thread exited: 0x000001cef20a69c0
Event: 44.662 Thread 0x000001cefa0a7e40 Thread added: 0x000001cefba10770
Event: 44.904 Thread 0x000001cefa0a77b0 Thread added: 0x000001cefba0b8b0
Event: 44.935 Thread 0x000001cefba0b8b0 Thread added: 0x000001cefba0d2f0
Event: 44.978 Thread 0x000001cef1faa4a0 Thread added: 0x000001cef9f6f020
Event: 44.981 Thread 0x000001cefba0b8b0 Thread exited: 0x000001cefba0b8b0
Event: 44.982 Thread 0x000001cefba0d2f0 Thread exited: 0x000001cefba0d2f0
Event: 45.036 Thread 0x000001cefa0a77b0 Thread added: 0x000001cefba10e00
Event: 45.041 Thread 0x000001cefba10e00 Thread added: 0x000001cefba09e70
Event: 45.046 Thread 0x000001cefba10e00 Thread added: 0x000001cefba11490
Event: 45.051 Thread 0x000001cef9f6f020 Thread added: 0x000001cef842cdf0
Event: 45.078 Thread 0x000001cefba10e00 Thread exited: 0x000001cefba10e00
Event: 45.078 Thread 0x000001cefba11490 Thread exited: 0x000001cefba11490
Event: 45.078 Thread 0x000001cefba09e70 Thread exited: 0x000001cefba09e70
Event: 45.176 Thread 0x000001ce995e8f60 Thread added: 0x000001cefba0d2f0
Event: 45.239 Thread 0x000001cefba0d2f0 Thread added: 0x000001cefba10e00


Dynamic libraries:
0x00007ff7b2360000 - 0x00007ff7b236e000 	c:\Users\tanma\.vscode\extensions\redhat.java-1.42.0-win32-x64\jre\21.0.7-win32-x86_64\bin\java.exe
0x00007ff93a490000 - 0x00007ff93a6a7000 	C:\WINDOWS\SYSTEM32\ntdll.dll
0x00007ff9397e0000 - 0x00007ff9398a4000 	C:\WINDOWS\System32\KERNEL32.DLL
0x00007ff937ad0000 - 0x00007ff937ea3000 	C:\WINDOWS\System32\KERNELBASE.dll
0x0000000051f70000 - 0x00000000522a2000 	C:\Program Files\Norton Security\NortonData\22.22.4.13\Definitions\IPSDefs\20231213.064\IPSEng64.dll
0x00007ff939b40000 - 0x00007ff939bf1000 	C:\WINDOWS\System32\ADVAPI32.dll
0x00007ff939470000 - 0x00007ff939517000 	C:\WINDOWS\System32\msvcrt.dll
0x00007ff9398b0000 - 0x00007ff939957000 	C:\WINDOWS\System32\sechost.dll
0x00007ff937580000 - 0x00007ff9375a8000 	C:\WINDOWS\System32\bcrypt.dll
0x00007ff93a170000 - 0x00007ff93a284000 	C:\WINDOWS\System32\RPCRT4.dll
0x00007ff938c10000 - 0x00007ff938c18000 	C:\WINDOWS\System32\PSAPI.DLL
0x00007ff937900000 - 0x00007ff937a11000 	C:\WINDOWS\System32\ucrtbase.dll
0x00007ff904ae0000 - 0x00007ff904afe000 	c:\Users\tanma\.vscode\extensions\redhat.java-1.42.0-win32-x64\jre\21.0.7-win32-x86_64\bin\VCRUNTIME140.dll
0x00007ff9020b0000 - 0x00007ff9020c8000 	c:\Users\tanma\.vscode\extensions\redhat.java-1.42.0-win32-x64\jre\21.0.7-win32-x86_64\bin\jli.dll
0x00007ff93a290000 - 0x00007ff93a441000 	C:\WINDOWS\System32\USER32.dll
0x00007ff937aa0000 - 0x00007ff937ac6000 	C:\WINDOWS\System32\win32u.dll
0x00007ff927540000 - 0x00007ff9277db000 	C:\WINDOWS\WinSxS\amd64_microsoft.windows.common-controls_6595b64144ccf1df_6.0.22621.5262_none_2712bde373830908\COMCTL32.dll
0x00007ff939520000 - 0x00007ff939549000 	C:\WINDOWS\System32\GDI32.dll
0x00007ff937ff0000 - 0x00007ff938112000 	C:\WINDOWS\System32\gdi32full.dll
0x00007ff937720000 - 0x00007ff9377ba000 	C:\WINDOWS\System32\msvcp_win.dll
0x00007ff938210000 - 0x00007ff938241000 	C:\WINDOWS\System32\IMM32.DLL
0x00007ff917c20000 - 0x00007ff917c2c000 	c:\Users\tanma\.vscode\extensions\redhat.java-1.42.0-win32-x64\jre\21.0.7-win32-x86_64\bin\vcruntime140_1.dll
0x00007ff8e5b80000 - 0x00007ff8e5c0d000 	c:\Users\tanma\.vscode\extensions\redhat.java-1.42.0-win32-x64\jre\21.0.7-win32-x86_64\bin\msvcp140.dll
0x00007ff8df5d0000 - 0x00007ff8e0360000 	c:\Users\tanma\.vscode\extensions\redhat.java-1.42.0-win32-x64\jre\21.0.7-win32-x86_64\bin\server\jvm.dll
0x00007ff938190000 - 0x00007ff938201000 	C:\WINDOWS\System32\WS2_32.dll
0x00007ff937450000 - 0x00007ff93749d000 	C:\WINDOWS\SYSTEM32\POWRPROF.dll
0x00007ff9325f0000 - 0x00007ff932624000 	C:\WINDOWS\SYSTEM32\WINMM.dll
0x00007ff9306b0000 - 0x00007ff9306ba000 	C:\WINDOWS\SYSTEM32\VERSION.dll
0x00007ff937430000 - 0x00007ff937443000 	C:\WINDOWS\SYSTEM32\UMPDC.dll
0x00007ff936520000 - 0x00007ff936538000 	C:\WINDOWS\SYSTEM32\kernel.appcore.dll
0x00007ff90c980000 - 0x00007ff90c98a000 	c:\Users\tanma\.vscode\extensions\redhat.java-1.42.0-win32-x64\jre\21.0.7-win32-x86_64\bin\jimage.dll
0x00007ff9350a0000 - 0x00007ff9352d2000 	C:\WINDOWS\SYSTEM32\DBGHELP.DLL
0x00007ff938e10000 - 0x00007ff9391a3000 	C:\WINDOWS\System32\combase.dll
0x00007ff938d30000 - 0x00007ff938e07000 	C:\WINDOWS\System32\OLEAUT32.dll
0x00007ff929040000 - 0x00007ff929072000 	C:\WINDOWS\SYSTEM32\dbgcore.DLL
0x00007ff937880000 - 0x00007ff9378fb000 	C:\WINDOWS\System32\bcryptPrimitives.dll
0x00007ff904b10000 - 0x00007ff904b1f000 	c:\Users\tanma\.vscode\extensions\redhat.java-1.42.0-win32-x64\jre\21.0.7-win32-x86_64\bin\instrument.dll
0x00007ff8fe2f0000 - 0x00007ff8fe30f000 	c:\Users\tanma\.vscode\extensions\redhat.java-1.42.0-win32-x64\jre\21.0.7-win32-x86_64\bin\java.dll
0x00007ff938250000 - 0x00007ff938aed000 	C:\WINDOWS\System32\SHELL32.dll
0x00007ff937eb0000 - 0x00007ff937fef000 	C:\WINDOWS\System32\wintypes.dll
0x00007ff935470000 - 0x00007ff935d8d000 	C:\WINDOWS\SYSTEM32\windows.storage.dll
0x00007ff938c20000 - 0x00007ff938d2b000 	C:\WINDOWS\System32\SHCORE.dll
0x00007ff938120000 - 0x00007ff938186000 	C:\WINDOWS\System32\shlwapi.dll
0x00007ff9374b0000 - 0x00007ff9374db000 	C:\WINDOWS\SYSTEM32\profapi.dll
0x00007ff8fe2d0000 - 0x00007ff8fe2e8000 	c:\Users\tanma\.vscode\extensions\redhat.java-1.42.0-win32-x64\jre\21.0.7-win32-x86_64\bin\zip.dll
0x00007ff8fe170000 - 0x00007ff8fe180000 	C:\Users\tanma\.vscode\extensions\redhat.java-1.42.0-win32-x64\jre\21.0.7-win32-x86_64\bin\net.dll
0x00007ff931330000 - 0x00007ff93145c000 	C:\WINDOWS\SYSTEM32\WINHTTP.dll
0x00007ff9369f0000 - 0x00007ff936a5a000 	C:\WINDOWS\system32\mswsock.dll
0x00007ff8fd1c0000 - 0x00007ff8fd1d6000 	C:\Users\tanma\.vscode\extensions\redhat.java-1.42.0-win32-x64\jre\21.0.7-win32-x86_64\bin\nio.dll
0x00007ff8fd1b0000 - 0x00007ff8fd1c0000 	c:\Users\tanma\.vscode\extensions\redhat.java-1.42.0-win32-x64\jre\21.0.7-win32-x86_64\bin\verify.dll
0x00007ff8fcf30000 - 0x00007ff8fcf75000 	C:\Users\tanma\AppData\Roaming\Code\User\globalStorage\redhat.java\1.42.0\config_ss_win\org.eclipse.equinox.launcher\org.eclipse.equinox.launcher.win32.win32.x86_64_1.2.1300.v20250331-1702\eclipse_11911.dll
0x00007ff9392c0000 - 0x00007ff939461000 	C:\WINDOWS\System32\ole32.dll
0x00007ff936c90000 - 0x00007ff936cab000 	C:\WINDOWS\SYSTEM32\CRYPTSP.dll
0x00007ff9364e0000 - 0x00007ff936517000 	C:\WINDOWS\system32\rsaenh.dll
0x00007ff936a90000 - 0x00007ff936ab8000 	C:\WINDOWS\SYSTEM32\USERENV.dll
0x00007ff936bf0000 - 0x00007ff936bfc000 	C:\WINDOWS\SYSTEM32\CRYPTBASE.dll
0x00007ff935fe0000 - 0x00007ff93600d000 	C:\WINDOWS\SYSTEM32\IPHLPAPI.DLL
0x00007ff939600000 - 0x00007ff939609000 	C:\WINDOWS\System32\NSI.dll
0x00007ff8f5ff0000 - 0x00007ff8f6039000 	C:\Users\tanma\AppData\Local\Temp\jna-110127349\jna9709944454191405675.dll
0x00007ff9315c0000 - 0x00007ff9315d9000 	C:\WINDOWS\SYSTEM32\dhcpcsvc6.DLL
0x00007ff930f40000 - 0x00007ff930f5f000 	C:\WINDOWS\SYSTEM32\dhcpcsvc.DLL
0x00007ff936690000 - 0x00007ff9366c4000 	C:\WINDOWS\SYSTEM32\ntmarta.dll

dbghelp: loaded successfully - version: 4.0.5 - missing functions: none
symbol engine: initialized successfully - sym options: 0x614 - pdb path: .;c:\Users\tanma\.vscode\extensions\redhat.java-1.42.0-win32-x64\jre\21.0.7-win32-x86_64\bin;C:\WINDOWS\SYSTEM32;C:\Program Files\Norton Security\NortonData\22.22.4.13\Definitions\IPSDefs\20231213.064;C:\WINDOWS\WinSxS\amd64_microsoft.windows.common-controls_6595b64144ccf1df_6.0.22621.5262_none_2712bde373830908;c:\Users\tanma\.vscode\extensions\redhat.java-1.42.0-win32-x64\jre\21.0.7-win32-x86_64\bin\server;C:\Users\tanma\AppData\Roaming\Code\User\globalStorage\redhat.java\1.42.0\config_ss_win\org.eclipse.equinox.launcher\org.eclipse.equinox.launcher.win32.win32.x86_64_1.2.1300.v20250331-1702;C:\Users\tanma\AppData\Local\Temp\jna-110127349

VM Arguments:
jvm_args: --add-modules=ALL-SYSTEM --add-opens=java.base/java.util=ALL-UNNAMED --add-opens=java.base/java.lang=ALL-UNNAMED --add-opens=java.base/sun.nio.fs=ALL-UNNAMED -Declipse.application=org.eclipse.jdt.ls.core.id1 -Dosgi.bundles.defaultStartLevel=4 -Declipse.product=org.eclipse.jdt.ls.core.product -Djava.import.generatesMetadataFilesAtProjectRoot=false -DDetectVMInstallationsJob.disabled=true -Dfile.encoding=utf8 -XX:+UseParallelGC -XX:GCTimeRatio=4 -XX:AdaptiveSizePolicyWeight=90 -Dsun.zip.disableMemoryMapping=true -Xmx1G -Xms100m -Xlog:disable -javaagent:c:\Users\tanma\.vscode\extensions\redhat.java-1.42.0-win32-x64\lombok\lombok-1.18.36.jar 
java_command: c:\Users\tanma\.vscode\extensions\redhat.java-1.42.0-win32-x64\server\plugins\org.eclipse.equinox.launcher_1.7.0.v20250424-1814.jar -configuration c:\Users\tanma\AppData\Roaming\Code\User\globalStorage\redhat.java\1.42.0\config_ss_win -data c:\Users\tanma\AppData\Roaming\Code\User\workspaceStorage\89240fbca4adb2b40d9c8e8d66c81886\redhat.java\ss_ws --pipe=\\.\pipe\lsp-a7bf82582d0f6d695ea90f30a11ce5d3-sock
java_class_path (initial): c:\Users\tanma\.vscode\extensions\redhat.java-1.42.0-win32-x64\server\plugins\org.eclipse.equinox.launcher_1.7.0.v20250424-1814.jar
Launcher Type: SUN_STANDARD

[Global flags]
    uintx AdaptiveSizePolicyWeight                 = 90                                        {product} {command line}
     intx CICompilerCount                          = 12                                        {product} {ergonomic}
    uintx GCTimeRatio                              = 4                                         {product} {command line}
   size_t InitialHeapSize                          = 104857600                                 {product} {command line}
   size_t MaxHeapSize                              = 1073741824                                {product} {command line}
   size_t MaxNewSize                               = 357564416                                 {product} {ergonomic}
   size_t MinHeapDeltaBytes                        = 524288                                    {product} {ergonomic}
   size_t MinHeapSize                              = 104857600                                 {product} {command line}
   size_t NewSize                                  = 34603008                                  {product} {ergonomic}
    uintx NonNMethodCodeHeapSize                   = 7602480                                {pd product} {ergonomic}
    uintx NonProfiledCodeHeapSize                  = 122027880                              {pd product} {ergonomic}
   size_t OldSize                                  = 70254592                                  {product} {ergonomic}
    uintx ProfiledCodeHeapSize                     = 122027880                              {pd product} {ergonomic}
    uintx ReservedCodeCacheSize                    = 251658240                              {pd product} {ergonomic}
     bool SegmentedCodeCache                       = true                                      {product} {ergonomic}
   size_t SoftMaxHeapSize                          = 1073741824                             {manageable} {ergonomic}
     bool UseCompressedOops                        = true                           {product lp64_product} {ergonomic}
     bool UseLargePagesIndividualAllocation        = false                                  {pd product} {ergonomic}
     bool UseParallelGC                            = true                                      {product} {command line}

Logging:
Log output configuration:
 #0: stdout all=off uptime,level,tags foldmultilines=false
 #1: stderr all=off uptime,level,tags foldmultilines=false

Environment Variables:
JAVA_HOME=C:\Program Files\Microsoft\jdk-17.0.12.7-hotspot
PATH=C:\app\tanma\product\21c\dbhomeXE\bin;C:\Windows\system32;C:\Windows;C:\Windows\System32\Wbem;C:\Windows\System32\WindowsPowerShell\v1.0\;C:\Windows\System32\OpenSSH\;C:\Program Files (x86)\NVIDIA Corporation\PhysX\Common;C:\Program Files\NVIDIA Corporation\NVIDIA NvDLISR;C:\Windows\System32\cmd.exe;C:\MinGW\bin;C:\WINDOWS\system32;C:\WINDOWS;C:\WINDOWS\System32\Wbem;C:\WINDOWS\System32\WindowsPowerShell\v1.0\;C:\WINDOWS\System32\OpenSSH\;C:\Program Files\Git\cmd;C:\Program Files\Git\mingw64\bin;C:\Program Files\Git\usr\bin;C:\Program Files\MongoDB\Tools\100\bin;C:\Program Files\Docker\Docker\resources\bin;C:\Users\tanma\AppData\Local\Android\Sdk;C:\ProgramData\chocolatey\bin;C:\Program Files\nodejs\;C:\Users\tanma\AppData\Local\Android\Sdk\platform-tools;C:\Program Files\Microsoft\jdk-17.0.12.7-hotspot\bin;C:\Program Files\apache-maven-3.9.9-bin\apache-maven-3.9.9\bin;C:\Program Files\MySQL\MySQL Shell 8.0\bin\;C:\Users\tanma\.console-ninja\.bin;C:\Users\tanma\AppData\Local\Programs\Python\Python311\Scripts\;C:\Users\tanma\AppData\Local\Programs\Python\Python311\;C:\Users\tanma\AppData\Local\Programs\Python\Python312\Scripts\;C:\Users\tanma\AppData\Local\Programs\Python\Python312\;C:\Users\tanma\AppData\Local\Programs\Python\Launcher\;C:\Users\tanma\AppData\Local\Microsoft\WindowsApps;C:\Users\tanma\AppData\Local\GitHubDesktop\bin;C:\Program Files\JetBrains\IntelliJ IDEA Community Edition 2022.3\bin;C:\Users\tanma\AppData\Local\Programs\Microsoft VS Code\bin;C:\Users\tanma\AppData\Local\Programs\mongosh\;C:\Users\tanma\AppData\Local\Programs\oh-my-posh\bin;C:\Users\tanma\AppData\Local\Android\Sdk;C:\Users\tanma\AppData\Roaming\npm;C:\Program Files\Microsoft\jdk-17.0.12.7-hotspot\bin;C:\Program Files\apache-maven-3.9.9-bin\apache-maven-3.9.9\bin;C:\Program Files (x86)\MongoDB Atlas CLI\
USERNAME=tanma
OS=Windows_NT
PROCESSOR_IDENTIFIER=AMD64 Family 25 Model 80 Stepping 0, AuthenticAMD
TMP=C:\Users\tanma\AppData\Local\Temp
TEMP=C:\Users\tanma\AppData\Local\Temp




Periodic native trim disabled

---------------  S Y S T E M  ---------------

OS:
 Windows 11 , 64 bit Build 22621 (10.0.22621.5262)
OS uptime: 0 days 2:00 hours
Hyper-V role detected

CPU: total 16 (initial active 16) (16 cores per cpu, 2 threads per core) family 25 model 80 stepping 0 microcode 0x0, cx8, cmov, fxsr, ht, mmx, 3dnowpref, sse, sse2, sse3, ssse3, sse4a, sse4.1, sse4.2, popcnt, lzcnt, tsc, tscinvbit, avx, avx2, aes, erms, clmul, bmi1, bmi2, adx, sha, fma, vzeroupper, clflush, clflushopt, hv, rdtscp, rdpid, fsrm, f16c, cet_ss
Processor Information for processor 0
  Max Mhz: 3201, Current Mhz: 3201, Mhz Limit: 3201
Processor Information for processor 1
  Max Mhz: 3201, Current Mhz: 3201, Mhz Limit: 3201
Processor Information for processor 2
  Max Mhz: 3201, Current Mhz: 3201, Mhz Limit: 3201
Processor Information for processor 3
  Max Mhz: 3201, Current Mhz: 3201, Mhz Limit: 3201
Processor Information for processor 4
  Max Mhz: 3201, Current Mhz: 3201, Mhz Limit: 3201
Processor Information for processor 5
  Max Mhz: 3201, Current Mhz: 3201, Mhz Limit: 3201
Processor Information for processor 6
  Max Mhz: 3201, Current Mhz: 1802, Mhz Limit: 3201
Processor Information for processor 7
  Max Mhz: 3201, Current Mhz: 1802, Mhz Limit: 3201
Processor Information for processor 8
  Max Mhz: 3201, Current Mhz: 3201, Mhz Limit: 3201
Processor Information for processor 9
  Max Mhz: 3201, Current Mhz: 3201, Mhz Limit: 3201
Processor Information for processor 10
  Max Mhz: 3201, Current Mhz: 3201, Mhz Limit: 3201
Processor Information for processor 11
  Max Mhz: 3201, Current Mhz: 1802, Mhz Limit: 3201
Processor Information for processor 12
  Max Mhz: 3201, Current Mhz: 3201, Mhz Limit: 3201
Processor Information for processor 13
  Max Mhz: 3201, Current Mhz: 1802, Mhz Limit: 3201
Processor Information for processor 14
  Max Mhz: 3201, Current Mhz: 1802, Mhz Limit: 3201
Processor Information for processor 15
  Max Mhz: 3201, Current Mhz: 1802, Mhz Limit: 3201

Memory: 4k page, system-wide physical 5996M (734M free)
TotalPageFile size 24428M (AvailPageFile size 0M)
current process WorkingSet (physical memory assigned to process): 118M, peak: 233M
current process commit charge ("private bytes"): 307M, peak: 329M

vm_info: OpenJDK 64-Bit Server VM (21.0.7+6-LTS) for windows-amd64 JRE (21.0.7+6-LTS), built on 2025-04-15T00:00:00Z by "admin" with MS VC++ 17.7 (VS2022)

END.
